19:16:47.984 [INFO] (trainer.py:76) Restored model_SACslow/ckpt-707
19:17:06.949 [INFO] (trainer.py:120) Total Epi:     1 Steps:      20 Episode Steps:    20 Return: -50.5585 FPS:  1.05
19:17:23.630 [INFO] (trainer.py:120) Total Epi:     2 Steps:      48 Episode Steps:    28 Return: -64.1958 FPS:  1.68
19:17:40.058 [INFO] (trainer.py:120) Total Epi:     3 Steps:      75 Episode Steps:    27 Return: -57.1320 FPS:  1.64
19:17:56.745 [INFO] (trainer.py:120) Total Epi:     4 Steps:     103 Episode Steps:    28 Return: -64.1408 FPS:  1.68
19:18:13.404 [INFO] (trainer.py:120) Total Epi:     5 Steps:     130 Episode Steps:    27 Return: -57.2086 FPS:  1.62
19:18:21.022 [INFO] (trainer.py:120) Total Epi:     6 Steps:     140 Episode Steps:    10 Return:  13.8684 FPS:  1.31
19:18:37.706 [INFO] (trainer.py:120) Total Epi:     7 Steps:     167 Episode Steps:    27 Return: -47.6671 FPS:  1.62
19:18:54.179 [INFO] (trainer.py:120) Total Epi:     8 Steps:     194 Episode Steps:    27 Return: -70.2868 FPS:  1.64
19:19:10.617 [INFO] (trainer.py:120) Total Epi:     9 Steps:     221 Episode Steps:    27 Return: -54.9732 FPS:  1.64
19:19:18.262 [INFO] (trainer.py:120) Total Epi:    10 Steps:     231 Episode Steps:    10 Return:  13.2883 FPS:  1.31
19:19:34.773 [INFO] (trainer.py:120) Total Epi:    11 Steps:     258 Episode Steps:    27 Return: -65.0794 FPS:  1.64
19:19:51.250 [INFO] (trainer.py:120) Total Epi:    12 Steps:     285 Episode Steps:    27 Return: -45.2613 FPS:  1.64
19:20:07.718 [INFO] (trainer.py:120) Total Epi:    13 Steps:     312 Episode Steps:    27 Return: -67.9287 FPS:  1.64
19:20:15.367 [INFO] (trainer.py:120) Total Epi:    14 Steps:     322 Episode Steps:    10 Return:  13.5574 FPS:  1.31
19:20:22.409 [INFO] (trainer.py:120) Total Epi:    15 Steps:     331 Episode Steps:     9 Return:  13.6793 FPS:  1.28
19:20:38.850 [INFO] (trainer.py:120) Total Epi:    16 Steps:     358 Episode Steps:    27 Return: -54.8020 FPS:  1.64
19:20:46.350 [INFO] (trainer.py:120) Total Epi:    17 Steps:     368 Episode Steps:    10 Return:  11.8514 FPS:  1.33
19:20:53.585 [INFO] (trainer.py:120) Total Epi:    18 Steps:     377 Episode Steps:     9 Return:  13.5909 FPS:  1.24
19:21:01.336 [INFO] (trainer.py:120) Total Epi:    19 Steps:     387 Episode Steps:    10 Return:  11.7401 FPS:  1.29
19:21:10.279 [INFO] (trainer.py:120) Total Epi:    20 Steps:     400 Episode Steps:    13 Return:  10.5471 FPS:  1.45
19:21:26.875 [INFO] (trainer.py:120) Total Epi:    21 Steps:     427 Episode Steps:    27 Return: -65.5029 FPS:  1.63
19:21:37.661 [INFO] (trainer.py:120) Total Epi:    22 Steps:     443 Episode Steps:    16 Return:  8.3957 FPS:  1.48
19:21:53.959 [INFO] (trainer.py:120) Total Epi:    23 Steps:     470 Episode Steps:    27 Return: -67.6248 FPS:  1.66
19:22:08.209 [INFO] (trainer.py:120) Total Epi:    24 Steps:     493 Episode Steps:    23 Return: -103.6123 FPS:  1.61
19:23:07.027 [INFO] (trainer.py:148) Evaluation Total Steps:     500 Average Reward -16.9454 over  5 episodes
19:23:09.964 [INFO] (trainer.py:120) Total Epi:    25 Steps:     501 Episode Steps:     8 Return: -37.4700 FPS:  0.13
19:23:18.652 [INFO] (trainer.py:120) Total Epi:    26 Steps:     513 Episode Steps:    12 Return:  10.5850 FPS:  1.38
19:23:35.328 [INFO] (trainer.py:120) Total Epi:    27 Steps:     541 Episode Steps:    28 Return: -67.0157 FPS:  1.68
19:23:47.369 [INFO] (trainer.py:120) Total Epi:    28 Steps:     560 Episode Steps:    19 Return:  5.6704 FPS:  1.58
19:24:04.288 [INFO] (trainer.py:120) Total Epi:    29 Steps:     588 Episode Steps:    28 Return: -71.7183 FPS:  1.66
19:24:12.332 [INFO] (trainer.py:120) Total Epi:    30 Steps:     599 Episode Steps:    11 Return:  11.7332 FPS:  1.37
19:24:28.772 [INFO] (trainer.py:120) Total Epi:    31 Steps:     626 Episode Steps:    27 Return: -58.4345 FPS:  1.64
19:24:33.430 [INFO] (trainer.py:120) Total Epi:    32 Steps:     630 Episode Steps:     4 Return:  21.6780 FPS:  0.86
19:24:40.874 [INFO] (trainer.py:120) Total Epi:    33 Steps:     640 Episode Steps:    10 Return:  11.4658 FPS:  1.34
19:24:48.522 [INFO] (trainer.py:120) Total Epi:    34 Steps:     650 Episode Steps:    10 Return:  11.4867 FPS:  1.31
19:25:05.013 [INFO] (trainer.py:120) Total Epi:    35 Steps:     677 Episode Steps:    27 Return: -67.7677 FPS:  1.64
19:25:18.273 [INFO] (trainer.py:120) Total Epi:    36 Steps:     698 Episode Steps:    21 Return:  4.5843 FPS:  1.58
19:25:34.519 [INFO] (trainer.py:120) Total Epi:    37 Steps:     725 Episode Steps:    27 Return: -68.1168 FPS:  1.66
19:25:51.182 [INFO] (trainer.py:120) Total Epi:    38 Steps:     753 Episode Steps:    28 Return: -64.6530 FPS:  1.68
19:26:00.457 [INFO] (trainer.py:120) Total Epi:    39 Steps:     766 Episode Steps:    13 Return:  17.2571 FPS:  1.40
19:26:07.523 [INFO] (trainer.py:120) Total Epi:    40 Steps:     775 Episode Steps:     9 Return:  15.0382 FPS:  1.27
19:26:24.006 [INFO] (trainer.py:120) Total Epi:    41 Steps:     802 Episode Steps:    27 Return: -66.3849 FPS:  1.64
19:26:39.019 [INFO] (trainer.py:120) Total Epi:    42 Steps:     827 Episode Steps:    25 Return: -102.4677 FPS:  1.67
19:26:55.493 [INFO] (trainer.py:120) Total Epi:    43 Steps:     855 Episode Steps:    28 Return: -64.0615 FPS:  1.70
19:27:11.946 [INFO] (trainer.py:120) Total Epi:    44 Steps:     883 Episode Steps:    28 Return: -66.1746 FPS:  1.70
19:27:18.802 [INFO] (trainer.py:120) Total Epi:    45 Steps:     892 Episode Steps:     9 Return:  13.4750 FPS:  1.31
19:27:27.011 [INFO] (trainer.py:120) Total Epi:    46 Steps:     903 Episode Steps:    11 Return:  11.5831 FPS:  1.34
19:27:36.435 [INFO] (trainer.py:120) Total Epi:    47 Steps:     917 Episode Steps:    14 Return:  14.6969 FPS:  1.49
19:27:52.895 [INFO] (trainer.py:120) Total Epi:    48 Steps:     945 Episode Steps:    28 Return: -44.9239 FPS:  1.70
19:28:00.317 [INFO] (trainer.py:120) Total Epi:    49 Steps:     955 Episode Steps:    10 Return:  13.5547 FPS:  1.35
19:28:10.545 [INFO] (trainer.py:120) Total Epi:    50 Steps:     971 Episode Steps:    16 Return: -83.3926 FPS:  1.56
19:28:26.974 [INFO] (trainer.py:120) Total Epi:    51 Steps:     999 Episode Steps:    28 Return: -46.2861 FPS:  1.70
19:29:17.927 [INFO] (trainer.py:148) Evaluation Total Steps:    1000 Average Reward -13.5942 over  5 episodes
19:29:28.032 [INFO] (trainer.py:120) Total Epi:    52 Steps:    1015 Episode Steps:    16 Return:  3.6258 FPS:  0.26
19:29:44.299 [INFO] (trainer.py:120) Total Epi:    53 Steps:    1043 Episode Steps:    28 Return: -60.0586 FPS:  1.72
19:29:51.322 [INFO] (trainer.py:120) Total Epi:    54 Steps:    1052 Episode Steps:     9 Return:  15.4430 FPS:  1.28
19:30:07.552 [INFO] (trainer.py:120) Total Epi:    55 Steps:    1080 Episode Steps:    28 Return: -41.5518 FPS:  1.73
19:30:15.398 [INFO] (trainer.py:120) Total Epi:    56 Steps:    1091 Episode Steps:    11 Return:  18.7209 FPS:  1.40
19:30:19.868 [INFO] (trainer.py:120) Total Epi:    57 Steps:    1095 Episode Steps:     4 Return:  22.0097 FPS:  0.90
19:30:28.285 [INFO] (trainer.py:120) Total Epi:    58 Steps:    1107 Episode Steps:    12 Return:  10.6678 FPS:  1.43
19:30:35.904 [INFO] (trainer.py:120) Total Epi:    59 Steps:    1117 Episode Steps:    10 Return:  13.0907 FPS:  1.31
19:30:52.147 [INFO] (trainer.py:120) Total Epi:    60 Steps:    1145 Episode Steps:    28 Return: -65.5416 FPS:  1.72
19:31:08.373 [INFO] (trainer.py:120) Total Epi:    61 Steps:    1173 Episode Steps:    28 Return: -54.4845 FPS:  1.73
19:31:24.802 [INFO] (trainer.py:120) Total Epi:    62 Steps:    1201 Episode Steps:    28 Return: -42.9209 FPS:  1.70
19:31:30.208 [INFO] (trainer.py:120) Total Epi:    63 Steps:    1207 Episode Steps:     6 Return:  19.9417 FPS:  1.11
19:31:35.619 [INFO] (trainer.py:120) Total Epi:    64 Steps:    1213 Episode Steps:     6 Return:  20.0042 FPS:  1.11
19:31:52.252 [INFO] (trainer.py:120) Total Epi:    65 Steps:    1242 Episode Steps:    29 Return: -68.0127 FPS:  1.74
19:32:08.679 [INFO] (trainer.py:120) Total Epi:    66 Steps:    1270 Episode Steps:    28 Return: -64.5462 FPS:  1.70
19:32:16.895 [INFO] (trainer.py:120) Total Epi:    67 Steps:    1282 Episode Steps:    12 Return:  18.0890 FPS:  1.46
19:32:21.907 [INFO] (trainer.py:120) Total Epi:    68 Steps:    1287 Episode Steps:     5 Return:  20.9273 FPS:  1.00
