14:09:12.817 [INFO] (trainer.py:76) Restored model_SAC_staticslow/ckpt-57
14:09:24.481 [INFO] (trainer.py:120) Total Epi:     1 Steps:       6 Episode Steps:     6 Return:  19.7051 FPS:  0.51
14:09:29.862 [INFO] (trainer.py:120) Total Epi:     2 Steps:      12 Episode Steps:     6 Return:  19.9763 FPS:  1.12
14:09:35.246 [INFO] (trainer.py:120) Total Epi:     3 Steps:      18 Episode Steps:     6 Return:  19.7993 FPS:  1.11
14:09:40.435 [INFO] (trainer.py:120) Total Epi:     4 Steps:      24 Episode Steps:     6 Return:  19.2930 FPS:  1.16
14:09:45.609 [INFO] (trainer.py:120) Total Epi:     5 Steps:      30 Episode Steps:     6 Return:  19.5083 FPS:  1.16
14:09:51.008 [INFO] (trainer.py:120) Total Epi:     6 Steps:      36 Episode Steps:     6 Return:  19.7719 FPS:  1.11
14:09:56.191 [INFO] (trainer.py:120) Total Epi:     7 Steps:      42 Episode Steps:     6 Return:  19.4484 FPS:  1.16
14:10:01.573 [INFO] (trainer.py:120) Total Epi:     8 Steps:      48 Episode Steps:     6 Return:  19.6000 FPS:  1.12
14:10:06.758 [INFO] (trainer.py:120) Total Epi:     9 Steps:      54 Episode Steps:     6 Return:  19.2164 FPS:  1.16
14:10:12.541 [INFO] (trainer.py:120) Total Epi:    10 Steps:      61 Episode Steps:     7 Return:  18.9445 FPS:  1.21
14:10:18.334 [INFO] (trainer.py:120) Total Epi:    11 Steps:      68 Episode Steps:     7 Return:  17.7100 FPS:  1.21
14:10:23.732 [INFO] (trainer.py:120) Total Epi:    12 Steps:      74 Episode Steps:     6 Return:  19.3061 FPS:  1.11
14:10:29.118 [INFO] (trainer.py:120) Total Epi:    13 Steps:      80 Episode Steps:     6 Return:  19.1121 FPS:  1.11
14:10:34.926 [INFO] (trainer.py:120) Total Epi:    14 Steps:      87 Episode Steps:     7 Return:  18.7464 FPS:  1.21
14:10:40.320 [INFO] (trainer.py:120) Total Epi:    15 Steps:      93 Episode Steps:     6 Return:  19.3087 FPS:  1.11
14:10:45.517 [INFO] (trainer.py:120) Total Epi:    16 Steps:      99 Episode Steps:     6 Return:  19.5540 FPS:  1.15
14:10:50.916 [INFO] (trainer.py:120) Total Epi:    17 Steps:     105 Episode Steps:     6 Return:  19.2440 FPS:  1.11
14:10:56.113 [INFO] (trainer.py:120) Total Epi:    18 Steps:     111 Episode Steps:     6 Return:  19.2579 FPS:  1.15
14:11:01.496 [INFO] (trainer.py:120) Total Epi:    19 Steps:     117 Episode Steps:     6 Return:  18.9387 FPS:  1.11
14:11:06.694 [INFO] (trainer.py:120) Total Epi:    20 Steps:     123 Episode Steps:     6 Return:  18.8352 FPS:  1.15
14:11:11.877 [INFO] (trainer.py:120) Total Epi:    21 Steps:     129 Episode Steps:     6 Return:  18.7469 FPS:  1.16
14:11:17.278 [INFO] (trainer.py:120) Total Epi:    22 Steps:     135 Episode Steps:     6 Return:  19.3544 FPS:  1.11
14:11:23.077 [INFO] (trainer.py:120) Total Epi:    23 Steps:     142 Episode Steps:     7 Return:  18.2257 FPS:  1.21
14:11:28.468 [INFO] (trainer.py:120) Total Epi:    24 Steps:     148 Episode Steps:     6 Return:  19.4965 FPS:  1.11
14:11:33.664 [INFO] (trainer.py:120) Total Epi:    25 Steps:     154 Episode Steps:     6 Return:  19.8791 FPS:  1.15
14:11:38.859 [INFO] (trainer.py:120) Total Epi:    26 Steps:     160 Episode Steps:     6 Return:  19.3799 FPS:  1.16
14:11:44.250 [INFO] (trainer.py:120) Total Epi:    27 Steps:     166 Episode Steps:     6 Return:  19.6586 FPS:  1.11
14:11:49.676 [INFO] (trainer.py:120) Total Epi:    28 Steps:     172 Episode Steps:     6 Return:  20.0377 FPS:  1.11
14:11:55.077 [INFO] (trainer.py:120) Total Epi:    29 Steps:     178 Episode Steps:     6 Return:  19.8396 FPS:  1.11
14:12:02.907 [INFO] (trainer.py:120) Total Epi:    30 Steps:     189 Episode Steps:    11 Return:  11.6785 FPS:  1.40
14:12:10.490 [INFO] (trainer.py:120) Total Epi:    31 Steps:     200 Episode Steps:    11 Return:  11.1488 FPS:  1.45
14:12:15.884 [INFO] (trainer.py:120) Total Epi:    32 Steps:     206 Episode Steps:     6 Return:  19.5564 FPS:  1.11
14:12:21.087 [INFO] (trainer.py:120) Total Epi:    33 Steps:     212 Episode Steps:     6 Return:  19.7479 FPS:  1.15
14:12:26.273 [INFO] (trainer.py:120) Total Epi:    34 Steps:     218 Episode Steps:     6 Return:  19.7023 FPS:  1.16
14:12:31.461 [INFO] (trainer.py:120) Total Epi:    35 Steps:     224 Episode Steps:     6 Return:  19.7386 FPS:  1.16
14:12:36.865 [INFO] (trainer.py:120) Total Epi:    36 Steps:     230 Episode Steps:     6 Return:  20.0874 FPS:  1.11
14:12:42.655 [INFO] (trainer.py:120) Total Epi:    37 Steps:     237 Episode Steps:     7 Return:  18.8466 FPS:  1.21
14:12:48.047 [INFO] (trainer.py:120) Total Epi:    38 Steps:     243 Episode Steps:     6 Return:  19.6472 FPS:  1.11
14:12:53.248 [INFO] (trainer.py:120) Total Epi:    39 Steps:     249 Episode Steps:     6 Return:  19.7717 FPS:  1.15
14:12:58.446 [INFO] (trainer.py:120) Total Epi:    40 Steps:     255 Episode Steps:     6 Return:  19.2003 FPS:  1.15
14:13:03.650 [INFO] (trainer.py:120) Total Epi:    41 Steps:     261 Episode Steps:     6 Return:  19.8429 FPS:  1.15
14:13:09.058 [INFO] (trainer.py:120) Total Epi:    42 Steps:     267 Episode Steps:     6 Return:  20.0658 FPS:  1.11
14:13:14.253 [INFO] (trainer.py:120) Total Epi:    43 Steps:     273 Episode Steps:     6 Return:  19.5297 FPS:  1.16
14:13:20.057 [INFO] (trainer.py:120) Total Epi:    44 Steps:     280 Episode Steps:     7 Return:  18.5677 FPS:  1.21
14:13:36.475 [INFO] (trainer.py:120) Total Epi:    45 Steps:     309 Episode Steps:    29 Return: -44.2608 FPS:  1.77
14:13:41.677 [INFO] (trainer.py:120) Total Epi:    46 Steps:     315 Episode Steps:     6 Return:  19.4980 FPS:  1.15
14:13:47.080 [INFO] (trainer.py:120) Total Epi:    47 Steps:     321 Episode Steps:     6 Return:  19.7511 FPS:  1.11
14:13:52.274 [INFO] (trainer.py:120) Total Epi:    48 Steps:     327 Episode Steps:     6 Return:  19.6829 FPS:  1.16
14:13:58.071 [INFO] (trainer.py:120) Total Epi:    49 Steps:     334 Episode Steps:     7 Return:  19.1856 FPS:  1.21
14:14:03.484 [INFO] (trainer.py:120) Total Epi:    50 Steps:     340 Episode Steps:     6 Return:  19.6710 FPS:  1.11
14:14:08.685 [INFO] (trainer.py:120) Total Epi:    51 Steps:     346 Episode Steps:     6 Return:  19.8915 FPS:  1.15
14:14:19.705 [INFO] (trainer.py:120) Total Epi:    52 Steps:     364 Episode Steps:    18 Return: -87.8060 FPS:  1.63
14:14:24.890 [INFO] (trainer.py:120) Total Epi:    53 Steps:     370 Episode Steps:     6 Return:  19.9948 FPS:  1.16
14:14:30.308 [INFO] (trainer.py:120) Total Epi:    54 Steps:     376 Episode Steps:     6 Return:  20.2566 FPS:  1.11
14:14:35.706 [INFO] (trainer.py:120) Total Epi:    55 Steps:     382 Episode Steps:     6 Return:  19.9990 FPS:  1.11
14:14:41.507 [INFO] (trainer.py:120) Total Epi:    56 Steps:     389 Episode Steps:     7 Return:  19.1286 FPS:  1.21
14:14:46.714 [INFO] (trainer.py:120) Total Epi:    57 Steps:     395 Episode Steps:     6 Return:  20.1025 FPS:  1.15
14:14:52.320 [INFO] (trainer.py:120) Total Epi:    58 Steps:     401 Episode Steps:     6 Return:  19.6464 FPS:  1.07
14:15:04.729 [INFO] (trainer.py:120) Total Epi:    59 Steps:     422 Episode Steps:    21 Return: -89.8108 FPS:  1.69
14:15:10.123 [INFO] (trainer.py:120) Total Epi:    60 Steps:     428 Episode Steps:     6 Return:  19.8221 FPS:  1.11
14:15:15.335 [INFO] (trainer.py:120) Total Epi:    61 Steps:     434 Episode Steps:     6 Return:  19.3751 FPS:  1.15
14:15:20.527 [INFO] (trainer.py:120) Total Epi:    62 Steps:     440 Episode Steps:     6 Return:  19.1810 FPS:  1.16
14:15:25.929 [INFO] (trainer.py:120) Total Epi:    63 Steps:     446 Episode Steps:     6 Return:  19.8503 FPS:  1.11
14:15:31.336 [INFO] (trainer.py:120) Total Epi:    64 Steps:     452 Episode Steps:     6 Return:  19.1065 FPS:  1.11
14:15:36.538 [INFO] (trainer.py:120) Total Epi:    65 Steps:     458 Episode Steps:     6 Return:  19.6830 FPS:  1.15
14:15:41.932 [INFO] (trainer.py:120) Total Epi:    66 Steps:     464 Episode Steps:     6 Return:  20.0299 FPS:  1.11
14:15:47.131 [INFO] (trainer.py:120) Total Epi:    67 Steps:     470 Episode Steps:     6 Return:  19.4452 FPS:  1.15
14:15:52.334 [INFO] (trainer.py:120) Total Epi:    68 Steps:     476 Episode Steps:     6 Return:  19.9071 FPS:  1.15
14:15:57.794 [INFO] (trainer.py:120) Total Epi:    69 Steps:     482 Episode Steps:     6 Return:  19.6581 FPS:  1.10
14:16:05.580 [INFO] (trainer.py:120) Total Epi:    70 Steps:     493 Episode Steps:    11 Return:  11.3778 FPS:  1.41
14:16:10.979 [INFO] (trainer.py:120) Total Epi:    71 Steps:     499 Episode Steps:     6 Return:  20.0682 FPS:  1.11
14:16:39.925 [INFO] (trainer.py:148) Evaluation Total Steps:     500 Average Reward  18.3711 over  5 episodes
14:16:49.240 [INFO] (trainer.py:120) Total Epi:    72 Steps:     514 Episode Steps:    15 Return: -85.8540 FPS:  0.39
14:16:54.443 [INFO] (trainer.py:120) Total Epi:    73 Steps:     520 Episode Steps:     6 Return:  19.6673 FPS:  1.15
14:16:59.648 [INFO] (trainer.py:120) Total Epi:    74 Steps:     526 Episode Steps:     6 Return:  19.2920 FPS:  1.15
14:17:05.047 [INFO] (trainer.py:120) Total Epi:    75 Steps:     532 Episode Steps:     6 Return:  19.7834 FPS:  1.11
14:17:10.259 [INFO] (trainer.py:120) Total Epi:    76 Steps:     538 Episode Steps:     6 Return:  19.8764 FPS:  1.15
14:17:15.657 [INFO] (trainer.py:120) Total Epi:    77 Steps:     544 Episode Steps:     6 Return:  19.7278 FPS:  1.11
14:17:20.872 [INFO] (trainer.py:120) Total Epi:    78 Steps:     550 Episode Steps:     6 Return:  19.6669 FPS:  1.15
14:17:28.685 [INFO] (trainer.py:120) Total Epi:    79 Steps:     561 Episode Steps:    11 Return:  11.3657 FPS:  1.41
14:17:36.526 [INFO] (trainer.py:120) Total Epi:    80 Steps:     572 Episode Steps:    11 Return:  11.5240 FPS:  1.40
14:17:44.319 [INFO] (trainer.py:120) Total Epi:    81 Steps:     583 Episode Steps:    11 Return:  10.7699 FPS:  1.41
14:17:49.523 [INFO] (trainer.py:120) Total Epi:    82 Steps:     589 Episode Steps:     6 Return:  19.4995 FPS:  1.15
14:17:54.946 [INFO] (trainer.py:120) Total Epi:    83 Steps:     595 Episode Steps:     6 Return:  19.5802 FPS:  1.11
14:18:02.757 [INFO] (trainer.py:120) Total Epi:    84 Steps:     606 Episode Steps:    11 Return:  11.2449 FPS:  1.41
14:18:10.572 [INFO] (trainer.py:120) Total Epi:    85 Steps:     617 Episode Steps:    11 Return:  10.4958 FPS:  1.41
14:18:18.185 [INFO] (trainer.py:120) Total Epi:    86 Steps:     628 Episode Steps:    11 Return:  11.4966 FPS:  1.45
14:18:23.376 [INFO] (trainer.py:120) Total Epi:    87 Steps:     634 Episode Steps:     6 Return:  19.8659 FPS:  1.16
14:18:28.585 [INFO] (trainer.py:120) Total Epi:    88 Steps:     640 Episode Steps:     6 Return:  19.4053 FPS:  1.15
14:18:33.787 [INFO] (trainer.py:120) Total Epi:    89 Steps:     646 Episode Steps:     6 Return:  19.4659 FPS:  1.15
14:18:50.015 [INFO] (trainer.py:120) Total Epi:    90 Steps:     675 Episode Steps:    29 Return: -45.5619 FPS:  1.79
14:18:55.218 [INFO] (trainer.py:120) Total Epi:    91 Steps:     681 Episode Steps:     6 Return:  19.0217 FPS:  1.15
14:19:00.625 [INFO] (trainer.py:120) Total Epi:    92 Steps:     687 Episode Steps:     6 Return:  19.4792 FPS:  1.11
14:19:06.060 [INFO] (trainer.py:120) Total Epi:    93 Steps:     693 Episode Steps:     6 Return:  19.7219 FPS:  1.10
14:19:14.272 [INFO] (trainer.py:120) Total Epi:    94 Steps:     705 Episode Steps:    12 Return:  9.7391 FPS:  1.46
14:19:19.695 [INFO] (trainer.py:120) Total Epi:    95 Steps:     711 Episode Steps:     6 Return:  19.1554 FPS:  1.11
14:19:27.508 [INFO] (trainer.py:120) Total Epi:    96 Steps:     722 Episode Steps:    11 Return:  10.6901 FPS:  1.41
14:19:32.930 [INFO] (trainer.py:120) Total Epi:    97 Steps:     728 Episode Steps:     6 Return:  19.6941 FPS:  1.11
14:19:40.945 [INFO] (trainer.py:120) Total Epi:    98 Steps:     740 Episode Steps:    12 Return:  10.0149 FPS:  1.50
14:19:46.167 [INFO] (trainer.py:120) Total Epi:    99 Steps:     746 Episode Steps:     6 Return:  19.7533 FPS:  1.15
14:19:53.777 [INFO] (trainer.py:120) Total Epi:   100 Steps:     757 Episode Steps:    11 Return:  11.1165 FPS:  1.45
14:19:59.204 [INFO] (trainer.py:120) Total Epi:   101 Steps:     763 Episode Steps:     6 Return:  19.5853 FPS:  1.11
14:20:07.020 [INFO] (trainer.py:120) Total Epi:   102 Steps:     774 Episode Steps:    11 Return:  11.5881 FPS:  1.41
14:20:14.833 [INFO] (trainer.py:120) Total Epi:   103 Steps:     785 Episode Steps:    11 Return:  11.8425 FPS:  1.41
14:20:20.241 [INFO] (trainer.py:120) Total Epi:   104 Steps:     791 Episode Steps:     6 Return:  19.6396 FPS:  1.11
14:20:28.058 [INFO] (trainer.py:120) Total Epi:   105 Steps:     802 Episode Steps:    11 Return:  11.4470 FPS:  1.41
14:20:33.486 [INFO] (trainer.py:120) Total Epi:   106 Steps:     808 Episode Steps:     6 Return:  19.7207 FPS:  1.11
14:20:41.094 [INFO] (trainer.py:120) Total Epi:   107 Steps:     819 Episode Steps:    11 Return:  11.2252 FPS:  1.45
14:20:46.500 [INFO] (trainer.py:120) Total Epi:   108 Steps:     825 Episode Steps:     6 Return:  19.9279 FPS:  1.11
14:20:51.717 [INFO] (trainer.py:120) Total Epi:   109 Steps:     831 Episode Steps:     6 Return:  19.6610 FPS:  1.15
14:20:59.325 [INFO] (trainer.py:120) Total Epi:   110 Steps:     842 Episode Steps:    11 Return:  11.5546 FPS:  1.45
14:21:04.533 [INFO] (trainer.py:120) Total Epi:   111 Steps:     848 Episode Steps:     6 Return:  20.0559 FPS:  1.15
14:21:12.756 [INFO] (trainer.py:120) Total Epi:   112 Steps:     860 Episode Steps:    12 Return:  9.8643 FPS:  1.46
14:21:17.964 [INFO] (trainer.py:120) Total Epi:   113 Steps:     866 Episode Steps:     6 Return:  19.7836 FPS:  1.15
14:21:25.783 [INFO] (trainer.py:120) Total Epi:   114 Steps:     877 Episode Steps:    11 Return:  11.8133 FPS:  1.41
14:21:34.011 [INFO] (trainer.py:120) Total Epi:   115 Steps:     889 Episode Steps:    12 Return:  9.4506 FPS:  1.46
14:21:41.614 [INFO] (trainer.py:120) Total Epi:   116 Steps:     900 Episode Steps:    11 Return:  11.5242 FPS:  1.45
14:21:47.048 [INFO] (trainer.py:120) Total Epi:   117 Steps:     906 Episode Steps:     6 Return:  19.8008 FPS:  1.10
14:21:54.874 [INFO] (trainer.py:120) Total Epi:   118 Steps:     917 Episode Steps:    11 Return:  11.1265 FPS:  1.41
14:22:02.687 [INFO] (trainer.py:120) Total Epi:   119 Steps:     928 Episode Steps:    11 Return:  10.8969 FPS:  1.41
14:22:10.903 [INFO] (trainer.py:120) Total Epi:   120 Steps:     940 Episode Steps:    12 Return:  9.7676 FPS:  1.46
14:22:19.123 [INFO] (trainer.py:120) Total Epi:   121 Steps:     952 Episode Steps:    12 Return:  8.6329 FPS:  1.46
14:22:27.352 [INFO] (trainer.py:120) Total Epi:   122 Steps:     964 Episode Steps:    12 Return:  9.2584 FPS:  1.46
14:22:35.574 [INFO] (trainer.py:120) Total Epi:   123 Steps:     976 Episode Steps:    12 Return:  9.7623 FPS:  1.46
14:22:44.013 [INFO] (trainer.py:120) Total Epi:   124 Steps:     988 Episode Steps:    12 Return:  10.1759 FPS:  1.42
14:22:51.853 [INFO] (trainer.py:120) Total Epi:   125 Steps:     999 Episode Steps:    11 Return:  11.4929 FPS:  1.40
14:23:26.660 [INFO] (trainer.py:148) Evaluation Total Steps:    1000 Average Reward  14.0744 over  5 episodes
14:23:40.366 [INFO] (trainer.py:120) Total Epi:   126 Steps:    1023 Episode Steps:    24 Return: -41.6080 FPS:  0.49
14:23:47.981 [INFO] (trainer.py:120) Total Epi:   127 Steps:    1034 Episode Steps:    11 Return:  11.5092 FPS:  1.44
14:23:56.200 [INFO] (trainer.py:120) Total Epi:   128 Steps:    1046 Episode Steps:    12 Return:  9.6574 FPS:  1.46
14:24:03.824 [INFO] (trainer.py:120) Total Epi:   129 Steps:    1057 Episode Steps:    11 Return:  11.2735 FPS:  1.44
14:24:11.632 [INFO] (trainer.py:120) Total Epi:   130 Steps:    1068 Episode Steps:    11 Return:  11.5334 FPS:  1.41
14:24:17.058 [INFO] (trainer.py:120) Total Epi:   131 Steps:    1074 Episode Steps:     6 Return:  19.3078 FPS:  1.11
14:24:24.891 [INFO] (trainer.py:120) Total Epi:   132 Steps:    1085 Episode Steps:    11 Return:  11.1439 FPS:  1.40
14:24:32.712 [INFO] (trainer.py:120) Total Epi:   133 Steps:    1096 Episode Steps:    11 Return:  11.5832 FPS:  1.41
14:24:40.534 [INFO] (trainer.py:120) Total Epi:   134 Steps:    1107 Episode Steps:    11 Return:  11.4717 FPS:  1.41
14:24:48.355 [INFO] (trainer.py:120) Total Epi:   135 Steps:    1118 Episode Steps:    11 Return:  11.5020 FPS:  1.41
14:24:55.977 [INFO] (trainer.py:120) Total Epi:   136 Steps:    1129 Episode Steps:    11 Return:  11.5683 FPS:  1.44
14:25:03.792 [INFO] (trainer.py:120) Total Epi:   137 Steps:    1140 Episode Steps:    11 Return:  11.0491 FPS:  1.41
14:25:11.601 [INFO] (trainer.py:120) Total Epi:   138 Steps:    1151 Episode Steps:    11 Return:  11.5228 FPS:  1.41
14:25:17.222 [INFO] (trainer.py:120) Total Epi:   139 Steps:    1157 Episode Steps:     6 Return:  19.9516 FPS:  1.07
14:25:25.033 [INFO] (trainer.py:120) Total Epi:   140 Steps:    1168 Episode Steps:    11 Return:  10.8830 FPS:  1.41
14:25:30.872 [INFO] (trainer.py:120) Total Epi:   141 Steps:    1175 Episode Steps:     7 Return:  19.0804 FPS:  1.20
14:25:38.909 [INFO] (trainer.py:120) Total Epi:   142 Steps:    1186 Episode Steps:    11 Return:  11.2547 FPS:  1.37
14:25:46.510 [INFO] (trainer.py:120) Total Epi:   143 Steps:    1197 Episode Steps:    11 Return:  12.0000 FPS:  1.45
14:25:51.921 [INFO] (trainer.py:120) Total Epi:   144 Steps:    1203 Episode Steps:     6 Return:  19.6575 FPS:  1.11
14:25:57.724 [INFO] (trainer.py:120) Total Epi:   145 Steps:    1210 Episode Steps:     7 Return:  18.4138 FPS:  1.21
14:26:03.159 [INFO] (trainer.py:120) Total Epi:   146 Steps:    1216 Episode Steps:     6 Return:  19.5416 FPS:  1.10
14:26:10.973 [INFO] (trainer.py:120) Total Epi:   147 Steps:    1227 Episode Steps:    11 Return:  11.1931 FPS:  1.41
14:26:18.815 [INFO] (trainer.py:120) Total Epi:   148 Steps:    1238 Episode Steps:    11 Return:  11.3451 FPS:  1.40
14:26:26.640 [INFO] (trainer.py:120) Total Epi:   149 Steps:    1249 Episode Steps:    11 Return:  10.9773 FPS:  1.41
14:26:34.465 [INFO] (trainer.py:120) Total Epi:   150 Steps:    1260 Episode Steps:    11 Return:  11.1936 FPS:  1.41
14:26:42.089 [INFO] (trainer.py:120) Total Epi:   151 Steps:    1271 Episode Steps:    11 Return:  11.4436 FPS:  1.44
14:26:49.917 [INFO] (trainer.py:120) Total Epi:   152 Steps:    1282 Episode Steps:    11 Return:  10.6161 FPS:  1.41
14:26:57.561 [INFO] (trainer.py:120) Total Epi:   153 Steps:    1293 Episode Steps:    11 Return:  11.3477 FPS:  1.44
14:27:05.382 [INFO] (trainer.py:120) Total Epi:   154 Steps:    1304 Episode Steps:    11 Return:  10.9408 FPS:  1.41
14:27:14.016 [INFO] (trainer.py:120) Total Epi:   155 Steps:    1317 Episode Steps:    13 Return:  8.5739 FPS:  1.51
14:27:22.042 [INFO] (trainer.py:120) Total Epi:   156 Steps:    1328 Episode Steps:    11 Return:  11.1533 FPS:  1.37
14:27:29.857 [INFO] (trainer.py:120) Total Epi:   157 Steps:    1339 Episode Steps:    11 Return:  11.2001 FPS:  1.41
14:27:37.687 [INFO] (trainer.py:120) Total Epi:   158 Steps:    1350 Episode Steps:    11 Return:  11.4847 FPS:  1.41
14:27:45.315 [INFO] (trainer.py:120) Total Epi:   159 Steps:    1361 Episode Steps:    11 Return:  10.8913 FPS:  1.44
14:27:52.931 [INFO] (trainer.py:120) Total Epi:   160 Steps:    1372 Episode Steps:    11 Return:  11.5725 FPS:  1.44
14:28:00.777 [INFO] (trainer.py:120) Total Epi:   161 Steps:    1383 Episode Steps:    11 Return:  11.5432 FPS:  1.40
14:28:08.611 [INFO] (trainer.py:120) Total Epi:   162 Steps:    1394 Episode Steps:    11 Return:  11.2133 FPS:  1.40
14:28:16.428 [INFO] (trainer.py:120) Total Epi:   163 Steps:    1405 Episode Steps:    11 Return:  11.3672 FPS:  1.41
14:28:24.053 [INFO] (trainer.py:120) Total Epi:   164 Steps:    1416 Episode Steps:    11 Return:  11.1600 FPS:  1.44
14:28:32.273 [INFO] (trainer.py:120) Total Epi:   165 Steps:    1428 Episode Steps:    12 Return:  9.9806 FPS:  1.46
14:28:40.909 [INFO] (trainer.py:120) Total Epi:   166 Steps:    1441 Episode Steps:    13 Return:  8.5267 FPS:  1.51
14:28:48.737 [INFO] (trainer.py:120) Total Epi:   167 Steps:    1452 Episode Steps:    11 Return:  11.1565 FPS:  1.41
14:28:56.566 [INFO] (trainer.py:120) Total Epi:   168 Steps:    1463 Episode Steps:    11 Return:  11.3147 FPS:  1.41
14:29:04.403 [INFO] (trainer.py:120) Total Epi:   169 Steps:    1474 Episode Steps:    11 Return:  12.1507 FPS:  1.40
14:29:12.039 [INFO] (trainer.py:120) Total Epi:   170 Steps:    1485 Episode Steps:    11 Return:  11.7500 FPS:  1.44
14:29:19.646 [INFO] (trainer.py:120) Total Epi:   171 Steps:    1496 Episode Steps:    11 Return:  11.5985 FPS:  1.45
14:29:58.461 [INFO] (trainer.py:148) Evaluation Total Steps:    1500 Average Reward  11.9558 over  5 episodes
14:30:09.652 [INFO] (trainer.py:120) Total Epi:   172 Steps:    1518 Episode Steps:    22 Return: -44.7894 FPS:  0.44
14:30:17.266 [INFO] (trainer.py:120) Total Epi:   173 Steps:    1529 Episode Steps:    11 Return:  11.8045 FPS:  1.44
14:30:25.087 [INFO] (trainer.py:120) Total Epi:   174 Steps:    1540 Episode Steps:    11 Return:  11.0006 FPS:  1.41
14:30:32.921 [INFO] (trainer.py:120) Total Epi:   175 Steps:    1551 Episode Steps:    11 Return:  11.0500 FPS:  1.40
14:30:40.764 [INFO] (trainer.py:120) Total Epi:   176 Steps:    1562 Episode Steps:    11 Return:  11.4006 FPS:  1.40
14:30:49.196 [INFO] (trainer.py:120) Total Epi:   177 Steps:    1574 Episode Steps:    12 Return:  10.1924 FPS:  1.42
14:30:57.031 [INFO] (trainer.py:120) Total Epi:   178 Steps:    1585 Episode Steps:    11 Return:  11.7654 FPS:  1.40
14:31:04.844 [INFO] (trainer.py:120) Total Epi:   179 Steps:    1596 Episode Steps:    11 Return:  10.8440 FPS:  1.41
14:31:12.873 [INFO] (trainer.py:120) Total Epi:   180 Steps:    1607 Episode Steps:    11 Return:  11.6756 FPS:  1.37
14:31:20.509 [INFO] (trainer.py:120) Total Epi:   181 Steps:    1618 Episode Steps:    11 Return:  11.1323 FPS:  1.44
14:31:28.141 [INFO] (trainer.py:120) Total Epi:   182 Steps:    1629 Episode Steps:    11 Return:  11.1812 FPS:  1.44
14:31:35.963 [INFO] (trainer.py:120) Total Epi:   183 Steps:    1640 Episode Steps:    11 Return:  11.6119 FPS:  1.41
14:31:43.593 [INFO] (trainer.py:120) Total Epi:   184 Steps:    1651 Episode Steps:    11 Return:  11.5411 FPS:  1.44
14:31:51.432 [INFO] (trainer.py:120) Total Epi:   185 Steps:    1662 Episode Steps:    11 Return:  11.5054 FPS:  1.40
14:31:59.065 [INFO] (trainer.py:120) Total Epi:   186 Steps:    1673 Episode Steps:    11 Return:  11.2071 FPS:  1.44
14:32:06.896 [INFO] (trainer.py:120) Total Epi:   187 Steps:    1684 Episode Steps:    11 Return:  11.6351 FPS:  1.40
14:32:14.725 [INFO] (trainer.py:120) Total Epi:   188 Steps:    1695 Episode Steps:    11 Return:  11.8322 FPS:  1.41
14:32:22.970 [INFO] (trainer.py:120) Total Epi:   189 Steps:    1707 Episode Steps:    12 Return:  10.5512 FPS:  1.46
14:32:30.803 [INFO] (trainer.py:120) Total Epi:   190 Steps:    1718 Episode Steps:    11 Return:  11.3868 FPS:  1.40
14:32:38.635 [INFO] (trainer.py:120) Total Epi:   191 Steps:    1729 Episode Steps:    11 Return:  11.3864 FPS:  1.40
14:32:55.090 [INFO] (trainer.py:120) Total Epi:   192 Steps:    1758 Episode Steps:    29 Return: -50.3364 FPS:  1.76
14:33:02.925 [INFO] (trainer.py:120) Total Epi:   193 Steps:    1769 Episode Steps:    11 Return:  11.2077 FPS:  1.40
14:33:11.151 [INFO] (trainer.py:120) Total Epi:   194 Steps:    1781 Episode Steps:    12 Return:  10.1663 FPS:  1.46
14:33:18.991 [INFO] (trainer.py:120) Total Epi:   195 Steps:    1792 Episode Steps:    11 Return:  11.3543 FPS:  1.40
14:33:27.410 [INFO] (trainer.py:120) Total Epi:   196 Steps:    1804 Episode Steps:    12 Return:  9.8280 FPS:  1.43
14:33:35.046 [INFO] (trainer.py:120) Total Epi:   197 Steps:    1815 Episode Steps:    11 Return:  11.0371 FPS:  1.44
14:33:42.682 [INFO] (trainer.py:120) Total Epi:   198 Steps:    1826 Episode Steps:    11 Return:  11.5725 FPS:  1.44
14:33:50.552 [INFO] (trainer.py:120) Total Epi:   199 Steps:    1837 Episode Steps:    11 Return:  11.4677 FPS:  1.40
14:33:58.383 [INFO] (trainer.py:120) Total Epi:   200 Steps:    1848 Episode Steps:    11 Return:  11.7778 FPS:  1.40
14:34:06.246 [INFO] (trainer.py:120) Total Epi:   201 Steps:    1859 Episode Steps:    11 Return:  11.4032 FPS:  1.40
14:34:13.862 [INFO] (trainer.py:120) Total Epi:   202 Steps:    1870 Episode Steps:    11 Return:  12.0862 FPS:  1.44
14:34:21.495 [INFO] (trainer.py:120) Total Epi:   203 Steps:    1881 Episode Steps:    11 Return:  12.0383 FPS:  1.44
14:34:29.140 [INFO] (trainer.py:120) Total Epi:   204 Steps:    1892 Episode Steps:    11 Return:  11.1451 FPS:  1.44
14:34:37.581 [INFO] (trainer.py:120) Total Epi:   205 Steps:    1904 Episode Steps:    12 Return:  10.3682 FPS:  1.42
14:34:45.410 [INFO] (trainer.py:120) Total Epi:   206 Steps:    1915 Episode Steps:    11 Return:  11.6271 FPS:  1.41
14:34:53.651 [INFO] (trainer.py:120) Total Epi:   207 Steps:    1927 Episode Steps:    12 Return:  10.5503 FPS:  1.46
14:35:01.543 [INFO] (trainer.py:120) Total Epi:   208 Steps:    1938 Episode Steps:    11 Return:  11.0077 FPS:  1.39
14:35:09.371 [INFO] (trainer.py:120) Total Epi:   209 Steps:    1949 Episode Steps:    11 Return:  11.7102 FPS:  1.41
14:35:17.210 [INFO] (trainer.py:120) Total Epi:   210 Steps:    1960 Episode Steps:    11 Return:  11.3330 FPS:  1.40
14:35:24.842 [INFO] (trainer.py:120) Total Epi:   211 Steps:    1971 Episode Steps:    11 Return:  11.3635 FPS:  1.44
14:35:32.677 [INFO] (trainer.py:120) Total Epi:   212 Steps:    1982 Episode Steps:    11 Return:  11.4865 FPS:  1.40
14:35:40.506 [INFO] (trainer.py:120) Total Epi:   213 Steps:    1993 Episode Steps:    11 Return:  11.2060 FPS:  1.41
14:36:23.360 [INFO] (trainer.py:148) Evaluation Total Steps:    2000 Average Reward  10.0856 over  5 episodes
14:36:34.142 [INFO] (trainer.py:120) Total Epi:   214 Steps:    2017 Episode Steps:    24 Return: -48.3678 FPS:  0.45
14:36:41.970 [INFO] (trainer.py:120) Total Epi:   215 Steps:    2028 Episode Steps:    11 Return:  11.0569 FPS:  1.41
14:36:49.603 [INFO] (trainer.py:120) Total Epi:   216 Steps:    2039 Episode Steps:    11 Return:  11.4964 FPS:  1.44
14:36:57.830 [INFO] (trainer.py:120) Total Epi:   217 Steps:    2051 Episode Steps:    12 Return:  11.0020 FPS:  1.46
14:37:06.453 [INFO] (trainer.py:120) Total Epi:   218 Steps:    2064 Episode Steps:    13 Return:  8.7729 FPS:  1.51
14:37:14.322 [INFO] (trainer.py:120) Total Epi:   219 Steps:    2075 Episode Steps:    11 Return:  11.4686 FPS:  1.40
14:37:22.146 [INFO] (trainer.py:120) Total Epi:   220 Steps:    2086 Episode Steps:    11 Return:  11.9081 FPS:  1.41
14:37:30.029 [INFO] (trainer.py:120) Total Epi:   221 Steps:    2097 Episode Steps:    11 Return:  11.3710 FPS:  1.40
14:37:37.853 [INFO] (trainer.py:120) Total Epi:   222 Steps:    2108 Episode Steps:    11 Return:  11.4280 FPS:  1.41
14:37:45.694 [INFO] (trainer.py:120) Total Epi:   223 Steps:    2119 Episode Steps:    11 Return:  11.0956 FPS:  1.40
14:37:53.931 [INFO] (trainer.py:120) Total Epi:   224 Steps:    2131 Episode Steps:    12 Return:  10.1175 FPS:  1.46
14:38:01.769 [INFO] (trainer.py:120) Total Epi:   225 Steps:    2142 Episode Steps:    11 Return:  11.7875 FPS:  1.40
14:38:09.616 [INFO] (trainer.py:120) Total Epi:   226 Steps:    2153 Episode Steps:    11 Return:  11.4669 FPS:  1.40
14:38:18.044 [INFO] (trainer.py:120) Total Epi:   227 Steps:    2165 Episode Steps:    12 Return:  10.9725 FPS:  1.42
14:38:26.274 [INFO] (trainer.py:120) Total Epi:   228 Steps:    2177 Episode Steps:    12 Return:  9.5074 FPS:  1.46
14:38:42.540 [INFO] (trainer.py:120) Total Epi:   229 Steps:    2205 Episode Steps:    28 Return: -49.7120 FPS:  1.72
14:38:50.354 [INFO] (trainer.py:120) Total Epi:   230 Steps:    2216 Episode Steps:    11 Return:  11.1066 FPS:  1.41
14:38:58.588 [INFO] (trainer.py:120) Total Epi:   231 Steps:    2228 Episode Steps:    12 Return:  9.6009 FPS:  1.46
14:39:06.419 [INFO] (trainer.py:120) Total Epi:   232 Steps:    2239 Episode Steps:    11 Return:  11.5057 FPS:  1.40
14:39:14.058 [INFO] (trainer.py:120) Total Epi:   233 Steps:    2250 Episode Steps:    11 Return:  11.2352 FPS:  1.44
14:39:21.910 [INFO] (trainer.py:120) Total Epi:   234 Steps:    2261 Episode Steps:    11 Return:  11.5311 FPS:  1.40
14:39:29.754 [INFO] (trainer.py:120) Total Epi:   235 Steps:    2272 Episode Steps:    11 Return:  11.5641 FPS:  1.40
14:39:37.606 [INFO] (trainer.py:120) Total Epi:   236 Steps:    2283 Episode Steps:    11 Return:  11.4998 FPS:  1.40
14:39:45.242 [INFO] (trainer.py:120) Total Epi:   237 Steps:    2294 Episode Steps:    11 Return:  11.1353 FPS:  1.44
14:39:53.708 [INFO] (trainer.py:120) Total Epi:   238 Steps:    2306 Episode Steps:    12 Return:  9.8031 FPS:  1.42
14:40:01.918 [INFO] (trainer.py:120) Total Epi:   239 Steps:    2318 Episode Steps:    12 Return:  9.8052 FPS:  1.46
14:40:09.549 [INFO] (trainer.py:120) Total Epi:   240 Steps:    2329 Episode Steps:    11 Return:  11.0158 FPS:  1.44
14:40:17.780 [INFO] (trainer.py:120) Total Epi:   241 Steps:    2341 Episode Steps:    12 Return:  10.5292 FPS:  1.46
14:40:26.029 [INFO] (trainer.py:120) Total Epi:   242 Steps:    2353 Episode Steps:    12 Return:  10.2154 FPS:  1.45
14:40:34.265 [INFO] (trainer.py:120) Total Epi:   243 Steps:    2365 Episode Steps:    12 Return:  10.4089 FPS:  1.46
14:40:42.113 [INFO] (trainer.py:120) Total Epi:   244 Steps:    2376 Episode Steps:    11 Return:  11.1076 FPS:  1.40
14:40:49.730 [INFO] (trainer.py:120) Total Epi:   245 Steps:    2387 Episode Steps:    11 Return:  11.4849 FPS:  1.44
14:40:57.953 [INFO] (trainer.py:120) Total Epi:   246 Steps:    2399 Episode Steps:    12 Return:  10.3560 FPS:  1.46
14:41:05.800 [INFO] (trainer.py:120) Total Epi:   247 Steps:    2410 Episode Steps:    11 Return:  11.0997 FPS:  1.40
14:41:14.031 [INFO] (trainer.py:120) Total Epi:   248 Steps:    2422 Episode Steps:    12 Return:  10.4379 FPS:  1.46
14:41:22.270 [INFO] (trainer.py:120) Total Epi:   249 Steps:    2434 Episode Steps:    12 Return:  10.1830 FPS:  1.46
14:41:29.908 [INFO] (trainer.py:120) Total Epi:   250 Steps:    2445 Episode Steps:    11 Return:  10.5167 FPS:  1.44
