20:58:22.746 [INFO] (trainer.py:76) Restored None
20:58:41.863 [INFO] (on_policy_trainer.py:73) Total Epi:     1 Steps:      28 Episode Steps:    28 Return: -78.6315 FPS:  1.46
20:58:58.395 [INFO] (on_policy_trainer.py:73) Total Epi:     2 Steps:      57 Episode Steps:    29 Return: -86.0215 FPS:  1.75
20:59:15.051 [INFO] (on_policy_trainer.py:73) Total Epi:     3 Steps:      87 Episode Steps:    30 Return: -81.4681 FPS:  1.80
20:59:31.599 [INFO] (on_policy_trainer.py:73) Total Epi:     4 Steps:     116 Episode Steps:    29 Return: -89.9615 FPS:  1.75
20:59:48.047 [INFO] (on_policy_trainer.py:73) Total Epi:     5 Steps:     145 Episode Steps:    29 Return: -76.2197 FPS:  1.76
21:00:04.716 [INFO] (on_policy_trainer.py:73) Total Epi:     6 Steps:     175 Episode Steps:    30 Return: -88.7094 FPS:  1.80
21:00:21.012 [INFO] (on_policy_trainer.py:73) Total Epi:     7 Steps:     204 Episode Steps:    29 Return: -60.8714 FPS:  1.78
21:00:37.470 [INFO] (on_policy_trainer.py:73) Total Epi:     8 Steps:     233 Episode Steps:    29 Return: -68.8080 FPS:  1.76
21:00:53.937 [INFO] (on_policy_trainer.py:73) Total Epi:     9 Steps:     262 Episode Steps:    29 Return: -65.2533 FPS:  1.76
21:01:10.381 [INFO] (on_policy_trainer.py:73) Total Epi:    10 Steps:     291 Episode Steps:    29 Return: -79.4336 FPS:  1.76
21:01:26.675 [INFO] (on_policy_trainer.py:73) Total Epi:    11 Steps:     320 Episode Steps:    29 Return: -89.1716 FPS:  1.78
21:01:42.934 [INFO] (on_policy_trainer.py:73) Total Epi:    12 Steps:     349 Episode Steps:    29 Return: -85.2725 FPS:  1.78
21:01:59.825 [INFO] (on_policy_trainer.py:73) Total Epi:    13 Steps:     379 Episode Steps:    30 Return: -87.1673 FPS:  1.78
21:02:16.077 [INFO] (on_policy_trainer.py:73) Total Epi:    14 Steps:     408 Episode Steps:    29 Return: -74.8104 FPS:  1.78
21:02:32.343 [INFO] (on_policy_trainer.py:73) Total Epi:    15 Steps:     437 Episode Steps:    29 Return: -78.3429 FPS:  1.78
21:02:48.825 [INFO] (on_policy_trainer.py:73) Total Epi:    16 Steps:     466 Episode Steps:    29 Return: -85.0223 FPS:  1.76
21:03:05.069 [INFO] (on_policy_trainer.py:73) Total Epi:    17 Steps:     495 Episode Steps:    29 Return: -74.8321 FPS:  1.79
21:04:30.037 [INFO] (on_policy_trainer.py:84) Evaluation Total Steps:     500 Average Reward -82.1574 over  5 episodes
21:04:32.966 [INFO] (on_policy_trainer.py:73) Total Epi:    18 Steps:     501 Episode Steps:     6 Return: -36.5353 FPS:  0.07
21:04:49.429 [INFO] (on_policy_trainer.py:73) Total Epi:    19 Steps:     530 Episode Steps:    29 Return: -90.0098 FPS:  1.76
21:05:05.849 [INFO] (on_policy_trainer.py:73) Total Epi:    20 Steps:     559 Episode Steps:    29 Return: -73.0259 FPS:  1.77
21:05:22.515 [INFO] (on_policy_trainer.py:73) Total Epi:    21 Steps:     589 Episode Steps:    30 Return: -68.5132 FPS:  1.80
21:05:38.967 [INFO] (on_policy_trainer.py:73) Total Epi:    22 Steps:     618 Episode Steps:    29 Return: -78.2126 FPS:  1.76
21:05:55.405 [INFO] (on_policy_trainer.py:73) Total Epi:    23 Steps:     647 Episode Steps:    29 Return: -78.1813 FPS:  1.76
21:06:11.909 [INFO] (on_policy_trainer.py:73) Total Epi:    24 Steps:     676 Episode Steps:    29 Return: -77.9716 FPS:  1.76
21:06:28.387 [INFO] (on_policy_trainer.py:73) Total Epi:    25 Steps:     705 Episode Steps:    29 Return: -70.8723 FPS:  1.76
21:06:45.076 [INFO] (on_policy_trainer.py:73) Total Epi:    26 Steps:     735 Episode Steps:    30 Return: -65.2636 FPS:  1.80
21:07:01.736 [INFO] (on_policy_trainer.py:73) Total Epi:    27 Steps:     765 Episode Steps:    30 Return: -83.1503 FPS:  1.80
21:07:18.003 [INFO] (on_policy_trainer.py:73) Total Epi:    28 Steps:     794 Episode Steps:    29 Return: -77.4400 FPS:  1.78
21:07:34.683 [INFO] (on_policy_trainer.py:73) Total Epi:    29 Steps:     824 Episode Steps:    30 Return: -80.8579 FPS:  1.80
21:07:51.315 [INFO] (on_policy_trainer.py:73) Total Epi:    30 Steps:     854 Episode Steps:    30 Return: -72.9209 FPS:  1.80
21:08:07.945 [INFO] (on_policy_trainer.py:73) Total Epi:    31 Steps:     884 Episode Steps:    30 Return: -77.7018 FPS:  1.80
21:08:24.595 [INFO] (on_policy_trainer.py:73) Total Epi:    32 Steps:     914 Episode Steps:    30 Return: -61.5389 FPS:  1.80
21:08:40.845 [INFO] (on_policy_trainer.py:73) Total Epi:    33 Steps:     943 Episode Steps:    29 Return: -76.5312 FPS:  1.78
21:08:57.298 [INFO] (on_policy_trainer.py:73) Total Epi:    34 Steps:     972 Episode Steps:    29 Return: -86.1427 FPS:  1.76
21:10:33.422 [INFO] (on_policy_trainer.py:84) Evaluation Total Steps:    1000 Average Reward -83.2701 over  5 episodes
21:10:36.445 [INFO] (on_policy_trainer.py:73) Total Epi:    35 Steps:    1001 Episode Steps:    29 Return: -81.2761 FPS:  0.29
21:10:52.707 [INFO] (on_policy_trainer.py:73) Total Epi:    36 Steps:    1030 Episode Steps:    29 Return: -61.2493 FPS:  1.78
21:11:09.375 [INFO] (on_policy_trainer.py:73) Total Epi:    37 Steps:    1060 Episode Steps:    30 Return: -85.9158 FPS:  1.80
21:11:25.643 [INFO] (on_policy_trainer.py:73) Total Epi:    38 Steps:    1089 Episode Steps:    29 Return: -89.6256 FPS:  1.78
21:11:42.117 [INFO] (on_policy_trainer.py:73) Total Epi:    39 Steps:    1118 Episode Steps:    29 Return: -77.9982 FPS:  1.76
21:11:58.776 [INFO] (on_policy_trainer.py:73) Total Epi:    40 Steps:    1148 Episode Steps:    30 Return: -76.2592 FPS:  1.80
21:12:15.394 [INFO] (on_policy_trainer.py:73) Total Epi:    41 Steps:    1178 Episode Steps:    30 Return: -91.6448 FPS:  1.81
21:12:31.857 [INFO] (on_policy_trainer.py:73) Total Epi:    42 Steps:    1208 Episode Steps:    30 Return: -88.4747 FPS:  1.82
21:12:48.500 [INFO] (on_policy_trainer.py:73) Total Epi:    43 Steps:    1238 Episode Steps:    30 Return: -70.8134 FPS:  1.80
21:13:05.146 [INFO] (on_policy_trainer.py:73) Total Epi:    44 Steps:    1268 Episode Steps:    30 Return: -88.2980 FPS:  1.80
21:13:21.426 [INFO] (on_policy_trainer.py:73) Total Epi:    45 Steps:    1297 Episode Steps:    29 Return: -78.1045 FPS:  1.78
21:13:37.881 [INFO] (on_policy_trainer.py:73) Total Epi:    46 Steps:    1327 Episode Steps:    30 Return: -77.8487 FPS:  1.82
21:13:54.170 [INFO] (on_policy_trainer.py:73) Total Epi:    47 Steps:    1356 Episode Steps:    29 Return: -81.7139 FPS:  1.78
21:14:10.625 [INFO] (on_policy_trainer.py:73) Total Epi:    48 Steps:    1386 Episode Steps:    30 Return: -68.6596 FPS:  1.82
21:14:27.234 [INFO] (on_policy_trainer.py:73) Total Epi:    49 Steps:    1416 Episode Steps:    30 Return: -87.7745 FPS:  1.81
21:14:43.471 [INFO] (on_policy_trainer.py:73) Total Epi:    50 Steps:    1446 Episode Steps:    30 Return: -80.2007 FPS:  1.85
21:14:59.896 [INFO] (on_policy_trainer.py:73) Total Epi:    51 Steps:    1476 Episode Steps:    30 Return: -69.0646 FPS:  1.83
21:16:34.326 [INFO] (on_policy_trainer.py:84) Evaluation Total Steps:    1500 Average Reward -82.0767 over  5 episodes
21:16:37.296 [INFO] (on_policy_trainer.py:73) Total Epi:    52 Steps:    1501 Episode Steps:    25 Return: -66.1785 FPS:  0.26
21:16:53.701 [INFO] (on_policy_trainer.py:73) Total Epi:    53 Steps:    1531 Episode Steps:    30 Return: -70.9780 FPS:  1.83
21:17:10.339 [INFO] (on_policy_trainer.py:73) Total Epi:    54 Steps:    1561 Episode Steps:    30 Return: -76.8001 FPS:  1.80
21:17:26.560 [INFO] (on_policy_trainer.py:73) Total Epi:    55 Steps:    1590 Episode Steps:    29 Return: -75.9298 FPS:  1.79
21:17:43.001 [INFO] (on_policy_trainer.py:73) Total Epi:    56 Steps:    1620 Episode Steps:    30 Return: -76.2252 FPS:  1.82
21:17:59.450 [INFO] (on_policy_trainer.py:73) Total Epi:    57 Steps:    1650 Episode Steps:    30 Return: -89.1131 FPS:  1.82
21:18:15.888 [INFO] (on_policy_trainer.py:73) Total Epi:    58 Steps:    1680 Episode Steps:    30 Return: -82.5873 FPS:  1.83
21:18:32.128 [INFO] (on_policy_trainer.py:73) Total Epi:    59 Steps:    1709 Episode Steps:    29 Return: -87.8498 FPS:  1.79
21:18:48.577 [INFO] (on_policy_trainer.py:73) Total Epi:    60 Steps:    1739 Episode Steps:    30 Return: -89.6466 FPS:  1.82
21:19:05.017 [INFO] (on_policy_trainer.py:73) Total Epi:    61 Steps:    1769 Episode Steps:    30 Return: -70.8428 FPS:  1.82
21:19:21.463 [INFO] (on_policy_trainer.py:73) Total Epi:    62 Steps:    1799 Episode Steps:    30 Return: -76.4571 FPS:  1.82
21:19:37.689 [INFO] (on_policy_trainer.py:73) Total Epi:    63 Steps:    1828 Episode Steps:    29 Return: -68.2199 FPS:  1.79
21:19:54.122 [INFO] (on_policy_trainer.py:73) Total Epi:    64 Steps:    1858 Episode Steps:    30 Return: -74.8057 FPS:  1.83
21:20:10.559 [INFO] (on_policy_trainer.py:73) Total Epi:    65 Steps:    1888 Episode Steps:    30 Return: -86.5789 FPS:  1.83
21:20:27.002 [INFO] (on_policy_trainer.py:73) Total Epi:    66 Steps:    1918 Episode Steps:    30 Return: -81.1344 FPS:  1.82
21:20:43.439 [INFO] (on_policy_trainer.py:73) Total Epi:    67 Steps:    1948 Episode Steps:    30 Return: -88.2967 FPS:  1.83
21:20:59.866 [INFO] (on_policy_trainer.py:73) Total Epi:    68 Steps:    1978 Episode Steps:    30 Return: -85.9997 FPS:  1.83
21:22:32.829 [INFO] (on_policy_trainer.py:84) Evaluation Total Steps:    2000 Average Reward -82.5366 over  5 episodes
21:22:35.705 [INFO] (on_policy_trainer.py:73) Total Epi:    69 Steps:    2001 Episode Steps:    23 Return: -71.5903 FPS:  0.24
21:22:52.131 [INFO] (on_policy_trainer.py:73) Total Epi:    70 Steps:    2031 Episode Steps:    30 Return: -84.9621 FPS:  1.83
21:23:15.786 [INFO] (on_policy_trainer.py:73) Total Epi:    71 Steps:    2049 Episode Steps:    18 Return: -60.9650 FPS:  0.76
21:23:32.224 [INFO] (on_policy_trainer.py:73) Total Epi:    72 Steps:    2079 Episode Steps:    30 Return: -71.1860 FPS:  1.83
21:23:48.652 [INFO] (on_policy_trainer.py:73) Total Epi:    73 Steps:    2109 Episode Steps:    30 Return: -73.2274 FPS:  1.83
21:24:05.113 [INFO] (on_policy_trainer.py:73) Total Epi:    74 Steps:    2139 Episode Steps:    30 Return: -65.4195 FPS:  1.82
21:24:21.544 [INFO] (on_policy_trainer.py:73) Total Epi:    75 Steps:    2169 Episode Steps:    30 Return: -79.1024 FPS:  1.83
21:24:37.789 [INFO] (on_policy_trainer.py:73) Total Epi:    76 Steps:    2199 Episode Steps:    30 Return: -69.0702 FPS:  1.85
21:24:54.227 [INFO] (on_policy_trainer.py:73) Total Epi:    77 Steps:    2229 Episode Steps:    30 Return: -81.5528 FPS:  1.83
21:25:10.653 [INFO] (on_policy_trainer.py:73) Total Epi:    78 Steps:    2259 Episode Steps:    30 Return: -85.7866 FPS:  1.83
21:25:27.080 [INFO] (on_policy_trainer.py:73) Total Epi:    79 Steps:    2289 Episode Steps:    30 Return: -68.7612 FPS:  1.83
21:25:43.524 [INFO] (on_policy_trainer.py:73) Total Epi:    80 Steps:    2319 Episode Steps:    30 Return: -80.2421 FPS:  1.82
21:25:59.950 [INFO] (on_policy_trainer.py:73) Total Epi:    81 Steps:    2349 Episode Steps:    30 Return: -76.6885 FPS:  1.83
21:26:16.386 [INFO] (on_policy_trainer.py:73) Total Epi:    82 Steps:    2379 Episode Steps:    30 Return: -84.2846 FPS:  1.83
21:26:32.920 [INFO] (on_policy_trainer.py:73) Total Epi:    83 Steps:    2409 Episode Steps:    30 Return: -85.2122 FPS:  1.81
21:26:49.151 [INFO] (on_policy_trainer.py:73) Total Epi:    84 Steps:    2439 Episode Steps:    30 Return: -76.2087 FPS:  1.85
21:27:05.585 [INFO] (on_policy_trainer.py:73) Total Epi:    85 Steps:    2469 Episode Steps:    30 Return: -53.2976 FPS:  1.83
21:27:22.230 [INFO] (on_policy_trainer.py:73) Total Epi:    86 Steps:    2499 Episode Steps:    30 Return: -69.9508 FPS:  1.80
21:28:46.035 [INFO] (on_policy_trainer.py:84) Evaluation Total Steps:    2500 Average Reward -80.7675 over  5 episodes
21:28:48.911 [INFO] (on_policy_trainer.py:73) Total Epi:    87 Steps:    2501 Episode Steps:     2 Return: -28.4254 FPS:  0.02
21:29:05.372 [INFO] (on_policy_trainer.py:73) Total Epi:    88 Steps:    2531 Episode Steps:    30 Return: -82.9178 FPS:  1.82
21:29:21.803 [INFO] (on_policy_trainer.py:73) Total Epi:    89 Steps:    2561 Episode Steps:    30 Return: -81.3643 FPS:  1.83
21:29:38.245 [INFO] (on_policy_trainer.py:73) Total Epi:    90 Steps:    2591 Episode Steps:    30 Return: -79.7316 FPS:  1.82
21:29:54.890 [INFO] (on_policy_trainer.py:73) Total Epi:    91 Steps:    2621 Episode Steps:    30 Return: -78.7737 FPS:  1.80
21:30:11.114 [INFO] (on_policy_trainer.py:73) Total Epi:    92 Steps:    2650 Episode Steps:    29 Return: -69.0294 FPS:  1.79
21:30:27.343 [INFO] (on_policy_trainer.py:73) Total Epi:    93 Steps:    2679 Episode Steps:    29 Return: -71.0089 FPS:  1.79
21:30:43.785 [INFO] (on_policy_trainer.py:73) Total Epi:    94 Steps:    2709 Episode Steps:    30 Return: -70.9874 FPS:  1.82
21:31:00.029 [INFO] (on_policy_trainer.py:73) Total Epi:    95 Steps:    2738 Episode Steps:    29 Return: -75.9905 FPS:  1.79
21:31:16.666 [INFO] (on_policy_trainer.py:73) Total Epi:    96 Steps:    2768 Episode Steps:    30 Return: -77.1866 FPS:  1.80
21:31:33.124 [INFO] (on_policy_trainer.py:73) Total Epi:    97 Steps:    2798 Episode Steps:    30 Return: -87.7685 FPS:  1.82
21:31:49.755 [INFO] (on_policy_trainer.py:73) Total Epi:    98 Steps:    2828 Episode Steps:    30 Return: -96.8954 FPS:  1.80
21:32:06.407 [INFO] (on_policy_trainer.py:73) Total Epi:    99 Steps:    2858 Episode Steps:    30 Return: -59.7499 FPS:  1.80
21:32:23.047 [INFO] (on_policy_trainer.py:73) Total Epi:   100 Steps:    2888 Episode Steps:    30 Return: -73.4282 FPS:  1.80
21:32:39.288 [INFO] (on_policy_trainer.py:73) Total Epi:   101 Steps:    2917 Episode Steps:    29 Return: -75.8696 FPS:  1.79
21:32:55.733 [INFO] (on_policy_trainer.py:73) Total Epi:   102 Steps:    2947 Episode Steps:    30 Return: -69.2209 FPS:  1.82
21:33:12.172 [INFO] (on_policy_trainer.py:73) Total Epi:   103 Steps:    2977 Episode Steps:    30 Return: -74.2471 FPS:  1.83
21:34:46.124 [INFO] (on_policy_trainer.py:84) Evaluation Total Steps:    3000 Average Reward -78.5496 over  5 episodes
21:34:49.033 [INFO] (on_policy_trainer.py:73) Total Epi:   104 Steps:    3001 Episode Steps:    24 Return: -56.7708 FPS:  0.25
21:35:05.472 [INFO] (on_policy_trainer.py:73) Total Epi:   105 Steps:    3031 Episode Steps:    30 Return: -74.9445 FPS:  1.83
21:35:22.135 [INFO] (on_policy_trainer.py:73) Total Epi:   106 Steps:    3061 Episode Steps:    30 Return: -80.1194 FPS:  1.80
21:35:38.780 [INFO] (on_policy_trainer.py:73) Total Epi:   107 Steps:    3091 Episode Steps:    30 Return: -72.2460 FPS:  1.80
21:35:55.026 [INFO] (on_policy_trainer.py:73) Total Epi:   108 Steps:    3120 Episode Steps:    29 Return: -62.3521 FPS:  1.79
21:36:11.264 [INFO] (on_policy_trainer.py:73) Total Epi:   109 Steps:    3150 Episode Steps:    30 Return: -75.1761 FPS:  1.85
21:36:27.506 [INFO] (on_policy_trainer.py:73) Total Epi:   110 Steps:    3179 Episode Steps:    29 Return: -74.4724 FPS:  1.79
21:36:43.940 [INFO] (on_policy_trainer.py:73) Total Epi:   111 Steps:    3209 Episode Steps:    30 Return: -86.0704 FPS:  1.83
21:37:00.589 [INFO] (on_policy_trainer.py:73) Total Epi:   112 Steps:    3239 Episode Steps:    30 Return: -82.7499 FPS:  1.80
21:37:16.833 [INFO] (on_policy_trainer.py:73) Total Epi:   113 Steps:    3269 Episode Steps:    30 Return: -68.1416 FPS:  1.85
21:37:33.072 [INFO] (on_policy_trainer.py:73) Total Epi:   114 Steps:    3298 Episode Steps:    29 Return: -84.1148 FPS:  1.79
21:37:49.530 [INFO] (on_policy_trainer.py:73) Total Epi:   115 Steps:    3328 Episode Steps:    30 Return: -62.6689 FPS:  1.82
21:38:05.979 [INFO] (on_policy_trainer.py:73) Total Epi:   116 Steps:    3358 Episode Steps:    30 Return: -78.6417 FPS:  1.82
21:38:21.423 [INFO] (on_policy_trainer.py:73) Total Epi:   117 Steps:    3386 Episode Steps:    28 Return: -24.2757 FPS:  1.81
21:38:37.854 [INFO] (on_policy_trainer.py:73) Total Epi:   118 Steps:    3416 Episode Steps:    30 Return: -80.5330 FPS:  1.83
21:38:54.295 [INFO] (on_policy_trainer.py:73) Total Epi:   119 Steps:    3446 Episode Steps:    30 Return: -65.5053 FPS:  1.82
21:39:10.751 [INFO] (on_policy_trainer.py:73) Total Epi:   120 Steps:    3476 Episode Steps:    30 Return: -77.3301 FPS:  1.82
21:40:44.924 [INFO] (on_policy_trainer.py:84) Evaluation Total Steps:    3500 Average Reward -80.2019 over  5 episodes
21:40:47.809 [INFO] (on_policy_trainer.py:73) Total Epi:   121 Steps:    3501 Episode Steps:    25 Return: -65.7493 FPS:  0.26
21:41:04.239 [INFO] (on_policy_trainer.py:73) Total Epi:   122 Steps:    3531 Episode Steps:    30 Return: -84.3286 FPS:  1.83
21:41:20.883 [INFO] (on_policy_trainer.py:73) Total Epi:   123 Steps:    3561 Episode Steps:    30 Return: -87.6329 FPS:  1.80
21:41:37.320 [INFO] (on_policy_trainer.py:73) Total Epi:   124 Steps:    3591 Episode Steps:    30 Return: -90.5024 FPS:  1.83
21:41:53.762 [INFO] (on_policy_trainer.py:73) Total Epi:   125 Steps:    3621 Episode Steps:    30 Return: -77.6833 FPS:  1.82
21:42:10.018 [INFO] (on_policy_trainer.py:73) Total Epi:   126 Steps:    3651 Episode Steps:    30 Return: -82.5624 FPS:  1.85
21:42:26.470 [INFO] (on_policy_trainer.py:73) Total Epi:   127 Steps:    3681 Episode Steps:    30 Return: -82.7864 FPS:  1.82
21:42:42.921 [INFO] (on_policy_trainer.py:73) Total Epi:   128 Steps:    3711 Episode Steps:    30 Return: -84.9499 FPS:  1.82
21:42:59.187 [INFO] (on_policy_trainer.py:73) Total Epi:   129 Steps:    3740 Episode Steps:    29 Return: -81.4247 FPS:  1.78
21:43:15.645 [INFO] (on_policy_trainer.py:73) Total Epi:   130 Steps:    3770 Episode Steps:    30 Return: -83.3587 FPS:  1.82
21:43:32.098 [INFO] (on_policy_trainer.py:73) Total Epi:   131 Steps:    3800 Episode Steps:    30 Return: -79.4596 FPS:  1.82
21:43:48.739 [INFO] (on_policy_trainer.py:73) Total Epi:   132 Steps:    3830 Episode Steps:    30 Return: -76.8877 FPS:  1.80
21:44:05.390 [INFO] (on_policy_trainer.py:73) Total Epi:   133 Steps:    3860 Episode Steps:    30 Return: -76.5181 FPS:  1.80
21:44:22.041 [INFO] (on_policy_trainer.py:73) Total Epi:   134 Steps:    3890 Episode Steps:    30 Return: -78.0861 FPS:  1.80
21:44:38.696 [INFO] (on_policy_trainer.py:73) Total Epi:   135 Steps:    3920 Episode Steps:    30 Return: -73.3862 FPS:  1.80
21:44:55.137 [INFO] (on_policy_trainer.py:73) Total Epi:   136 Steps:    3950 Episode Steps:    30 Return: -81.9573 FPS:  1.82
21:45:11.593 [INFO] (on_policy_trainer.py:73) Total Epi:   137 Steps:    3980 Episode Steps:    30 Return: -76.8338 FPS:  1.82
21:46:43.890 [INFO] (on_policy_trainer.py:84) Evaluation Total Steps:    4000 Average Reward -80.1989 over  5 episodes
21:46:46.859 [INFO] (on_policy_trainer.py:73) Total Epi:   138 Steps:    4001 Episode Steps:    21 Return: -57.4849 FPS:  0.22
21:47:03.491 [INFO] (on_policy_trainer.py:73) Total Epi:   139 Steps:    4031 Episode Steps:    30 Return: -75.1350 FPS:  1.80
21:47:19.747 [INFO] (on_policy_trainer.py:73) Total Epi:   140 Steps:    4061 Episode Steps:    30 Return: -67.1530 FPS:  1.85
21:47:36.183 [INFO] (on_policy_trainer.py:73) Total Epi:   141 Steps:    4091 Episode Steps:    30 Return: -68.8976 FPS:  1.83
21:47:52.466 [INFO] (on_policy_trainer.py:73) Total Epi:   142 Steps:    4098 Episode Steps:     7 Return: -38.4376 FPS:  0.43
21:48:08.910 [INFO] (on_policy_trainer.py:73) Total Epi:   143 Steps:    4128 Episode Steps:    30 Return: -83.8297 FPS:  1.82
21:48:25.355 [INFO] (on_policy_trainer.py:73) Total Epi:   144 Steps:    4158 Episode Steps:    30 Return: -64.3310 FPS:  1.82
21:48:41.992 [INFO] (on_policy_trainer.py:73) Total Epi:   145 Steps:    4188 Episode Steps:    30 Return: -78.3550 FPS:  1.80
21:48:58.444 [INFO] (on_policy_trainer.py:73) Total Epi:   146 Steps:    4218 Episode Steps:    30 Return: -75.0739 FPS:  1.82
21:49:14.891 [INFO] (on_policy_trainer.py:73) Total Epi:   147 Steps:    4248 Episode Steps:    30 Return: -70.2657 FPS:  1.82
21:49:31.535 [INFO] (on_policy_trainer.py:73) Total Epi:   148 Steps:    4278 Episode Steps:    30 Return: -70.3194 FPS:  1.80
21:49:47.982 [INFO] (on_policy_trainer.py:73) Total Epi:   149 Steps:    4308 Episode Steps:    30 Return: -67.4328 FPS:  1.82
21:50:04.435 [INFO] (on_policy_trainer.py:73) Total Epi:   150 Steps:    4338 Episode Steps:    30 Return: -70.0954 FPS:  1.82
21:50:21.075 [INFO] (on_policy_trainer.py:73) Total Epi:   151 Steps:    4368 Episode Steps:    30 Return: -71.5003 FPS:  1.80
21:50:37.512 [INFO] (on_policy_trainer.py:73) Total Epi:   152 Steps:    4398 Episode Steps:    30 Return: -63.0396 FPS:  1.83
21:50:53.951 [INFO] (on_policy_trainer.py:73) Total Epi:   153 Steps:    4428 Episode Steps:    30 Return: -83.0941 FPS:  1.83
21:51:10.394 [INFO] (on_policy_trainer.py:73) Total Epi:   154 Steps:    4458 Episode Steps:    30 Return: -62.2719 FPS:  1.82
21:51:26.834 [INFO] (on_policy_trainer.py:73) Total Epi:   155 Steps:    4488 Episode Steps:    30 Return: -73.6724 FPS:  1.82
21:52:54.870 [INFO] (on_policy_trainer.py:84) Evaluation Total Steps:    4500 Average Reward -70.8558 over  5 episodes
21:52:57.688 [INFO] (on_policy_trainer.py:73) Total Epi:   156 Steps:    4501 Episode Steps:    13 Return: -48.0295 FPS:  0.14
21:53:14.130 [INFO] (on_policy_trainer.py:73) Total Epi:   157 Steps:    4531 Episode Steps:    30 Return: -73.9939 FPS:  1.82
21:53:30.576 [INFO] (on_policy_trainer.py:73) Total Epi:   158 Steps:    4561 Episode Steps:    30 Return: -95.1714 FPS:  1.82
21:53:47.020 [INFO] (on_policy_trainer.py:73) Total Epi:   159 Steps:    4591 Episode Steps:    30 Return: -76.0016 FPS:  1.82
21:54:03.269 [INFO] (on_policy_trainer.py:73) Total Epi:   160 Steps:    4621 Episode Steps:    30 Return: -79.5929 FPS:  1.85
21:54:19.914 [INFO] (on_policy_trainer.py:73) Total Epi:   161 Steps:    4651 Episode Steps:    30 Return: -78.8376 FPS:  1.80
21:54:36.360 [INFO] (on_policy_trainer.py:73) Total Epi:   162 Steps:    4681 Episode Steps:    30 Return: -78.3946 FPS:  1.82
21:54:53.005 [INFO] (on_policy_trainer.py:73) Total Epi:   163 Steps:    4711 Episode Steps:    30 Return: -78.9054 FPS:  1.80
21:55:09.252 [INFO] (on_policy_trainer.py:73) Total Epi:   164 Steps:    4741 Episode Steps:    30 Return: -69.6370 FPS:  1.85
21:55:25.493 [INFO] (on_policy_trainer.py:73) Total Epi:   165 Steps:    4770 Episode Steps:    29 Return: -80.8709 FPS:  1.79
21:55:41.936 [INFO] (on_policy_trainer.py:73) Total Epi:   166 Steps:    4800 Episode Steps:    30 Return: -82.3532 FPS:  1.82
21:55:58.378 [INFO] (on_policy_trainer.py:73) Total Epi:   167 Steps:    4830 Episode Steps:    30 Return: -81.0225 FPS:  1.82
21:56:14.618 [INFO] (on_policy_trainer.py:73) Total Epi:   168 Steps:    4860 Episode Steps:    30 Return: -70.5894 FPS:  1.85
21:56:31.054 [INFO] (on_policy_trainer.py:73) Total Epi:   169 Steps:    4890 Episode Steps:    30 Return: -72.4323 FPS:  1.83
21:56:47.303 [INFO] (on_policy_trainer.py:73) Total Epi:   170 Steps:    4920 Episode Steps:    30 Return: -78.6269 FPS:  1.85
21:57:03.746 [INFO] (on_policy_trainer.py:73) Total Epi:   171 Steps:    4950 Episode Steps:    30 Return: -68.1478 FPS:  1.82
21:57:20.193 [INFO] (on_policy_trainer.py:73) Total Epi:   172 Steps:    4980 Episode Steps:    30 Return: -75.4473 FPS:  1.82
21:58:52.086 [INFO] (on_policy_trainer.py:84) Evaluation Total Steps:    5000 Average Reward -72.8301 over  5 episodes
21:58:55.081 [INFO] (on_policy_trainer.py:73) Total Epi:   173 Steps:    5001 Episode Steps:    21 Return: -60.1349 FPS:  0.22
21:59:11.733 [INFO] (on_policy_trainer.py:73) Total Epi:   174 Steps:    5031 Episode Steps:    30 Return: -77.6512 FPS:  1.80
21:59:28.175 [INFO] (on_policy_trainer.py:73) Total Epi:   175 Steps:    5061 Episode Steps:    30 Return: -83.9809 FPS:  1.82
21:59:44.634 [INFO] (on_policy_trainer.py:73) Total Epi:   176 Steps:    5091 Episode Steps:    30 Return: -71.4961 FPS:  1.82
22:00:01.081 [INFO] (on_policy_trainer.py:73) Total Epi:   177 Steps:    5121 Episode Steps:    30 Return: -71.2736 FPS:  1.82
22:00:17.538 [INFO] (on_policy_trainer.py:73) Total Epi:   178 Steps:    5151 Episode Steps:    30 Return: -75.4207 FPS:  1.82
22:00:34.191 [INFO] (on_policy_trainer.py:73) Total Epi:   179 Steps:    5181 Episode Steps:    30 Return: -77.9385 FPS:  1.80
22:00:50.456 [INFO] (on_policy_trainer.py:73) Total Epi:   180 Steps:    5210 Episode Steps:    29 Return: -75.2399 FPS:  1.78
22:01:07.120 [INFO] (on_policy_trainer.py:73) Total Epi:   181 Steps:    5240 Episode Steps:    30 Return: -67.8885 FPS:  1.80
22:01:23.360 [INFO] (on_policy_trainer.py:73) Total Epi:   182 Steps:    5269 Episode Steps:    29 Return: -65.0983 FPS:  1.79
22:01:39.420 [INFO] (on_policy_trainer.py:73) Total Epi:   183 Steps:    5298 Episode Steps:    29 Return: -17.3208 FPS:  1.81
22:01:55.691 [INFO] (on_policy_trainer.py:73) Total Epi:   184 Steps:    5327 Episode Steps:    29 Return: -70.9721 FPS:  1.78
22:02:11.928 [INFO] (on_policy_trainer.py:73) Total Epi:   185 Steps:    5356 Episode Steps:    29 Return: -77.0575 FPS:  1.79
22:02:28.187 [INFO] (on_policy_trainer.py:73) Total Epi:   186 Steps:    5385 Episode Steps:    29 Return: -67.6462 FPS:  1.78
22:02:44.639 [INFO] (on_policy_trainer.py:73) Total Epi:   187 Steps:    5415 Episode Steps:    30 Return: -72.6987 FPS:  1.82
22:03:01.089 [INFO] (on_policy_trainer.py:73) Total Epi:   188 Steps:    5445 Episode Steps:    30 Return: -77.7342 FPS:  1.82
22:03:17.557 [INFO] (on_policy_trainer.py:73) Total Epi:   189 Steps:    5475 Episode Steps:    30 Return: -69.1466 FPS:  1.82
22:04:52.564 [INFO] (on_policy_trainer.py:84) Evaluation Total Steps:    5500 Average Reward -72.8417 over  5 episodes
22:04:55.496 [INFO] (on_policy_trainer.py:73) Total Epi:   190 Steps:    5501 Episode Steps:    26 Return: -64.1311 FPS:  0.27
22:05:11.767 [INFO] (on_policy_trainer.py:73) Total Epi:   191 Steps:    5530 Episode Steps:    29 Return: -69.9294 FPS:  1.78
22:05:28.226 [INFO] (on_policy_trainer.py:73) Total Epi:   192 Steps:    5560 Episode Steps:    30 Return: -71.3236 FPS:  1.82
22:05:44.669 [INFO] (on_policy_trainer.py:73) Total Epi:   193 Steps:    5590 Episode Steps:    30 Return: -78.8291 FPS:  1.82
22:06:00.925 [INFO] (on_policy_trainer.py:73) Total Epi:   194 Steps:    5619 Episode Steps:    29 Return: -83.6561 FPS:  1.78
22:06:17.379 [INFO] (on_policy_trainer.py:73) Total Epi:   195 Steps:    5649 Episode Steps:    30 Return: -63.5956 FPS:  1.82
22:06:33.830 [INFO] (on_policy_trainer.py:73) Total Epi:   196 Steps:    5679 Episode Steps:    30 Return: -71.6786 FPS:  1.82
22:06:50.088 [INFO] (on_policy_trainer.py:73) Total Epi:   197 Steps:    5708 Episode Steps:    29 Return: -79.1891 FPS:  1.78
22:07:06.540 [INFO] (on_policy_trainer.py:73) Total Epi:   198 Steps:    5738 Episode Steps:    30 Return: -74.1378 FPS:  1.82
22:07:23.190 [INFO] (on_policy_trainer.py:73) Total Epi:   199 Steps:    5768 Episode Steps:    30 Return: -79.6900 FPS:  1.80
22:07:39.647 [INFO] (on_policy_trainer.py:73) Total Epi:   200 Steps:    5798 Episode Steps:    30 Return: -88.6098 FPS:  1.82
22:07:55.906 [INFO] (on_policy_trainer.py:73) Total Epi:   201 Steps:    5827 Episode Steps:    29 Return: -81.0074 FPS:  1.78
22:08:12.351 [INFO] (on_policy_trainer.py:73) Total Epi:   202 Steps:    5857 Episode Steps:    30 Return: -87.1376 FPS:  1.82
22:08:28.801 [INFO] (on_policy_trainer.py:73) Total Epi:   203 Steps:    5887 Episode Steps:    30 Return: -68.6244 FPS:  1.82
22:08:45.258 [INFO] (on_policy_trainer.py:73) Total Epi:   204 Steps:    5917 Episode Steps:    30 Return: -75.9776 FPS:  1.82
22:09:01.720 [INFO] (on_policy_trainer.py:73) Total Epi:   205 Steps:    5947 Episode Steps:    30 Return: -72.3119 FPS:  1.82
22:09:18.173 [INFO] (on_policy_trainer.py:73) Total Epi:   206 Steps:    5977 Episode Steps:    30 Return: -76.2514 FPS:  1.82
22:10:52.346 [INFO] (on_policy_trainer.py:84) Evaluation Total Steps:    6000 Average Reward -72.8294 over  5 episodes
22:10:55.323 [INFO] (on_policy_trainer.py:73) Total Epi:   207 Steps:    6001 Episode Steps:    24 Return: -57.0043 FPS:  0.25
22:11:11.774 [INFO] (on_policy_trainer.py:73) Total Epi:   208 Steps:    6031 Episode Steps:    30 Return: -65.0323 FPS:  1.82
22:11:28.024 [INFO] (on_policy_trainer.py:73) Total Epi:   209 Steps:    6061 Episode Steps:    30 Return: -75.0316 FPS:  1.85
22:11:44.304 [INFO] (on_policy_trainer.py:73) Total Epi:   210 Steps:    6090 Episode Steps:    29 Return: -62.0826 FPS:  1.78
22:12:00.753 [INFO] (on_policy_trainer.py:73) Total Epi:   211 Steps:    6120 Episode Steps:    30 Return: -78.4476 FPS:  1.82
22:12:29.034 [INFO] (on_policy_trainer.py:73) Total Epi:   212 Steps:    6145 Episode Steps:    25 Return: -63.4894 FPS:  0.88
22:12:45.499 [INFO] (on_policy_trainer.py:73) Total Epi:   213 Steps:    6175 Episode Steps:    30 Return: -73.7510 FPS:  1.82
22:13:01.951 [INFO] (on_policy_trainer.py:73) Total Epi:   214 Steps:    6205 Episode Steps:    30 Return: -73.6168 FPS:  1.82
22:13:18.406 [INFO] (on_policy_trainer.py:73) Total Epi:   215 Steps:    6235 Episode Steps:    30 Return: -71.5828 FPS:  1.82
22:13:34.866 [INFO] (on_policy_trainer.py:73) Total Epi:   216 Steps:    6265 Episode Steps:    30 Return: -71.5384 FPS:  1.82
22:13:51.518 [INFO] (on_policy_trainer.py:73) Total Epi:   217 Steps:    6295 Episode Steps:    30 Return: -72.7667 FPS:  1.80
22:14:07.983 [INFO] (on_policy_trainer.py:73) Total Epi:   218 Steps:    6325 Episode Steps:    30 Return: -66.5213 FPS:  1.82
22:14:24.236 [INFO] (on_policy_trainer.py:73) Total Epi:   219 Steps:    6354 Episode Steps:    29 Return: -69.7709 FPS:  1.78
22:14:40.702 [INFO] (on_policy_trainer.py:73) Total Epi:   220 Steps:    6384 Episode Steps:    30 Return: -79.3765 FPS:  1.82
22:14:57.384 [INFO] (on_policy_trainer.py:73) Total Epi:   221 Steps:    6414 Episode Steps:    30 Return: -69.2470 FPS:  1.80
22:15:13.633 [INFO] (on_policy_trainer.py:73) Total Epi:   222 Steps:    6443 Episode Steps:    29 Return: -74.3901 FPS:  1.78
22:15:29.691 [INFO] (on_policy_trainer.py:73) Total Epi:   223 Steps:    6472 Episode Steps:    29 Return: -15.4162 FPS:  1.81
22:17:06.315 [INFO] (on_policy_trainer.py:84) Evaluation Total Steps:    6500 Average Reward -69.0289 over  5 episodes
22:17:09.259 [INFO] (on_policy_trainer.py:73) Total Epi:   224 Steps:    6501 Episode Steps:    29 Return: -80.9781 FPS:  0.29
22:17:25.728 [INFO] (on_policy_trainer.py:73) Total Epi:   225 Steps:    6531 Episode Steps:    30 Return: -72.5950 FPS:  1.82
22:17:41.989 [INFO] (on_policy_trainer.py:73) Total Epi:   226 Steps:    6560 Episode Steps:    29 Return: -69.9667 FPS:  1.78
22:17:58.261 [INFO] (on_policy_trainer.py:73) Total Epi:   227 Steps:    6589 Episode Steps:    29 Return: -71.7759 FPS:  1.78
22:18:14.510 [INFO] (on_policy_trainer.py:73) Total Epi:   228 Steps:    6618 Episode Steps:    29 Return: -77.0192 FPS:  1.78
22:18:31.163 [INFO] (on_policy_trainer.py:73) Total Epi:   229 Steps:    6648 Episode Steps:    30 Return: -70.5270 FPS:  1.80
22:18:47.620 [INFO] (on_policy_trainer.py:73) Total Epi:   230 Steps:    6678 Episode Steps:    30 Return: -72.7854 FPS:  1.82
22:19:04.080 [INFO] (on_policy_trainer.py:73) Total Epi:   231 Steps:    6708 Episode Steps:    30 Return: -63.1525 FPS:  1.82
22:19:20.539 [INFO] (on_policy_trainer.py:73) Total Epi:   232 Steps:    6738 Episode Steps:    30 Return: -67.0658 FPS:  1.82
22:19:36.990 [INFO] (on_policy_trainer.py:73) Total Epi:   233 Steps:    6768 Episode Steps:    30 Return: -79.2129 FPS:  1.82
22:19:53.461 [INFO] (on_policy_trainer.py:73) Total Epi:   234 Steps:    6798 Episode Steps:    30 Return: -77.6770 FPS:  1.82
22:20:09.922 [INFO] (on_policy_trainer.py:73) Total Epi:   235 Steps:    6828 Episode Steps:    30 Return: -62.6854 FPS:  1.82
22:20:26.390 [INFO] (on_policy_trainer.py:73) Total Epi:   236 Steps:    6858 Episode Steps:    30 Return: -76.6227 FPS:  1.82
22:20:42.851 [INFO] (on_policy_trainer.py:73) Total Epi:   237 Steps:    6888 Episode Steps:    30 Return: -69.1087 FPS:  1.82
22:20:59.309 [INFO] (on_policy_trainer.py:73) Total Epi:   238 Steps:    6918 Episode Steps:    30 Return: -71.0459 FPS:  1.82
22:21:15.767 [INFO] (on_policy_trainer.py:73) Total Epi:   239 Steps:    6948 Episode Steps:    30 Return: -80.6615 FPS:  1.82
22:21:32.243 [INFO] (on_policy_trainer.py:73) Total Epi:   240 Steps:    6978 Episode Steps:    30 Return: -72.7932 FPS:  1.82
22:21:45.085 [INFO] (on_policy_trainer.py:73) Total Epi:   241 Steps:    7000 Episode Steps:    22 Return: -105.8447 FPS:  1.71
22:23:08.278 [INFO] (on_policy_trainer.py:84) Evaluation Total Steps:    7000 Average Reward -70.7279 over  5 episodes
22:23:11.282 [INFO] (on_policy_trainer.py:73) Total Epi:   242 Steps:    7001 Episode Steps:     1 Return: -25.7773 FPS:  0.01
22:23:27.730 [INFO] (on_policy_trainer.py:73) Total Epi:   243 Steps:    7031 Episode Steps:    30 Return: -72.5953 FPS:  1.82
22:23:44.394 [INFO] (on_policy_trainer.py:73) Total Epi:   244 Steps:    7061 Episode Steps:    30 Return: -66.4952 FPS:  1.80
22:24:00.865 [INFO] (on_policy_trainer.py:73) Total Epi:   245 Steps:    7091 Episode Steps:    30 Return: -70.7290 FPS:  1.82
22:24:17.327 [INFO] (on_policy_trainer.py:73) Total Epi:   246 Steps:    7121 Episode Steps:    30 Return: -65.0260 FPS:  1.82
22:24:33.769 [INFO] (on_policy_trainer.py:73) Total Epi:   247 Steps:    7151 Episode Steps:    30 Return: -77.4180 FPS:  1.82
22:24:50.036 [INFO] (on_policy_trainer.py:73) Total Epi:   248 Steps:    7180 Episode Steps:    29 Return: -67.7681 FPS:  1.78
22:25:06.705 [INFO] (on_policy_trainer.py:73) Total Epi:   249 Steps:    7210 Episode Steps:    30 Return: -58.2698 FPS:  1.80
22:25:23.166 [INFO] (on_policy_trainer.py:73) Total Epi:   250 Steps:    7240 Episode Steps:    30 Return: -67.7422 FPS:  1.82
22:25:39.628 [INFO] (on_policy_trainer.py:73) Total Epi:   251 Steps:    7270 Episode Steps:    30 Return: -59.8483 FPS:  1.82
22:25:55.897 [INFO] (on_policy_trainer.py:73) Total Epi:   252 Steps:    7300 Episode Steps:    30 Return: -77.6694 FPS:  1.84
22:26:12.574 [INFO] (on_policy_trainer.py:73) Total Epi:   253 Steps:    7330 Episode Steps:    30 Return: -65.5805 FPS:  1.80
22:26:29.234 [INFO] (on_policy_trainer.py:73) Total Epi:   254 Steps:    7360 Episode Steps:    30 Return: -79.3651 FPS:  1.80
22:26:44.313 [INFO] (on_policy_trainer.py:73) Total Epi:   255 Steps:    7387 Episode Steps:    27 Return: -114.8311 FPS:  1.79
22:27:00.971 [INFO] (on_policy_trainer.py:73) Total Epi:   256 Steps:    7417 Episode Steps:    30 Return: -76.0905 FPS:  1.80
22:27:17.433 [INFO] (on_policy_trainer.py:73) Total Epi:   257 Steps:    7447 Episode Steps:    30 Return: -72.3486 FPS:  1.82
22:27:33.904 [INFO] (on_policy_trainer.py:73) Total Epi:   258 Steps:    7477 Episode Steps:    30 Return: -76.9322 FPS:  1.82
22:29:07.958 [INFO] (on_policy_trainer.py:84) Evaluation Total Steps:    7500 Average Reward -69.0374 over  5 episodes
22:29:10.928 [INFO] (on_policy_trainer.py:73) Total Epi:   259 Steps:    7501 Episode Steps:    24 Return: -64.8802 FPS:  0.25
22:29:27.406 [INFO] (on_policy_trainer.py:73) Total Epi:   260 Steps:    7531 Episode Steps:    30 Return: -63.3923 FPS:  1.82
22:29:44.073 [INFO] (on_policy_trainer.py:73) Total Epi:   261 Steps:    7561 Episode Steps:    30 Return: -75.4982 FPS:  1.80
22:30:00.746 [INFO] (on_policy_trainer.py:73) Total Epi:   262 Steps:    7591 Episode Steps:    30 Return: -65.7461 FPS:  1.80
22:30:17.217 [INFO] (on_policy_trainer.py:73) Total Epi:   263 Steps:    7621 Episode Steps:    30 Return: -68.4370 FPS:  1.82
22:30:33.690 [INFO] (on_policy_trainer.py:73) Total Epi:   264 Steps:    7651 Episode Steps:    30 Return: -78.3937 FPS:  1.82
22:30:50.136 [INFO] (on_policy_trainer.py:73) Total Epi:   265 Steps:    7680 Episode Steps:    29 Return: -74.8318 FPS:  1.76
22:31:06.601 [INFO] (on_policy_trainer.py:73) Total Epi:   266 Steps:    7710 Episode Steps:    30 Return: -75.3088 FPS:  1.82
22:31:23.053 [INFO] (on_policy_trainer.py:73) Total Epi:   267 Steps:    7740 Episode Steps:    30 Return: -80.7502 FPS:  1.82
22:31:39.513 [INFO] (on_policy_trainer.py:73) Total Epi:   268 Steps:    7770 Episode Steps:    30 Return: -70.3531 FPS:  1.82
22:31:55.978 [INFO] (on_policy_trainer.py:73) Total Epi:   269 Steps:    7800 Episode Steps:    30 Return: -77.1031 FPS:  1.82
22:32:12.661 [INFO] (on_policy_trainer.py:73) Total Epi:   270 Steps:    7830 Episode Steps:    30 Return: -66.8262 FPS:  1.80
22:32:28.937 [INFO] (on_policy_trainer.py:73) Total Epi:   271 Steps:    7859 Episode Steps:    29 Return: -72.6401 FPS:  1.78
22:32:45.603 [INFO] (on_policy_trainer.py:73) Total Epi:   272 Steps:    7889 Episode Steps:    30 Return: -65.5917 FPS:  1.80
22:33:02.059 [INFO] (on_policy_trainer.py:73) Total Epi:   273 Steps:    7919 Episode Steps:    30 Return: -76.9021 FPS:  1.82
22:33:18.530 [INFO] (on_policy_trainer.py:73) Total Epi:   274 Steps:    7949 Episode Steps:    30 Return: -71.0383 FPS:  1.82
22:33:31.219 [INFO] (on_policy_trainer.py:73) Total Epi:   275 Steps:    7971 Episode Steps:    22 Return: -104.0241 FPS:  1.73
22:35:07.880 [INFO] (on_policy_trainer.py:84) Evaluation Total Steps:    8000 Average Reward -69.0261 over  5 episodes
22:35:10.835 [INFO] (on_policy_trainer.py:73) Total Epi:   276 Steps:    8001 Episode Steps:    30 Return: -67.6122 FPS:  0.30
22:35:27.310 [INFO] (on_policy_trainer.py:73) Total Epi:   277 Steps:    8031 Episode Steps:    30 Return: -67.4292 FPS:  1.82
22:35:41.372 [INFO] (on_policy_trainer.py:73) Total Epi:   278 Steps:    8056 Episode Steps:    25 Return: -112.2607 FPS:  1.78
22:35:57.843 [INFO] (on_policy_trainer.py:73) Total Epi:   279 Steps:    8086 Episode Steps:    30 Return: -72.0865 FPS:  1.82
22:36:09.293 [INFO] (on_policy_trainer.py:73) Total Epi:   280 Steps:    8105 Episode Steps:    19 Return: -103.8362 FPS:  1.66
22:36:25.760 [INFO] (on_policy_trainer.py:73) Total Epi:   281 Steps:    8135 Episode Steps:    30 Return: -71.0832 FPS:  1.82
22:36:42.085 [INFO] (on_policy_trainer.py:73) Total Epi:   282 Steps:    8164 Episode Steps:    29 Return: -66.2735 FPS:  1.78
22:37:09.363 [INFO] (on_policy_trainer.py:73) Total Epi:   283 Steps:    8193 Episode Steps:    29 Return: -74.9840 FPS:  1.06
22:37:25.831 [INFO] (on_policy_trainer.py:73) Total Epi:   284 Steps:    8223 Episode Steps:    30 Return: -67.8176 FPS:  1.82
22:37:42.103 [INFO] (on_policy_trainer.py:73) Total Epi:   285 Steps:    8253 Episode Steps:    30 Return: -65.1261 FPS:  1.84
22:37:58.606 [INFO] (on_policy_trainer.py:73) Total Epi:   286 Steps:    8283 Episode Steps:    30 Return: -69.6910 FPS:  1.82
22:38:14.904 [INFO] (on_policy_trainer.py:73) Total Epi:   287 Steps:    8312 Episode Steps:    29 Return: -69.8081 FPS:  1.78
22:38:31.564 [INFO] (on_policy_trainer.py:73) Total Epi:   288 Steps:    8342 Episode Steps:    30 Return: -69.7761 FPS:  1.80
22:38:48.039 [INFO] (on_policy_trainer.py:73) Total Epi:   289 Steps:    8372 Episode Steps:    30 Return: -72.2375 FPS:  1.82
22:39:04.321 [INFO] (on_policy_trainer.py:73) Total Epi:   290 Steps:    8401 Episode Steps:    29 Return: -62.6107 FPS:  1.78
22:39:20.592 [INFO] (on_policy_trainer.py:73) Total Epi:   291 Steps:    8430 Episode Steps:    29 Return: -68.1032 FPS:  1.78
22:39:37.272 [INFO] (on_policy_trainer.py:73) Total Epi:   292 Steps:    8460 Episode Steps:    30 Return: -75.2664 FPS:  1.80
22:39:53.548 [INFO] (on_policy_trainer.py:73) Total Epi:   293 Steps:    8489 Episode Steps:    29 Return: -72.3981 FPS:  1.78
22:41:22.277 [INFO] (on_policy_trainer.py:84) Evaluation Total Steps:    8500 Average Reward -71.5810 over  5 episodes
22:41:25.237 [INFO] (on_policy_trainer.py:73) Total Epi:   294 Steps:    8501 Episode Steps:    12 Return: -46.1520 FPS:  0.13
22:41:41.695 [INFO] (on_policy_trainer.py:73) Total Epi:   295 Steps:    8531 Episode Steps:    30 Return: -69.7467 FPS:  1.82
22:41:58.365 [INFO] (on_policy_trainer.py:73) Total Epi:   296 Steps:    8561 Episode Steps:    30 Return: -74.5519 FPS:  1.80
22:42:14.632 [INFO] (on_policy_trainer.py:73) Total Epi:   297 Steps:    8590 Episode Steps:    29 Return: -79.8620 FPS:  1.78
22:42:31.103 [INFO] (on_policy_trainer.py:73) Total Epi:   298 Steps:    8620 Episode Steps:    30 Return: -69.6617 FPS:  1.82
22:42:46.434 [INFO] (on_policy_trainer.py:73) Total Epi:   299 Steps:    8647 Episode Steps:    27 Return: -7.0433 FPS:  1.76
22:43:02.908 [INFO] (on_policy_trainer.py:73) Total Epi:   300 Steps:    8677 Episode Steps:    30 Return: -74.3812 FPS:  1.82
22:43:19.569 [INFO] (on_policy_trainer.py:73) Total Epi:   301 Steps:    8707 Episode Steps:    30 Return: -75.7044 FPS:  1.80
22:43:35.857 [INFO] (on_policy_trainer.py:73) Total Epi:   302 Steps:    8736 Episode Steps:    29 Return: -64.3129 FPS:  1.78
22:43:52.338 [INFO] (on_policy_trainer.py:73) Total Epi:   303 Steps:    8766 Episode Steps:    30 Return: -69.4672 FPS:  1.82
22:44:08.607 [INFO] (on_policy_trainer.py:73) Total Epi:   304 Steps:    8795 Episode Steps:    29 Return: -67.7373 FPS:  1.78
22:44:25.071 [INFO] (on_policy_trainer.py:73) Total Epi:   305 Steps:    8825 Episode Steps:    30 Return: -78.9343 FPS:  1.82
22:44:41.386 [INFO] (on_policy_trainer.py:73) Total Epi:   306 Steps:    8854 Episode Steps:    29 Return: -71.3346 FPS:  1.78
22:44:57.852 [INFO] (on_policy_trainer.py:73) Total Epi:   307 Steps:    8884 Episode Steps:    30 Return: -75.1097 FPS:  1.82
22:45:14.319 [INFO] (on_policy_trainer.py:73) Total Epi:   308 Steps:    8914 Episode Steps:    30 Return: -78.1784 FPS:  1.82
22:45:30.663 [INFO] (on_policy_trainer.py:73) Total Epi:   309 Steps:    8943 Episode Steps:    29 Return: -63.9258 FPS:  1.77
22:45:46.954 [INFO] (on_policy_trainer.py:73) Total Epi:   310 Steps:    8972 Episode Steps:    29 Return: -82.1011 FPS:  1.78
22:47:23.490 [INFO] (on_policy_trainer.py:84) Evaluation Total Steps:    9000 Average Reward -71.5955 over  5 episodes
22:47:26.419 [INFO] (on_policy_trainer.py:73) Total Epi:   311 Steps:    9001 Episode Steps:    29 Return: -76.4077 FPS:  0.29
22:47:43.125 [INFO] (on_policy_trainer.py:73) Total Epi:   312 Steps:    9031 Episode Steps:    30 Return: -64.8922 FPS:  1.80
22:47:59.782 [INFO] (on_policy_trainer.py:73) Total Epi:   313 Steps:    9061 Episode Steps:    30 Return: -62.2945 FPS:  1.80
22:48:16.055 [INFO] (on_policy_trainer.py:73) Total Epi:   314 Steps:    9090 Episode Steps:    29 Return: -68.3985 FPS:  1.78
22:48:32.525 [INFO] (on_policy_trainer.py:73) Total Epi:   315 Steps:    9120 Episode Steps:    30 Return: -63.1867 FPS:  1.82
22:48:49.015 [INFO] (on_policy_trainer.py:73) Total Epi:   316 Steps:    9150 Episode Steps:    30 Return: -63.8264 FPS:  1.82
22:49:05.288 [INFO] (on_policy_trainer.py:73) Total Epi:   317 Steps:    9179 Episode Steps:    29 Return: -74.1587 FPS:  1.78
22:49:21.764 [INFO] (on_policy_trainer.py:73) Total Epi:   318 Steps:    9209 Episode Steps:    30 Return: -70.8985 FPS:  1.82
22:49:38.240 [INFO] (on_policy_trainer.py:73) Total Epi:   319 Steps:    9239 Episode Steps:    30 Return: -71.2051 FPS:  1.82
22:49:54.724 [INFO] (on_policy_trainer.py:73) Total Epi:   320 Steps:    9269 Episode Steps:    30 Return: -82.8137 FPS:  1.82
22:50:11.185 [INFO] (on_policy_trainer.py:73) Total Epi:   321 Steps:    9299 Episode Steps:    30 Return: -63.7732 FPS:  1.82
22:50:24.653 [INFO] (on_policy_trainer.py:73) Total Epi:   322 Steps:    9322 Episode Steps:    23 Return: -104.9128 FPS:  1.71
22:50:41.129 [INFO] (on_policy_trainer.py:73) Total Epi:   323 Steps:    9352 Episode Steps:    30 Return: -71.0103 FPS:  1.82
22:50:57.628 [INFO] (on_policy_trainer.py:73) Total Epi:   324 Steps:    9382 Episode Steps:    30 Return: -73.8067 FPS:  1.82
22:51:13.914 [INFO] (on_policy_trainer.py:73) Total Epi:   325 Steps:    9411 Episode Steps:    29 Return: -56.1246 FPS:  1.78
22:51:26.586 [INFO] (on_policy_trainer.py:73) Total Epi:   326 Steps:    9432 Episode Steps:    21 Return: -5.5501 FPS:  1.66
22:51:43.291 [INFO] (on_policy_trainer.py:73) Total Epi:   327 Steps:    9462 Episode Steps:    30 Return: -80.8435 FPS:  1.80
22:51:59.541 [INFO] (on_policy_trainer.py:73) Total Epi:   328 Steps:    9491 Episode Steps:    29 Return: -76.2643 FPS:  1.78
22:53:26.811 [INFO] (on_policy_trainer.py:84) Evaluation Total Steps:    9500 Average Reward -71.5792 over  5 episodes
22:53:29.762 [INFO] (on_policy_trainer.py:73) Total Epi:   329 Steps:    9501 Episode Steps:    10 Return: -44.0912 FPS:  0.11
22:53:46.229 [INFO] (on_policy_trainer.py:73) Total Epi:   330 Steps:    9531 Episode Steps:    30 Return: -73.0068 FPS:  1.82
22:54:02.692 [INFO] (on_policy_trainer.py:73) Total Epi:   331 Steps:    9561 Episode Steps:    30 Return: -68.7602 FPS:  1.82
22:54:18.988 [INFO] (on_policy_trainer.py:73) Total Epi:   332 Steps:    9591 Episode Steps:    30 Return: -78.1422 FPS:  1.84
22:54:35.471 [INFO] (on_policy_trainer.py:73) Total Epi:   333 Steps:    9621 Episode Steps:    30 Return: -73.3573 FPS:  1.82
22:54:51.948 [INFO] (on_policy_trainer.py:73) Total Epi:   334 Steps:    9651 Episode Steps:    30 Return: -67.4737 FPS:  1.82
22:55:08.650 [INFO] (on_policy_trainer.py:73) Total Epi:   335 Steps:    9681 Episode Steps:    30 Return: -68.5142 FPS:  1.80
22:55:25.172 [INFO] (on_policy_trainer.py:73) Total Epi:   336 Steps:    9711 Episode Steps:    30 Return: -76.4240 FPS:  1.82
22:55:41.662 [INFO] (on_policy_trainer.py:73) Total Epi:   337 Steps:    9741 Episode Steps:    30 Return: -72.5681 FPS:  1.82
22:55:58.128 [INFO] (on_policy_trainer.py:73) Total Epi:   338 Steps:    9771 Episode Steps:    30 Return: -65.4128 FPS:  1.82
22:56:14.404 [INFO] (on_policy_trainer.py:73) Total Epi:   339 Steps:    9800 Episode Steps:    29 Return: -70.9695 FPS:  1.78
22:56:30.689 [INFO] (on_policy_trainer.py:73) Total Epi:   340 Steps:    9830 Episode Steps:    30 Return: -61.7343 FPS:  1.84
22:56:47.370 [INFO] (on_policy_trainer.py:73) Total Epi:   341 Steps:    9860 Episode Steps:    30 Return: -70.2351 FPS:  1.80
22:57:03.635 [INFO] (on_policy_trainer.py:73) Total Epi:   342 Steps:    9889 Episode Steps:    29 Return: -68.8683 FPS:  1.78
22:57:20.121 [INFO] (on_policy_trainer.py:73) Total Epi:   343 Steps:    9919 Episode Steps:    30 Return: -64.8634 FPS:  1.82
22:57:36.585 [INFO] (on_policy_trainer.py:73) Total Epi:   344 Steps:    9949 Episode Steps:    30 Return: -61.4800 FPS:  1.82
22:57:53.325 [INFO] (on_policy_trainer.py:73) Total Epi:   345 Steps:    9979 Episode Steps:    30 Return: -75.5446 FPS:  1.79
22:59:26.428 [INFO] (on_policy_trainer.py:84) Evaluation Total Steps:   10000 Average Reward -71.5871 over  5 episodes
22:59:29.385 [INFO] (on_policy_trainer.py:73) Total Epi:   346 Steps:   10001 Episode Steps:    22 Return: -59.1028 FPS:  0.23
22:59:45.860 [INFO] (on_policy_trainer.py:73) Total Epi:   347 Steps:   10031 Episode Steps:    30 Return: -75.5930 FPS:  1.82
23:00:02.544 [INFO] (on_policy_trainer.py:73) Total Epi:   348 Steps:   10061 Episode Steps:    30 Return: -66.7726 FPS:  1.80
23:00:19.020 [INFO] (on_policy_trainer.py:73) Total Epi:   349 Steps:   10091 Episode Steps:    30 Return: -68.9368 FPS:  1.82
23:00:35.513 [INFO] (on_policy_trainer.py:73) Total Epi:   350 Steps:   10121 Episode Steps:    30 Return: -71.8957 FPS:  1.82
23:00:51.838 [INFO] (on_policy_trainer.py:73) Total Epi:   351 Steps:   10151 Episode Steps:    30 Return: -62.0048 FPS:  1.84
23:01:08.308 [INFO] (on_policy_trainer.py:73) Total Epi:   352 Steps:   10181 Episode Steps:    30 Return: -75.3737 FPS:  1.82
23:01:24.774 [INFO] (on_policy_trainer.py:73) Total Epi:   353 Steps:   10211 Episode Steps:    30 Return: -72.4197 FPS:  1.82
23:01:52.476 [INFO] (on_policy_trainer.py:73) Total Epi:   354 Steps:   10241 Episode Steps:    30 Return: -61.8098 FPS:  1.08
23:02:08.763 [INFO] (on_policy_trainer.py:73) Total Epi:   355 Steps:   10270 Episode Steps:    29 Return: -70.0071 FPS:  1.78
23:02:25.233 [INFO] (on_policy_trainer.py:73) Total Epi:   356 Steps:   10300 Episode Steps:    30 Return: -70.0115 FPS:  1.82
23:02:41.706 [INFO] (on_policy_trainer.py:73) Total Epi:   357 Steps:   10330 Episode Steps:    30 Return: -57.4090 FPS:  1.82
23:02:56.788 [INFO] (on_policy_trainer.py:73) Total Epi:   358 Steps:   10357 Episode Steps:    27 Return: -7.4993 FPS:  1.79
23:03:13.076 [INFO] (on_policy_trainer.py:73) Total Epi:   359 Steps:   10386 Episode Steps:    29 Return: -78.0478 FPS:  1.78
23:03:29.754 [INFO] (on_policy_trainer.py:73) Total Epi:   360 Steps:   10416 Episode Steps:    30 Return: -78.6607 FPS:  1.80
23:03:46.236 [INFO] (on_policy_trainer.py:73) Total Epi:   361 Steps:   10446 Episode Steps:    30 Return: -69.3865 FPS:  1.82
23:04:02.969 [INFO] (on_policy_trainer.py:73) Total Epi:   362 Steps:   10476 Episode Steps:    30 Return: -71.0957 FPS:  1.79
23:05:37.534 [INFO] (on_policy_trainer.py:84) Evaluation Total Steps:   10500 Average Reward -67.4443 over  5 episodes
23:05:40.471 [INFO] (on_policy_trainer.py:73) Total Epi:   363 Steps:   10501 Episode Steps:    25 Return: -60.3025 FPS:  0.26
23:05:56.954 [INFO] (on_policy_trainer.py:73) Total Epi:   364 Steps:   10531 Episode Steps:    30 Return: -67.0173 FPS:  1.82
23:06:13.430 [INFO] (on_policy_trainer.py:73) Total Epi:   365 Steps:   10561 Episode Steps:    30 Return: -71.4613 FPS:  1.82
23:06:30.098 [INFO] (on_policy_trainer.py:73) Total Epi:   366 Steps:   10591 Episode Steps:    30 Return: -71.5230 FPS:  1.80
23:06:46.382 [INFO] (on_policy_trainer.py:73) Total Epi:   367 Steps:   10620 Episode Steps:    29 Return: -71.8463 FPS:  1.78
23:06:58.244 [INFO] (on_policy_trainer.py:73) Total Epi:   368 Steps:   10640 Episode Steps:    20 Return: -2.6896 FPS:  1.69
23:07:14.719 [INFO] (on_policy_trainer.py:73) Total Epi:   369 Steps:   10670 Episode Steps:    30 Return: -68.6283 FPS:  1.82
23:07:31.194 [INFO] (on_policy_trainer.py:73) Total Epi:   370 Steps:   10700 Episode Steps:    30 Return: -60.4444 FPS:  1.82
23:07:47.689 [INFO] (on_policy_trainer.py:73) Total Epi:   371 Steps:   10730 Episode Steps:    30 Return: -66.7665 FPS:  1.82
23:08:04.175 [INFO] (on_policy_trainer.py:73) Total Epi:   372 Steps:   10760 Episode Steps:    30 Return: -65.9206 FPS:  1.82
23:08:20.683 [INFO] (on_policy_trainer.py:73) Total Epi:   373 Steps:   10790 Episode Steps:    30 Return: -71.5032 FPS:  1.82
23:08:36.947 [INFO] (on_policy_trainer.py:73) Total Epi:   374 Steps:   10819 Episode Steps:    29 Return: -75.0977 FPS:  1.78
23:08:50.259 [INFO] (on_policy_trainer.py:73) Total Epi:   375 Steps:   10842 Episode Steps:    23 Return: -107.0535 FPS:  1.73
23:09:06.534 [INFO] (on_policy_trainer.py:73) Total Epi:   376 Steps:   10871 Episode Steps:    29 Return: -74.3948 FPS:  1.78
23:09:23.814 [INFO] (on_policy_trainer.py:73) Total Epi:   377 Steps:   10901 Episode Steps:    30 Return: -76.0993 FPS:  1.74
23:09:40.087 [INFO] (on_policy_trainer.py:73) Total Epi:   378 Steps:   10930 Episode Steps:    29 Return: -66.6868 FPS:  1.78
23:09:56.786 [INFO] (on_policy_trainer.py:73) Total Epi:   379 Steps:   10960 Episode Steps:    30 Return: -61.6653 FPS:  1.80
23:10:13.068 [INFO] (on_policy_trainer.py:73) Total Epi:   380 Steps:   10989 Episode Steps:    29 Return: -64.5006 FPS:  1.78
23:11:41.622 [INFO] (on_policy_trainer.py:84) Evaluation Total Steps:   11000 Average Reward -67.4470 over  5 episodes
23:11:44.545 [INFO] (on_policy_trainer.py:73) Total Epi:   381 Steps:   11001 Episode Steps:    12 Return: -45.5314 FPS:  0.13
23:12:01.039 [INFO] (on_policy_trainer.py:73) Total Epi:   382 Steps:   11031 Episode Steps:    30 Return: -72.4383 FPS:  1.82
23:12:17.719 [INFO] (on_policy_trainer.py:73) Total Epi:   383 Steps:   11061 Episode Steps:    30 Return: -71.2082 FPS:  1.80
23:12:34.235 [INFO] (on_policy_trainer.py:73) Total Epi:   384 Steps:   11091 Episode Steps:    30 Return: -62.0169 FPS:  1.82
23:12:50.915 [INFO] (on_policy_trainer.py:73) Total Epi:   385 Steps:   11121 Episode Steps:    30 Return: -67.3910 FPS:  1.80
23:13:07.413 [INFO] (on_policy_trainer.py:73) Total Epi:   386 Steps:   11151 Episode Steps:    30 Return: -62.9933 FPS:  1.82
23:13:23.890 [INFO] (on_policy_trainer.py:73) Total Epi:   387 Steps:   11181 Episode Steps:    30 Return: -69.8245 FPS:  1.82
23:13:40.178 [INFO] (on_policy_trainer.py:73) Total Epi:   388 Steps:   11210 Episode Steps:    29 Return: -64.0448 FPS:  1.78
23:13:56.671 [INFO] (on_policy_trainer.py:73) Total Epi:   389 Steps:   11240 Episode Steps:    30 Return: -71.8401 FPS:  1.82
23:14:13.350 [INFO] (on_policy_trainer.py:73) Total Epi:   390 Steps:   11270 Episode Steps:    30 Return: -77.6459 FPS:  1.80
23:14:30.033 [INFO] (on_policy_trainer.py:73) Total Epi:   391 Steps:   11300 Episode Steps:    30 Return: -70.7945 FPS:  1.80
23:14:46.327 [INFO] (on_policy_trainer.py:73) Total Epi:   392 Steps:   11329 Episode Steps:    29 Return: -64.9093 FPS:  1.78
23:15:03.029 [INFO] (on_policy_trainer.py:73) Total Epi:   393 Steps:   11359 Episode Steps:    30 Return: -71.8877 FPS:  1.80
23:15:19.725 [INFO] (on_policy_trainer.py:73) Total Epi:   394 Steps:   11389 Episode Steps:    30 Return: -64.6985 FPS:  1.80
23:15:36.216 [INFO] (on_policy_trainer.py:73) Total Epi:   395 Steps:   11419 Episode Steps:    30 Return: -58.2033 FPS:  1.82
23:15:52.691 [INFO] (on_policy_trainer.py:73) Total Epi:   396 Steps:   11449 Episode Steps:    30 Return: -70.9320 FPS:  1.82
23:16:09.212 [INFO] (on_policy_trainer.py:73) Total Epi:   397 Steps:   11479 Episode Steps:    30 Return: -76.0337 FPS:  1.82
23:17:42.472 [INFO] (on_policy_trainer.py:84) Evaluation Total Steps:   11500 Average Reward -67.4543 over  5 episodes
23:17:45.570 [INFO] (on_policy_trainer.py:73) Total Epi:   398 Steps:   11501 Episode Steps:    22 Return: -58.7242 FPS:  0.23
23:18:01.876 [INFO] (on_policy_trainer.py:73) Total Epi:   399 Steps:   11530 Episode Steps:    29 Return: -68.1656 FPS:  1.78
23:18:18.350 [INFO] (on_policy_trainer.py:73) Total Epi:   400 Steps:   11560 Episode Steps:    30 Return: -72.0663 FPS:  1.82
23:18:35.036 [INFO] (on_policy_trainer.py:73) Total Epi:   401 Steps:   11590 Episode Steps:    30 Return: -61.6645 FPS:  1.80
23:18:51.739 [INFO] (on_policy_trainer.py:73) Total Epi:   402 Steps:   11620 Episode Steps:    30 Return: -64.1422 FPS:  1.80
23:19:04.078 [INFO] (on_policy_trainer.py:73) Total Epi:   403 Steps:   11641 Episode Steps:    21 Return: -103.1938 FPS:  1.70
23:19:20.746 [INFO] (on_policy_trainer.py:73) Total Epi:   404 Steps:   11671 Episode Steps:    30 Return: -78.9285 FPS:  1.80
23:19:37.240 [INFO] (on_policy_trainer.py:73) Total Epi:   405 Steps:   11701 Episode Steps:    30 Return: -68.6592 FPS:  1.82
23:19:53.780 [INFO] (on_policy_trainer.py:73) Total Epi:   406 Steps:   11731 Episode Steps:    30 Return: -70.5119 FPS:  1.81
23:20:10.055 [INFO] (on_policy_trainer.py:73) Total Epi:   407 Steps:   11761 Episode Steps:    30 Return: -68.6040 FPS:  1.84
23:20:26.540 [INFO] (on_policy_trainer.py:73) Total Epi:   408 Steps:   11791 Episode Steps:    30 Return: -67.2376 FPS:  1.82
23:20:42.828 [INFO] (on_policy_trainer.py:73) Total Epi:   409 Steps:   11820 Episode Steps:    29 Return: -56.5669 FPS:  1.78
23:20:59.315 [INFO] (on_policy_trainer.py:73) Total Epi:   410 Steps:   11850 Episode Steps:    30 Return: -68.1968 FPS:  1.82
23:21:15.592 [INFO] (on_policy_trainer.py:73) Total Epi:   411 Steps:   11880 Episode Steps:    30 Return: -77.0435 FPS:  1.84
23:21:32.282 [INFO] (on_policy_trainer.py:73) Total Epi:   412 Steps:   11910 Episode Steps:    30 Return: -72.4692 FPS:  1.80
23:21:48.767 [INFO] (on_policy_trainer.py:73) Total Epi:   413 Steps:   11940 Episode Steps:    30 Return: -73.4342 FPS:  1.82
23:22:05.279 [INFO] (on_policy_trainer.py:73) Total Epi:   414 Steps:   11970 Episode Steps:    30 Return: -72.0397 FPS:  1.82
23:22:21.566 [INFO] (on_policy_trainer.py:73) Total Epi:   415 Steps:   12000 Episode Steps:    30 Return: -67.9196 FPS:  1.84
23:23:44.872 [INFO] (on_policy_trainer.py:84) Evaluation Total Steps:   12000 Average Reward -68.6208 over  5 episodes
23:23:47.889 [INFO] (on_policy_trainer.py:73) Total Epi:   416 Steps:   12001 Episode Steps:     1 Return: -26.2013 FPS:  0.01
23:24:04.180 [INFO] (on_policy_trainer.py:73) Total Epi:   417 Steps:   12030 Episode Steps:    29 Return: -66.7018 FPS:  1.78
23:24:20.679 [INFO] (on_policy_trainer.py:73) Total Epi:   418 Steps:   12060 Episode Steps:    30 Return: -71.4313 FPS:  1.82
23:24:37.160 [INFO] (on_policy_trainer.py:73) Total Epi:   419 Steps:   12090 Episode Steps:    30 Return: -63.2296 FPS:  1.82
23:24:53.861 [INFO] (on_policy_trainer.py:73) Total Epi:   420 Steps:   12120 Episode Steps:    30 Return: -73.7082 FPS:  1.80
23:25:10.344 [INFO] (on_policy_trainer.py:73) Total Epi:   421 Steps:   12150 Episode Steps:    30 Return: -75.4986 FPS:  1.82
23:25:27.039 [INFO] (on_policy_trainer.py:73) Total Epi:   422 Steps:   12180 Episode Steps:    30 Return: -80.9549 FPS:  1.80
23:25:43.739 [INFO] (on_policy_trainer.py:73) Total Epi:   423 Steps:   12210 Episode Steps:    30 Return: -66.6684 FPS:  1.80
23:26:00.438 [INFO] (on_policy_trainer.py:73) Total Epi:   424 Steps:   12240 Episode Steps:    30 Return: -65.0695 FPS:  1.80
23:26:16.917 [INFO] (on_policy_trainer.py:73) Total Epi:   425 Steps:   12270 Episode Steps:    30 Return: -67.9984 FPS:  1.82
23:26:39.632 [INFO] (on_policy_trainer.py:73) Total Epi:   426 Steps:   12289 Episode Steps:    19 Return: -57.2988 FPS:  0.84
23:26:51.093 [INFO] (on_policy_trainer.py:73) Total Epi:   427 Steps:   12308 Episode Steps:    19 Return: -104.8177 FPS:  1.66
23:27:05.180 [INFO] (on_policy_trainer.py:73) Total Epi:   428 Steps:   12333 Episode Steps:    25 Return: -8.3043 FPS:  1.77
23:27:16.647 [INFO] (on_policy_trainer.py:73) Total Epi:   429 Steps:   12352 Episode Steps:    19 Return: -100.1102 FPS:  1.66
23:27:33.129 [INFO] (on_policy_trainer.py:73) Total Epi:   430 Steps:   12382 Episode Steps:    30 Return: -61.4078 FPS:  1.82
23:27:49.210 [INFO] (on_policy_trainer.py:73) Total Epi:   431 Steps:   12411 Episode Steps:    29 Return: -123.1232 FPS:  1.80
23:28:03.888 [INFO] (on_policy_trainer.py:73) Total Epi:   432 Steps:   12437 Episode Steps:    26 Return: -111.6333 FPS:  1.77
23:28:20.365 [INFO] (on_policy_trainer.py:73) Total Epi:   433 Steps:   12467 Episode Steps:    30 Return: -56.3219 FPS:  1.82
23:28:36.854 [INFO] (on_policy_trainer.py:73) Total Epi:   434 Steps:   12497 Episode Steps:    30 Return: -55.6538 FPS:  1.82
23:29:35.725 [INFO] (on_policy_trainer.py:84) Evaluation Total Steps:   12500 Average Reward  0.7671 over  5 episodes
23:29:42.469 [INFO] (on_policy_trainer.py:73) Total Epi:   435 Steps:   12509 Episode Steps:    12 Return: -35.5127 FPS:  0.18
23:29:57.147 [INFO] (on_policy_trainer.py:73) Total Epi:   436 Steps:   12535 Episode Steps:    26 Return: -113.8952 FPS:  1.77
23:30:13.716 [INFO] (on_policy_trainer.py:73) Total Epi:   437 Steps:   12564 Episode Steps:    29 Return: -67.2370 FPS:  1.75
23:30:30.182 [INFO] (on_policy_trainer.py:73) Total Epi:   438 Steps:   12593 Episode Steps:    29 Return: -54.9752 FPS:  1.76
23:30:46.774 [INFO] (on_policy_trainer.py:73) Total Epi:   439 Steps:   12622 Episode Steps:    29 Return: -58.8531 FPS:  1.75
23:31:03.122 [INFO] (on_policy_trainer.py:73) Total Epi:   440 Steps:   12651 Episode Steps:    29 Return: -65.7880 FPS:  1.77
23:31:15.418 [INFO] (on_policy_trainer.py:73) Total Epi:   441 Steps:   12672 Episode Steps:    21 Return: -100.7300 FPS:  1.71
23:31:31.841 [INFO] (on_policy_trainer.py:73) Total Epi:   442 Steps:   12701 Episode Steps:    29 Return: -56.9932 FPS:  1.77
23:31:42.996 [INFO] (on_policy_trainer.py:73) Total Epi:   443 Steps:   12719 Episode Steps:    18 Return: -99.1769 FPS:  1.61
23:31:59.365 [INFO] (on_policy_trainer.py:73) Total Epi:   444 Steps:   12748 Episode Steps:    29 Return: -57.7939 FPS:  1.77
23:32:16.053 [INFO] (on_policy_trainer.py:73) Total Epi:   445 Steps:   12778 Episode Steps:    30 Return: -73.6166 FPS:  1.80
23:32:29.104 [INFO] (on_policy_trainer.py:73) Total Epi:   446 Steps:   12800 Episode Steps:    22 Return: -102.8149 FPS:  1.69
23:32:45.834 [INFO] (on_policy_trainer.py:73) Total Epi:   447 Steps:   12830 Episode Steps:    30 Return: -67.5549 FPS:  1.79
23:33:02.561 [INFO] (on_policy_trainer.py:73) Total Epi:   448 Steps:   12859 Episode Steps:    29 Return: -64.3634 FPS:  1.73
23:33:13.311 [INFO] (on_policy_trainer.py:73) Total Epi:   449 Steps:   12876 Episode Steps:    17 Return: -99.4384 FPS:  1.58
23:33:29.803 [INFO] (on_policy_trainer.py:73) Total Epi:   450 Steps:   12905 Episode Steps:    29 Return: -72.7031 FPS:  1.76
23:33:46.123 [INFO] (on_policy_trainer.py:73) Total Epi:   451 Steps:   12934 Episode Steps:    29 Return: -101.5148 FPS:  1.78
23:34:02.726 [INFO] (on_policy_trainer.py:73) Total Epi:   452 Steps:   12963 Episode Steps:    29 Return: -60.6747 FPS:  1.75
23:34:18.624 [INFO] (on_policy_trainer.py:73) Total Epi:   453 Steps:   12991 Episode Steps:    28 Return: -114.5334 FPS:  1.76
23:35:23.944 [INFO] (on_policy_trainer.py:84) Evaluation Total Steps:   13000 Average Reward -0.7496 over  5 episodes
23:35:28.900 [INFO] (on_policy_trainer.py:73) Total Epi:   454 Steps:   13005 Episode Steps:    14 Return: -95.0495 FPS:  0.20
23:35:40.582 [INFO] (on_policy_trainer.py:73) Total Epi:   455 Steps:   13024 Episode Steps:    19 Return: -102.4370 FPS:  1.63
23:35:56.872 [INFO] (on_policy_trainer.py:73) Total Epi:   456 Steps:   13053 Episode Steps:    29 Return: -68.8384 FPS:  1.78
23:36:13.658 [INFO] (on_policy_trainer.py:73) Total Epi:   457 Steps:   13083 Episode Steps:    30 Return: -57.5341 FPS:  1.79
23:36:24.784 [INFO] (on_policy_trainer.py:73) Total Epi:   458 Steps:   13101 Episode Steps:    18 Return: -101.5960 FPS:  1.62
23:36:38.312 [INFO] (on_policy_trainer.py:73) Total Epi:   459 Steps:   13124 Episode Steps:    23 Return:  1.3009 FPS:  1.70
23:36:54.850 [INFO] (on_policy_trainer.py:73) Total Epi:   460 Steps:   13153 Episode Steps:    29 Return: -60.7301 FPS:  1.75
23:37:11.777 [INFO] (on_policy_trainer.py:73) Total Epi:   461 Steps:   13183 Episode Steps:    30 Return: -66.4776 FPS:  1.77
23:37:28.509 [INFO] (on_policy_trainer.py:73) Total Epi:   462 Steps:   13213 Episode Steps:    30 Return: -66.4860 FPS:  1.79
23:37:38.239 [INFO] (on_policy_trainer.py:73) Total Epi:   463 Steps:   13228 Episode Steps:    15 Return: -94.6132 FPS:  1.54
23:37:55.156 [INFO] (on_policy_trainer.py:73) Total Epi:   464 Steps:   13258 Episode Steps:    30 Return: -69.1945 FPS:  1.77
23:38:11.667 [INFO] (on_policy_trainer.py:73) Total Epi:   465 Steps:   13287 Episode Steps:    29 Return: -60.1847 FPS:  1.76
23:38:24.342 [INFO] (on_policy_trainer.py:73) Total Epi:   466 Steps:   13308 Episode Steps:    21 Return: -101.1197 FPS:  1.66
23:38:41.308 [INFO] (on_policy_trainer.py:73) Total Epi:   467 Steps:   13338 Episode Steps:    30 Return: -12.8490 FPS:  1.77
23:38:53.862 [INFO] (on_policy_trainer.py:73) Total Epi:   468 Steps:   13359 Episode Steps:    21 Return: -103.0491 FPS:  1.67
23:39:05.530 [INFO] (on_policy_trainer.py:73) Total Epi:   469 Steps:   13378 Episode Steps:    19 Return: -99.9245 FPS:  1.63
23:39:22.441 [INFO] (on_policy_trainer.py:73) Total Epi:   470 Steps:   13408 Episode Steps:    30 Return: -72.2351 FPS:  1.77
23:39:38.736 [INFO] (on_policy_trainer.py:73) Total Epi:   471 Steps:   13437 Episode Steps:    29 Return: -118.4461 FPS:  1.78
23:39:55.267 [INFO] (on_policy_trainer.py:73) Total Epi:   472 Steps:   13467 Episode Steps:    30 Return: -57.9825 FPS:  1.82
23:40:12.008 [INFO] (on_policy_trainer.py:73) Total Epi:   473 Steps:   13497 Episode Steps:    30 Return: -68.0932 FPS:  1.79
23:41:10.632 [INFO] (on_policy_trainer.py:84) Evaluation Total Steps:   13500 Average Reward  2.2301 over  5 episodes
23:41:14.341 [INFO] (on_policy_trainer.py:73) Total Epi:   474 Steps:   13502 Episode Steps:     5 Return:  18.6984 FPS:  0.08
23:41:30.877 [INFO] (on_policy_trainer.py:73) Total Epi:   475 Steps:   13531 Episode Steps:    29 Return: -55.8160 FPS:  1.75
23:41:47.656 [INFO] (on_policy_trainer.py:73) Total Epi:   476 Steps:   13561 Episode Steps:    30 Return: -65.8640 FPS:  1.79
23:41:59.125 [INFO] (on_policy_trainer.py:73) Total Epi:   477 Steps:   13580 Episode Steps:    19 Return: -99.4423 FPS:  1.66
23:42:15.681 [INFO] (on_policy_trainer.py:73) Total Epi:   478 Steps:   13609 Episode Steps:    29 Return: -65.0643 FPS:  1.75
23:42:32.406 [INFO] (on_policy_trainer.py:73) Total Epi:   479 Steps:   13639 Episode Steps:    30 Return: -61.5640 FPS:  1.79
23:42:49.350 [INFO] (on_policy_trainer.py:73) Total Epi:   480 Steps:   13669 Episode Steps:    30 Return: -75.6994 FPS:  1.77
23:43:06.315 [INFO] (on_policy_trainer.py:73) Total Epi:   481 Steps:   13699 Episode Steps:    30 Return: -66.8294 FPS:  1.77
23:43:22.266 [INFO] (on_policy_trainer.py:73) Total Epi:   482 Steps:   13727 Episode Steps:    28 Return: -123.4958 FPS:  1.76
23:43:38.779 [INFO] (on_policy_trainer.py:73) Total Epi:   483 Steps:   13756 Episode Steps:    29 Return: -60.7399 FPS:  1.76
23:43:55.274 [INFO] (on_policy_trainer.py:73) Total Epi:   484 Steps:   13785 Episode Steps:    29 Return: -57.8108 FPS:  1.76
23:44:08.885 [INFO] (on_policy_trainer.py:73) Total Epi:   485 Steps:   13808 Episode Steps:    23 Return: -105.5017 FPS:  1.69
23:44:25.451 [INFO] (on_policy_trainer.py:73) Total Epi:   486 Steps:   13837 Episode Steps:    29 Return: -68.1819 FPS:  1.75
23:44:42.451 [INFO] (on_policy_trainer.py:73) Total Epi:   487 Steps:   13867 Episode Steps:    30 Return: -52.9642 FPS:  1.77
23:44:58.902 [INFO] (on_policy_trainer.py:73) Total Epi:   488 Steps:   13896 Episode Steps:    29 Return: -63.6036 FPS:  1.76
23:45:15.837 [INFO] (on_policy_trainer.py:73) Total Epi:   489 Steps:   13926 Episode Steps:    30 Return: -65.7383 FPS:  1.77
23:45:29.367 [INFO] (on_policy_trainer.py:73) Total Epi:   490 Steps:   13949 Episode Steps:    23 Return: -99.3266 FPS:  1.70
23:45:45.811 [INFO] (on_policy_trainer.py:73) Total Epi:   491 Steps:   13978 Episode Steps:    29 Return: -64.4325 FPS:  1.76
23:46:56.249 [INFO] (on_policy_trainer.py:84) Evaluation Total Steps:   14000 Average Reward -0.0122 over  5 episodes
23:46:59.356 [INFO] (on_policy_trainer.py:73) Total Epi:   492 Steps:   14001 Episode Steps:    23 Return: -7.9644 FPS:  0.31
23:47:09.516 [INFO] (on_policy_trainer.py:73) Total Epi:   493 Steps:   14017 Episode Steps:    16 Return: -95.1309 FPS:  1.58
23:47:22.968 [INFO] (on_policy_trainer.py:73) Total Epi:   494 Steps:   14040 Episode Steps:    23 Return: -99.4970 FPS:  1.71
23:47:39.668 [INFO] (on_policy_trainer.py:73) Total Epi:   495 Steps:   14070 Episode Steps:    30 Return: -68.1724 FPS:  1.80
23:47:56.388 [INFO] (on_policy_trainer.py:73) Total Epi:   496 Steps:   14100 Episode Steps:    30 Return: -67.8235 FPS:  1.79
23:48:12.753 [INFO] (on_policy_trainer.py:73) Total Epi:   497 Steps:   14129 Episode Steps:    29 Return: -67.6886 FPS:  1.77
23:48:29.073 [INFO] (on_policy_trainer.py:73) Total Epi:   498 Steps:   14158 Episode Steps:    29 Return: -62.2700 FPS:  1.78
23:48:45.378 [INFO] (on_policy_trainer.py:73) Total Epi:   499 Steps:   14187 Episode Steps:    29 Return: -71.8663 FPS:  1.78
23:48:56.461 [INFO] (on_policy_trainer.py:73) Total Epi:   500 Steps:   14205 Episode Steps:    18 Return: -100.3374 FPS:  1.62
23:49:07.777 [INFO] (on_policy_trainer.py:73) Total Epi:   501 Steps:   14223 Episode Steps:    18 Return: -101.3334 FPS:  1.59
23:49:19.537 [INFO] (on_policy_trainer.py:73) Total Epi:   502 Steps:   14242 Episode Steps:    19 Return: -100.6748 FPS:  1.62
23:49:35.999 [INFO] (on_policy_trainer.py:73) Total Epi:   503 Steps:   14271 Episode Steps:    29 Return: -66.6460 FPS:  1.76
23:49:52.515 [INFO] (on_policy_trainer.py:73) Total Epi:   504 Steps:   14300 Episode Steps:    29 Return: -56.9262 FPS:  1.76
23:50:06.028 [INFO] (on_policy_trainer.py:73) Total Epi:   505 Steps:   14323 Episode Steps:    23 Return: -105.1634 FPS:  1.70
23:50:26.980 [INFO] (on_policy_trainer.py:73) Total Epi:   506 Steps:   14337 Episode Steps:    14 Return: -47.4684 FPS:  0.67
23:50:43.927 [INFO] (on_policy_trainer.py:73) Total Epi:   507 Steps:   14367 Episode Steps:    30 Return: -67.9234 FPS:  1.77
23:51:00.452 [INFO] (on_policy_trainer.py:73) Total Epi:   508 Steps:   14396 Episode Steps:    29 Return: -62.3626 FPS:  1.76
23:51:17.192 [INFO] (on_policy_trainer.py:73) Total Epi:   509 Steps:   14426 Episode Steps:    30 Return: -64.5913 FPS:  1.79
23:51:34.120 [INFO] (on_policy_trainer.py:73) Total Epi:   510 Steps:   14456 Episode Steps:    30 Return: -70.2493 FPS:  1.77
23:51:50.465 [INFO] (on_policy_trainer.py:73) Total Epi:   511 Steps:   14485 Episode Steps:    29 Return: -66.9715 FPS:  1.77
23:53:20.689 [INFO] (on_policy_trainer.py:84) Evaluation Total Steps:   14500 Average Reward -62.8719 over  5 episodes
23:53:23.667 [INFO] (on_policy_trainer.py:73) Total Epi:   512 Steps:   14501 Episode Steps:    16 Return: -49.4420 FPS:  0.17
23:53:40.490 [INFO] (on_policy_trainer.py:73) Total Epi:   513 Steps:   14531 Episode Steps:    30 Return: -60.7488 FPS:  1.78
23:53:56.929 [INFO] (on_policy_trainer.py:73) Total Epi:   514 Steps:   14560 Episode Steps:    29 Return: -60.3891 FPS:  1.76
23:54:13.740 [INFO] (on_policy_trainer.py:73) Total Epi:   515 Steps:   14590 Episode Steps:    30 Return: -62.8713 FPS:  1.78
23:54:30.265 [INFO] (on_policy_trainer.py:73) Total Epi:   516 Steps:   14619 Episode Steps:    29 Return: -118.7125 FPS:  1.76
23:54:46.733 [INFO] (on_policy_trainer.py:73) Total Epi:   517 Steps:   14648 Episode Steps:    29 Return: -67.8559 FPS:  1.76
23:55:03.490 [INFO] (on_policy_trainer.py:73) Total Epi:   518 Steps:   14678 Episode Steps:    30 Return: -62.6053 FPS:  1.79
23:55:20.175 [INFO] (on_policy_trainer.py:73) Total Epi:   519 Steps:   14707 Episode Steps:    29 Return: -62.1042 FPS:  1.74
23:55:36.921 [INFO] (on_policy_trainer.py:73) Total Epi:   520 Steps:   14737 Episode Steps:    30 Return: -65.9362 FPS:  1.79
23:55:53.582 [INFO] (on_policy_trainer.py:73) Total Epi:   521 Steps:   14767 Episode Steps:    30 Return: -61.8245 FPS:  1.80
23:56:10.569 [INFO] (on_policy_trainer.py:73) Total Epi:   522 Steps:   14797 Episode Steps:    30 Return: -59.3501 FPS:  1.77
23:56:27.443 [INFO] (on_policy_trainer.py:73) Total Epi:   523 Steps:   14827 Episode Steps:    30 Return: -65.8998 FPS:  1.78
23:56:38.569 [INFO] (on_policy_trainer.py:73) Total Epi:   524 Steps:   14845 Episode Steps:    18 Return: -103.1479 FPS:  1.62
23:56:55.063 [INFO] (on_policy_trainer.py:73) Total Epi:   525 Steps:   14874 Episode Steps:    29 Return: -67.3978 FPS:  1.76
23:57:11.843 [INFO] (on_policy_trainer.py:73) Total Epi:   526 Steps:   14904 Episode Steps:    30 Return: -62.3198 FPS:  1.79
23:57:28.134 [INFO] (on_policy_trainer.py:73) Total Epi:   527 Steps:   14933 Episode Steps:    29 Return: -61.6210 FPS:  1.78
23:57:45.130 [INFO] (on_policy_trainer.py:73) Total Epi:   528 Steps:   14963 Episode Steps:    30 Return: -62.0257 FPS:  1.77
23:58:02.032 [INFO] (on_policy_trainer.py:73) Total Epi:   529 Steps:   14993 Episode Steps:    30 Return: -58.2037 FPS:  1.78
23:59:28.765 [INFO] (on_policy_trainer.py:84) Evaluation Total Steps:   15000 Average Reward -62.8636 over  5 episodes
23:59:31.799 [INFO] (on_policy_trainer.py:73) Total Epi:   530 Steps:   15001 Episode Steps:     8 Return: -38.9349 FPS:  0.09
23:59:44.529 [INFO] (on_policy_trainer.py:73) Total Epi:   531 Steps:   15022 Episode Steps:    21 Return: -99.6316 FPS:  1.65
00:00:01.036 [INFO] (on_policy_trainer.py:73) Total Epi:   532 Steps:   15051 Episode Steps:    29 Return: -64.3350 FPS:  1.76
00:00:17.933 [INFO] (on_policy_trainer.py:73) Total Epi:   533 Steps:   15081 Episode Steps:    30 Return: -65.1706 FPS:  1.78
00:00:34.537 [INFO] (on_policy_trainer.py:73) Total Epi:   534 Steps:   15110 Episode Steps:    29 Return: -59.9640 FPS:  1.75
00:00:50.994 [INFO] (on_policy_trainer.py:73) Total Epi:   535 Steps:   15139 Episode Steps:    29 Return: -64.5893 FPS:  1.76
00:01:04.966 [INFO] (on_policy_trainer.py:73) Total Epi:   536 Steps:   15163 Episode Steps:    24 Return: -102.8647 FPS:  1.72
00:01:21.464 [INFO] (on_policy_trainer.py:73) Total Epi:   537 Steps:   15192 Episode Steps:    29 Return: -60.3251 FPS:  1.76
00:01:38.375 [INFO] (on_policy_trainer.py:73) Total Epi:   538 Steps:   15222 Episode Steps:    30 Return: -64.9114 FPS:  1.77
00:01:51.397 [INFO] (on_policy_trainer.py:73) Total Epi:   539 Steps:   15244 Episode Steps:    22 Return: -7.5209 FPS:  1.69
00:02:04.057 [INFO] (on_policy_trainer.py:73) Total Epi:   540 Steps:   15265 Episode Steps:    21 Return: -106.0783 FPS:  1.66
00:02:20.738 [INFO] (on_policy_trainer.py:73) Total Epi:   541 Steps:   15295 Episode Steps:    30 Return: -61.8876 FPS:  1.80
00:02:37.370 [INFO] (on_policy_trainer.py:73) Total Epi:   542 Steps:   15324 Episode Steps:    29 Return: -63.1500 FPS:  1.74
00:02:53.847 [INFO] (on_policy_trainer.py:73) Total Epi:   543 Steps:   15353 Episode Steps:    29 Return: -60.7699 FPS:  1.76
00:03:05.443 [INFO] (on_policy_trainer.py:73) Total Epi:   544 Steps:   15372 Episode Steps:    19 Return: -98.7264 FPS:  1.64
00:03:22.072 [INFO] (on_policy_trainer.py:73) Total Epi:   545 Steps:   15401 Episode Steps:    29 Return: -68.8859 FPS:  1.74
00:03:36.665 [INFO] (on_policy_trainer.py:73) Total Epi:   546 Steps:   15426 Episode Steps:    25 Return: -113.1807 FPS:  1.71
00:03:47.754 [INFO] (on_policy_trainer.py:73) Total Epi:   547 Steps:   15444 Episode Steps:    18 Return: -105.1384 FPS:  1.62
00:04:04.310 [INFO] (on_policy_trainer.py:73) Total Epi:   548 Steps:   15473 Episode Steps:    29 Return: -66.6372 FPS:  1.75
00:05:40.823 [INFO] (on_policy_trainer.py:84) Evaluation Total Steps:   15500 Average Reward -64.4977 over  5 episodes
00:05:43.777 [INFO] (on_policy_trainer.py:73) Total Epi:   549 Steps:   15501 Episode Steps:    28 Return: -60.6243 FPS:  0.28
00:06:00.289 [INFO] (on_policy_trainer.py:73) Total Epi:   550 Steps:   15531 Episode Steps:    30 Return: -61.6836 FPS:  1.82
00:06:16.866 [INFO] (on_policy_trainer.py:73) Total Epi:   551 Steps:   15561 Episode Steps:    30 Return: -63.1371 FPS:  1.81
00:06:33.406 [INFO] (on_policy_trainer.py:73) Total Epi:   552 Steps:   15591 Episode Steps:    30 Return: -58.1623 FPS:  1.81
00:06:50.130 [INFO] (on_policy_trainer.py:73) Total Epi:   553 Steps:   15621 Episode Steps:    30 Return: -64.8477 FPS:  1.79
00:07:04.426 [INFO] (on_policy_trainer.py:73) Total Epi:   554 Steps:   15646 Episode Steps:    25 Return: -109.1743 FPS:  1.75
00:07:20.761 [INFO] (on_policy_trainer.py:73) Total Epi:   555 Steps:   15675 Episode Steps:    29 Return: -62.1304 FPS:  1.78
00:07:37.083 [INFO] (on_policy_trainer.py:73) Total Epi:   556 Steps:   15704 Episode Steps:    29 Return: -60.5122 FPS:  1.78
00:07:51.794 [INFO] (on_policy_trainer.py:73) Total Epi:   557 Steps:   15730 Episode Steps:    26 Return: -113.2052 FPS:  1.77
00:08:08.312 [INFO] (on_policy_trainer.py:73) Total Epi:   558 Steps:   15760 Episode Steps:    30 Return: -60.9559 FPS:  1.82
00:08:23.016 [INFO] (on_policy_trainer.py:73) Total Epi:   559 Steps:   15786 Episode Steps:    26 Return: -112.6235 FPS:  1.77
00:08:39.752 [INFO] (on_policy_trainer.py:73) Total Epi:   560 Steps:   15816 Episode Steps:    30 Return: -62.9762 FPS:  1.79
00:08:50.462 [INFO] (on_policy_trainer.py:73) Total Epi:   561 Steps:   15833 Episode Steps:    17 Return: -98.2698 FPS:  1.59
00:09:06.974 [INFO] (on_policy_trainer.py:73) Total Epi:   562 Steps:   15863 Episode Steps:    30 Return: -62.2281 FPS:  1.82
00:09:23.305 [INFO] (on_policy_trainer.py:73) Total Epi:   563 Steps:   15892 Episode Steps:    29 Return: -62.9366 FPS:  1.78
00:09:40.092 [INFO] (on_policy_trainer.py:73) Total Epi:   564 Steps:   15922 Episode Steps:    30 Return: -63.8234 FPS:  1.79
00:09:56.421 [INFO] (on_policy_trainer.py:73) Total Epi:   565 Steps:   15951 Episode Steps:    29 Return: -60.1059 FPS:  1.78
00:10:12.967 [INFO] (on_policy_trainer.py:73) Total Epi:   566 Steps:   15981 Episode Steps:    30 Return: -58.0665 FPS:  1.81
00:11:45.510 [INFO] (on_policy_trainer.py:84) Evaluation Total Steps:   16000 Average Reward -64.5012 over  5 episodes
00:11:48.485 [INFO] (on_policy_trainer.py:73) Total Epi:   567 Steps:   16001 Episode Steps:    20 Return: -53.6087 FPS:  0.21
00:12:04.813 [INFO] (on_policy_trainer.py:73) Total Epi:   568 Steps:   16030 Episode Steps:    29 Return: -67.9692 FPS:  1.78
00:12:21.539 [INFO] (on_policy_trainer.py:73) Total Epi:   569 Steps:   16060 Episode Steps:    30 Return: -62.6131 FPS:  1.79
00:12:38.065 [INFO] (on_policy_trainer.py:73) Total Epi:   570 Steps:   16090 Episode Steps:    30 Return: -72.8205 FPS:  1.82
00:12:54.629 [INFO] (on_policy_trainer.py:73) Total Epi:   571 Steps:   16120 Episode Steps:    30 Return: -61.2834 FPS:  1.81
00:13:05.717 [INFO] (on_policy_trainer.py:73) Total Epi:   572 Steps:   16138 Episode Steps:    18 Return: -101.7081 FPS:  1.62
00:13:22.486 [INFO] (on_policy_trainer.py:73) Total Epi:   573 Steps:   16168 Episode Steps:    30 Return: -60.8223 FPS:  1.79
00:13:38.787 [INFO] (on_policy_trainer.py:73) Total Epi:   574 Steps:   16197 Episode Steps:    29 Return: -60.9947 FPS:  1.78
00:13:55.112 [INFO] (on_policy_trainer.py:73) Total Epi:   575 Steps:   16227 Episode Steps:    30 Return: -61.2678 FPS:  1.84
00:14:11.830 [INFO] (on_policy_trainer.py:73) Total Epi:   576 Steps:   16257 Episode Steps:    30 Return: -67.8431 FPS:  1.79
00:14:28.159 [INFO] (on_policy_trainer.py:73) Total Epi:   577 Steps:   16286 Episode Steps:    29 Return: -71.5463 FPS:  1.78
00:14:37.665 [INFO] (on_policy_trainer.py:73) Total Epi:   578 Steps:   16301 Episode Steps:    15 Return: -97.1187 FPS:  1.58
00:14:54.386 [INFO] (on_policy_trainer.py:73) Total Epi:   579 Steps:   16331 Episode Steps:    30 Return: -60.5494 FPS:  1.79
00:15:08.894 [INFO] (on_policy_trainer.py:73) Total Epi:   580 Steps:   16357 Episode Steps:    26 Return: -114.2327 FPS:  1.79
00:15:36.475 [INFO] (on_policy_trainer.py:73) Total Epi:   581 Steps:   16385 Episode Steps:    28 Return: -61.5631 FPS:  1.02
00:15:47.568 [INFO] (on_policy_trainer.py:73) Total Epi:   582 Steps:   16403 Episode Steps:    18 Return: -99.6573 FPS:  1.62
00:16:04.130 [INFO] (on_policy_trainer.py:73) Total Epi:   583 Steps:   16432 Episode Steps:    29 Return: -61.5491 FPS:  1.75
00:16:20.669 [INFO] (on_policy_trainer.py:73) Total Epi:   584 Steps:   16462 Episode Steps:    30 Return: -61.8341 FPS:  1.81
00:16:36.998 [INFO] (on_policy_trainer.py:73) Total Epi:   585 Steps:   16491 Episode Steps:    29 Return: -65.4247 FPS:  1.78
00:18:03.930 [INFO] (on_policy_trainer.py:84) Evaluation Total Steps:   16500 Average Reward -63.0572 over  5 episodes
00:18:06.949 [INFO] (on_policy_trainer.py:73) Total Epi:   586 Steps:   16501 Episode Steps:    10 Return: -42.0967 FPS:  0.11
00:18:23.467 [INFO] (on_policy_trainer.py:73) Total Epi:   587 Steps:   16531 Episode Steps:    30 Return: -63.5606 FPS:  1.82
00:18:39.988 [INFO] (on_policy_trainer.py:73) Total Epi:   588 Steps:   16561 Episode Steps:    30 Return: -65.4513 FPS:  1.82
00:18:56.302 [INFO] (on_policy_trainer.py:73) Total Epi:   589 Steps:   16590 Episode Steps:    29 Return: -63.4517 FPS:  1.78
00:19:12.816 [INFO] (on_policy_trainer.py:73) Total Epi:   590 Steps:   16620 Episode Steps:    30 Return: -69.1101 FPS:  1.82
00:19:29.370 [INFO] (on_policy_trainer.py:73) Total Epi:   591 Steps:   16650 Episode Steps:    30 Return: -65.0273 FPS:  1.81
00:19:39.881 [INFO] (on_policy_trainer.py:73) Total Epi:   592 Steps:   16667 Episode Steps:    17 Return:  3.0528 FPS:  1.62
00:19:56.452 [INFO] (on_policy_trainer.py:73) Total Epi:   593 Steps:   16697 Episode Steps:    30 Return: -63.2326 FPS:  1.81
00:20:12.761 [INFO] (on_policy_trainer.py:73) Total Epi:   594 Steps:   16726 Episode Steps:    29 Return: -58.7877 FPS:  1.78
00:20:29.332 [INFO] (on_policy_trainer.py:73) Total Epi:   595 Steps:   16756 Episode Steps:    30 Return: -62.3177 FPS:  1.81
00:20:45.680 [INFO] (on_policy_trainer.py:73) Total Epi:   596 Steps:   16785 Episode Steps:    29 Return: -62.5471 FPS:  1.77
00:21:01.999 [INFO] (on_policy_trainer.py:73) Total Epi:   597 Steps:   16815 Episode Steps:    30 Return: -62.4091 FPS:  1.84
00:21:18.522 [INFO] (on_policy_trainer.py:73) Total Epi:   598 Steps:   16845 Episode Steps:    30 Return: -60.0274 FPS:  1.82
00:21:35.259 [INFO] (on_policy_trainer.py:73) Total Epi:   599 Steps:   16875 Episode Steps:    30 Return: -64.0304 FPS:  1.79
00:21:51.596 [INFO] (on_policy_trainer.py:73) Total Epi:   600 Steps:   16904 Episode Steps:    29 Return: -61.7483 FPS:  1.78
00:22:08.180 [INFO] (on_policy_trainer.py:73) Total Epi:   601 Steps:   16934 Episode Steps:    30 Return: -60.4439 FPS:  1.81
00:22:24.725 [INFO] (on_policy_trainer.py:73) Total Epi:   602 Steps:   16964 Episode Steps:    30 Return: -64.8654 FPS:  1.81
00:22:41.262 [INFO] (on_policy_trainer.py:73) Total Epi:   603 Steps:   16994 Episode Steps:    30 Return: -59.1182 FPS:  1.81
00:24:07.230 [INFO] (on_policy_trainer.py:84) Evaluation Total Steps:   17000 Average Reward -63.4606 over  5 episodes
00:24:10.236 [INFO] (on_policy_trainer.py:73) Total Epi:   604 Steps:   17001 Episode Steps:     7 Return: -37.1179 FPS:  0.08
00:24:26.991 [INFO] (on_policy_trainer.py:73) Total Epi:   605 Steps:   17031 Episode Steps:    30 Return: -64.6623 FPS:  1.79
00:24:43.735 [INFO] (on_policy_trainer.py:73) Total Epi:   606 Steps:   17061 Episode Steps:    30 Return: -63.7121 FPS:  1.79
00:25:00.283 [INFO] (on_policy_trainer.py:73) Total Epi:   607 Steps:   17091 Episode Steps:    30 Return: -65.5121 FPS:  1.81
00:25:17.044 [INFO] (on_policy_trainer.py:73) Total Epi:   608 Steps:   17121 Episode Steps:    30 Return: -59.3884 FPS:  1.79
00:25:33.387 [INFO] (on_policy_trainer.py:73) Total Epi:   609 Steps:   17150 Episode Steps:    29 Return: -67.8469 FPS:  1.77
00:25:49.937 [INFO] (on_policy_trainer.py:73) Total Epi:   610 Steps:   17180 Episode Steps:    30 Return: -61.0525 FPS:  1.81
00:26:06.495 [INFO] (on_policy_trainer.py:73) Total Epi:   611 Steps:   17210 Episode Steps:    30 Return: -61.5694 FPS:  1.81
00:26:23.258 [INFO] (on_policy_trainer.py:73) Total Epi:   612 Steps:   17240 Episode Steps:    30 Return: -63.6392 FPS:  1.79
00:26:39.799 [INFO] (on_policy_trainer.py:73) Total Epi:   613 Steps:   17270 Episode Steps:    30 Return: -69.7788 FPS:  1.81
00:26:49.538 [INFO] (on_policy_trainer.py:73) Total Epi:   614 Steps:   17285 Episode Steps:    15 Return:  4.8955 FPS:  1.54
00:27:05.872 [INFO] (on_policy_trainer.py:73) Total Epi:   615 Steps:   17314 Episode Steps:    29 Return: -60.8582 FPS:  1.78
00:27:22.624 [INFO] (on_policy_trainer.py:73) Total Epi:   616 Steps:   17344 Episode Steps:    30 Return: -63.5873 FPS:  1.79
00:27:33.933 [INFO] (on_policy_trainer.py:73) Total Epi:   617 Steps:   17363 Episode Steps:    19 Return: -1.9219 FPS:  1.68
00:27:43.063 [INFO] (on_policy_trainer.py:73) Total Epi:   618 Steps:   17377 Episode Steps:    14 Return:  6.1416 FPS:  1.53
00:27:59.603 [INFO] (on_policy_trainer.py:73) Total Epi:   619 Steps:   17406 Episode Steps:    29 Return: -63.9397 FPS:  1.75
00:28:15.948 [INFO] (on_policy_trainer.py:73) Total Epi:   620 Steps:   17435 Episode Steps:    29 Return: -62.1774 FPS:  1.77
00:28:32.480 [INFO] (on_policy_trainer.py:73) Total Epi:   621 Steps:   17465 Episode Steps:    30 Return: -61.7889 FPS:  1.81
00:28:43.223 [INFO] (on_policy_trainer.py:73) Total Epi:   622 Steps:   17482 Episode Steps:    17 Return:  2.6352 FPS:  1.58
00:30:15.456 [INFO] (on_policy_trainer.py:84) Evaluation Total Steps:   17500 Average Reward -63.4864 over  5 episodes
00:30:18.457 [INFO] (on_policy_trainer.py:73) Total Epi:   623 Steps:   17501 Episode Steps:    19 Return: -49.2258 FPS:  0.20
00:30:34.995 [INFO] (on_policy_trainer.py:73) Total Epi:   624 Steps:   17531 Episode Steps:    30 Return: -64.4047 FPS:  1.81
00:30:51.720 [INFO] (on_policy_trainer.py:73) Total Epi:   625 Steps:   17561 Episode Steps:    30 Return: -65.3105 FPS:  1.79
00:31:08.341 [INFO] (on_policy_trainer.py:73) Total Epi:   626 Steps:   17591 Episode Steps:    30 Return: -63.5410 FPS:  1.81
00:31:24.893 [INFO] (on_policy_trainer.py:73) Total Epi:   627 Steps:   17621 Episode Steps:    30 Return: -61.1724 FPS:  1.81
00:31:41.230 [INFO] (on_policy_trainer.py:73) Total Epi:   628 Steps:   17650 Episode Steps:    29 Return: -59.9865 FPS:  1.78
00:31:57.569 [INFO] (on_policy_trainer.py:73) Total Epi:   629 Steps:   17679 Episode Steps:    29 Return: -60.5817 FPS:  1.78
00:32:13.918 [INFO] (on_policy_trainer.py:73) Total Epi:   630 Steps:   17708 Episode Steps:    29 Return: -62.0717 FPS:  1.77
00:32:30.477 [INFO] (on_policy_trainer.py:73) Total Epi:   631 Steps:   17737 Episode Steps:    29 Return: -66.8590 FPS:  1.75
00:32:47.010 [INFO] (on_policy_trainer.py:73) Total Epi:   632 Steps:   17767 Episode Steps:    30 Return: -62.3874 FPS:  1.81
00:33:03.580 [INFO] (on_policy_trainer.py:73) Total Epi:   633 Steps:   17797 Episode Steps:    30 Return: -64.5728 FPS:  1.81
00:33:19.926 [INFO] (on_policy_trainer.py:73) Total Epi:   634 Steps:   17826 Episode Steps:    29 Return: -67.0038 FPS:  1.77
00:33:36.448 [INFO] (on_policy_trainer.py:73) Total Epi:   635 Steps:   17856 Episode Steps:    30 Return: -65.9427 FPS:  1.82
00:33:53.036 [INFO] (on_policy_trainer.py:73) Total Epi:   636 Steps:   17886 Episode Steps:    30 Return: -65.9365 FPS:  1.81
00:34:09.383 [INFO] (on_policy_trainer.py:73) Total Epi:   637 Steps:   17915 Episode Steps:    29 Return: -61.9346 FPS:  1.77
