18:04:47.998 [INFO] (trainer.py:76) Restored None
18:05:06.613 [INFO] (trainer.py:120) Total Epi:     1 Steps:      21 Episode Steps:    21 Return: -65.0072 FPS:  1.13
18:05:17.639 [INFO] (trainer.py:120) Total Epi:     2 Steps:      39 Episode Steps:    18 Return: -118.2089 FPS:  1.63
18:05:33.907 [INFO] (trainer.py:120) Total Epi:     3 Steps:      68 Episode Steps:    29 Return: -86.4688 FPS:  1.78
18:05:50.344 [INFO] (trainer.py:120) Total Epi:     4 Steps:      97 Episode Steps:    29 Return: -63.5274 FPS:  1.76
18:06:06.599 [INFO] (trainer.py:120) Total Epi:     5 Steps:     125 Episode Steps:    28 Return: -77.3405 FPS:  1.72
18:06:22.833 [INFO] (trainer.py:120) Total Epi:     6 Steps:     154 Episode Steps:    29 Return: -85.6269 FPS:  1.79
18:06:39.285 [INFO] (trainer.py:120) Total Epi:     7 Steps:     183 Episode Steps:    29 Return: -88.0862 FPS:  1.76
18:06:55.734 [INFO] (trainer.py:120) Total Epi:     8 Steps:     212 Episode Steps:    29 Return: -118.2210 FPS:  1.76
18:07:12.179 [INFO] (trainer.py:120) Total Epi:     9 Steps:     241 Episode Steps:    29 Return: -66.0629 FPS:  1.76
18:07:28.834 [INFO] (trainer.py:120) Total Epi:    10 Steps:     271 Episode Steps:    30 Return: -91.5553 FPS:  1.80
18:07:45.291 [INFO] (trainer.py:120) Total Epi:    11 Steps:     300 Episode Steps:    29 Return: -82.8430 FPS:  1.76
18:08:01.753 [INFO] (trainer.py:120) Total Epi:    12 Steps:     329 Episode Steps:    29 Return: -80.5500 FPS:  1.76
18:08:18.218 [INFO] (trainer.py:120) Total Epi:    13 Steps:     358 Episode Steps:    29 Return: -69.8008 FPS:  1.76
18:08:34.472 [INFO] (trainer.py:120) Total Epi:    14 Steps:     387 Episode Steps:    29 Return: -76.1281 FPS:  1.78
18:08:50.915 [INFO] (trainer.py:120) Total Epi:    15 Steps:     416 Episode Steps:    29 Return: -65.0876 FPS:  1.76
18:09:07.152 [INFO] (trainer.py:120) Total Epi:    16 Steps:     445 Episode Steps:    29 Return: -57.5805 FPS:  1.79
18:09:23.397 [INFO] (trainer.py:120) Total Epi:    17 Steps:     474 Episode Steps:    29 Return: -68.0547 FPS:  1.79
18:10:58.609 [INFO] (trainer.py:148) Evaluation Total Steps:     500 Average Reward -71.8824 over  5 episodes
18:11:01.658 [INFO] (trainer.py:120) Total Epi:    18 Steps:     501 Episode Steps:    27 Return: -74.0552 FPS:  0.27
18:11:17.900 [INFO] (trainer.py:120) Total Epi:    19 Steps:     530 Episode Steps:    29 Return: -69.8185 FPS:  1.79
18:11:34.142 [INFO] (trainer.py:120) Total Epi:    20 Steps:     559 Episode Steps:    29 Return: -68.0710 FPS:  1.79
18:11:50.389 [INFO] (trainer.py:120) Total Epi:    21 Steps:     588 Episode Steps:    29 Return: -71.7445 FPS:  1.79
18:12:06.841 [INFO] (trainer.py:120) Total Epi:    22 Steps:     617 Episode Steps:    29 Return: -80.6531 FPS:  1.76
18:12:17.476 [INFO] (trainer.py:120) Total Epi:    23 Steps:     634 Episode Steps:    17 Return:  2.3461 FPS:  1.60
18:12:33.712 [INFO] (trainer.py:120) Total Epi:    24 Steps:     663 Episode Steps:    29 Return: -73.2063 FPS:  1.79
18:12:49.974 [INFO] (trainer.py:120) Total Epi:    25 Steps:     692 Episode Steps:    29 Return: -66.0814 FPS:  1.78
18:13:06.418 [INFO] (trainer.py:120) Total Epi:    26 Steps:     721 Episode Steps:    29 Return: -69.3109 FPS:  1.76
18:13:22.666 [INFO] (trainer.py:120) Total Epi:    27 Steps:     750 Episode Steps:    29 Return: -73.8339 FPS:  1.78
18:13:38.905 [INFO] (trainer.py:120) Total Epi:    28 Steps:     779 Episode Steps:    29 Return: -74.1303 FPS:  1.79
18:13:55.352 [INFO] (trainer.py:120) Total Epi:    29 Steps:     808 Episode Steps:    29 Return: -66.5290 FPS:  1.76
18:14:11.598 [INFO] (trainer.py:120) Total Epi:    30 Steps:     837 Episode Steps:    29 Return: -69.4524 FPS:  1.79
18:14:27.859 [INFO] (trainer.py:120) Total Epi:    31 Steps:     866 Episode Steps:    29 Return: -75.0313 FPS:  1.78
18:14:44.113 [INFO] (trainer.py:120) Total Epi:    32 Steps:     895 Episode Steps:    29 Return: -66.4257 FPS:  1.78
18:15:00.553 [INFO] (trainer.py:120) Total Epi:    33 Steps:     924 Episode Steps:    29 Return: -74.8356 FPS:  1.76
18:15:17.008 [INFO] (trainer.py:120) Total Epi:    34 Steps:     953 Episode Steps:    29 Return: -64.2770 FPS:  1.76
18:15:33.660 [INFO] (trainer.py:120) Total Epi:    35 Steps:     983 Episode Steps:    30 Return: -74.4682 FPS:  1.80
18:17:04.503 [INFO] (trainer.py:148) Evaluation Total Steps:    1000 Average Reward -75.0214 over  5 episodes
18:17:07.428 [INFO] (trainer.py:120) Total Epi:    36 Steps:    1001 Episode Steps:    18 Return: -55.5645 FPS:  0.19
18:17:23.683 [INFO] (trainer.py:120) Total Epi:    37 Steps:    1030 Episode Steps:    29 Return: -57.9886 FPS:  1.78
18:17:39.926 [INFO] (trainer.py:120) Total Epi:    38 Steps:    1059 Episode Steps:    29 Return: -73.1700 FPS:  1.79
18:17:56.181 [INFO] (trainer.py:120) Total Epi:    39 Steps:    1088 Episode Steps:    29 Return: -72.3345 FPS:  1.78
18:18:12.643 [INFO] (trainer.py:120) Total Epi:    40 Steps:    1117 Episode Steps:    29 Return: -74.0359 FPS:  1.76
18:18:28.906 [INFO] (trainer.py:120) Total Epi:    41 Steps:    1146 Episode Steps:    29 Return: -68.1150 FPS:  1.78
18:18:45.353 [INFO] (trainer.py:120) Total Epi:    42 Steps:    1175 Episode Steps:    29 Return: -69.2955 FPS:  1.76
18:19:01.993 [INFO] (trainer.py:120) Total Epi:    43 Steps:    1204 Episode Steps:    29 Return: -69.6422 FPS:  1.74
18:19:18.244 [INFO] (trainer.py:120) Total Epi:    44 Steps:    1233 Episode Steps:    29 Return: -78.4897 FPS:  1.78
18:19:34.501 [INFO] (trainer.py:120) Total Epi:    45 Steps:    1262 Episode Steps:    29 Return: -78.0615 FPS:  1.78
18:19:50.752 [INFO] (trainer.py:120) Total Epi:    46 Steps:    1291 Episode Steps:    29 Return: -72.8320 FPS:  1.78
18:20:07.205 [INFO] (trainer.py:120) Total Epi:    47 Steps:    1320 Episode Steps:    29 Return: -70.1101 FPS:  1.76
18:20:23.461 [INFO] (trainer.py:120) Total Epi:    48 Steps:    1349 Episode Steps:    29 Return: -70.5963 FPS:  1.78
18:20:39.730 [INFO] (trainer.py:120) Total Epi:    49 Steps:    1378 Episode Steps:    29 Return: -70.6890 FPS:  1.78
18:20:56.190 [INFO] (trainer.py:120) Total Epi:    50 Steps:    1407 Episode Steps:    29 Return: -68.6508 FPS:  1.76
18:21:12.431 [INFO] (trainer.py:120) Total Epi:    51 Steps:    1436 Episode Steps:    29 Return: -62.7396 FPS:  1.79
18:21:28.680 [INFO] (trainer.py:120) Total Epi:    52 Steps:    1465 Episode Steps:    29 Return: -71.6838 FPS:  1.78
18:21:44.941 [INFO] (trainer.py:120) Total Epi:    53 Steps:    1494 Episode Steps:    29 Return: -67.7415 FPS:  1.78
18:23:11.132 [INFO] (trainer.py:148) Evaluation Total Steps:    1500 Average Reward -76.5717 over  5 episodes
18:23:14.054 [INFO] (trainer.py:120) Total Epi:    54 Steps:    1501 Episode Steps:     7 Return: -38.3171 FPS:  0.08
18:23:30.342 [INFO] (trainer.py:120) Total Epi:    55 Steps:    1530 Episode Steps:    29 Return: -69.2254 FPS:  1.78
18:23:46.604 [INFO] (trainer.py:120) Total Epi:    56 Steps:    1559 Episode Steps:    29 Return: -66.4151 FPS:  1.78
18:24:02.859 [INFO] (trainer.py:120) Total Epi:    57 Steps:    1588 Episode Steps:    29 Return: -61.9262 FPS:  1.78
18:24:19.316 [INFO] (trainer.py:120) Total Epi:    58 Steps:    1617 Episode Steps:    29 Return: -60.1206 FPS:  1.76
18:24:35.562 [INFO] (trainer.py:120) Total Epi:    59 Steps:    1646 Episode Steps:    29 Return: -68.6625 FPS:  1.79
18:24:52.012 [INFO] (trainer.py:120) Total Epi:    60 Steps:    1675 Episode Steps:    29 Return: -66.1584 FPS:  1.76
18:25:08.462 [INFO] (trainer.py:120) Total Epi:    61 Steps:    1704 Episode Steps:    29 Return: -64.1390 FPS:  1.76
18:25:23.921 [INFO] (trainer.py:120) Total Epi:    62 Steps:    1731 Episode Steps:    27 Return: -4.9365 FPS:  1.75
18:25:40.367 [INFO] (trainer.py:120) Total Epi:    63 Steps:    1760 Episode Steps:    29 Return: -59.4903 FPS:  1.76
18:25:56.620 [INFO] (trainer.py:120) Total Epi:    64 Steps:    1789 Episode Steps:    29 Return: -69.8223 FPS:  1.78
18:26:13.074 [INFO] (trainer.py:120) Total Epi:    65 Steps:    1818 Episode Steps:    29 Return: -69.7594 FPS:  1.76
18:26:29.526 [INFO] (trainer.py:120) Total Epi:    66 Steps:    1847 Episode Steps:    29 Return: -54.8639 FPS:  1.76
18:26:45.794 [INFO] (trainer.py:120) Total Epi:    67 Steps:    1876 Episode Steps:    29 Return: -63.7319 FPS:  1.78
18:26:59.640 [INFO] (trainer.py:120) Total Epi:    68 Steps:    1900 Episode Steps:    24 Return: -110.6779 FPS:  1.73
18:27:12.880 [INFO] (trainer.py:120) Total Epi:    69 Steps:    1922 Episode Steps:    22 Return:  0.0499 FPS:  1.66
18:27:29.152 [INFO] (trainer.py:120) Total Epi:    70 Steps:    1951 Episode Steps:    29 Return: -61.0950 FPS:  1.78
18:27:45.611 [INFO] (trainer.py:120) Total Epi:    71 Steps:    1980 Episode Steps:    29 Return: -63.6214 FPS:  1.76
18:28:57.638 [INFO] (trainer.py:148) Evaluation Total Steps:    2000 Average Reward -2.9459 over  5 episodes
18:29:01.069 [INFO] (trainer.py:120) Total Epi:    72 Steps:    2002 Episode Steps:    22 Return: -10.3054 FPS:  0.29
18:29:17.527 [INFO] (trainer.py:120) Total Epi:    73 Steps:    2031 Episode Steps:    29 Return: -72.1391 FPS:  1.76
18:29:33.784 [INFO] (trainer.py:120) Total Epi:    74 Steps:    2060 Episode Steps:    29 Return: -67.5176 FPS:  1.78
18:29:50.040 [INFO] (trainer.py:120) Total Epi:    75 Steps:    2089 Episode Steps:    29 Return: -63.5495 FPS:  1.78
18:30:06.502 [INFO] (trainer.py:120) Total Epi:    76 Steps:    2118 Episode Steps:    29 Return: -58.1438 FPS:  1.76
18:30:22.363 [INFO] (trainer.py:120) Total Epi:    77 Steps:    2146 Episode Steps:    28 Return: -15.3730 FPS:  1.77
18:30:38.620 [INFO] (trainer.py:120) Total Epi:    78 Steps:    2175 Episode Steps:    29 Return: -73.4721 FPS:  1.78
18:30:51.473 [INFO] (trainer.py:120) Total Epi:    79 Steps:    2197 Episode Steps:    22 Return: -3.6917 FPS:  1.71
18:31:07.930 [INFO] (trainer.py:120) Total Epi:    80 Steps:    2226 Episode Steps:    29 Return: -72.4785 FPS:  1.76
18:31:24.192 [INFO] (trainer.py:120) Total Epi:    81 Steps:    2255 Episode Steps:    29 Return: -67.9322 FPS:  1.78
18:31:40.456 [INFO] (trainer.py:120) Total Epi:    82 Steps:    2284 Episode Steps:    29 Return: -66.7602 FPS:  1.78
18:31:56.902 [INFO] (trainer.py:120) Total Epi:    83 Steps:    2313 Episode Steps:    29 Return: -61.1498 FPS:  1.76
18:32:13.361 [INFO] (trainer.py:120) Total Epi:    84 Steps:    2342 Episode Steps:    29 Return: -74.4399 FPS:  1.76
18:32:29.615 [INFO] (trainer.py:120) Total Epi:    85 Steps:    2371 Episode Steps:    29 Return: -70.2266 FPS:  1.78
18:32:46.065 [INFO] (trainer.py:120) Total Epi:    86 Steps:    2400 Episode Steps:    29 Return: -58.1794 FPS:  1.76
18:33:01.161 [INFO] (trainer.py:120) Total Epi:    87 Steps:    2426 Episode Steps:    26 Return: -4.9804 FPS:  1.72
18:33:14.199 [INFO] (trainer.py:120) Total Epi:    88 Steps:    2448 Episode Steps:    22 Return: -1.0578 FPS:  1.69
18:33:30.452 [INFO] (trainer.py:120) Total Epi:    89 Steps:    2477 Episode Steps:    29 Return: -61.1963 FPS:  1.78
18:35:04.511 [INFO] (trainer.py:148) Evaluation Total Steps:    2500 Average Reward -65.3608 over  5 episodes
18:35:07.408 [INFO] (trainer.py:120) Total Epi:    90 Steps:    2501 Episode Steps:    24 Return: -66.2119 FPS:  0.25
18:35:23.667 [INFO] (trainer.py:120) Total Epi:    91 Steps:    2530 Episode Steps:    29 Return: -67.7863 FPS:  1.78
18:35:39.725 [INFO] (trainer.py:120) Total Epi:    92 Steps:    2559 Episode Steps:    29 Return: -68.8431 FPS:  1.81
18:35:56.201 [INFO] (trainer.py:120) Total Epi:    93 Steps:    2588 Episode Steps:    29 Return: -64.9381 FPS:  1.76
18:36:12.666 [INFO] (trainer.py:120) Total Epi:    94 Steps:    2617 Episode Steps:    29 Return: -66.8394 FPS:  1.76
18:36:28.931 [INFO] (trainer.py:120) Total Epi:    95 Steps:    2646 Episode Steps:    29 Return: -71.7014 FPS:  1.78
18:36:45.181 [INFO] (trainer.py:120) Total Epi:    96 Steps:    2675 Episode Steps:    29 Return: -69.6785 FPS:  1.78
18:36:59.440 [INFO] (trainer.py:120) Total Epi:    97 Steps:    2700 Episode Steps:    25 Return: -9.1271 FPS:  1.75
18:37:16.093 [INFO] (trainer.py:120) Total Epi:    98 Steps:    2729 Episode Steps:    29 Return: -68.4650 FPS:  1.74
18:37:32.358 [INFO] (trainer.py:120) Total Epi:    99 Steps:    2758 Episode Steps:    29 Return: -58.4912 FPS:  1.78
18:37:48.625 [INFO] (trainer.py:120) Total Epi:   100 Steps:    2787 Episode Steps:    29 Return: -72.0682 FPS:  1.78
18:38:05.065 [INFO] (trainer.py:120) Total Epi:   101 Steps:    2816 Episode Steps:    29 Return: -67.3350 FPS:  1.76
18:38:21.530 [INFO] (trainer.py:120) Total Epi:   102 Steps:    2845 Episode Steps:    29 Return: -70.3209 FPS:  1.76
18:38:37.784 [INFO] (trainer.py:120) Total Epi:   103 Steps:    2874 Episode Steps:    29 Return: -73.5283 FPS:  1.78
18:38:54.247 [INFO] (trainer.py:120) Total Epi:   104 Steps:    2903 Episode Steps:    29 Return: -66.1825 FPS:  1.76
18:39:10.697 [INFO] (trainer.py:120) Total Epi:   105 Steps:    2932 Episode Steps:    29 Return: -75.6054 FPS:  1.76
18:39:26.949 [INFO] (trainer.py:120) Total Epi:   106 Steps:    2961 Episode Steps:    29 Return: -71.8744 FPS:  1.78
18:39:43.203 [INFO] (trainer.py:120) Total Epi:   107 Steps:    2990 Episode Steps:    29 Return: -68.3887 FPS:  1.78
18:41:11.301 [INFO] (trainer.py:148) Evaluation Total Steps:    3000 Average Reward -68.5293 over  5 episodes
18:41:14.189 [INFO] (trainer.py:120) Total Epi:   108 Steps:    3001 Episode Steps:    11 Return: -44.2484 FPS:  0.12
18:41:30.656 [INFO] (trainer.py:120) Total Epi:   109 Steps:    3030 Episode Steps:    29 Return: -69.7929 FPS:  1.76
18:41:44.106 [INFO] (trainer.py:120) Total Epi:   110 Steps:    3053 Episode Steps:    23 Return: -6.1642 FPS:  1.71
18:42:00.369 [INFO] (trainer.py:120) Total Epi:   111 Steps:    3082 Episode Steps:    29 Return: -70.9196 FPS:  1.78
18:42:17.032 [INFO] (trainer.py:120) Total Epi:   112 Steps:    3111 Episode Steps:    29 Return: -63.4205 FPS:  1.74
18:42:33.483 [INFO] (trainer.py:120) Total Epi:   113 Steps:    3140 Episode Steps:    29 Return: -72.6168 FPS:  1.76
18:42:47.333 [INFO] (trainer.py:120) Total Epi:   114 Steps:    3164 Episode Steps:    24 Return: -4.0426 FPS:  1.73
18:43:03.589 [INFO] (trainer.py:120) Total Epi:   115 Steps:    3193 Episode Steps:    29 Return: -63.2532 FPS:  1.78
18:43:17.237 [INFO] (trainer.py:120) Total Epi:   116 Steps:    3216 Episode Steps:    23 Return: -8.2986 FPS:  1.69
18:43:33.502 [INFO] (trainer.py:120) Total Epi:   117 Steps:    3245 Episode Steps:    29 Return: -73.6967 FPS:  1.78
18:43:49.761 [INFO] (trainer.py:120) Total Epi:   118 Steps:    3274 Episode Steps:    29 Return: -79.0592 FPS:  1.78
18:44:06.231 [INFO] (trainer.py:120) Total Epi:   119 Steps:    3303 Episode Steps:    29 Return: -69.4744 FPS:  1.76
18:44:22.704 [INFO] (trainer.py:120) Total Epi:   120 Steps:    3332 Episode Steps:    29 Return: -62.2301 FPS:  1.76
18:44:37.955 [INFO] (trainer.py:120) Total Epi:   121 Steps:    3359 Episode Steps:    27 Return: -8.4351 FPS:  1.77
18:44:54.246 [INFO] (trainer.py:120) Total Epi:   122 Steps:    3388 Episode Steps:    29 Return: -60.2834 FPS:  1.78
18:45:10.491 [INFO] (trainer.py:120) Total Epi:   123 Steps:    3416 Episode Steps:    28 Return: -59.9991 FPS:  1.72
18:45:26.745 [INFO] (trainer.py:120) Total Epi:   124 Steps:    3445 Episode Steps:    29 Return: -55.8616 FPS:  1.78
18:45:43.001 [INFO] (trainer.py:120) Total Epi:   125 Steps:    3474 Episode Steps:    29 Return: -71.4964 FPS:  1.78
18:47:18.680 [INFO] (trainer.py:148) Evaluation Total Steps:    3500 Average Reward -59.4683 over  5 episodes
18:47:21.771 [INFO] (trainer.py:120) Total Epi:   126 Steps:    3501 Episode Steps:    27 Return: -67.2703 FPS:  0.27
18:47:35.231 [INFO] (trainer.py:120) Total Epi:   127 Steps:    3524 Episode Steps:    23 Return: -1.4797 FPS:  1.71
18:47:51.497 [INFO] (trainer.py:120) Total Epi:   128 Steps:    3553 Episode Steps:    29 Return: -56.4053 FPS:  1.78
18:48:07.761 [INFO] (trainer.py:120) Total Epi:   129 Steps:    3582 Episode Steps:    29 Return: -75.1600 FPS:  1.78
18:48:20.433 [INFO] (trainer.py:120) Total Epi:   130 Steps:    3603 Episode Steps:    21 Return: -0.1897 FPS:  1.66
18:48:36.901 [INFO] (trainer.py:120) Total Epi:   131 Steps:    3632 Episode Steps:    29 Return: -11.3168 FPS:  1.76
18:48:48.974 [INFO] (trainer.py:120) Total Epi:   132 Steps:    3652 Episode Steps:    20 Return: -1.0003 FPS:  1.66
18:49:03.442 [INFO] (trainer.py:120) Total Epi:   133 Steps:    3677 Episode Steps:    25 Return: -3.0391 FPS:  1.73
18:49:18.885 [INFO] (trainer.py:120) Total Epi:   134 Steps:    3704 Episode Steps:    27 Return: -2.3657 FPS:  1.75
18:49:30.541 [INFO] (trainer.py:120) Total Epi:   135 Steps:    3723 Episode Steps:    19 Return:  1.7613 FPS:  1.63
18:49:42.614 [INFO] (trainer.py:120) Total Epi:   136 Steps:    3743 Episode Steps:    20 Return:  2.0536 FPS:  1.66
18:49:57.464 [INFO] (trainer.py:120) Total Epi:   137 Steps:    3769 Episode Steps:    26 Return: -8.5614 FPS:  1.75
18:50:13.318 [INFO] (trainer.py:120) Total Epi:   138 Steps:    3797 Episode Steps:    28 Return: -7.7255 FPS:  1.77
18:50:29.777 [INFO] (trainer.py:120) Total Epi:   139 Steps:    3826 Episode Steps:    29 Return: -53.5709 FPS:  1.76
18:50:46.036 [INFO] (trainer.py:120) Total Epi:   140 Steps:    3855 Episode Steps:    29 Return: -66.6379 FPS:  1.78
18:51:01.894 [INFO] (trainer.py:120) Total Epi:   141 Steps:    3883 Episode Steps:    28 Return: -9.2914 FPS:  1.77
18:51:18.551 [INFO] (trainer.py:120) Total Epi:   142 Steps:    3912 Episode Steps:    29 Return: -65.4037 FPS:  1.74
18:51:34.812 [INFO] (trainer.py:120) Total Epi:   143 Steps:    3941 Episode Steps:    29 Return: -57.4998 FPS:  1.78
18:51:48.301 [INFO] (trainer.py:120) Total Epi:   144 Steps:    3964 Episode Steps:    23 Return: -7.0464 FPS:  1.71
18:52:04.559 [INFO] (trainer.py:120) Total Epi:   145 Steps:    3993 Episode Steps:    29 Return: -67.4008 FPS:  1.78
18:52:59.192 [INFO] (trainer.py:148) Evaluation Total Steps:    4000 Average Reward  2.6160 over  5 episodes
18:53:05.069 [INFO] (trainer.py:120) Total Epi:   146 Steps:    4007 Episode Steps:    14 Return:  9.1666 FPS:  0.23
18:53:15.321 [INFO] (trainer.py:120) Total Epi:   147 Steps:    4023 Episode Steps:    16 Return:  4.1957 FPS:  1.56
18:53:25.361 [INFO] (trainer.py:120) Total Epi:   148 Steps:    4039 Episode Steps:    16 Return:  5.4410 FPS:  1.59
18:53:36.015 [INFO] (trainer.py:120) Total Epi:   149 Steps:    4056 Episode Steps:    17 Return:  2.6053 FPS:  1.60
18:53:46.068 [INFO] (trainer.py:120) Total Epi:   150 Steps:    4072 Episode Steps:    16 Return:  4.2926 FPS:  1.59
18:53:57.317 [INFO] (trainer.py:120) Total Epi:   151 Steps:    4090 Episode Steps:    18 Return:  2.1388 FPS:  1.60
18:54:07.569 [INFO] (trainer.py:120) Total Epi:   152 Steps:    4106 Episode Steps:    16 Return:  3.1919 FPS:  1.56
18:54:16.818 [INFO] (trainer.py:120) Total Epi:   153 Steps:    4120 Episode Steps:    14 Return:  6.7895 FPS:  1.51
18:54:33.281 [INFO] (trainer.py:120) Total Epi:   154 Steps:    4149 Episode Steps:    29 Return: -9.0886 FPS:  1.76
18:54:42.954 [INFO] (trainer.py:120) Total Epi:   155 Steps:    4164 Episode Steps:    15 Return:  6.1497 FPS:  1.55
18:54:55.010 [INFO] (trainer.py:120) Total Epi:   156 Steps:    4184 Episode Steps:    20 Return: -1.4135 FPS:  1.66
18:55:03.657 [INFO] (trainer.py:120) Total Epi:   157 Steps:    4197 Episode Steps:    13 Return:  7.8908 FPS:  1.50
18:55:14.504 [INFO] (trainer.py:120) Total Epi:   158 Steps:    4214 Episode Steps:    17 Return:  3.6103 FPS:  1.57
18:55:24.160 [INFO] (trainer.py:120) Total Epi:   159 Steps:    4229 Episode Steps:    15 Return:  5.5351 FPS:  1.55
18:55:34.409 [INFO] (trainer.py:120) Total Epi:   160 Steps:    4245 Episode Steps:    16 Return:  3.8758 FPS:  1.56
18:55:45.066 [INFO] (trainer.py:120) Total Epi:   161 Steps:    4262 Episode Steps:    17 Return:  3.3186 FPS:  1.60
18:55:54.707 [INFO] (trainer.py:120) Total Epi:   162 Steps:    4277 Episode Steps:    15 Return:  7.1554 FPS:  1.56
18:56:05.170 [INFO] (trainer.py:120) Total Epi:   163 Steps:    4294 Episode Steps:    17 Return:  2.4530 FPS:  1.62
18:56:14.000 [INFO] (trainer.py:120) Total Epi:   164 Steps:    4307 Episode Steps:    13 Return:  7.6115 FPS:  1.47
18:56:25.040 [INFO] (trainer.py:120) Total Epi:   165 Steps:    4325 Episode Steps:    18 Return:  4.7863 FPS:  1.63
18:56:35.488 [INFO] (trainer.py:120) Total Epi:   166 Steps:    4342 Episode Steps:    17 Return:  3.5030 FPS:  1.63
18:56:51.775 [INFO] (trainer.py:120) Total Epi:   167 Steps:    4371 Episode Steps:    29 Return: -49.8313 FPS:  1.78
18:57:02.838 [INFO] (trainer.py:120) Total Epi:   168 Steps:    4389 Episode Steps:    18 Return:  3.1774 FPS:  1.63
18:57:12.688 [INFO] (trainer.py:120) Total Epi:   169 Steps:    4404 Episode Steps:    15 Return:  5.1189 FPS:  1.52
18:57:21.332 [INFO] (trainer.py:120) Total Epi:   170 Steps:    4417 Episode Steps:    13 Return:  7.7982 FPS:  1.50
18:57:30.590 [INFO] (trainer.py:120) Total Epi:   171 Steps:    4431 Episode Steps:    14 Return:  7.7777 FPS:  1.51
18:57:41.659 [INFO] (trainer.py:120) Total Epi:   172 Steps:    4449 Episode Steps:    18 Return:  3.4663 FPS:  1.63
18:57:52.707 [INFO] (trainer.py:120) Total Epi:   173 Steps:    4467 Episode Steps:    18 Return:  1.6592 FPS:  1.63
18:58:01.794 [INFO] (trainer.py:120) Total Epi:   174 Steps:    4481 Episode Steps:    14 Return:  7.4734 FPS:  1.54
18:58:10.429 [INFO] (trainer.py:120) Total Epi:   175 Steps:    4494 Episode Steps:    13 Return:  7.6048 FPS:  1.51
18:58:57.428 [INFO] (trainer.py:148) Evaluation Total Steps:    4500 Average Reward  7.0679 over  5 episodes
18:59:00.299 [INFO] (trainer.py:120) Total Epi:   176 Steps:    4501 Episode Steps:     7 Return:  14.1157 FPS:  0.14
18:59:10.943 [INFO] (trainer.py:120) Total Epi:   177 Steps:    4518 Episode Steps:    17 Return:  4.4017 FPS:  1.60
18:59:20.592 [INFO] (trainer.py:120) Total Epi:   178 Steps:    4533 Episode Steps:    15 Return:  5.3492 FPS:  1.55
18:59:29.853 [INFO] (trainer.py:120) Total Epi:   179 Steps:    4547 Episode Steps:    14 Return:  7.1237 FPS:  1.51
18:59:38.497 [INFO] (trainer.py:120) Total Epi:   180 Steps:    4560 Episode Steps:    13 Return:  7.2351 FPS:  1.50
18:59:47.961 [INFO] (trainer.py:120) Total Epi:   181 Steps:    4575 Episode Steps:    15 Return:  5.9489 FPS:  1.59
18:59:57.197 [INFO] (trainer.py:120) Total Epi:   182 Steps:    4589 Episode Steps:    14 Return:  7.0594 FPS:  1.52
19:00:06.457 [INFO] (trainer.py:120) Total Epi:   183 Steps:    4603 Episode Steps:    14 Return:  6.4871 FPS:  1.51
19:00:15.338 [INFO] (trainer.py:120) Total Epi:   184 Steps:    4616 Episode Steps:    13 Return:  7.1957 FPS:  1.46
19:00:31.622 [INFO] (trainer.py:120) Total Epi:   185 Steps:    4645 Episode Steps:    29 Return: -53.5068 FPS:  1.78
19:00:40.239 [INFO] (trainer.py:120) Total Epi:   186 Steps:    4658 Episode Steps:    13 Return:  8.2164 FPS:  1.51
19:00:49.282 [INFO] (trainer.py:120) Total Epi:   187 Steps:    4672 Episode Steps:    14 Return:  6.4175 FPS:  1.55
19:00:58.952 [INFO] (trainer.py:120) Total Epi:   188 Steps:    4687 Episode Steps:    15 Return:  7.4447 FPS:  1.55
19:01:08.381 [INFO] (trainer.py:120) Total Epi:   189 Steps:    4701 Episode Steps:    14 Return:  6.0818 FPS:  1.48
19:01:17.844 [INFO] (trainer.py:120) Total Epi:   190 Steps:    4716 Episode Steps:    15 Return:  6.4771 FPS:  1.59
19:01:27.083 [INFO] (trainer.py:120) Total Epi:   191 Steps:    4730 Episode Steps:    14 Return:  6.8236 FPS:  1.52
19:01:35.741 [INFO] (trainer.py:120) Total Epi:   192 Steps:    4743 Episode Steps:    13 Return:  5.9846 FPS:  1.50
19:01:44.815 [INFO] (trainer.py:120) Total Epi:   193 Steps:    4757 Episode Steps:    14 Return:  6.8396 FPS:  1.54
19:01:53.457 [INFO] (trainer.py:120) Total Epi:   194 Steps:    4770 Episode Steps:    13 Return:  7.6442 FPS:  1.50
19:02:02.518 [INFO] (trainer.py:120) Total Epi:   195 Steps:    4784 Episode Steps:    14 Return:  5.8458 FPS:  1.55
19:02:13.783 [INFO] (trainer.py:120) Total Epi:   196 Steps:    4802 Episode Steps:    18 Return:  0.2368 FPS:  1.60
19:02:24.446 [INFO] (trainer.py:120) Total Epi:   197 Steps:    4819 Episode Steps:    17 Return:  3.1429 FPS:  1.59
19:02:33.497 [INFO] (trainer.py:120) Total Epi:   198 Steps:    4833 Episode Steps:    14 Return:  8.0541 FPS:  1.55
19:02:42.175 [INFO] (trainer.py:120) Total Epi:   199 Steps:    4846 Episode Steps:    13 Return:  7.8947 FPS:  1.50
19:02:50.411 [INFO] (trainer.py:120) Total Epi:   200 Steps:    4858 Episode Steps:    12 Return:  9.4660 FPS:  1.46
19:02:59.658 [INFO] (trainer.py:120) Total Epi:   201 Steps:    4872 Episode Steps:    14 Return:  7.0845 FPS:  1.51
19:03:08.310 [INFO] (trainer.py:120) Total Epi:   202 Steps:    4885 Episode Steps:    13 Return:  9.5555 FPS:  1.50
19:03:17.363 [INFO] (trainer.py:120) Total Epi:   203 Steps:    4899 Episode Steps:    14 Return:  7.7027 FPS:  1.55
19:03:26.223 [INFO] (trainer.py:120) Total Epi:   204 Steps:    4912 Episode Steps:    13 Return:  7.9936 FPS:  1.47
19:03:35.474 [INFO] (trainer.py:120) Total Epi:   205 Steps:    4926 Episode Steps:    14 Return:  6.7367 FPS:  1.51
19:03:44.140 [INFO] (trainer.py:120) Total Epi:   206 Steps:    4939 Episode Steps:    13 Return:  8.5400 FPS:  1.50
19:03:53.390 [INFO] (trainer.py:120) Total Epi:   207 Steps:    4953 Episode Steps:    14 Return:  8.8715 FPS:  1.51
19:04:02.450 [INFO] (trainer.py:120) Total Epi:   208 Steps:    4967 Episode Steps:    14 Return:  4.8096 FPS:  1.55
19:04:10.713 [INFO] (trainer.py:120) Total Epi:   209 Steps:    4979 Episode Steps:    12 Return:  9.4729 FPS:  1.45
19:04:19.342 [INFO] (trainer.py:120) Total Epi:   210 Steps:    4992 Episode Steps:    13 Return:  7.9350 FPS:  1.51
19:05:05.422 [INFO] (trainer.py:148) Evaluation Total Steps:    5000 Average Reward  8.2879 over  5 episodes
19:05:15.794 [INFO] (trainer.py:120) Total Epi:   211 Steps:    5016 Episode Steps:    24 Return: -47.3795 FPS:  0.43
19:05:24.044 [INFO] (trainer.py:120) Total Epi:   212 Steps:    5028 Episode Steps:    12 Return:  9.9981 FPS:  1.45
19:05:33.302 [INFO] (trainer.py:120) Total Epi:   213 Steps:    5042 Episode Steps:    14 Return:  7.2874 FPS:  1.51
19:05:42.154 [INFO] (trainer.py:120) Total Epi:   214 Steps:    5055 Episode Steps:    13 Return:  8.7000 FPS:  1.47
19:05:50.818 [INFO] (trainer.py:120) Total Epi:   215 Steps:    5068 Episode Steps:    13 Return:  8.0684 FPS:  1.50
19:05:59.667 [INFO] (trainer.py:120) Total Epi:   216 Steps:    5081 Episode Steps:    13 Return:  8.9452 FPS:  1.47
19:06:07.915 [INFO] (trainer.py:120) Total Epi:   217 Steps:    5093 Episode Steps:    12 Return:  9.5531 FPS:  1.45
19:06:16.782 [INFO] (trainer.py:120) Total Epi:   218 Steps:    5106 Episode Steps:    13 Return:  6.9569 FPS:  1.47
19:06:25.425 [INFO] (trainer.py:120) Total Epi:   219 Steps:    5119 Episode Steps:    13 Return:  9.8058 FPS:  1.50
19:06:34.501 [INFO] (trainer.py:120) Total Epi:   220 Steps:    5133 Episode Steps:    14 Return:  6.1487 FPS:  1.54
19:06:43.147 [INFO] (trainer.py:120) Total Epi:   221 Steps:    5146 Episode Steps:    13 Return:  7.9396 FPS:  1.50
19:06:51.386 [INFO] (trainer.py:120) Total Epi:   222 Steps:    5158 Episode Steps:    12 Return:  10.3254 FPS:  1.46
19:06:59.639 [INFO] (trainer.py:120) Total Epi:   223 Steps:    5170 Episode Steps:    12 Return:  10.3611 FPS:  1.45
19:07:08.303 [INFO] (trainer.py:120) Total Epi:   224 Steps:    5183 Episode Steps:    13 Return:  9.1003 FPS:  1.50
19:07:16.552 [INFO] (trainer.py:120) Total Epi:   225 Steps:    5195 Episode Steps:    12 Return:  10.1698 FPS:  1.45
19:07:25.412 [INFO] (trainer.py:120) Total Epi:   226 Steps:    5208 Episode Steps:    13 Return:  9.2738 FPS:  1.47
19:07:33.672 [INFO] (trainer.py:120) Total Epi:   227 Steps:    5220 Episode Steps:    12 Return:  8.9911 FPS:  1.45
19:07:42.922 [INFO] (trainer.py:120) Total Epi:   228 Steps:    5234 Episode Steps:    14 Return:  6.6194 FPS:  1.51
19:07:51.187 [INFO] (trainer.py:120) Total Epi:   229 Steps:    5246 Episode Steps:    12 Return:  9.6293 FPS:  1.45
19:08:07.673 [INFO] (trainer.py:120) Total Epi:   230 Steps:    5275 Episode Steps:    29 Return: -51.9100 FPS:  1.76
19:08:16.539 [INFO] (trainer.py:120) Total Epi:   231 Steps:    5288 Episode Steps:    13 Return:  7.0223 FPS:  1.47
19:08:25.585 [INFO] (trainer.py:120) Total Epi:   232 Steps:    5301 Episode Steps:    13 Return:  8.9930 FPS:  1.44
19:08:34.461 [INFO] (trainer.py:120) Total Epi:   233 Steps:    5314 Episode Steps:    13 Return:  7.7538 FPS:  1.46
19:08:43.108 [INFO] (trainer.py:120) Total Epi:   234 Steps:    5327 Episode Steps:    13 Return:  7.6544 FPS:  1.50
19:08:52.170 [INFO] (trainer.py:120) Total Epi:   235 Steps:    5341 Episode Steps:    14 Return:  5.6805 FPS:  1.55
19:09:00.834 [INFO] (trainer.py:120) Total Epi:   236 Steps:    5354 Episode Steps:    13 Return:  6.6216 FPS:  1.50
19:09:09.490 [INFO] (trainer.py:120) Total Epi:   237 Steps:    5367 Episode Steps:    13 Return:  8.4686 FPS:  1.50
19:09:17.797 [INFO] (trainer.py:120) Total Epi:   238 Steps:    5379 Episode Steps:    12 Return:  9.7427 FPS:  1.44
19:09:26.462 [INFO] (trainer.py:120) Total Epi:   239 Steps:    5392 Episode Steps:    13 Return:  7.8022 FPS:  1.50
19:09:34.918 [INFO] (trainer.py:120) Total Epi:   240 Steps:    5404 Episode Steps:    12 Return:  9.6097 FPS:  1.42
19:09:43.791 [INFO] (trainer.py:120) Total Epi:   241 Steps:    5417 Episode Steps:    13 Return:  8.7143 FPS:  1.47
19:09:52.033 [INFO] (trainer.py:120) Total Epi:   242 Steps:    5429 Episode Steps:    12 Return:  9.4973 FPS:  1.46
19:10:00.285 [INFO] (trainer.py:120) Total Epi:   243 Steps:    5441 Episode Steps:    12 Return:  10.1968 FPS:  1.45
19:10:08.936 [INFO] (trainer.py:120) Total Epi:   244 Steps:    5454 Episode Steps:    13 Return:  9.1164 FPS:  1.50
19:10:17.605 [INFO] (trainer.py:120) Total Epi:   245 Steps:    5467 Episode Steps:    13 Return:  7.7974 FPS:  1.50
19:10:25.868 [INFO] (trainer.py:120) Total Epi:   246 Steps:    5479 Episode Steps:    12 Return:  9.9225 FPS:  1.45
19:10:34.546 [INFO] (trainer.py:120) Total Epi:   247 Steps:    5492 Episode Steps:    13 Return:  7.8336 FPS:  1.50
19:11:20.807 [INFO] (trainer.py:148) Evaluation Total Steps:    5500 Average Reward  8.5148 over  5 episodes
19:11:23.715 [INFO] (trainer.py:120) Total Epi:   248 Steps:    5501 Episode Steps:     9 Return:  11.7076 FPS:  0.18
19:11:32.564 [INFO] (trainer.py:120) Total Epi:   249 Steps:    5514 Episode Steps:    13 Return:  8.4441 FPS:  1.47
19:11:42.265 [INFO] (trainer.py:120) Total Epi:   250 Steps:    5529 Episode Steps:    15 Return:  5.0170 FPS:  1.55
19:11:50.928 [INFO] (trainer.py:120) Total Epi:   251 Steps:    5542 Episode Steps:    13 Return:  8.5814 FPS:  1.50
19:11:59.186 [INFO] (trainer.py:120) Total Epi:   252 Steps:    5554 Episode Steps:    12 Return:  8.6849 FPS:  1.45
19:12:07.457 [INFO] (trainer.py:120) Total Epi:   253 Steps:    5566 Episode Steps:    12 Return:  9.6188 FPS:  1.45
19:12:16.117 [INFO] (trainer.py:120) Total Epi:   254 Steps:    5579 Episode Steps:    13 Return:  8.1972 FPS:  1.50
19:12:23.781 [INFO] (trainer.py:120) Total Epi:   255 Steps:    5590 Episode Steps:    11 Return:  10.4831 FPS:  1.44
19:12:32.251 [INFO] (trainer.py:120) Total Epi:   256 Steps:    5602 Episode Steps:    12 Return:  10.4923 FPS:  1.42
14:09:12.817 [INFO] (trainer.py:76) Restored model_SAC_staticslow/ckpt-57
14:09:24.481 [INFO] (trainer.py:120) Total Epi:     1 Steps:       6 Episode Steps:     6 Return:  19.7051 FPS:  0.51
14:09:29.862 [INFO] (trainer.py:120) Total Epi:     2 Steps:      12 Episode Steps:     6 Return:  19.9763 FPS:  1.12
14:09:35.246 [INFO] (trainer.py:120) Total Epi:     3 Steps:      18 Episode Steps:     6 Return:  19.7993 FPS:  1.11
14:09:40.435 [INFO] (trainer.py:120) Total Epi:     4 Steps:      24 Episode Steps:     6 Return:  19.2930 FPS:  1.16
14:09:45.609 [INFO] (trainer.py:120) Total Epi:     5 Steps:      30 Episode Steps:     6 Return:  19.5083 FPS:  1.16
14:09:51.008 [INFO] (trainer.py:120) Total Epi:     6 Steps:      36 Episode Steps:     6 Return:  19.7719 FPS:  1.11
14:09:56.191 [INFO] (trainer.py:120) Total Epi:     7 Steps:      42 Episode Steps:     6 Return:  19.4484 FPS:  1.16
14:10:01.573 [INFO] (trainer.py:120) Total Epi:     8 Steps:      48 Episode Steps:     6 Return:  19.6000 FPS:  1.12
14:10:06.758 [INFO] (trainer.py:120) Total Epi:     9 Steps:      54 Episode Steps:     6 Return:  19.2164 FPS:  1.16
14:10:12.541 [INFO] (trainer.py:120) Total Epi:    10 Steps:      61 Episode Steps:     7 Return:  18.9445 FPS:  1.21
14:10:18.334 [INFO] (trainer.py:120) Total Epi:    11 Steps:      68 Episode Steps:     7 Return:  17.7100 FPS:  1.21
14:10:23.732 [INFO] (trainer.py:120) Total Epi:    12 Steps:      74 Episode Steps:     6 Return:  19.3061 FPS:  1.11
14:10:29.118 [INFO] (trainer.py:120) Total Epi:    13 Steps:      80 Episode Steps:     6 Return:  19.1121 FPS:  1.11
14:10:34.926 [INFO] (trainer.py:120) Total Epi:    14 Steps:      87 Episode Steps:     7 Return:  18.7464 FPS:  1.21
14:10:40.320 [INFO] (trainer.py:120) Total Epi:    15 Steps:      93 Episode Steps:     6 Return:  19.3087 FPS:  1.11
14:10:45.517 [INFO] (trainer.py:120) Total Epi:    16 Steps:      99 Episode Steps:     6 Return:  19.5540 FPS:  1.15
14:10:50.916 [INFO] (trainer.py:120) Total Epi:    17 Steps:     105 Episode Steps:     6 Return:  19.2440 FPS:  1.11
14:10:56.113 [INFO] (trainer.py:120) Total Epi:    18 Steps:     111 Episode Steps:     6 Return:  19.2579 FPS:  1.15
14:11:01.496 [INFO] (trainer.py:120) Total Epi:    19 Steps:     117 Episode Steps:     6 Return:  18.9387 FPS:  1.11
14:11:06.694 [INFO] (trainer.py:120) Total Epi:    20 Steps:     123 Episode Steps:     6 Return:  18.8352 FPS:  1.15
14:11:11.877 [INFO] (trainer.py:120) Total Epi:    21 Steps:     129 Episode Steps:     6 Return:  18.7469 FPS:  1.16
14:11:17.278 [INFO] (trainer.py:120) Total Epi:    22 Steps:     135 Episode Steps:     6 Return:  19.3544 FPS:  1.11
14:11:23.077 [INFO] (trainer.py:120) Total Epi:    23 Steps:     142 Episode Steps:     7 Return:  18.2257 FPS:  1.21
14:11:28.468 [INFO] (trainer.py:120) Total Epi:    24 Steps:     148 Episode Steps:     6 Return:  19.4965 FPS:  1.11
14:11:33.664 [INFO] (trainer.py:120) Total Epi:    25 Steps:     154 Episode Steps:     6 Return:  19.8791 FPS:  1.15
14:11:38.859 [INFO] (trainer.py:120) Total Epi:    26 Steps:     160 Episode Steps:     6 Return:  19.3799 FPS:  1.16
14:11:44.250 [INFO] (trainer.py:120) Total Epi:    27 Steps:     166 Episode Steps:     6 Return:  19.6586 FPS:  1.11
14:11:49.676 [INFO] (trainer.py:120) Total Epi:    28 Steps:     172 Episode Steps:     6 Return:  20.0377 FPS:  1.11
14:11:55.077 [INFO] (trainer.py:120) Total Epi:    29 Steps:     178 Episode Steps:     6 Return:  19.8396 FPS:  1.11
14:12:02.907 [INFO] (trainer.py:120) Total Epi:    30 Steps:     189 Episode Steps:    11 Return:  11.6785 FPS:  1.40
14:12:10.490 [INFO] (trainer.py:120) Total Epi:    31 Steps:     200 Episode Steps:    11 Return:  11.1488 FPS:  1.45
14:12:15.884 [INFO] (trainer.py:120) Total Epi:    32 Steps:     206 Episode Steps:     6 Return:  19.5564 FPS:  1.11
14:12:21.087 [INFO] (trainer.py:120) Total Epi:    33 Steps:     212 Episode Steps:     6 Return:  19.7479 FPS:  1.15
14:12:26.273 [INFO] (trainer.py:120) Total Epi:    34 Steps:     218 Episode Steps:     6 Return:  19.7023 FPS:  1.16
14:12:31.461 [INFO] (trainer.py:120) Total Epi:    35 Steps:     224 Episode Steps:     6 Return:  19.7386 FPS:  1.16
14:12:36.865 [INFO] (trainer.py:120) Total Epi:    36 Steps:     230 Episode Steps:     6 Return:  20.0874 FPS:  1.11
14:12:42.655 [INFO] (trainer.py:120) Total Epi:    37 Steps:     237 Episode Steps:     7 Return:  18.8466 FPS:  1.21
14:12:48.047 [INFO] (trainer.py:120) Total Epi:    38 Steps:     243 Episode Steps:     6 Return:  19.6472 FPS:  1.11
14:12:53.248 [INFO] (trainer.py:120) Total Epi:    39 Steps:     249 Episode Steps:     6 Return:  19.7717 FPS:  1.15
14:12:58.446 [INFO] (trainer.py:120) Total Epi:    40 Steps:     255 Episode Steps:     6 Return:  19.2003 FPS:  1.15
14:13:03.650 [INFO] (trainer.py:120) Total Epi:    41 Steps:     261 Episode Steps:     6 Return:  19.8429 FPS:  1.15
14:13:09.058 [INFO] (trainer.py:120) Total Epi:    42 Steps:     267 Episode Steps:     6 Return:  20.0658 FPS:  1.11
14:13:14.253 [INFO] (trainer.py:120) Total Epi:    43 Steps:     273 Episode Steps:     6 Return:  19.5297 FPS:  1.16
14:13:20.057 [INFO] (trainer.py:120) Total Epi:    44 Steps:     280 Episode Steps:     7 Return:  18.5677 FPS:  1.21
14:13:36.475 [INFO] (trainer.py:120) Total Epi:    45 Steps:     309 Episode Steps:    29 Return: -44.2608 FPS:  1.77
14:13:41.677 [INFO] (trainer.py:120) Total Epi:    46 Steps:     315 Episode Steps:     6 Return:  19.4980 FPS:  1.15
14:13:47.080 [INFO] (trainer.py:120) Total Epi:    47 Steps:     321 Episode Steps:     6 Return:  19.7511 FPS:  1.11
14:13:52.274 [INFO] (trainer.py:120) Total Epi:    48 Steps:     327 Episode Steps:     6 Return:  19.6829 FPS:  1.16
14:13:58.071 [INFO] (trainer.py:120) Total Epi:    49 Steps:     334 Episode Steps:     7 Return:  19.1856 FPS:  1.21
14:14:03.484 [INFO] (trainer.py:120) Total Epi:    50 Steps:     340 Episode Steps:     6 Return:  19.6710 FPS:  1.11
14:14:08.685 [INFO] (trainer.py:120) Total Epi:    51 Steps:     346 Episode Steps:     6 Return:  19.8915 FPS:  1.15
14:14:19.705 [INFO] (trainer.py:120) Total Epi:    52 Steps:     364 Episode Steps:    18 Return: -87.8060 FPS:  1.63
14:14:24.890 [INFO] (trainer.py:120) Total Epi:    53 Steps:     370 Episode Steps:     6 Return:  19.9948 FPS:  1.16
14:14:30.308 [INFO] (trainer.py:120) Total Epi:    54 Steps:     376 Episode Steps:     6 Return:  20.2566 FPS:  1.11
14:14:35.706 [INFO] (trainer.py:120) Total Epi:    55 Steps:     382 Episode Steps:     6 Return:  19.9990 FPS:  1.11
14:14:41.507 [INFO] (trainer.py:120) Total Epi:    56 Steps:     389 Episode Steps:     7 Return:  19.1286 FPS:  1.21
14:14:46.714 [INFO] (trainer.py:120) Total Epi:    57 Steps:     395 Episode Steps:     6 Return:  20.1025 FPS:  1.15
14:14:52.320 [INFO] (trainer.py:120) Total Epi:    58 Steps:     401 Episode Steps:     6 Return:  19.6464 FPS:  1.07
14:15:04.729 [INFO] (trainer.py:120) Total Epi:    59 Steps:     422 Episode Steps:    21 Return: -89.8108 FPS:  1.69
14:15:10.123 [INFO] (trainer.py:120) Total Epi:    60 Steps:     428 Episode Steps:     6 Return:  19.8221 FPS:  1.11
14:15:15.335 [INFO] (trainer.py:120) Total Epi:    61 Steps:     434 Episode Steps:     6 Return:  19.3751 FPS:  1.15
14:15:20.527 [INFO] (trainer.py:120) Total Epi:    62 Steps:     440 Episode Steps:     6 Return:  19.1810 FPS:  1.16
14:15:25.929 [INFO] (trainer.py:120) Total Epi:    63 Steps:     446 Episode Steps:     6 Return:  19.8503 FPS:  1.11
14:15:31.336 [INFO] (trainer.py:120) Total Epi:    64 Steps:     452 Episode Steps:     6 Return:  19.1065 FPS:  1.11
14:15:36.538 [INFO] (trainer.py:120) Total Epi:    65 Steps:     458 Episode Steps:     6 Return:  19.6830 FPS:  1.15
14:15:41.932 [INFO] (trainer.py:120) Total Epi:    66 Steps:     464 Episode Steps:     6 Return:  20.0299 FPS:  1.11
14:15:47.131 [INFO] (trainer.py:120) Total Epi:    67 Steps:     470 Episode Steps:     6 Return:  19.4452 FPS:  1.15
14:15:52.334 [INFO] (trainer.py:120) Total Epi:    68 Steps:     476 Episode Steps:     6 Return:  19.9071 FPS:  1.15
14:15:57.794 [INFO] (trainer.py:120) Total Epi:    69 Steps:     482 Episode Steps:     6 Return:  19.6581 FPS:  1.10
14:16:05.580 [INFO] (trainer.py:120) Total Epi:    70 Steps:     493 Episode Steps:    11 Return:  11.3778 FPS:  1.41
14:16:10.979 [INFO] (trainer.py:120) Total Epi:    71 Steps:     499 Episode Steps:     6 Return:  20.0682 FPS:  1.11
14:16:39.925 [INFO] (trainer.py:148) Evaluation Total Steps:     500 Average Reward  18.3711 over  5 episodes
14:16:49.240 [INFO] (trainer.py:120) Total Epi:    72 Steps:     514 Episode Steps:    15 Return: -85.8540 FPS:  0.39
14:16:54.443 [INFO] (trainer.py:120) Total Epi:    73 Steps:     520 Episode Steps:     6 Return:  19.6673 FPS:  1.15
14:16:59.648 [INFO] (trainer.py:120) Total Epi:    74 Steps:     526 Episode Steps:     6 Return:  19.2920 FPS:  1.15
14:17:05.047 [INFO] (trainer.py:120) Total Epi:    75 Steps:     532 Episode Steps:     6 Return:  19.7834 FPS:  1.11
14:17:10.259 [INFO] (trainer.py:120) Total Epi:    76 Steps:     538 Episode Steps:     6 Return:  19.8764 FPS:  1.15
14:17:15.657 [INFO] (trainer.py:120) Total Epi:    77 Steps:     544 Episode Steps:     6 Return:  19.7278 FPS:  1.11
14:17:20.872 [INFO] (trainer.py:120) Total Epi:    78 Steps:     550 Episode Steps:     6 Return:  19.6669 FPS:  1.15
14:17:28.685 [INFO] (trainer.py:120) Total Epi:    79 Steps:     561 Episode Steps:    11 Return:  11.3657 FPS:  1.41
14:17:36.526 [INFO] (trainer.py:120) Total Epi:    80 Steps:     572 Episode Steps:    11 Return:  11.5240 FPS:  1.40
14:17:44.319 [INFO] (trainer.py:120) Total Epi:    81 Steps:     583 Episode Steps:    11 Return:  10.7699 FPS:  1.41
14:17:49.523 [INFO] (trainer.py:120) Total Epi:    82 Steps:     589 Episode Steps:     6 Return:  19.4995 FPS:  1.15
14:17:54.946 [INFO] (trainer.py:120) Total Epi:    83 Steps:     595 Episode Steps:     6 Return:  19.5802 FPS:  1.11
14:18:02.757 [INFO] (trainer.py:120) Total Epi:    84 Steps:     606 Episode Steps:    11 Return:  11.2449 FPS:  1.41
14:18:10.572 [INFO] (trainer.py:120) Total Epi:    85 Steps:     617 Episode Steps:    11 Return:  10.4958 FPS:  1.41
14:18:18.185 [INFO] (trainer.py:120) Total Epi:    86 Steps:     628 Episode Steps:    11 Return:  11.4966 FPS:  1.45
14:18:23.376 [INFO] (trainer.py:120) Total Epi:    87 Steps:     634 Episode Steps:     6 Return:  19.8659 FPS:  1.16
14:18:28.585 [INFO] (trainer.py:120) Total Epi:    88 Steps:     640 Episode Steps:     6 Return:  19.4053 FPS:  1.15
14:18:33.787 [INFO] (trainer.py:120) Total Epi:    89 Steps:     646 Episode Steps:     6 Return:  19.4659 FPS:  1.15
14:18:50.015 [INFO] (trainer.py:120) Total Epi:    90 Steps:     675 Episode Steps:    29 Return: -45.5619 FPS:  1.79
14:18:55.218 [INFO] (trainer.py:120) Total Epi:    91 Steps:     681 Episode Steps:     6 Return:  19.0217 FPS:  1.15
14:19:00.625 [INFO] (trainer.py:120) Total Epi:    92 Steps:     687 Episode Steps:     6 Return:  19.4792 FPS:  1.11
14:19:06.060 [INFO] (trainer.py:120) Total Epi:    93 Steps:     693 Episode Steps:     6 Return:  19.7219 FPS:  1.10
14:19:14.272 [INFO] (trainer.py:120) Total Epi:    94 Steps:     705 Episode Steps:    12 Return:  9.7391 FPS:  1.46
14:19:19.695 [INFO] (trainer.py:120) Total Epi:    95 Steps:     711 Episode Steps:     6 Return:  19.1554 FPS:  1.11
14:19:27.508 [INFO] (trainer.py:120) Total Epi:    96 Steps:     722 Episode Steps:    11 Return:  10.6901 FPS:  1.41
14:19:32.930 [INFO] (trainer.py:120) Total Epi:    97 Steps:     728 Episode Steps:     6 Return:  19.6941 FPS:  1.11
14:19:40.945 [INFO] (trainer.py:120) Total Epi:    98 Steps:     740 Episode Steps:    12 Return:  10.0149 FPS:  1.50
14:19:46.167 [INFO] (trainer.py:120) Total Epi:    99 Steps:     746 Episode Steps:     6 Return:  19.7533 FPS:  1.15
14:19:53.777 [INFO] (trainer.py:120) Total Epi:   100 Steps:     757 Episode Steps:    11 Return:  11.1165 FPS:  1.45
14:19:59.204 [INFO] (trainer.py:120) Total Epi:   101 Steps:     763 Episode Steps:     6 Return:  19.5853 FPS:  1.11
14:20:07.020 [INFO] (trainer.py:120) Total Epi:   102 Steps:     774 Episode Steps:    11 Return:  11.5881 FPS:  1.41
14:20:14.833 [INFO] (trainer.py:120) Total Epi:   103 Steps:     785 Episode Steps:    11 Return:  11.8425 FPS:  1.41
14:20:20.241 [INFO] (trainer.py:120) Total Epi:   104 Steps:     791 Episode Steps:     6 Return:  19.6396 FPS:  1.11
14:20:28.058 [INFO] (trainer.py:120) Total Epi:   105 Steps:     802 Episode Steps:    11 Return:  11.4470 FPS:  1.41
14:20:33.486 [INFO] (trainer.py:120) Total Epi:   106 Steps:     808 Episode Steps:     6 Return:  19.7207 FPS:  1.11
14:20:41.094 [INFO] (trainer.py:120) Total Epi:   107 Steps:     819 Episode Steps:    11 Return:  11.2252 FPS:  1.45
14:20:46.500 [INFO] (trainer.py:120) Total Epi:   108 Steps:     825 Episode Steps:     6 Return:  19.9279 FPS:  1.11
14:20:51.717 [INFO] (trainer.py:120) Total Epi:   109 Steps:     831 Episode Steps:     6 Return:  19.6610 FPS:  1.15
14:20:59.325 [INFO] (trainer.py:120) Total Epi:   110 Steps:     842 Episode Steps:    11 Return:  11.5546 FPS:  1.45
14:21:04.533 [INFO] (trainer.py:120) Total Epi:   111 Steps:     848 Episode Steps:     6 Return:  20.0559 FPS:  1.15
14:21:12.756 [INFO] (trainer.py:120) Total Epi:   112 Steps:     860 Episode Steps:    12 Return:  9.8643 FPS:  1.46
14:21:17.964 [INFO] (trainer.py:120) Total Epi:   113 Steps:     866 Episode Steps:     6 Return:  19.7836 FPS:  1.15
14:21:25.783 [INFO] (trainer.py:120) Total Epi:   114 Steps:     877 Episode Steps:    11 Return:  11.8133 FPS:  1.41
14:21:34.011 [INFO] (trainer.py:120) Total Epi:   115 Steps:     889 Episode Steps:    12 Return:  9.4506 FPS:  1.46
14:21:41.614 [INFO] (trainer.py:120) Total Epi:   116 Steps:     900 Episode Steps:    11 Return:  11.5242 FPS:  1.45
14:21:47.048 [INFO] (trainer.py:120) Total Epi:   117 Steps:     906 Episode Steps:     6 Return:  19.8008 FPS:  1.10
14:21:54.874 [INFO] (trainer.py:120) Total Epi:   118 Steps:     917 Episode Steps:    11 Return:  11.1265 FPS:  1.41
14:22:02.687 [INFO] (trainer.py:120) Total Epi:   119 Steps:     928 Episode Steps:    11 Return:  10.8969 FPS:  1.41
14:22:10.903 [INFO] (trainer.py:120) Total Epi:   120 Steps:     940 Episode Steps:    12 Return:  9.7676 FPS:  1.46
14:22:19.123 [INFO] (trainer.py:120) Total Epi:   121 Steps:     952 Episode Steps:    12 Return:  8.6329 FPS:  1.46
14:22:27.352 [INFO] (trainer.py:120) Total Epi:   122 Steps:     964 Episode Steps:    12 Return:  9.2584 FPS:  1.46
14:22:35.574 [INFO] (trainer.py:120) Total Epi:   123 Steps:     976 Episode Steps:    12 Return:  9.7623 FPS:  1.46
14:22:44.013 [INFO] (trainer.py:120) Total Epi:   124 Steps:     988 Episode Steps:    12 Return:  10.1759 FPS:  1.42
14:22:51.853 [INFO] (trainer.py:120) Total Epi:   125 Steps:     999 Episode Steps:    11 Return:  11.4929 FPS:  1.40
14:23:26.660 [INFO] (trainer.py:148) Evaluation Total Steps:    1000 Average Reward  14.0744 over  5 episodes
14:23:40.366 [INFO] (trainer.py:120) Total Epi:   126 Steps:    1023 Episode Steps:    24 Return: -41.6080 FPS:  0.49
14:23:47.981 [INFO] (trainer.py:120) Total Epi:   127 Steps:    1034 Episode Steps:    11 Return:  11.5092 FPS:  1.44
14:23:56.200 [INFO] (trainer.py:120) Total Epi:   128 Steps:    1046 Episode Steps:    12 Return:  9.6574 FPS:  1.46
14:24:03.824 [INFO] (trainer.py:120) Total Epi:   129 Steps:    1057 Episode Steps:    11 Return:  11.2735 FPS:  1.44
14:24:11.632 [INFO] (trainer.py:120) Total Epi:   130 Steps:    1068 Episode Steps:    11 Return:  11.5334 FPS:  1.41
14:24:17.058 [INFO] (trainer.py:120) Total Epi:   131 Steps:    1074 Episode Steps:     6 Return:  19.3078 FPS:  1.11
14:24:24.891 [INFO] (trainer.py:120) Total Epi:   132 Steps:    1085 Episode Steps:    11 Return:  11.1439 FPS:  1.40
14:24:32.712 [INFO] (trainer.py:120) Total Epi:   133 Steps:    1096 Episode Steps:    11 Return:  11.5832 FPS:  1.41
14:24:40.534 [INFO] (trainer.py:120) Total Epi:   134 Steps:    1107 Episode Steps:    11 Return:  11.4717 FPS:  1.41
14:24:48.355 [INFO] (trainer.py:120) Total Epi:   135 Steps:    1118 Episode Steps:    11 Return:  11.5020 FPS:  1.41
14:24:55.977 [INFO] (trainer.py:120) Total Epi:   136 Steps:    1129 Episode Steps:    11 Return:  11.5683 FPS:  1.44
14:25:03.792 [INFO] (trainer.py:120) Total Epi:   137 Steps:    1140 Episode Steps:    11 Return:  11.0491 FPS:  1.41
14:25:11.601 [INFO] (trainer.py:120) Total Epi:   138 Steps:    1151 Episode Steps:    11 Return:  11.5228 FPS:  1.41
14:25:17.222 [INFO] (trainer.py:120) Total Epi:   139 Steps:    1157 Episode Steps:     6 Return:  19.9516 FPS:  1.07
14:25:25.033 [INFO] (trainer.py:120) Total Epi:   140 Steps:    1168 Episode Steps:    11 Return:  10.8830 FPS:  1.41
14:25:30.872 [INFO] (trainer.py:120) Total Epi:   141 Steps:    1175 Episode Steps:     7 Return:  19.0804 FPS:  1.20
14:25:38.909 [INFO] (trainer.py:120) Total Epi:   142 Steps:    1186 Episode Steps:    11 Return:  11.2547 FPS:  1.37
14:25:46.510 [INFO] (trainer.py:120) Total Epi:   143 Steps:    1197 Episode Steps:    11 Return:  12.0000 FPS:  1.45
14:25:51.921 [INFO] (trainer.py:120) Total Epi:   144 Steps:    1203 Episode Steps:     6 Return:  19.6575 FPS:  1.11
14:25:57.724 [INFO] (trainer.py:120) Total Epi:   145 Steps:    1210 Episode Steps:     7 Return:  18.4138 FPS:  1.21
14:26:03.159 [INFO] (trainer.py:120) Total Epi:   146 Steps:    1216 Episode Steps:     6 Return:  19.5416 FPS:  1.10
14:26:10.973 [INFO] (trainer.py:120) Total Epi:   147 Steps:    1227 Episode Steps:    11 Return:  11.1931 FPS:  1.41
14:26:18.815 [INFO] (trainer.py:120) Total Epi:   148 Steps:    1238 Episode Steps:    11 Return:  11.3451 FPS:  1.40
14:26:26.640 [INFO] (trainer.py:120) Total Epi:   149 Steps:    1249 Episode Steps:    11 Return:  10.9773 FPS:  1.41
14:26:34.465 [INFO] (trainer.py:120) Total Epi:   150 Steps:    1260 Episode Steps:    11 Return:  11.1936 FPS:  1.41
14:26:42.089 [INFO] (trainer.py:120) Total Epi:   151 Steps:    1271 Episode Steps:    11 Return:  11.4436 FPS:  1.44
14:26:49.917 [INFO] (trainer.py:120) Total Epi:   152 Steps:    1282 Episode Steps:    11 Return:  10.6161 FPS:  1.41
14:26:57.561 [INFO] (trainer.py:120) Total Epi:   153 Steps:    1293 Episode Steps:    11 Return:  11.3477 FPS:  1.44
14:27:05.382 [INFO] (trainer.py:120) Total Epi:   154 Steps:    1304 Episode Steps:    11 Return:  10.9408 FPS:  1.41
14:27:14.016 [INFO] (trainer.py:120) Total Epi:   155 Steps:    1317 Episode Steps:    13 Return:  8.5739 FPS:  1.51
14:27:22.042 [INFO] (trainer.py:120) Total Epi:   156 Steps:    1328 Episode Steps:    11 Return:  11.1533 FPS:  1.37
14:27:29.857 [INFO] (trainer.py:120) Total Epi:   157 Steps:    1339 Episode Steps:    11 Return:  11.2001 FPS:  1.41
14:27:37.687 [INFO] (trainer.py:120) Total Epi:   158 Steps:    1350 Episode Steps:    11 Return:  11.4847 FPS:  1.41
14:27:45.315 [INFO] (trainer.py:120) Total Epi:   159 Steps:    1361 Episode Steps:    11 Return:  10.8913 FPS:  1.44
14:27:52.931 [INFO] (trainer.py:120) Total Epi:   160 Steps:    1372 Episode Steps:    11 Return:  11.5725 FPS:  1.44
14:28:00.777 [INFO] (trainer.py:120) Total Epi:   161 Steps:    1383 Episode Steps:    11 Return:  11.5432 FPS:  1.40
14:28:08.611 [INFO] (trainer.py:120) Total Epi:   162 Steps:    1394 Episode Steps:    11 Return:  11.2133 FPS:  1.40
14:28:16.428 [INFO] (trainer.py:120) Total Epi:   163 Steps:    1405 Episode Steps:    11 Return:  11.3672 FPS:  1.41
14:28:24.053 [INFO] (trainer.py:120) Total Epi:   164 Steps:    1416 Episode Steps:    11 Return:  11.1600 FPS:  1.44
14:28:32.273 [INFO] (trainer.py:120) Total Epi:   165 Steps:    1428 Episode Steps:    12 Return:  9.9806 FPS:  1.46
14:28:40.909 [INFO] (trainer.py:120) Total Epi:   166 Steps:    1441 Episode Steps:    13 Return:  8.5267 FPS:  1.51
14:28:48.737 [INFO] (trainer.py:120) Total Epi:   167 Steps:    1452 Episode Steps:    11 Return:  11.1565 FPS:  1.41
14:28:56.566 [INFO] (trainer.py:120) Total Epi:   168 Steps:    1463 Episode Steps:    11 Return:  11.3147 FPS:  1.41
14:29:04.403 [INFO] (trainer.py:120) Total Epi:   169 Steps:    1474 Episode Steps:    11 Return:  12.1507 FPS:  1.40
14:29:12.039 [INFO] (trainer.py:120) Total Epi:   170 Steps:    1485 Episode Steps:    11 Return:  11.7500 FPS:  1.44
14:29:19.646 [INFO] (trainer.py:120) Total Epi:   171 Steps:    1496 Episode Steps:    11 Return:  11.5985 FPS:  1.45
14:29:58.461 [INFO] (trainer.py:148) Evaluation Total Steps:    1500 Average Reward  11.9558 over  5 episodes
14:30:09.652 [INFO] (trainer.py:120) Total Epi:   172 Steps:    1518 Episode Steps:    22 Return: -44.7894 FPS:  0.44
14:30:17.266 [INFO] (trainer.py:120) Total Epi:   173 Steps:    1529 Episode Steps:    11 Return:  11.8045 FPS:  1.44
14:30:25.087 [INFO] (trainer.py:120) Total Epi:   174 Steps:    1540 Episode Steps:    11 Return:  11.0006 FPS:  1.41
14:30:32.921 [INFO] (trainer.py:120) Total Epi:   175 Steps:    1551 Episode Steps:    11 Return:  11.0500 FPS:  1.40
14:30:40.764 [INFO] (trainer.py:120) Total Epi:   176 Steps:    1562 Episode Steps:    11 Return:  11.4006 FPS:  1.40
14:30:49.196 [INFO] (trainer.py:120) Total Epi:   177 Steps:    1574 Episode Steps:    12 Return:  10.1924 FPS:  1.42
14:30:57.031 [INFO] (trainer.py:120) Total Epi:   178 Steps:    1585 Episode Steps:    11 Return:  11.7654 FPS:  1.40
14:31:04.844 [INFO] (trainer.py:120) Total Epi:   179 Steps:    1596 Episode Steps:    11 Return:  10.8440 FPS:  1.41
14:31:12.873 [INFO] (trainer.py:120) Total Epi:   180 Steps:    1607 Episode Steps:    11 Return:  11.6756 FPS:  1.37
14:31:20.509 [INFO] (trainer.py:120) Total Epi:   181 Steps:    1618 Episode Steps:    11 Return:  11.1323 FPS:  1.44
14:31:28.141 [INFO] (trainer.py:120) Total Epi:   182 Steps:    1629 Episode Steps:    11 Return:  11.1812 FPS:  1.44
14:31:35.963 [INFO] (trainer.py:120) Total Epi:   183 Steps:    1640 Episode Steps:    11 Return:  11.6119 FPS:  1.41
14:31:43.593 [INFO] (trainer.py:120) Total Epi:   184 Steps:    1651 Episode Steps:    11 Return:  11.5411 FPS:  1.44
14:31:51.432 [INFO] (trainer.py:120) Total Epi:   185 Steps:    1662 Episode Steps:    11 Return:  11.5054 FPS:  1.40
14:31:59.065 [INFO] (trainer.py:120) Total Epi:   186 Steps:    1673 Episode Steps:    11 Return:  11.2071 FPS:  1.44
14:32:06.896 [INFO] (trainer.py:120) Total Epi:   187 Steps:    1684 Episode Steps:    11 Return:  11.6351 FPS:  1.40
14:32:14.725 [INFO] (trainer.py:120) Total Epi:   188 Steps:    1695 Episode Steps:    11 Return:  11.8322 FPS:  1.41
14:32:22.970 [INFO] (trainer.py:120) Total Epi:   189 Steps:    1707 Episode Steps:    12 Return:  10.5512 FPS:  1.46
14:32:30.803 [INFO] (trainer.py:120) Total Epi:   190 Steps:    1718 Episode Steps:    11 Return:  11.3868 FPS:  1.40
14:32:38.635 [INFO] (trainer.py:120) Total Epi:   191 Steps:    1729 Episode Steps:    11 Return:  11.3864 FPS:  1.40
14:32:55.090 [INFO] (trainer.py:120) Total Epi:   192 Steps:    1758 Episode Steps:    29 Return: -50.3364 FPS:  1.76
14:33:02.925 [INFO] (trainer.py:120) Total Epi:   193 Steps:    1769 Episode Steps:    11 Return:  11.2077 FPS:  1.40
14:33:11.151 [INFO] (trainer.py:120) Total Epi:   194 Steps:    1781 Episode Steps:    12 Return:  10.1663 FPS:  1.46
14:33:18.991 [INFO] (trainer.py:120) Total Epi:   195 Steps:    1792 Episode Steps:    11 Return:  11.3543 FPS:  1.40
14:33:27.410 [INFO] (trainer.py:120) Total Epi:   196 Steps:    1804 Episode Steps:    12 Return:  9.8280 FPS:  1.43
14:33:35.046 [INFO] (trainer.py:120) Total Epi:   197 Steps:    1815 Episode Steps:    11 Return:  11.0371 FPS:  1.44
14:33:42.682 [INFO] (trainer.py:120) Total Epi:   198 Steps:    1826 Episode Steps:    11 Return:  11.5725 FPS:  1.44
14:33:50.552 [INFO] (trainer.py:120) Total Epi:   199 Steps:    1837 Episode Steps:    11 Return:  11.4677 FPS:  1.40
14:33:58.383 [INFO] (trainer.py:120) Total Epi:   200 Steps:    1848 Episode Steps:    11 Return:  11.7778 FPS:  1.40
14:34:06.246 [INFO] (trainer.py:120) Total Epi:   201 Steps:    1859 Episode Steps:    11 Return:  11.4032 FPS:  1.40
14:34:13.862 [INFO] (trainer.py:120) Total Epi:   202 Steps:    1870 Episode Steps:    11 Return:  12.0862 FPS:  1.44
14:34:21.495 [INFO] (trainer.py:120) Total Epi:   203 Steps:    1881 Episode Steps:    11 Return:  12.0383 FPS:  1.44
14:34:29.140 [INFO] (trainer.py:120) Total Epi:   204 Steps:    1892 Episode Steps:    11 Return:  11.1451 FPS:  1.44
14:34:37.581 [INFO] (trainer.py:120) Total Epi:   205 Steps:    1904 Episode Steps:    12 Return:  10.3682 FPS:  1.42
14:34:45.410 [INFO] (trainer.py:120) Total Epi:   206 Steps:    1915 Episode Steps:    11 Return:  11.6271 FPS:  1.41
14:34:53.651 [INFO] (trainer.py:120) Total Epi:   207 Steps:    1927 Episode Steps:    12 Return:  10.5503 FPS:  1.46
14:35:01.543 [INFO] (trainer.py:120) Total Epi:   208 Steps:    1938 Episode Steps:    11 Return:  11.0077 FPS:  1.39
14:35:09.371 [INFO] (trainer.py:120) Total Epi:   209 Steps:    1949 Episode Steps:    11 Return:  11.7102 FPS:  1.41
14:35:17.210 [INFO] (trainer.py:120) Total Epi:   210 Steps:    1960 Episode Steps:    11 Return:  11.3330 FPS:  1.40
14:35:24.842 [INFO] (trainer.py:120) Total Epi:   211 Steps:    1971 Episode Steps:    11 Return:  11.3635 FPS:  1.44
14:35:32.677 [INFO] (trainer.py:120) Total Epi:   212 Steps:    1982 Episode Steps:    11 Return:  11.4865 FPS:  1.40
14:35:40.506 [INFO] (trainer.py:120) Total Epi:   213 Steps:    1993 Episode Steps:    11 Return:  11.2060 FPS:  1.41
14:36:23.360 [INFO] (trainer.py:148) Evaluation Total Steps:    2000 Average Reward  10.0856 over  5 episodes
14:36:34.142 [INFO] (trainer.py:120) Total Epi:   214 Steps:    2017 Episode Steps:    24 Return: -48.3678 FPS:  0.45
14:36:41.970 [INFO] (trainer.py:120) Total Epi:   215 Steps:    2028 Episode Steps:    11 Return:  11.0569 FPS:  1.41
14:36:49.603 [INFO] (trainer.py:120) Total Epi:   216 Steps:    2039 Episode Steps:    11 Return:  11.4964 FPS:  1.44
14:36:57.830 [INFO] (trainer.py:120) Total Epi:   217 Steps:    2051 Episode Steps:    12 Return:  11.0020 FPS:  1.46
14:37:06.453 [INFO] (trainer.py:120) Total Epi:   218 Steps:    2064 Episode Steps:    13 Return:  8.7729 FPS:  1.51
14:37:14.322 [INFO] (trainer.py:120) Total Epi:   219 Steps:    2075 Episode Steps:    11 Return:  11.4686 FPS:  1.40
14:37:22.146 [INFO] (trainer.py:120) Total Epi:   220 Steps:    2086 Episode Steps:    11 Return:  11.9081 FPS:  1.41
14:37:30.029 [INFO] (trainer.py:120) Total Epi:   221 Steps:    2097 Episode Steps:    11 Return:  11.3710 FPS:  1.40
14:37:37.853 [INFO] (trainer.py:120) Total Epi:   222 Steps:    2108 Episode Steps:    11 Return:  11.4280 FPS:  1.41
14:37:45.694 [INFO] (trainer.py:120) Total Epi:   223 Steps:    2119 Episode Steps:    11 Return:  11.0956 FPS:  1.40
14:37:53.931 [INFO] (trainer.py:120) Total Epi:   224 Steps:    2131 Episode Steps:    12 Return:  10.1175 FPS:  1.46
14:38:01.769 [INFO] (trainer.py:120) Total Epi:   225 Steps:    2142 Episode Steps:    11 Return:  11.7875 FPS:  1.40
14:38:09.616 [INFO] (trainer.py:120) Total Epi:   226 Steps:    2153 Episode Steps:    11 Return:  11.4669 FPS:  1.40
14:38:18.044 [INFO] (trainer.py:120) Total Epi:   227 Steps:    2165 Episode Steps:    12 Return:  10.9725 FPS:  1.42
14:38:26.274 [INFO] (trainer.py:120) Total Epi:   228 Steps:    2177 Episode Steps:    12 Return:  9.5074 FPS:  1.46
14:38:42.540 [INFO] (trainer.py:120) Total Epi:   229 Steps:    2205 Episode Steps:    28 Return: -49.7120 FPS:  1.72
14:38:50.354 [INFO] (trainer.py:120) Total Epi:   230 Steps:    2216 Episode Steps:    11 Return:  11.1066 FPS:  1.41
14:38:58.588 [INFO] (trainer.py:120) Total Epi:   231 Steps:    2228 Episode Steps:    12 Return:  9.6009 FPS:  1.46
14:39:06.419 [INFO] (trainer.py:120) Total Epi:   232 Steps:    2239 Episode Steps:    11 Return:  11.5057 FPS:  1.40
14:39:14.058 [INFO] (trainer.py:120) Total Epi:   233 Steps:    2250 Episode Steps:    11 Return:  11.2352 FPS:  1.44
14:39:21.910 [INFO] (trainer.py:120) Total Epi:   234 Steps:    2261 Episode Steps:    11 Return:  11.5311 FPS:  1.40
14:39:29.754 [INFO] (trainer.py:120) Total Epi:   235 Steps:    2272 Episode Steps:    11 Return:  11.5641 FPS:  1.40
14:39:37.606 [INFO] (trainer.py:120) Total Epi:   236 Steps:    2283 Episode Steps:    11 Return:  11.4998 FPS:  1.40
14:39:45.242 [INFO] (trainer.py:120) Total Epi:   237 Steps:    2294 Episode Steps:    11 Return:  11.1353 FPS:  1.44
14:39:53.708 [INFO] (trainer.py:120) Total Epi:   238 Steps:    2306 Episode Steps:    12 Return:  9.8031 FPS:  1.42
14:40:01.918 [INFO] (trainer.py:120) Total Epi:   239 Steps:    2318 Episode Steps:    12 Return:  9.8052 FPS:  1.46
14:40:09.549 [INFO] (trainer.py:120) Total Epi:   240 Steps:    2329 Episode Steps:    11 Return:  11.0158 FPS:  1.44
14:40:17.780 [INFO] (trainer.py:120) Total Epi:   241 Steps:    2341 Episode Steps:    12 Return:  10.5292 FPS:  1.46
14:40:26.029 [INFO] (trainer.py:120) Total Epi:   242 Steps:    2353 Episode Steps:    12 Return:  10.2154 FPS:  1.45
14:40:34.265 [INFO] (trainer.py:120) Total Epi:   243 Steps:    2365 Episode Steps:    12 Return:  10.4089 FPS:  1.46
14:40:42.113 [INFO] (trainer.py:120) Total Epi:   244 Steps:    2376 Episode Steps:    11 Return:  11.1076 FPS:  1.40
14:40:49.730 [INFO] (trainer.py:120) Total Epi:   245 Steps:    2387 Episode Steps:    11 Return:  11.4849 FPS:  1.44
14:40:57.953 [INFO] (trainer.py:120) Total Epi:   246 Steps:    2399 Episode Steps:    12 Return:  10.3560 FPS:  1.46
14:41:05.800 [INFO] (trainer.py:120) Total Epi:   247 Steps:    2410 Episode Steps:    11 Return:  11.0997 FPS:  1.40
14:41:14.031 [INFO] (trainer.py:120) Total Epi:   248 Steps:    2422 Episode Steps:    12 Return:  10.4379 FPS:  1.46
14:41:22.270 [INFO] (trainer.py:120) Total Epi:   249 Steps:    2434 Episode Steps:    12 Return:  10.1830 FPS:  1.46
14:41:29.908 [INFO] (trainer.py:120) Total Epi:   250 Steps:    2445 Episode Steps:    11 Return:  10.5167 FPS:  1.44
