11:46:16.369 [INFO] (trainer.py:76) Restored model_SACslow/ckpt-520
11:46:35.427 [INFO] (trainer.py:120) Total Epi:     1 Steps:      19 Episode Steps:    19 Return: -42.6602 FPS:  1.00
11:46:51.667 [INFO] (trainer.py:120) Total Epi:     2 Steps:      44 Episode Steps:    25 Return: -64.9924 FPS:  1.54
11:47:08.081 [INFO] (trainer.py:120) Total Epi:     3 Steps:      69 Episode Steps:    25 Return: -51.0019 FPS:  1.52
11:47:24.530 [INFO] (trainer.py:120) Total Epi:     4 Steps:      94 Episode Steps:    25 Return: -47.5686 FPS:  1.52
11:47:29.918 [INFO] (trainer.py:120) Total Epi:     5 Steps:      99 Episode Steps:     5 Return:  21.3311 FPS:  0.93
11:47:46.387 [INFO] (trainer.py:120) Total Epi:     6 Steps:     122 Episode Steps:    23 Return: -55.5993 FPS:  1.40
11:48:02.801 [INFO] (trainer.py:120) Total Epi:     7 Steps:     147 Episode Steps:    25 Return: -57.7884 FPS:  1.52
11:48:09.595 [INFO] (trainer.py:120) Total Epi:     8 Steps:     155 Episode Steps:     8 Return:  17.3249 FPS:  1.18
11:48:26.210 [INFO] (trainer.py:120) Total Epi:     9 Steps:     181 Episode Steps:    26 Return: -42.9869 FPS:  1.56
11:48:32.029 [INFO] (trainer.py:120) Total Epi:    10 Steps:     187 Episode Steps:     6 Return:  20.3901 FPS:  1.03
11:48:48.883 [INFO] (trainer.py:120) Total Epi:    11 Steps:     212 Episode Steps:    25 Return: -65.4083 FPS:  1.48
11:49:05.163 [INFO] (trainer.py:120) Total Epi:    12 Steps:     236 Episode Steps:    24 Return: -60.5733 FPS:  1.47
11:49:21.617 [INFO] (trainer.py:120) Total Epi:    13 Steps:     257 Episode Steps:    21 Return: -47.8319 FPS:  1.28
11:49:38.048 [INFO] (trainer.py:120) Total Epi:    14 Steps:     280 Episode Steps:    23 Return: -61.7998 FPS:  1.40
11:49:54.677 [INFO] (trainer.py:120) Total Epi:    15 Steps:     304 Episode Steps:    24 Return: -53.9489 FPS:  1.44
11:50:10.951 [INFO] (trainer.py:120) Total Epi:    16 Steps:     328 Episode Steps:    24 Return: -53.7153 FPS:  1.47
11:50:18.822 [INFO] (trainer.py:120) Total Epi:    17 Steps:     337 Episode Steps:     9 Return:  16.9257 FPS:  1.14
11:50:35.260 [INFO] (trainer.py:120) Total Epi:    18 Steps:     361 Episode Steps:    24 Return: -45.9558 FPS:  1.46
11:50:51.930 [INFO] (trainer.py:120) Total Epi:    19 Steps:     386 Episode Steps:    25 Return: -68.1263 FPS:  1.50
11:51:08.546 [INFO] (trainer.py:120) Total Epi:    20 Steps:     410 Episode Steps:    24 Return: -62.0991 FPS:  1.44
11:51:25.173 [INFO] (trainer.py:120) Total Epi:    21 Steps:     434 Episode Steps:    24 Return: -63.6392 FPS:  1.44
11:51:41.794 [INFO] (trainer.py:120) Total Epi:    22 Steps:     459 Episode Steps:    25 Return: -65.3665 FPS:  1.50
11:51:47.194 [INFO] (trainer.py:120) Total Epi:    23 Steps:     464 Episode Steps:     5 Return:  21.8544 FPS:  0.93
11:52:03.622 [INFO] (trainer.py:120) Total Epi:    24 Steps:     489 Episode Steps:    25 Return: -52.1847 FPS:  1.52
11:53:20.961 [INFO] (trainer.py:148) Evaluation Total Steps:     500 Average Reward -58.8492 over  5 episodes
11:53:24.198 [INFO] (trainer.py:120) Total Epi:    25 Steps:     501 Episode Steps:    12 Return: -34.9540 FPS:  0.15
11:53:40.476 [INFO] (trainer.py:120) Total Epi:    26 Steps:     525 Episode Steps:    24 Return: -52.7820 FPS:  1.47
11:53:46.681 [INFO] (trainer.py:120) Total Epi:    27 Steps:     531 Episode Steps:     6 Return:  20.6847 FPS:  0.97
11:54:02.959 [INFO] (trainer.py:120) Total Epi:    28 Steps:     554 Episode Steps:    23 Return: -58.0105 FPS:  1.41
11:54:19.611 [INFO] (trainer.py:120) Total Epi:    29 Steps:     578 Episode Steps:    24 Return: -58.0516 FPS:  1.44
11:54:36.104 [INFO] (trainer.py:120) Total Epi:    30 Steps:     601 Episode Steps:    23 Return: -54.3420 FPS:  1.39
11:54:44.940 [INFO] (trainer.py:120) Total Epi:    31 Steps:     612 Episode Steps:    11 Return:  12.2428 FPS:  1.25
11:55:01.168 [INFO] (trainer.py:120) Total Epi:    32 Steps:     635 Episode Steps:    23 Return: -62.5046 FPS:  1.42
11:55:17.582 [INFO] (trainer.py:120) Total Epi:    33 Steps:     660 Episode Steps:    25 Return: -40.2269 FPS:  1.52
11:55:34.426 [INFO] (trainer.py:120) Total Epi:    34 Steps:     684 Episode Steps:    24 Return: -51.3669 FPS:  1.42
11:55:51.069 [INFO] (trainer.py:120) Total Epi:    35 Steps:     708 Episode Steps:    24 Return: -44.7258 FPS:  1.44
11:56:07.342 [INFO] (trainer.py:120) Total Epi:    36 Steps:     732 Episode Steps:    24 Return: -56.0133 FPS:  1.47
11:56:23.579 [INFO] (trainer.py:120) Total Epi:    37 Steps:     755 Episode Steps:    23 Return: -45.0630 FPS:  1.42
11:56:28.585 [INFO] (trainer.py:120) Total Epi:    38 Steps:     759 Episode Steps:     4 Return:  22.0454 FPS:  0.80
11:56:33.810 [INFO] (trainer.py:120) Total Epi:    39 Steps:     763 Episode Steps:     4 Return:  22.1731 FPS:  0.77
11:56:50.213 [INFO] (trainer.py:120) Total Epi:    40 Steps:     786 Episode Steps:    23 Return: -62.2992 FPS:  1.40
11:56:56.024 [INFO] (trainer.py:120) Total Epi:    41 Steps:     792 Episode Steps:     6 Return:  20.6215 FPS:  1.03
11:57:12.283 [INFO] (trainer.py:120) Total Epi:    42 Steps:     815 Episode Steps:    23 Return: -64.2472 FPS:  1.41
11:57:28.916 [INFO] (trainer.py:120) Total Epi:    43 Steps:     840 Episode Steps:    25 Return: -45.4001 FPS:  1.50
11:57:45.141 [INFO] (trainer.py:120) Total Epi:    44 Steps:     864 Episode Steps:    24 Return: -55.5114 FPS:  1.48
11:58:01.772 [INFO] (trainer.py:120) Total Epi:    45 Steps:     889 Episode Steps:    25 Return: -53.3162 FPS:  1.50
11:58:18.266 [INFO] (trainer.py:120) Total Epi:    46 Steps:     912 Episode Steps:    23 Return: -79.3824 FPS:  1.39
11:58:34.909 [INFO] (trainer.py:120) Total Epi:    47 Steps:     937 Episode Steps:    25 Return: -55.4610 FPS:  1.50
11:58:51.362 [INFO] (trainer.py:120) Total Epi:    48 Steps:     961 Episode Steps:    24 Return: -60.7933 FPS:  1.46
11:59:07.818 [INFO] (trainer.py:120) Total Epi:    49 Steps:     985 Episode Steps:    24 Return: -64.0446 FPS:  1.46
11:59:15.833 [INFO] (trainer.py:120) Total Epi:    50 Steps:     995 Episode Steps:    10 Return:  14.6488 FPS:  1.25
12:00:30.355 [INFO] (trainer.py:148) Evaluation Total Steps:    1000 Average Reward -39.9054 over  5 episodes
12:00:33.418 [INFO] (trainer.py:120) Total Epi:    51 Steps:    1001 Episode Steps:     6 Return: -32.7650 FPS:  0.08
12:00:49.872 [INFO] (trainer.py:120) Total Epi:    52 Steps:    1026 Episode Steps:    25 Return: -63.7378 FPS:  1.52
12:01:06.099 [INFO] (trainer.py:120) Total Epi:    53 Steps:    1051 Episode Steps:    25 Return: -65.8774 FPS:  1.54
12:01:22.540 [INFO] (trainer.py:120) Total Epi:    54 Steps:    1076 Episode Steps:    25 Return: -46.8961 FPS:  1.52
12:01:28.539 [INFO] (trainer.py:120) Total Epi:    55 Steps:    1083 Episode Steps:     7 Return:  19.0726 FPS:  1.17
12:01:45.173 [INFO] (trainer.py:120) Total Epi:    56 Steps:    1106 Episode Steps:    23 Return: -61.3796 FPS:  1.38
12:02:01.851 [INFO] (trainer.py:120) Total Epi:    57 Steps:    1130 Episode Steps:    24 Return: -61.5744 FPS:  1.44
12:02:10.885 [INFO] (trainer.py:120) Total Epi:    58 Steps:    1140 Episode Steps:    10 Return:  14.3351 FPS:  1.11
12:02:27.357 [INFO] (trainer.py:120) Total Epi:    59 Steps:    1165 Episode Steps:    25 Return: -55.8749 FPS:  1.52
12:02:37.012 [INFO] (trainer.py:120) Total Epi:    60 Steps:    1178 Episode Steps:    13 Return:  10.0182 FPS:  1.35
12:02:53.437 [INFO] (trainer.py:120) Total Epi:    61 Steps:    1201 Episode Steps:    23 Return: -62.6448 FPS:  1.40
12:03:10.072 [INFO] (trainer.py:120) Total Epi:    62 Steps:    1227 Episode Steps:    26 Return: -58.5319 FPS:  1.56
12:03:17.270 [INFO] (trainer.py:120) Total Epi:    63 Steps:    1235 Episode Steps:     8 Return:  18.3099 FPS:  1.11
12:03:33.501 [INFO] (trainer.py:120) Total Epi:    64 Steps:    1260 Episode Steps:    25 Return: -58.5595 FPS:  1.54
12:03:49.746 [INFO] (trainer.py:120) Total Epi:    65 Steps:    1284 Episode Steps:    24 Return: -61.3568 FPS:  1.48
12:04:06.190 [INFO] (trainer.py:120) Total Epi:    66 Steps:    1308 Episode Steps:    24 Return: -66.8747 FPS:  1.46
12:04:22.627 [INFO] (trainer.py:120) Total Epi:    67 Steps:    1332 Episode Steps:    24 Return: -60.2394 FPS:  1.46
12:04:27.841 [INFO] (trainer.py:120) Total Epi:    68 Steps:    1337 Episode Steps:     5 Return:  21.6112 FPS:  0.96
12:04:36.276 [INFO] (trainer.py:120) Total Epi:    69 Steps:    1347 Episode Steps:    10 Return:  17.4215 FPS:  1.19
12:04:52.909 [INFO] (trainer.py:120) Total Epi:    70 Steps:    1372 Episode Steps:    25 Return: -64.8240 FPS:  1.50
12:04:57.913 [INFO] (trainer.py:120) Total Epi:    71 Steps:    1377 Episode Steps:     5 Return:  21.5227 FPS:  1.00
12:05:14.566 [INFO] (trainer.py:120) Total Epi:    72 Steps:    1401 Episode Steps:    24 Return: -42.6103 FPS:  1.44
12:05:22.778 [INFO] (trainer.py:120) Total Epi:    73 Steps:    1411 Episode Steps:    10 Return:  17.0288 FPS:  1.22
12:05:38.996 [INFO] (trainer.py:120) Total Epi:    74 Steps:    1435 Episode Steps:    24 Return: -39.8123 FPS:  1.48
12:05:55.434 [INFO] (trainer.py:120) Total Epi:    75 Steps:    1459 Episode Steps:    24 Return: -57.3966 FPS:  1.46
12:06:05.664 [INFO] (trainer.py:120) Total Epi:    76 Steps:    1472 Episode Steps:    13 Return:  10.4955 FPS:  1.27
12:06:22.301 [INFO] (trainer.py:120) Total Epi:    77 Steps:    1497 Episode Steps:    25 Return: -62.1029 FPS:  1.50
12:07:26.223 [INFO] (trainer.py:148) Evaluation Total Steps:    1500 Average Reward -16.3210 over  5 episodes
12:07:35.493 [INFO] (trainer.py:120) Total Epi:    78 Steps:    1512 Episode Steps:    15 Return: -40.4427 FPS:  0.20
12:07:51.938 [INFO] (trainer.py:120) Total Epi:    79 Steps:    1536 Episode Steps:    24 Return: -62.7148 FPS:  1.46
12:08:08.160 [INFO] (trainer.py:120) Total Epi:    80 Steps:    1561 Episode Steps:    25 Return: -56.4824 FPS:  1.54
12:08:24.384 [INFO] (trainer.py:120) Total Epi:    81 Steps:    1587 Episode Steps:    26 Return: -65.9637 FPS:  1.60
12:08:40.840 [INFO] (trainer.py:120) Total Epi:    82 Steps:    1611 Episode Steps:    24 Return: -63.6235 FPS:  1.46
12:08:57.272 [INFO] (trainer.py:120) Total Epi:    83 Steps:    1635 Episode Steps:    24 Return: -57.0498 FPS:  1.46
12:09:02.701 [INFO] (trainer.py:120) Total Epi:    84 Steps:    1640 Episode Steps:     5 Return:  21.3950 FPS:  0.92
12:09:18.934 [INFO] (trainer.py:120) Total Epi:    85 Steps:    1664 Episode Steps:    24 Return: -45.2462 FPS:  1.48
12:09:35.173 [INFO] (trainer.py:120) Total Epi:    86 Steps:    1687 Episode Steps:    23 Return: -84.5935 FPS:  1.42
12:09:51.617 [INFO] (trainer.py:120) Total Epi:    87 Steps:    1710 Episode Steps:    23 Return: -54.3544 FPS:  1.40
12:10:07.866 [INFO] (trainer.py:120) Total Epi:    88 Steps:    1735 Episode Steps:    25 Return: -59.5135 FPS:  1.54
12:10:24.127 [INFO] (trainer.py:120) Total Epi:    89 Steps:    1759 Episode Steps:    24 Return: -62.7799 FPS:  1.48
12:10:40.763 [INFO] (trainer.py:120) Total Epi:    90 Steps:    1784 Episode Steps:    25 Return: -63.4351 FPS:  1.50
12:10:57.188 [INFO] (trainer.py:120) Total Epi:    91 Steps:    1809 Episode Steps:    25 Return: -47.5548 FPS:  1.52
12:11:03.806 [INFO] (trainer.py:120) Total Epi:    92 Steps:    1816 Episode Steps:     7 Return:  20.3113 FPS:  1.06
12:11:20.444 [INFO] (trainer.py:120) Total Epi:    93 Steps:    1841 Episode Steps:    25 Return: -54.5544 FPS:  1.50
12:11:37.095 [INFO] (trainer.py:120) Total Epi:    94 Steps:    1867 Episode Steps:    26 Return: -46.3385 FPS:  1.56
12:11:53.730 [INFO] (trainer.py:120) Total Epi:    95 Steps:    1892 Episode Steps:    25 Return: -57.1691 FPS:  1.50
12:12:10.174 [INFO] (trainer.py:120) Total Epi:    96 Steps:    1915 Episode Steps:    23 Return: -54.4902 FPS:  1.40
12:12:26.414 [INFO] (trainer.py:120) Total Epi:    97 Steps:    1938 Episode Steps:    23 Return: -59.1069 FPS:  1.42
12:12:35.254 [INFO] (trainer.py:120) Total Epi:    98 Steps:    1949 Episode Steps:    11 Return:  14.5888 FPS:  1.24
12:12:51.479 [INFO] (trainer.py:120) Total Epi:    99 Steps:    1972 Episode Steps:    23 Return: -44.3793 FPS:  1.42
12:13:07.711 [INFO] (trainer.py:120) Total Epi:   100 Steps:    1996 Episode Steps:    24 Return: -56.3092 FPS:  1.48
12:14:08.506 [INFO] (trainer.py:148) Evaluation Total Steps:    2000 Average Reward -15.2689 over  5 episodes
12:14:17.897 [INFO] (trainer.py:120) Total Epi:   101 Steps:    2012 Episode Steps:    16 Return: -38.6744 FPS:  0.23
12:14:34.546 [INFO] (trainer.py:120) Total Epi:   102 Steps:    2037 Episode Steps:    25 Return: -89.2494 FPS:  1.50
12:14:50.800 [INFO] (trainer.py:120) Total Epi:   103 Steps:    2061 Episode Steps:    24 Return: -44.9036 FPS:  1.48
12:15:07.625 [INFO] (trainer.py:120) Total Epi:   104 Steps:    2086 Episode Steps:    25 Return: -44.7292 FPS:  1.49
12:15:24.268 [INFO] (trainer.py:120) Total Epi:   105 Steps:    2110 Episode Steps:    24 Return: -53.0663 FPS:  1.44
12:15:32.486 [INFO] (trainer.py:120) Total Epi:   106 Steps:    2120 Episode Steps:    10 Return:  15.8025 FPS:  1.22
12:15:48.736 [INFO] (trainer.py:120) Total Epi:   107 Steps:    2144 Episode Steps:    24 Return: -60.9176 FPS:  1.48
12:16:04.975 [INFO] (trainer.py:120) Total Epi:   108 Steps:    2167 Episode Steps:    23 Return: -43.9365 FPS:  1.42
12:16:21.826 [INFO] (trainer.py:120) Total Epi:   109 Steps:    2192 Episode Steps:    25 Return: -45.3619 FPS:  1.48
12:16:38.275 [INFO] (trainer.py:120) Total Epi:   110 Steps:    2217 Episode Steps:    25 Return: -56.9971 FPS:  1.52
12:16:54.912 [INFO] (trainer.py:120) Total Epi:   111 Steps:    2240 Episode Steps:    23 Return: -54.2274 FPS:  1.38
12:17:11.373 [INFO] (trainer.py:120) Total Epi:   112 Steps:    2264 Episode Steps:    24 Return: -46.0048 FPS:  1.46
12:17:27.622 [INFO] (trainer.py:120) Total Epi:   113 Steps:    2288 Episode Steps:    24 Return: -54.2454 FPS:  1.48
12:17:35.843 [INFO] (trainer.py:120) Total Epi:   114 Steps:    2298 Episode Steps:    10 Return:  14.7183 FPS:  1.22
12:17:43.253 [INFO] (trainer.py:120) Total Epi:   115 Steps:    2306 Episode Steps:     8 Return:  17.4678 FPS:  1.08
12:17:59.898 [INFO] (trainer.py:120) Total Epi:   116 Steps:    2330 Episode Steps:    24 Return: -49.1748 FPS:  1.44
12:18:16.346 [INFO] (trainer.py:120) Total Epi:   117 Steps:    2354 Episode Steps:    24 Return: -44.0220 FPS:  1.46
12:18:32.988 [INFO] (trainer.py:120) Total Epi:   118 Steps:    2379 Episode Steps:    25 Return: -48.7140 FPS:  1.50
12:18:49.222 [INFO] (trainer.py:120) Total Epi:   119 Steps:    2403 Episode Steps:    24 Return: -49.0843 FPS:  1.48
12:19:05.872 [INFO] (trainer.py:120) Total Epi:   120 Steps:    2427 Episode Steps:    24 Return: -51.6208 FPS:  1.44
12:19:22.117 [INFO] (trainer.py:120) Total Epi:   121 Steps:    2451 Episode Steps:    24 Return: -57.6765 FPS:  1.48
12:19:38.754 [INFO] (trainer.py:120) Total Epi:   122 Steps:    2475 Episode Steps:    24 Return: -54.3836 FPS:  1.44
12:19:55.415 [INFO] (trainer.py:120) Total Epi:   123 Steps:    2499 Episode Steps:    24 Return: -43.8108 FPS:  1.44
12:21:17.999 [INFO] (trainer.py:148) Evaluation Total Steps:    2500 Average Reward -55.9215 over  5 episodes
12:21:21.083 [INFO] (trainer.py:120) Total Epi:   124 Steps:    2501 Episode Steps:     2 Return: -27.6648 FPS:  0.02
12:21:37.535 [INFO] (trainer.py:120) Total Epi:   125 Steps:    2525 Episode Steps:    24 Return: -86.5089 FPS:  1.46
12:21:53.980 [INFO] (trainer.py:120) Total Epi:   126 Steps:    2549 Episode Steps:    24 Return: -88.4659 FPS:  1.46
12:22:10.214 [INFO] (trainer.py:120) Total Epi:   127 Steps:    2573 Episode Steps:    24 Return: -50.6003 FPS:  1.48
12:22:26.458 [INFO] (trainer.py:120) Total Epi:   128 Steps:    2597 Episode Steps:    24 Return: -52.1940 FPS:  1.48
12:22:34.707 [INFO] (trainer.py:120) Total Epi:   129 Steps:    2606 Episode Steps:     9 Return:  17.6109 FPS:  1.09
12:22:45.115 [INFO] (trainer.py:120) Total Epi:   130 Steps:    2620 Episode Steps:    14 Return:  10.3340 FPS:  1.35
12:23:01.577 [INFO] (trainer.py:120) Total Epi:   131 Steps:    2644 Episode Steps:    24 Return: -55.7237 FPS:  1.46
12:23:17.827 [INFO] (trainer.py:120) Total Epi:   132 Steps:    2668 Episode Steps:    24 Return: -55.1765 FPS:  1.48
12:23:26.447 [INFO] (trainer.py:120) Total Epi:   133 Steps:    2679 Episode Steps:    11 Return:  14.3704 FPS:  1.28
12:23:43.104 [INFO] (trainer.py:120) Total Epi:   134 Steps:    2703 Episode Steps:    24 Return: -55.3189 FPS:  1.44
12:23:59.758 [INFO] (trainer.py:120) Total Epi:   135 Steps:    2728 Episode Steps:    25 Return: -59.3504 FPS:  1.50
12:24:16.404 [INFO] (trainer.py:120) Total Epi:   136 Steps:    2753 Episode Steps:    25 Return: -42.1489 FPS:  1.50
12:24:26.238 [INFO] (trainer.py:120) Total Epi:   137 Steps:    2766 Episode Steps:    13 Return:  10.8446 FPS:  1.32
12:24:42.686 [INFO] (trainer.py:120) Total Epi:   138 Steps:    2790 Episode Steps:    24 Return: -55.8011 FPS:  1.46
12:24:59.364 [INFO] (trainer.py:120) Total Epi:   139 Steps:    2814 Episode Steps:    24 Return: -40.6176 FPS:  1.44
12:25:16.017 [INFO] (trainer.py:120) Total Epi:   140 Steps:    2837 Episode Steps:    23 Return: -56.7295 FPS:  1.38
12:25:32.503 [INFO] (trainer.py:120) Total Epi:   141 Steps:    2861 Episode Steps:    24 Return: -46.3986 FPS:  1.46
12:25:48.744 [INFO] (trainer.py:120) Total Epi:   142 Steps:    2885 Episode Steps:    24 Return: -57.2160 FPS:  1.48
12:26:05.389 [INFO] (trainer.py:120) Total Epi:   143 Steps:    2909 Episode Steps:    24 Return: -58.6275 FPS:  1.44
12:26:13.624 [INFO] (trainer.py:120) Total Epi:   144 Steps:    2919 Episode Steps:    10 Return:  16.2093 FPS:  1.21
12:26:30.275 [INFO] (trainer.py:120) Total Epi:   145 Steps:    2944 Episode Steps:    25 Return: -89.3909 FPS:  1.50
12:26:46.741 [INFO] (trainer.py:120) Total Epi:   146 Steps:    2969 Episode Steps:    25 Return: -45.5539 FPS:  1.52
12:26:56.962 [INFO] (trainer.py:120) Total Epi:   147 Steps:    2982 Episode Steps:    13 Return:  11.2452 FPS:  1.27
12:28:07.994 [INFO] (trainer.py:148) Evaluation Total Steps:    3000 Average Reward -25.6440 over  5 episodes
12:28:11.025 [INFO] (trainer.py:120) Total Epi:   148 Steps:    3001 Episode Steps:    19 Return: -48.1163 FPS:  0.26
12:28:27.469 [INFO] (trainer.py:120) Total Epi:   149 Steps:    3025 Episode Steps:    24 Return: -46.3309 FPS:  1.46
12:28:44.110 [INFO] (trainer.py:120) Total Epi:   150 Steps:    3049 Episode Steps:    24 Return: -54.3166 FPS:  1.44
12:29:00.375 [INFO] (trainer.py:120) Total Epi:   151 Steps:    3072 Episode Steps:    23 Return: -53.0487 FPS:  1.41
12:29:17.017 [INFO] (trainer.py:120) Total Epi:   152 Steps:    3096 Episode Steps:    24 Return: -52.8478 FPS:  1.44
12:29:33.669 [INFO] (trainer.py:120) Total Epi:   153 Steps:    3119 Episode Steps:    23 Return: -50.5812 FPS:  1.38
12:29:50.534 [INFO] (trainer.py:120) Total Epi:   154 Steps:    3143 Episode Steps:    24 Return: -58.0754 FPS:  1.42
12:30:06.797 [INFO] (trainer.py:120) Total Epi:   155 Steps:    3167 Episode Steps:    24 Return: -59.8859 FPS:  1.48
12:30:23.242 [INFO] (trainer.py:120) Total Epi:   156 Steps:    3191 Episode Steps:    24 Return: -55.7332 FPS:  1.46
12:30:39.519 [INFO] (trainer.py:120) Total Epi:   157 Steps:    3214 Episode Steps:    23 Return: -42.6073 FPS:  1.41
12:30:55.959 [INFO] (trainer.py:120) Total Epi:   158 Steps:    3238 Episode Steps:    24 Return: -53.5675 FPS:  1.46
12:31:12.405 [INFO] (trainer.py:120) Total Epi:   159 Steps:    3262 Episode Steps:    24 Return: -45.7115 FPS:  1.46
12:31:21.626 [INFO] (trainer.py:120) Total Epi:   160 Steps:    3274 Episode Steps:    12 Return:  12.5483 FPS:  1.30
12:31:38.062 [INFO] (trainer.py:120) Total Epi:   161 Steps:    3299 Episode Steps:    25 Return: -61.8336 FPS:  1.52
12:31:45.699 [INFO] (trainer.py:120) Total Epi:   162 Steps:    3307 Episode Steps:     8 Return:  16.7348 FPS:  1.05
12:32:02.533 [INFO] (trainer.py:120) Total Epi:   163 Steps:    3331 Episode Steps:    24 Return: -50.8531 FPS:  1.43
12:32:18.976 [INFO] (trainer.py:120) Total Epi:   164 Steps:    3356 Episode Steps:    25 Return: -46.8463 FPS:  1.52
12:32:27.399 [INFO] (trainer.py:120) Total Epi:   165 Steps:    3367 Episode Steps:    11 Return:  12.9306 FPS:  1.31
12:32:43.648 [INFO] (trainer.py:120) Total Epi:   166 Steps:    3391 Episode Steps:    24 Return: -48.9399 FPS:  1.48
12:32:59.890 [INFO] (trainer.py:120) Total Epi:   167 Steps:    3414 Episode Steps:    23 Return: -52.2352 FPS:  1.42
12:33:16.340 [INFO] (trainer.py:120) Total Epi:   168 Steps:    3438 Episode Steps:    24 Return: -90.7391 FPS:  1.46
12:33:33.021 [INFO] (trainer.py:120) Total Epi:   169 Steps:    3462 Episode Steps:    24 Return: -59.7964 FPS:  1.44
12:33:49.670 [INFO] (trainer.py:120) Total Epi:   170 Steps:    3487 Episode Steps:    25 Return: -42.9041 FPS:  1.50
12:35:03.858 [INFO] (trainer.py:148) Evaluation Total Steps:    3500 Average Reward -47.9489 over  5 episodes
12:35:06.923 [INFO] (trainer.py:120) Total Epi:   171 Steps:    3501 Episode Steps:    14 Return: -62.5048 FPS:  0.18
12:35:15.768 [INFO] (trainer.py:120) Total Epi:   172 Steps:    3512 Episode Steps:    11 Return:  12.5676 FPS:  1.24
12:35:32.455 [INFO] (trainer.py:120) Total Epi:   173 Steps:    3537 Episode Steps:    25 Return: -42.8751 FPS:  1.50
12:35:48.904 [INFO] (trainer.py:120) Total Epi:   174 Steps:    3560 Episode Steps:    23 Return: -50.4373 FPS:  1.40
12:35:56.927 [INFO] (trainer.py:120) Total Epi:   175 Steps:    3569 Episode Steps:     9 Return:  16.8587 FPS:  1.12
12:36:13.592 [INFO] (trainer.py:120) Total Epi:   176 Steps:    3593 Episode Steps:    24 Return: -52.1114 FPS:  1.44
12:36:29.851 [INFO] (trainer.py:120) Total Epi:   177 Steps:    3616 Episode Steps:    23 Return: -52.3920 FPS:  1.41
12:36:46.313 [INFO] (trainer.py:120) Total Epi:   178 Steps:    3640 Episode Steps:    24 Return: -43.8698 FPS:  1.46
12:36:53.749 [INFO] (trainer.py:120) Total Epi:   179 Steps:    3649 Episode Steps:     9 Return:  15.0023 FPS:  1.21
12:37:01.770 [INFO] (trainer.py:120) Total Epi:   180 Steps:    3658 Episode Steps:     9 Return:  14.7025 FPS:  1.12
12:37:18.029 [INFO] (trainer.py:120) Total Epi:   181 Steps:    3681 Episode Steps:    23 Return: -52.9574 FPS:  1.41
12:37:34.481 [INFO] (trainer.py:120) Total Epi:   182 Steps:    3703 Episode Steps:    22 Return: -51.5137 FPS:  1.34
12:37:50.908 [INFO] (trainer.py:120) Total Epi:   183 Steps:    3727 Episode Steps:    24 Return: -59.0809 FPS:  1.46
12:38:07.758 [INFO] (trainer.py:120) Total Epi:   184 Steps:    3751 Episode Steps:    24 Return: -87.4678 FPS:  1.42
12:38:24.217 [INFO] (trainer.py:120) Total Epi:   185 Steps:    3774 Episode Steps:    23 Return: -42.8178 FPS:  1.40
12:38:40.471 [INFO] (trainer.py:120) Total Epi:   186 Steps:    3798 Episode Steps:    24 Return: -44.0707 FPS:  1.48
12:38:56.930 [INFO] (trainer.py:120) Total Epi:   187 Steps:    3822 Episode Steps:    24 Return: -46.1742 FPS:  1.46
12:39:13.184 [INFO] (trainer.py:120) Total Epi:   188 Steps:    3847 Episode Steps:    25 Return: -54.1766 FPS:  1.54
12:39:23.017 [INFO] (trainer.py:120) Total Epi:   189 Steps:    3860 Episode Steps:    13 Return:  7.3304 FPS:  1.32
12:39:30.840 [INFO] (trainer.py:120) Total Epi:   190 Steps:    3869 Episode Steps:     9 Return:  16.9240 FPS:  1.15
12:39:40.872 [INFO] (trainer.py:120) Total Epi:   191 Steps:    3882 Episode Steps:    13 Return:  7.2700 FPS:  1.30
12:39:57.130 [INFO] (trainer.py:120) Total Epi:   192 Steps:    3906 Episode Steps:    24 Return: -45.1252 FPS:  1.48
12:40:06.751 [INFO] (trainer.py:120) Total Epi:   193 Steps:    3919 Episode Steps:    13 Return:  10.0746 FPS:  1.35
12:40:14.788 [INFO] (trainer.py:120) Total Epi:   194 Steps:    3928 Episode Steps:     9 Return:  16.3016 FPS:  1.12
12:40:31.022 [INFO] (trainer.py:120) Total Epi:   195 Steps:    3951 Episode Steps:    23 Return: -54.5019 FPS:  1.42
12:40:47.276 [INFO] (trainer.py:120) Total Epi:   196 Steps:    3975 Episode Steps:    24 Return: -58.3021 FPS:  1.48
12:41:03.925 [INFO] (trainer.py:120) Total Epi:   197 Steps:    4000 Episode Steps:    25 Return: -52.9806 FPS:  1.50
12:42:18.389 [INFO] (trainer.py:148) Evaluation Total Steps:    4000 Average Reward -45.5401 over  5 episodes
12:42:21.557 [INFO] (trainer.py:120) Total Epi:   198 Steps:    4001 Episode Steps:     1 Return: -25.6043 FPS:  0.01
12:42:29.976 [INFO] (trainer.py:120) Total Epi:   199 Steps:    4011 Episode Steps:    10 Return:  16.2595 FPS:  1.19
12:42:46.434 [INFO] (trainer.py:120) Total Epi:   200 Steps:    4035 Episode Steps:    24 Return: -54.5498 FPS:  1.46
12:42:55.265 [INFO] (trainer.py:120) Total Epi:   201 Steps:    4046 Episode Steps:    11 Return:  12.2032 FPS:  1.25
12:43:11.718 [INFO] (trainer.py:120) Total Epi:   202 Steps:    4071 Episode Steps:    25 Return: -90.1748 FPS:  1.52
12:43:21.750 [INFO] (trainer.py:120) Total Epi:   203 Steps:    4085 Episode Steps:    14 Return:  5.3701 FPS:  1.40
12:43:38.408 [INFO] (trainer.py:120) Total Epi:   204 Steps:    4108 Episode Steps:    23 Return: -58.8411 FPS:  1.38
12:43:46.636 [INFO] (trainer.py:120) Total Epi:   205 Steps:    4117 Episode Steps:     9 Return:  16.6795 FPS:  1.09
12:44:03.098 [INFO] (trainer.py:120) Total Epi:   206 Steps:    4142 Episode Steps:    25 Return: -56.0012 FPS:  1.52
12:44:19.364 [INFO] (trainer.py:120) Total Epi:   207 Steps:    4166 Episode Steps:    24 Return: -54.3701 FPS:  1.48
12:44:35.819 [INFO] (trainer.py:120) Total Epi:   208 Steps:    4190 Episode Steps:    24 Return: -48.1846 FPS:  1.46
12:44:52.458 [INFO] (trainer.py:120) Total Epi:   209 Steps:    4215 Episode Steps:    25 Return: -60.4351 FPS:  1.50
12:45:08.705 [INFO] (trainer.py:120) Total Epi:   210 Steps:    4239 Episode Steps:    24 Return: -89.6323 FPS:  1.48
12:45:24.956 [INFO] (trainer.py:120) Total Epi:   211 Steps:    4263 Episode Steps:    24 Return: -43.0296 FPS:  1.48
12:45:41.412 [INFO] (trainer.py:120) Total Epi:   212 Steps:    4288 Episode Steps:    25 Return: -53.8684 FPS:  1.52
12:45:57.673 [INFO] (trainer.py:120) Total Epi:   213 Steps:    4311 Episode Steps:    23 Return: -86.2165 FPS:  1.41
12:46:07.114 [INFO] (trainer.py:120) Total Epi:   214 Steps:    4323 Episode Steps:    12 Return:  7.9067 FPS:  1.27
12:46:23.956 [INFO] (trainer.py:120) Total Epi:   215 Steps:    4346 Episode Steps:    23 Return: -56.9703 FPS:  1.37
12:46:31.989 [INFO] (trainer.py:120) Total Epi:   216 Steps:    4355 Episode Steps:     9 Return:  14.8843 FPS:  1.12
12:46:40.023 [INFO] (trainer.py:120) Total Epi:   217 Steps:    4365 Episode Steps:    10 Return:  12.8988 FPS:  1.24
12:46:47.470 [INFO] (trainer.py:120) Total Epi:   218 Steps:    4373 Episode Steps:     8 Return:  16.8826 FPS:  1.07
12:47:04.303 [INFO] (trainer.py:120) Total Epi:   219 Steps:    4397 Episode Steps:    24 Return: -42.9000 FPS:  1.43
12:47:13.125 [INFO] (trainer.py:120) Total Epi:   220 Steps:    4407 Episode Steps:    10 Return:  11.1039 FPS:  1.13
12:47:29.374 [INFO] (trainer.py:120) Total Epi:   221 Steps:    4431 Episode Steps:    24 Return: -53.0554 FPS:  1.48
12:47:46.020 [INFO] (trainer.py:120) Total Epi:   222 Steps:    4456 Episode Steps:    25 Return: -55.3819 FPS:  1.50
12:48:02.294 [INFO] (trainer.py:120) Total Epi:   223 Steps:    4480 Episode Steps:    24 Return: -59.0143 FPS:  1.47
12:49:27.421 [INFO] (trainer.py:148) Evaluation Total Steps:    4500 Average Reward -43.4844 over  5 episodes
12:49:30.443 [INFO] (trainer.py:120) Total Epi:   224 Steps:    4501 Episode Steps:    21 Return: -51.0705 FPS:  0.24
12:49:46.709 [INFO] (trainer.py:120) Total Epi:   225 Steps:    4525 Episode Steps:    24 Return: -53.8566 FPS:  1.48
12:49:53.942 [INFO] (trainer.py:120) Total Epi:   226 Steps:    4533 Episode Steps:     8 Return:  16.3373 FPS:  1.11
12:50:01.781 [INFO] (trainer.py:120) Total Epi:   227 Steps:    4542 Episode Steps:     9 Return:  16.4629 FPS:  1.15
12:50:18.052 [INFO] (trainer.py:120) Total Epi:   228 Steps:    4566 Episode Steps:    24 Return: -50.6849 FPS:  1.48
12:50:27.500 [INFO] (trainer.py:120) Total Epi:   229 Steps:    4578 Episode Steps:    12 Return:  11.1702 FPS:  1.27
12:50:37.126 [INFO] (trainer.py:120) Total Epi:   230 Steps:    4590 Episode Steps:    12 Return:  12.1063 FPS:  1.25
12:50:53.385 [INFO] (trainer.py:120) Total Epi:   231 Steps:    4613 Episode Steps:    23 Return: -53.7621 FPS:  1.41
12:51:09.642 [INFO] (trainer.py:120) Total Epi:   232 Steps:    4637 Episode Steps:    24 Return: -58.8534 FPS:  1.48
12:51:18.892 [INFO] (trainer.py:120) Total Epi:   233 Steps:    4648 Episode Steps:    11 Return:  13.6653 FPS:  1.19
12:51:27.731 [INFO] (trainer.py:120) Total Epi:   234 Steps:    4659 Episode Steps:    11 Return:  11.8340 FPS:  1.24
12:51:44.598 [INFO] (trainer.py:120) Total Epi:   235 Steps:    4684 Episode Steps:    25 Return: -56.4163 FPS:  1.48
12:51:53.051 [INFO] (trainer.py:120) Total Epi:   236 Steps:    4694 Episode Steps:    10 Return:  14.3145 FPS:  1.18
12:52:09.309 [INFO] (trainer.py:120) Total Epi:   237 Steps:    4717 Episode Steps:    23 Return: -77.3671 FPS:  1.41
12:52:18.955 [INFO] (trainer.py:120) Total Epi:   238 Steps:    4730 Episode Steps:    13 Return:  9.5157 FPS:  1.35
12:52:27.389 [INFO] (trainer.py:120) Total Epi:   239 Steps:    4740 Episode Steps:    10 Return:  14.4226 FPS:  1.19
12:52:44.049 [INFO] (trainer.py:120) Total Epi:   240 Steps:    4764 Episode Steps:    24 Return: -48.7492 FPS:  1.44
12:53:00.719 [INFO] (trainer.py:120) Total Epi:   241 Steps:    4789 Episode Steps:    25 Return: -45.3267 FPS:  1.50
12:53:17.234 [INFO] (trainer.py:120) Total Epi:   242 Steps:    4812 Episode Steps:    23 Return: -46.7405 FPS:  1.39
12:53:26.669 [INFO] (trainer.py:120) Total Epi:   243 Steps:    4824 Episode Steps:    12 Return:  12.1990 FPS:  1.27
12:53:34.710 [INFO] (trainer.py:120) Total Epi:   244 Steps:    4834 Episode Steps:    10 Return:  15.2993 FPS:  1.24
12:53:50.994 [INFO] (trainer.py:120) Total Epi:   245 Steps:    4858 Episode Steps:    24 Return: -56.2251 FPS:  1.47
12:54:07.667 [INFO] (trainer.py:120) Total Epi:   246 Steps:    4882 Episode Steps:    24 Return: -44.2646 FPS:  1.44
12:54:24.132 [INFO] (trainer.py:120) Total Epi:   247 Steps:    4903 Episode Steps:    21 Return: -71.5823 FPS:  1.28
12:54:33.574 [INFO] (trainer.py:120) Total Epi:   248 Steps:    4915 Episode Steps:    12 Return:  12.5110 FPS:  1.27
12:54:50.254 [INFO] (trainer.py:120) Total Epi:   249 Steps:    4938 Episode Steps:    23 Return: -56.6035 FPS:  1.38
12:55:06.699 [INFO] (trainer.py:120) Total Epi:   250 Steps:    4962 Episode Steps:    24 Return: -63.9094 FPS:  1.46
12:55:16.130 [INFO] (trainer.py:120) Total Epi:   251 Steps:    4974 Episode Steps:    12 Return:  10.9843 FPS:  1.27
12:55:32.389 [INFO] (trainer.py:120) Total Epi:   252 Steps:    4998 Episode Steps:    24 Return: -43.1313 FPS:  1.48
12:56:55.634 [INFO] (trainer.py:148) Evaluation Total Steps:    5000 Average Reward -57.0624 over  5 episodes
12:56:58.703 [INFO] (trainer.py:120) Total Epi:   253 Steps:    5001 Episode Steps:     3 Return: -29.0918 FPS:  0.03
12:57:14.977 [INFO] (trainer.py:120) Total Epi:   254 Steps:    5025 Episode Steps:    24 Return: -57.5064 FPS:  1.47
12:57:22.420 [INFO] (trainer.py:120) Total Epi:   255 Steps:    5034 Episode Steps:     9 Return:  14.8024 FPS:  1.21
12:57:30.452 [INFO] (trainer.py:120) Total Epi:   256 Steps:    5044 Episode Steps:    10 Return:  14.1695 FPS:  1.25
12:57:46.717 [INFO] (trainer.py:120) Total Epi:   257 Steps:    5067 Episode Steps:    23 Return: -62.3724 FPS:  1.41
12:57:56.195 [INFO] (trainer.py:120) Total Epi:   258 Steps:    5079 Episode Steps:    12 Return:  11.2797 FPS:  1.27
12:58:12.649 [INFO] (trainer.py:120) Total Epi:   259 Steps:    5103 Episode Steps:    24 Return: -53.2447 FPS:  1.46
12:58:28.964 [INFO] (trainer.py:120) Total Epi:   260 Steps:    5127 Episode Steps:    24 Return: -62.7364 FPS:  1.47
12:58:37.606 [INFO] (trainer.py:120) Total Epi:   261 Steps:    5138 Episode Steps:    11 Return:  12.8950 FPS:  1.27
12:58:46.237 [INFO] (trainer.py:120) Total Epi:   262 Steps:    5149 Episode Steps:    11 Return:  12.5404 FPS:  1.27
12:59:02.949 [INFO] (trainer.py:120) Total Epi:   263 Steps:    5174 Episode Steps:    25 Return: -48.6705 FPS:  1.50
12:59:19.617 [INFO] (trainer.py:120) Total Epi:   264 Steps:    5197 Episode Steps:    23 Return: -61.4687 FPS:  1.38
12:59:36.064 [INFO] (trainer.py:120) Total Epi:   265 Steps:    5221 Episode Steps:    24 Return: -53.5582 FPS:  1.46
12:59:52.745 [INFO] (trainer.py:120) Total Epi:   266 Steps:    5246 Episode Steps:    25 Return: -56.7677 FPS:  1.50
13:00:09.187 [INFO] (trainer.py:120) Total Epi:   267 Steps:    5270 Episode Steps:    24 Return: -45.5638 FPS:  1.46
13:00:25.730 [INFO] (trainer.py:120) Total Epi:   268 Steps:    5294 Episode Steps:    24 Return: -61.1111 FPS:  1.45
13:00:41.975 [INFO] (trainer.py:120) Total Epi:   269 Steps:    5317 Episode Steps:    23 Return: -73.0316 FPS:  1.42
13:00:58.230 [INFO] (trainer.py:120) Total Epi:   270 Steps:    5341 Episode Steps:    24 Return: -52.2759 FPS:  1.48
13:01:14.889 [INFO] (trainer.py:120) Total Epi:   271 Steps:    5366 Episode Steps:    25 Return: -62.4475 FPS:  1.50
13:01:31.540 [INFO] (trainer.py:120) Total Epi:   272 Steps:    5390 Episode Steps:    24 Return: -51.2059 FPS:  1.44
13:01:47.994 [INFO] (trainer.py:120) Total Epi:   273 Steps:    5413 Episode Steps:    23 Return: -51.4852 FPS:  1.40
13:02:04.238 [INFO] (trainer.py:120) Total Epi:   274 Steps:    5436 Episode Steps:    23 Return: -46.7461 FPS:  1.42
13:02:20.535 [INFO] (trainer.py:120) Total Epi:   275 Steps:    5460 Episode Steps:    24 Return: -60.3117 FPS:  1.47
13:02:29.159 [INFO] (trainer.py:120) Total Epi:   276 Steps:    5471 Episode Steps:    11 Return:  10.1635 FPS:  1.28
13:02:45.825 [INFO] (trainer.py:120) Total Epi:   277 Steps:    5497 Episode Steps:    26 Return: -80.1839 FPS:  1.56
13:04:01.885 [INFO] (trainer.py:148) Evaluation Total Steps:    5500 Average Reward -45.7827 over  5 episodes
13:04:12.366 [INFO] (trainer.py:120) Total Epi:   278 Steps:    5514 Episode Steps:    17 Return: -39.0514 FPS:  0.20
13:04:28.831 [INFO] (trainer.py:120) Total Epi:   279 Steps:    5539 Episode Steps:    25 Return: -58.5275 FPS:  1.52
13:04:45.501 [INFO] (trainer.py:120) Total Epi:   280 Steps:    5564 Episode Steps:    25 Return: -58.0216 FPS:  1.50
13:05:01.968 [INFO] (trainer.py:120) Total Epi:   281 Steps:    5588 Episode Steps:    24 Return: -45.7671 FPS:  1.46
13:05:18.515 [INFO] (trainer.py:120) Total Epi:   282 Steps:    5611 Episode Steps:    23 Return: -46.3338 FPS:  1.39
13:05:35.188 [INFO] (trainer.py:120) Total Epi:   283 Steps:    5635 Episode Steps:    24 Return: -53.9363 FPS:  1.44
13:05:51.876 [INFO] (trainer.py:120) Total Epi:   284 Steps:    5660 Episode Steps:    25 Return: -54.9421 FPS:  1.50
13:06:08.538 [INFO] (trainer.py:120) Total Epi:   285 Steps:    5685 Episode Steps:    25 Return: -47.7129 FPS:  1.50
13:06:24.801 [INFO] (trainer.py:120) Total Epi:   286 Steps:    5708 Episode Steps:    23 Return: -48.1465 FPS:  1.41
13:06:41.275 [INFO] (trainer.py:120) Total Epi:   287 Steps:    5732 Episode Steps:    24 Return: -51.5610 FPS:  1.46
13:06:57.747 [INFO] (trainer.py:120) Total Epi:   288 Steps:    5756 Episode Steps:    24 Return: -53.5276 FPS:  1.46
13:07:14.004 [INFO] (trainer.py:120) Total Epi:   289 Steps:    5780 Episode Steps:    24 Return: -53.9101 FPS:  1.48
13:07:30.269 [INFO] (trainer.py:120) Total Epi:   290 Steps:    5804 Episode Steps:    24 Return: -44.8897 FPS:  1.48
13:07:46.721 [INFO] (trainer.py:120) Total Epi:   291 Steps:    5828 Episode Steps:    24 Return: -43.9442 FPS:  1.46
13:07:55.366 [INFO] (trainer.py:120) Total Epi:   292 Steps:    5839 Episode Steps:    11 Return:  13.9153 FPS:  1.27
13:08:04.460 [INFO] (trainer.py:120) Total Epi:   293 Steps:    5851 Episode Steps:    12 Return:  8.9071 FPS:  1.32
13:08:20.779 [INFO] (trainer.py:120) Total Epi:   294 Steps:    5874 Episode Steps:    23 Return: -45.3030 FPS:  1.41
13:08:37.644 [INFO] (trainer.py:120) Total Epi:   295 Steps:    5898 Episode Steps:    24 Return: -55.3118 FPS:  1.42
13:08:53.903 [INFO] (trainer.py:120) Total Epi:   296 Steps:    5920 Episode Steps:    22 Return: -56.7767 FPS:  1.35
13:09:10.207 [INFO] (trainer.py:120) Total Epi:   297 Steps:    5945 Episode Steps:    25 Return: -57.9106 FPS:  1.53
13:09:18.236 [INFO] (trainer.py:120) Total Epi:   298 Steps:    5955 Episode Steps:    10 Return:  15.0225 FPS:  1.25
13:09:26.880 [INFO] (trainer.py:120) Total Epi:   299 Steps:    5966 Episode Steps:    11 Return:  12.5798 FPS:  1.27
13:09:43.340 [INFO] (trainer.py:120) Total Epi:   300 Steps:    5991 Episode Steps:    25 Return: -46.1039 FPS:  1.52
13:11:02.656 [INFO] (trainer.py:148) Evaluation Total Steps:    6000 Average Reward -44.5866 over  5 episodes
13:11:13.616 [INFO] (trainer.py:120) Total Epi:   301 Steps:    6014 Episode Steps:    23 Return: -58.7780 FPS:  0.25
13:11:21.899 [INFO] (trainer.py:120) Total Epi:   302 Steps:    6024 Episode Steps:    10 Return:  14.1099 FPS:  1.21
13:11:38.559 [INFO] (trainer.py:120) Total Epi:   303 Steps:    6048 Episode Steps:    24 Return: -51.1648 FPS:  1.44
13:11:55.235 [INFO] (trainer.py:120) Total Epi:   304 Steps:    6072 Episode Steps:    24 Return: -43.9780 FPS:  1.44
13:12:04.077 [INFO] (trainer.py:120) Total Epi:   305 Steps:    6082 Episode Steps:    10 Return:  12.0373 FPS:  1.13
13:12:11.918 [INFO] (trainer.py:120) Total Epi:   306 Steps:    6091 Episode Steps:     9 Return:  14.2849 FPS:  1.15
13:12:28.197 [INFO] (trainer.py:120) Total Epi:   307 Steps:    6115 Episode Steps:    24 Return: -59.7277 FPS:  1.47
13:12:36.840 [INFO] (trainer.py:120) Total Epi:   308 Steps:    6126 Episode Steps:    11 Return:  14.5102 FPS:  1.27
13:12:53.508 [INFO] (trainer.py:120) Total Epi:   309 Steps:    6150 Episode Steps:    24 Return: -42.6080 FPS:  1.44
13:13:10.240 [INFO] (trainer.py:120) Total Epi:   310 Steps:    6176 Episode Steps:    26 Return: -62.2360 FPS:  1.55
13:13:18.478 [INFO] (trainer.py:120) Total Epi:   311 Steps:    6186 Episode Steps:    10 Return:  15.0545 FPS:  1.21
13:13:34.955 [INFO] (trainer.py:120) Total Epi:   312 Steps:    6210 Episode Steps:    24 Return: -57.6249 FPS:  1.46
13:13:43.400 [INFO] (trainer.py:120) Total Epi:   313 Steps:    6220 Episode Steps:    10 Return:  14.1044 FPS:  1.18
13:13:51.875 [INFO] (trainer.py:120) Total Epi:   314 Steps:    6230 Episode Steps:    10 Return:  12.8683 FPS:  1.18
13:14:01.149 [INFO] (trainer.py:120) Total Epi:   315 Steps:    6242 Episode Steps:    12 Return:  12.7254 FPS:  1.29
13:14:17.811 [INFO] (trainer.py:120) Total Epi:   316 Steps:    6266 Episode Steps:    24 Return: -59.1470 FPS:  1.44
13:14:34.087 [INFO] (trainer.py:120) Total Epi:   317 Steps:    6291 Episode Steps:    25 Return: -47.6640 FPS:  1.54
13:14:50.348 [INFO] (trainer.py:120) Total Epi:   318 Steps:    6315 Episode Steps:    24 Return: -61.8868 FPS:  1.48
13:14:59.998 [INFO] (trainer.py:120) Total Epi:   319 Steps:    6328 Episode Steps:    13 Return:  12.2982 FPS:  1.35
13:15:08.471 [INFO] (trainer.py:120) Total Epi:   320 Steps:    6338 Episode Steps:    10 Return:  14.2967 FPS:  1.18
13:15:17.110 [INFO] (trainer.py:120) Total Epi:   321 Steps:    6349 Episode Steps:    11 Return:  13.9590 FPS:  1.27
13:15:33.375 [INFO] (trainer.py:120) Total Epi:   322 Steps:    6374 Episode Steps:    25 Return: -67.5643 FPS:  1.54
13:15:49.641 [INFO] (trainer.py:120) Total Epi:   323 Steps:    6399 Episode Steps:    25 Return: -55.3844 FPS:  1.54
13:16:05.916 [INFO] (trainer.py:120) Total Epi:   324 Steps:    6423 Episode Steps:    24 Return: -54.1423 FPS:  1.47
13:16:15.413 [INFO] (trainer.py:120) Total Epi:   325 Steps:    6435 Episode Steps:    12 Return:  12.6577 FPS:  1.26
13:16:24.068 [INFO] (trainer.py:120) Total Epi:   326 Steps:    6445 Episode Steps:    10 Return:  14.2255 FPS:  1.16
13:16:32.116 [INFO] (trainer.py:120) Total Epi:   327 Steps:    6454 Episode Steps:     9 Return:  14.8005 FPS:  1.12
13:16:48.799 [INFO] (trainer.py:120) Total Epi:   328 Steps:    6479 Episode Steps:    25 Return: -47.8478 FPS:  1.50
13:18:07.112 [INFO] (trainer.py:148) Evaluation Total Steps:    6500 Average Reward -30.2786 over  5 episodes
13:18:10.250 [INFO] (trainer.py:120) Total Epi:   329 Steps:    6501 Episode Steps:    22 Return: -55.6874 FPS:  0.27
13:18:26.910 [INFO] (trainer.py:120) Total Epi:   330 Steps:    6526 Episode Steps:    25 Return: -60.1922 FPS:  1.50
13:18:43.611 [INFO] (trainer.py:120) Total Epi:   331 Steps:    6551 Episode Steps:    25 Return: -56.4791 FPS:  1.50
13:18:51.663 [INFO] (trainer.py:120) Total Epi:   332 Steps:    6560 Episode Steps:     9 Return:  14.7453 FPS:  1.12
13:19:07.948 [INFO] (trainer.py:120) Total Epi:   333 Steps:    6584 Episode Steps:    24 Return: -57.7908 FPS:  1.47
13:19:18.810 [INFO] (trainer.py:120) Total Epi:   334 Steps:    6599 Episode Steps:    15 Return:  8.8333 FPS:  1.38
13:19:26.466 [INFO] (trainer.py:120) Total Epi:   335 Steps:    6607 Episode Steps:     8 Return:  16.7986 FPS:  1.05
13:19:42.749 [INFO] (trainer.py:120) Total Epi:   336 Steps:    6631 Episode Steps:    24 Return: -57.1766 FPS:  1.47
13:19:59.236 [INFO] (trainer.py:120) Total Epi:   337 Steps:    6656 Episode Steps:    25 Return: -51.8648 FPS:  1.52
13:20:07.299 [INFO] (trainer.py:120) Total Epi:   338 Steps:    6666 Episode Steps:    10 Return:  12.8338 FPS:  1.24
13:20:24.196 [INFO] (trainer.py:120) Total Epi:   339 Steps:    6691 Episode Steps:    25 Return: -64.0316 FPS:  1.48
13:20:40.670 [INFO] (trainer.py:120) Total Epi:   340 Steps:    6714 Episode Steps:    23 Return: -62.9069 FPS:  1.40
13:20:57.360 [INFO] (trainer.py:120) Total Epi:   341 Steps:    6738 Episode Steps:    24 Return: -50.8840 FPS:  1.44
13:21:13.632 [INFO] (trainer.py:120) Total Epi:   342 Steps:    6763 Episode Steps:    25 Return: -58.2168 FPS:  1.54
13:21:30.109 [INFO] (trainer.py:120) Total Epi:   343 Steps:    6788 Episode Steps:    25 Return: -53.1026 FPS:  1.52
13:21:46.379 [INFO] (trainer.py:120) Total Epi:   344 Steps:    6811 Episode Steps:    23 Return: -62.5129 FPS:  1.41
13:21:53.844 [INFO] (trainer.py:120) Total Epi:   345 Steps:    6820 Episode Steps:     9 Return:  14.9023 FPS:  1.21
13:22:10.556 [INFO] (trainer.py:120) Total Epi:   346 Steps:    6844 Episode Steps:    24 Return: -49.5254 FPS:  1.44
13:22:21.633 [INFO] (trainer.py:120) Total Epi:   347 Steps:    6858 Episode Steps:    14 Return:  10.4199 FPS:  1.26
13:22:31.488 [INFO] (trainer.py:120) Total Epi:   348 Steps:    6871 Episode Steps:    13 Return:  9.3131 FPS:  1.32
13:22:42.008 [INFO] (trainer.py:120) Total Epi:   349 Steps:    6883 Episode Steps:    12 Return:  15.1466 FPS:  1.14
13:22:51.293 [INFO] (trainer.py:120) Total Epi:   350 Steps:    6895 Episode Steps:    12 Return:  9.7959 FPS:  1.29
13:23:07.955 [INFO] (trainer.py:120) Total Epi:   351 Steps:    6918 Episode Steps:    23 Return: -51.5197 FPS:  1.38
13:23:24.255 [INFO] (trainer.py:120) Total Epi:   352 Steps:    6943 Episode Steps:    25 Return: -56.0071 FPS:  1.53
13:23:34.509 [INFO] (trainer.py:120) Total Epi:   353 Steps:    6957 Episode Steps:    14 Return:  12.3236 FPS:  1.37
13:23:46.008 [INFO] (trainer.py:120) Total Epi:   354 Steps:    6973 Episode Steps:    16 Return:  6.5671 FPS:  1.39
13:23:53.878 [INFO] (trainer.py:120) Total Epi:   355 Steps:    6982 Episode Steps:     9 Return:  14.9689 FPS:  1.14
13:25:12.917 [INFO] (trainer.py:148) Evaluation Total Steps:    7000 Average Reward -30.7585 over  5 episodes
13:25:15.910 [INFO] (trainer.py:120) Total Epi:   356 Steps:    7001 Episode Steps:    19 Return: -52.1270 FPS:  0.23
13:25:32.584 [INFO] (trainer.py:120) Total Epi:   357 Steps:    7026 Episode Steps:    25 Return: -63.5555 FPS:  1.50
13:25:49.263 [INFO] (trainer.py:120) Total Epi:   358 Steps:    7051 Episode Steps:    25 Return: -55.9012 FPS:  1.50
13:26:05.534 [INFO] (trainer.py:120) Total Epi:   359 Steps:    7075 Episode Steps:    24 Return: -49.9410 FPS:  1.48
13:26:21.854 [INFO] (trainer.py:120) Total Epi:   360 Steps:    7099 Episode Steps:    24 Return: -57.6386 FPS:  1.47
13:26:38.535 [INFO] (trainer.py:120) Total Epi:   361 Steps:    7122 Episode Steps:    23 Return: -50.5985 FPS:  1.38
13:26:54.866 [INFO] (trainer.py:120) Total Epi:   362 Steps:    7147 Episode Steps:    25 Return: -55.5682 FPS:  1.53
13:27:11.162 [INFO] (trainer.py:120) Total Epi:   363 Steps:    7171 Episode Steps:    24 Return: -55.2738 FPS:  1.47
13:27:27.660 [INFO] (trainer.py:120) Total Epi:   364 Steps:    7195 Episode Steps:    24 Return: -51.1257 FPS:  1.45
13:27:38.940 [INFO] (trainer.py:120) Total Epi:   365 Steps:    7210 Episode Steps:    15 Return:  7.4015 FPS:  1.33
13:27:50.592 [INFO] (trainer.py:120) Total Epi:   366 Steps:    7226 Episode Steps:    16 Return:  5.8083 FPS:  1.37
13:27:59.475 [INFO] (trainer.py:120) Total Epi:   367 Steps:    7237 Episode Steps:    11 Return:  13.3783 FPS:  1.24
13:28:15.817 [INFO] (trainer.py:120) Total Epi:   368 Steps:    7262 Episode Steps:    25 Return: -57.4376 FPS:  1.53
13:28:24.886 [INFO] (trainer.py:120) Total Epi:   369 Steps:    7273 Episode Steps:    11 Return:  13.2803 FPS:  1.21
13:28:41.366 [INFO] (trainer.py:120) Total Epi:   370 Steps:    7297 Episode Steps:    24 Return: -51.2571 FPS:  1.46
13:28:49.632 [INFO] (trainer.py:120) Total Epi:   371 Steps:    7306 Episode Steps:     9 Return:  14.8383 FPS:  1.09
13:29:01.312 [INFO] (trainer.py:120) Total Epi:   372 Steps:    7321 Episode Steps:    15 Return:  7.7319 FPS:  1.28
13:29:18.191 [INFO] (trainer.py:120) Total Epi:   373 Steps:    7345 Episode Steps:    24 Return: -47.3620 FPS:  1.42
13:29:34.672 [INFO] (trainer.py:120) Total Epi:   374 Steps:    7369 Episode Steps:    24 Return: -59.9516 FPS:  1.46
13:29:51.424 [INFO] (trainer.py:120) Total Epi:   375 Steps:    7394 Episode Steps:    25 Return: -46.2177 FPS:  1.49
13:30:07.952 [INFO] (trainer.py:120) Total Epi:   376 Steps:    7418 Episode Steps:    24 Return: -54.7989 FPS:  1.45
13:30:24.877 [INFO] (trainer.py:120) Total Epi:   377 Steps:    7442 Episode Steps:    24 Return: -50.9318 FPS:  1.42
13:30:41.591 [INFO] (trainer.py:120) Total Epi:   378 Steps:    7466 Episode Steps:    24 Return: -59.2359 FPS:  1.44
