17:04:33.048 [INFO] (trainer.py:76) Restored model_SACslow/ckpt-608
17:04:52.039 [INFO] (trainer.py:120) Total Epi:     1 Steps:      21 Episode Steps:    21 Return: -49.0036 FPS:  1.11
17:05:08.270 [INFO] (trainer.py:120) Total Epi:     2 Steps:      50 Episode Steps:    29 Return: -56.5344 FPS:  1.79
17:05:24.505 [INFO] (trainer.py:120) Total Epi:     3 Steps:      79 Episode Steps:    29 Return: -61.1103 FPS:  1.79
17:05:40.925 [INFO] (trainer.py:120) Total Epi:     4 Steps:     108 Episode Steps:    29 Return: -71.7950 FPS:  1.77
17:05:57.166 [INFO] (trainer.py:120) Total Epi:     5 Steps:     137 Episode Steps:    29 Return: -51.1156 FPS:  1.79
17:06:07.383 [INFO] (trainer.py:120) Total Epi:     6 Steps:     153 Episode Steps:    16 Return:  14.5066 FPS:  1.57
17:06:23.888 [INFO] (trainer.py:120) Total Epi:     7 Steps:     181 Episode Steps:    28 Return: -51.2260 FPS:  1.70
17:06:32.484 [INFO] (trainer.py:120) Total Epi:     8 Steps:     193 Episode Steps:    12 Return: -101.3635 FPS:  1.40
17:06:48.706 [INFO] (trainer.py:120) Total Epi:     9 Steps:     220 Episode Steps:    27 Return: -60.3657 FPS:  1.66
17:07:05.155 [INFO] (trainer.py:120) Total Epi:    10 Steps:     249 Episode Steps:    29 Return: -69.4283 FPS:  1.76
17:07:21.422 [INFO] (trainer.py:120) Total Epi:    11 Steps:     277 Episode Steps:    28 Return: -50.9515 FPS:  1.72
17:07:37.662 [INFO] (trainer.py:120) Total Epi:    12 Steps:     305 Episode Steps:    28 Return: -51.7556 FPS:  1.72
17:07:54.289 [INFO] (trainer.py:120) Total Epi:    13 Steps:     334 Episode Steps:    29 Return: -60.7438 FPS:  1.74
17:08:10.526 [INFO] (trainer.py:120) Total Epi:    14 Steps:     363 Episode Steps:    29 Return: -61.2024 FPS:  1.79
17:08:19.727 [INFO] (trainer.py:120) Total Epi:    15 Steps:     377 Episode Steps:    14 Return: -107.5447 FPS:  1.52
17:08:36.347 [INFO] (trainer.py:120) Total Epi:    16 Steps:     406 Episode Steps:    29 Return: -57.1140 FPS:  1.75
17:08:42.563 [INFO] (trainer.py:120) Total Epi:    17 Steps:     414 Episode Steps:     8 Return:  17.9398 FPS:  1.29
17:08:58.778 [INFO] (trainer.py:120) Total Epi:    18 Steps:     443 Episode Steps:    29 Return: -47.1114 FPS:  1.79
17:09:15.209 [INFO] (trainer.py:120) Total Epi:    19 Steps:     472 Episode Steps:    29 Return: -71.8958 FPS:  1.76
17:09:20.607 [INFO] (trainer.py:120) Total Epi:    20 Steps:     478 Episode Steps:     6 Return:  20.6331 FPS:  1.11
17:09:26.012 [INFO] (trainer.py:120) Total Epi:    21 Steps:     484 Episode Steps:     6 Return:  20.5740 FPS:  1.11
17:09:31.401 [INFO] (trainer.py:120) Total Epi:    22 Steps:     490 Episode Steps:     6 Return:  20.4460 FPS:  1.11
17:09:37.810 [INFO] (trainer.py:120) Total Epi:    23 Steps:     498 Episode Steps:     8 Return: -84.4312 FPS:  1.25
17:10:49.330 [INFO] (trainer.py:148) Evaluation Total Steps:     500 Average Reward -36.0048 over  5 episodes
17:10:52.313 [INFO] (trainer.py:120) Total Epi:    24 Steps:     501 Episode Steps:     3 Return: -29.4171 FPS:  0.04
17:10:56.712 [INFO] (trainer.py:120) Total Epi:    25 Steps:     505 Episode Steps:     4 Return:  21.8830 FPS:  0.91
17:11:01.522 [INFO] (trainer.py:120) Total Epi:    26 Steps:     510 Episode Steps:     5 Return:  21.5231 FPS:  1.04
17:11:11.137 [INFO] (trainer.py:120) Total Epi:    27 Steps:     525 Episode Steps:    15 Return:  17.1935 FPS:  1.56
17:11:15.536 [INFO] (trainer.py:120) Total Epi:    28 Steps:     529 Episode Steps:     4 Return:  21.8278 FPS:  0.91
17:11:21.337 [INFO] (trainer.py:120) Total Epi:    29 Steps:     536 Episode Steps:     7 Return:  20.0397 FPS:  1.21
17:11:37.775 [INFO] (trainer.py:120) Total Epi:    30 Steps:     565 Episode Steps:    29 Return: -64.1980 FPS:  1.76
17:11:46.982 [INFO] (trainer.py:120) Total Epi:    31 Steps:     579 Episode Steps:    14 Return:  12.6244 FPS:  1.52
17:12:03.614 [INFO] (trainer.py:120) Total Epi:    32 Steps:     608 Episode Steps:    29 Return: -64.4326 FPS:  1.74
17:12:12.834 [INFO] (trainer.py:120) Total Epi:    33 Steps:     622 Episode Steps:    14 Return:  12.5002 FPS:  1.52
17:12:29.249 [INFO] (trainer.py:120) Total Epi:    34 Steps:     651 Episode Steps:    29 Return: -74.5829 FPS:  1.77
17:12:45.689 [INFO] (trainer.py:120) Total Epi:    35 Steps:     680 Episode Steps:    29 Return: -47.2485 FPS:  1.76
17:12:51.886 [INFO] (trainer.py:120) Total Epi:    36 Steps:     688 Episode Steps:     8 Return: -83.9991 FPS:  1.29
17:12:56.703 [INFO] (trainer.py:120) Total Epi:    37 Steps:     693 Episode Steps:     5 Return:  21.0869 FPS:  1.04
17:13:04.117 [INFO] (trainer.py:120) Total Epi:    38 Steps:     703 Episode Steps:    10 Return:  13.7124 FPS:  1.35
17:13:17.562 [INFO] (trainer.py:120) Total Epi:    39 Steps:     726 Episode Steps:    23 Return:  7.7425 FPS:  1.71
17:13:25.374 [INFO] (trainer.py:120) Total Epi:    40 Steps:     737 Episode Steps:    11 Return:  12.9690 FPS:  1.41
17:13:31.568 [INFO] (trainer.py:120) Total Epi:    41 Steps:     745 Episode Steps:     8 Return: -83.9146 FPS:  1.29
17:13:47.805 [INFO] (trainer.py:120) Total Epi:    42 Steps:     774 Episode Steps:    29 Return: -55.5980 FPS:  1.79
17:14:04.441 [INFO] (trainer.py:120) Total Epi:    43 Steps:     803 Episode Steps:    29 Return: -47.7548 FPS:  1.74
17:14:20.884 [INFO] (trainer.py:120) Total Epi:    44 Steps:     832 Episode Steps:    29 Return: -42.6440 FPS:  1.76
17:14:26.282 [INFO] (trainer.py:120) Total Epi:    45 Steps:     838 Episode Steps:     6 Return:  20.4800 FPS:  1.11
17:14:42.737 [INFO] (trainer.py:120) Total Epi:    46 Steps:     867 Episode Steps:    29 Return: -55.9257 FPS:  1.76
17:14:59.175 [INFO] (trainer.py:120) Total Epi:    47 Steps:     896 Episode Steps:    29 Return: -50.5504 FPS:  1.76
17:15:15.423 [INFO] (trainer.py:120) Total Epi:    48 Steps:     924 Episode Steps:    28 Return: -56.5377 FPS:  1.72
17:15:31.857 [INFO] (trainer.py:120) Total Epi:    49 Steps:     953 Episode Steps:    29 Return: -72.2204 FPS:  1.76
17:15:48.301 [INFO] (trainer.py:120) Total Epi:    50 Steps:     982 Episode Steps:    29 Return: -73.1570 FPS:  1.76
