15:12:30.621 [INFO] (trainer.py:76) Restored model_SACslow/ckpt-594
15:12:49.655 [INFO] (trainer.py:120) Total Epi:     1 Steps:      21 Episode Steps:    21 Return: -43.7196 FPS:  1.10
15:13:05.876 [INFO] (trainer.py:120) Total Epi:     2 Steps:      49 Episode Steps:    28 Return: -45.3803 FPS:  1.73
15:13:22.299 [INFO] (trainer.py:120) Total Epi:     3 Steps:      78 Episode Steps:    29 Return: -56.8650 FPS:  1.77
15:13:27.089 [INFO] (trainer.py:120) Total Epi:     4 Steps:      83 Episode Steps:     5 Return:  21.2524 FPS:  1.04
15:13:43.496 [INFO] (trainer.py:120) Total Epi:     5 Steps:     112 Episode Steps:    29 Return: -45.1491 FPS:  1.77
15:13:50.086 [INFO] (trainer.py:120) Total Epi:     6 Steps:     121 Episode Steps:     9 Return:  16.8150 FPS:  1.37
15:14:06.307 [INFO] (trainer.py:120) Total Epi:     7 Steps:     150 Episode Steps:    29 Return: -62.4551 FPS:  1.79
15:14:22.514 [INFO] (trainer.py:120) Total Epi:     8 Steps:     179 Episode Steps:    29 Return: -59.1400 FPS:  1.79
15:14:38.936 [INFO] (trainer.py:120) Total Epi:     9 Steps:     208 Episode Steps:    29 Return: -75.6158 FPS:  1.77
15:14:55.151 [INFO] (trainer.py:120) Total Epi:    10 Steps:     237 Episode Steps:    29 Return: -68.7168 FPS:  1.79
15:15:11.378 [INFO] (trainer.py:120) Total Epi:    11 Steps:     266 Episode Steps:    29 Return: -71.8732 FPS:  1.79
15:15:27.596 [INFO] (trainer.py:120) Total Epi:    12 Steps:     295 Episode Steps:    29 Return: -56.0102 FPS:  1.79
15:15:43.808 [INFO] (trainer.py:120) Total Epi:    13 Steps:     324 Episode Steps:    29 Return: -73.7047 FPS:  1.79
15:16:00.232 [INFO] (trainer.py:120) Total Epi:    14 Steps:     353 Episode Steps:    29 Return: -71.5983 FPS:  1.77
15:16:16.456 [INFO] (trainer.py:120) Total Epi:    15 Steps:     382 Episode Steps:    29 Return: -61.0942 FPS:  1.79
15:16:32.682 [INFO] (trainer.py:120) Total Epi:    16 Steps:     410 Episode Steps:    28 Return: -54.9302 FPS:  1.73
15:16:49.109 [INFO] (trainer.py:120) Total Epi:    17 Steps:     439 Episode Steps:    29 Return: -62.2722 FPS:  1.77
15:17:05.536 [INFO] (trainer.py:120) Total Epi:    18 Steps:     468 Episode Steps:    29 Return: -62.0837 FPS:  1.77
15:17:21.753 [INFO] (trainer.py:120) Total Epi:    19 Steps:     497 Episode Steps:    29 Return: -62.5574 FPS:  1.79
15:18:35.101 [INFO] (trainer.py:148) Evaluation Total Steps:     500 Average Reward -38.6200 over  5 episodes
15:18:38.069 [INFO] (trainer.py:120) Total Epi:    20 Steps:     501 Episode Steps:     4 Return: -32.3693 FPS:  0.05
15:18:54.287 [INFO] (trainer.py:120) Total Epi:    21 Steps:     530 Episode Steps:    29 Return: -70.8348 FPS:  1.79
15:19:10.708 [INFO] (trainer.py:120) Total Epi:    22 Steps:     559 Episode Steps:    29 Return: -61.8411 FPS:  1.77
15:19:26.937 [INFO] (trainer.py:120) Total Epi:    23 Steps:     588 Episode Steps:    29 Return: -55.2639 FPS:  1.79
15:19:43.354 [INFO] (trainer.py:120) Total Epi:    24 Steps:     617 Episode Steps:    29 Return: -62.8728 FPS:  1.77
15:19:59.603 [INFO] (trainer.py:120) Total Epi:    25 Steps:     646 Episode Steps:    29 Return: -60.6854 FPS:  1.78
15:20:15.823 [INFO] (trainer.py:120) Total Epi:    26 Steps:     675 Episode Steps:    29 Return: -55.1719 FPS:  1.79
15:20:32.454 [INFO] (trainer.py:120) Total Epi:    27 Steps:     704 Episode Steps:    29 Return: -57.4463 FPS:  1.74
15:20:48.675 [INFO] (trainer.py:120) Total Epi:    28 Steps:     733 Episode Steps:    29 Return: -57.2780 FPS:  1.79
15:21:04.907 [INFO] (trainer.py:120) Total Epi:    29 Steps:     762 Episode Steps:    29 Return: -54.2655 FPS:  1.79
15:21:21.349 [INFO] (trainer.py:120) Total Epi:    30 Steps:     791 Episode Steps:    29 Return: -46.9770 FPS:  1.76
15:21:37.976 [INFO] (trainer.py:120) Total Epi:    31 Steps:     820 Episode Steps:    29 Return: -58.9706 FPS:  1.74
15:21:54.411 [INFO] (trainer.py:120) Total Epi:    32 Steps:     849 Episode Steps:    29 Return: -45.5081 FPS:  1.76
15:22:01.020 [INFO] (trainer.py:120) Total Epi:    33 Steps:     858 Episode Steps:     9 Return:  19.2243 FPS:  1.36
15:22:17.453 [INFO] (trainer.py:120) Total Epi:    34 Steps:     887 Episode Steps:    29 Return: -71.6007 FPS:  1.76
15:22:33.678 [INFO] (trainer.py:120) Total Epi:    35 Steps:     915 Episode Steps:    28 Return: -68.4264 FPS:  1.73
15:22:38.489 [INFO] (trainer.py:120) Total Epi:    36 Steps:     920 Episode Steps:     5 Return:  21.2038 FPS:  1.04
15:22:54.915 [INFO] (trainer.py:120) Total Epi:    37 Steps:     949 Episode Steps:    29 Return: -68.5371 FPS:  1.77
15:23:11.350 [INFO] (trainer.py:120) Total Epi:    38 Steps:     978 Episode Steps:    29 Return: -42.8231 FPS:  1.76
15:23:23.770 [INFO] (trainer.py:120) Total Epi:    39 Steps:     999 Episode Steps:    21 Return:  10.2594 FPS:  1.69
15:24:35.974 [INFO] (trainer.py:148) Evaluation Total Steps:    1000 Average Reward -45.6959 over  5 episodes
15:24:38.924 [INFO] (trainer.py:120) Total Epi:    40 Steps:    1001 Episode Steps:     2 Return: -28.1946 FPS:  0.03
15:24:55.157 [INFO] (trainer.py:120) Total Epi:    41 Steps:    1030 Episode Steps:    29 Return: -69.9162 FPS:  1.79
15:25:04.158 [INFO] (trainer.py:120) Total Epi:    42 Steps:    1044 Episode Steps:    14 Return:  15.1278 FPS:  1.56
15:25:20.391 [INFO] (trainer.py:120) Total Epi:    43 Steps:    1073 Episode Steps:    29 Return: -56.8823 FPS:  1.79
15:25:37.032 [INFO] (trainer.py:120) Total Epi:    44 Steps:    1102 Episode Steps:    29 Return: -66.4743 FPS:  1.74
15:25:53.256 [INFO] (trainer.py:120) Total Epi:    45 Steps:    1131 Episode Steps:    29 Return: -71.2804 FPS:  1.79
15:26:00.056 [INFO] (trainer.py:120) Total Epi:    46 Steps:    1140 Episode Steps:     9 Return:  19.2215 FPS:  1.32
15:26:16.488 [INFO] (trainer.py:120) Total Epi:    47 Steps:    1169 Episode Steps:    29 Return: -40.6287 FPS:  1.77
15:26:32.916 [INFO] (trainer.py:120) Total Epi:    48 Steps:    1198 Episode Steps:    29 Return: -55.6011 FPS:  1.77
15:26:49.153 [INFO] (trainer.py:120) Total Epi:    49 Steps:    1226 Episode Steps:    28 Return: -60.5004 FPS:  1.72
15:27:05.384 [INFO] (trainer.py:120) Total Epi:    50 Steps:    1255 Episode Steps:    29 Return: -51.8203 FPS:  1.79
15:27:21.827 [INFO] (trainer.py:120) Total Epi:    51 Steps:    1284 Episode Steps:    29 Return: -41.3657 FPS:  1.76
15:27:38.451 [INFO] (trainer.py:120) Total Epi:    52 Steps:    1313 Episode Steps:    29 Return: -56.9806 FPS:  1.74
15:27:54.674 [INFO] (trainer.py:120) Total Epi:    53 Steps:    1342 Episode Steps:    29 Return: -60.2397 FPS:  1.79
15:28:03.288 [INFO] (trainer.py:120) Total Epi:    54 Steps:    1355 Episode Steps:    13 Return:  15.2406 FPS:  1.51
15:28:08.681 [INFO] (trainer.py:120) Total Epi:    55 Steps:    1361 Episode Steps:     6 Return:  20.6919 FPS:  1.11
15:28:25.111 [INFO] (trainer.py:120) Total Epi:    56 Steps:    1390 Episode Steps:    29 Return: -58.3083 FPS:  1.77
15:28:41.563 [INFO] (trainer.py:120) Total Epi:    57 Steps:    1419 Episode Steps:    29 Return: -71.9064 FPS:  1.76
15:28:57.804 [INFO] (trainer.py:120) Total Epi:    58 Steps:    1448 Episode Steps:    29 Return: -41.1053 FPS:  1.79
15:29:14.038 [INFO] (trainer.py:120) Total Epi:    59 Steps:    1477 Episode Steps:    29 Return: -60.8629 FPS:  1.79
15:29:23.064 [INFO] (trainer.py:120) Total Epi:    60 Steps:    1490 Episode Steps:    13 Return:  14.9840 FPS:  1.44
