14:42:34.804 [INFO] (trainer.py:76) Restored model_TD3_staticslow/ckpt-82
14:42:46.223 [INFO] (trainer.py:120) Total Epi:     1 Steps:       7 Episode Steps:     7 Return:  19.7440 FPS:  0.61
14:42:52.007 [INFO] (trainer.py:120) Total Epi:     2 Steps:      14 Episode Steps:     7 Return:  19.0443 FPS:  1.21
14:43:08.224 [INFO] (trainer.py:120) Total Epi:     3 Steps:      42 Episode Steps:    28 Return: -59.6098 FPS:  1.73
14:43:24.852 [INFO] (trainer.py:120) Total Epi:     4 Steps:      71 Episode Steps:    29 Return: -67.0647 FPS:  1.74
14:43:41.082 [INFO] (trainer.py:120) Total Epi:     5 Steps:      99 Episode Steps:    28 Return: -66.5924 FPS:  1.73
14:43:57.295 [INFO] (trainer.py:120) Total Epi:     6 Steps:     127 Episode Steps:    28 Return: -61.7963 FPS:  1.73
14:44:13.517 [INFO] (trainer.py:120) Total Epi:     7 Steps:     155 Episode Steps:    28 Return: -63.2022 FPS:  1.73
14:44:29.720 [INFO] (trainer.py:120) Total Epi:     8 Steps:     183 Episode Steps:    28 Return: -60.8629 FPS:  1.73
14:44:45.941 [INFO] (trainer.py:120) Total Epi:     9 Steps:     211 Episode Steps:    28 Return: -60.3759 FPS:  1.73
14:45:02.534 [INFO] (trainer.py:120) Total Epi:    10 Steps:     239 Episode Steps:    28 Return: -58.7398 FPS:  1.69
14:45:08.950 [INFO] (trainer.py:120) Total Epi:    11 Steps:     247 Episode Steps:     8 Return:  17.3163 FPS:  1.25
14:45:25.363 [INFO] (trainer.py:120) Total Epi:    12 Steps:     276 Episode Steps:    29 Return: -60.6469 FPS:  1.77
14:45:41.570 [INFO] (trainer.py:120) Total Epi:    13 Steps:     304 Episode Steps:    28 Return: -59.1243 FPS:  1.73
14:45:57.793 [INFO] (trainer.py:120) Total Epi:    14 Steps:     332 Episode Steps:    28 Return: -58.4391 FPS:  1.73
14:46:03.180 [INFO] (trainer.py:120) Total Epi:    15 Steps:     338 Episode Steps:     6 Return:  19.7145 FPS:  1.11
14:46:19.394 [INFO] (trainer.py:120) Total Epi:    16 Steps:     366 Episode Steps:    28 Return: -58.6575 FPS:  1.73
14:46:25.400 [INFO] (trainer.py:120) Total Epi:    17 Steps:     373 Episode Steps:     7 Return:  18.9888 FPS:  1.17
14:46:41.827 [INFO] (trainer.py:120) Total Epi:    18 Steps:     401 Episode Steps:    28 Return: -56.6252 FPS:  1.70
14:46:58.043 [INFO] (trainer.py:120) Total Epi:    19 Steps:     429 Episode Steps:    28 Return: -57.5062 FPS:  1.73
14:47:03.435 [INFO] (trainer.py:120) Total Epi:    20 Steps:     435 Episode Steps:     6 Return:  20.0842 FPS:  1.11
14:47:08.834 [INFO] (trainer.py:120) Total Epi:    21 Steps:     441 Episode Steps:     6 Return:  20.0866 FPS:  1.11
14:47:14.217 [INFO] (trainer.py:120) Total Epi:    22 Steps:     447 Episode Steps:     6 Return:  19.6567 FPS:  1.11
14:47:20.204 [INFO] (trainer.py:120) Total Epi:    23 Steps:     454 Episode Steps:     7 Return:  18.1535 FPS:  1.17
14:47:36.833 [INFO] (trainer.py:120) Total Epi:    24 Steps:     483 Episode Steps:    29 Return: -56.1712 FPS:  1.74
14:48:11.346 [INFO] (trainer.py:148) Evaluation Total Steps:     500 Average Reward  20.1217 over  5 episodes
14:48:25.259 [INFO] (trainer.py:120) Total Epi:    25 Steps:     521 Episode Steps:    38 Return: -65.0547 FPS:  0.78
14:48:30.856 [INFO] (trainer.py:120) Total Epi:    26 Steps:     527 Episode Steps:     6 Return:  20.6050 FPS:  1.07
14:48:47.272 [INFO] (trainer.py:120) Total Epi:    27 Steps:     555 Episode Steps:    28 Return: -55.3845 FPS:  1.71
14:48:52.681 [INFO] (trainer.py:120) Total Epi:    28 Steps:     561 Episode Steps:     6 Return:  19.8749 FPS:  1.11
14:48:58.474 [INFO] (trainer.py:120) Total Epi:    29 Steps:     568 Episode Steps:     7 Return:  18.7029 FPS:  1.21
14:49:04.890 [INFO] (trainer.py:120) Total Epi:    30 Steps:     576 Episode Steps:     8 Return:  18.4357 FPS:  1.25
14:49:13.295 [INFO] (trainer.py:120) Total Epi:    31 Steps:     588 Episode Steps:    12 Return:  10.9524 FPS:  1.43
14:49:19.295 [INFO] (trainer.py:120) Total Epi:    32 Steps:     595 Episode Steps:     7 Return:  19.6075 FPS:  1.17
14:49:25.701 [INFO] (trainer.py:120) Total Epi:    33 Steps:     603 Episode Steps:     8 Return:  17.9802 FPS:  1.25
14:49:42.117 [INFO] (trainer.py:120) Total Epi:    34 Steps:     631 Episode Steps:    28 Return: -57.3424 FPS:  1.71
14:49:47.518 [INFO] (trainer.py:120) Total Epi:    35 Steps:     637 Episode Steps:     6 Return:  19.9382 FPS:  1.11
14:49:53.513 [INFO] (trainer.py:120) Total Epi:    36 Steps:     644 Episode Steps:     7 Return:  18.8354 FPS:  1.17
14:50:09.939 [INFO] (trainer.py:120) Total Epi:    37 Steps:     672 Episode Steps:    28 Return: -56.3302 FPS:  1.70
14:50:16.951 [INFO] (trainer.py:120) Total Epi:    38 Steps:     681 Episode Steps:     9 Return:  19.0161 FPS:  1.28
14:50:22.377 [INFO] (trainer.py:120) Total Epi:    39 Steps:     687 Episode Steps:     6 Return:  19.8698 FPS:  1.11
14:50:32.004 [INFO] (trainer.py:120) Total Epi:    40 Steps:     701 Episode Steps:    14 Return:  9.3084 FPS:  1.45
14:50:48.224 [INFO] (trainer.py:120) Total Epi:    41 Steps:     729 Episode Steps:    28 Return: -58.6669 FPS:  1.73
14:50:54.232 [INFO] (trainer.py:120) Total Epi:    42 Steps:     736 Episode Steps:     7 Return:  19.6260 FPS:  1.17
14:51:00.236 [INFO] (trainer.py:120) Total Epi:    43 Steps:     743 Episode Steps:     7 Return:  19.5258 FPS:  1.17
14:51:06.445 [INFO] (trainer.py:120) Total Epi:    44 Steps:     751 Episode Steps:     8 Return:  19.1827 FPS:  1.29
14:51:12.245 [INFO] (trainer.py:120) Total Epi:    45 Steps:     758 Episode Steps:     7 Return:  19.3137 FPS:  1.21
14:51:19.070 [INFO] (trainer.py:120) Total Epi:    46 Steps:     767 Episode Steps:     9 Return:  18.0852 FPS:  1.32
14:51:25.462 [INFO] (trainer.py:120) Total Epi:    47 Steps:     775 Episode Steps:     8 Return:  18.6272 FPS:  1.25
14:51:30.853 [INFO] (trainer.py:120) Total Epi:    48 Steps:     781 Episode Steps:     6 Return:  20.0519 FPS:  1.11
14:51:47.481 [INFO] (trainer.py:120) Total Epi:    49 Steps:     809 Episode Steps:    28 Return: -53.7101 FPS:  1.68
14:51:53.527 [INFO] (trainer.py:120) Total Epi:    50 Steps:     816 Episode Steps:     7 Return:  19.5546 FPS:  1.16
14:52:01.932 [INFO] (trainer.py:120) Total Epi:    51 Steps:     828 Episode Steps:    12 Return:  10.6466 FPS:  1.43
14:52:07.929 [INFO] (trainer.py:120) Total Epi:    52 Steps:     835 Episode Steps:     7 Return:  18.9737 FPS:  1.17
14:52:14.339 [INFO] (trainer.py:120) Total Epi:    53 Steps:     843 Episode Steps:     8 Return:  18.0555 FPS:  1.25
14:52:20.126 [INFO] (trainer.py:120) Total Epi:    54 Steps:     850 Episode Steps:     7 Return:  19.7915 FPS:  1.21
14:52:27.132 [INFO] (trainer.py:120) Total Epi:    55 Steps:     859 Episode Steps:     9 Return:  18.5279 FPS:  1.28
14:52:43.556 [INFO] (trainer.py:120) Total Epi:    56 Steps:     887 Episode Steps:    28 Return: -40.4429 FPS:  1.70
14:52:48.956 [INFO] (trainer.py:120) Total Epi:    57 Steps:     893 Episode Steps:     6 Return:  20.5402 FPS:  1.11
14:52:54.755 [INFO] (trainer.py:120) Total Epi:    58 Steps:     900 Episode Steps:     7 Return:  19.5838 FPS:  1.21
14:53:01.373 [INFO] (trainer.py:120) Total Epi:    59 Steps:     908 Episode Steps:     8 Return:  19.5191 FPS:  1.21
14:53:09.789 [INFO] (trainer.py:120) Total Epi:    60 Steps:     920 Episode Steps:    12 Return:  10.4532 FPS:  1.43
14:53:18.593 [INFO] (trainer.py:120) Total Epi:    61 Steps:     933 Episode Steps:    13 Return:  9.9182 FPS:  1.48
14:53:25.004 [INFO] (trainer.py:120) Total Epi:    62 Steps:     941 Episode Steps:     8 Return:  18.6012 FPS:  1.25
14:53:30.420 [INFO] (trainer.py:120) Total Epi:    63 Steps:     947 Episode Steps:     6 Return:  20.0891 FPS:  1.11
14:53:39.438 [INFO] (trainer.py:120) Total Epi:    64 Steps:     960 Episode Steps:    13 Return:  11.3660 FPS:  1.44
14:53:45.458 [INFO] (trainer.py:120) Total Epi:    65 Steps:     967 Episode Steps:     7 Return:  19.0457 FPS:  1.16
14:53:51.842 [INFO] (trainer.py:120) Total Epi:    66 Steps:     975 Episode Steps:     8 Return:  19.5073 FPS:  1.25
14:53:57.657 [INFO] (trainer.py:120) Total Epi:    67 Steps:     982 Episode Steps:     7 Return:  19.7431 FPS:  1.20
14:54:38.134 [INFO] (trainer.py:148) Evaluation Total Steps:    1000 Average Reward  16.5354 over  5 episodes
14:54:41.004 [INFO] (trainer.py:120) Total Epi:    68 Steps:    1001 Episode Steps:    19 Return:  6.5542 FPS:  0.44
14:54:49.217 [INFO] (trainer.py:120) Total Epi:    69 Steps:    1013 Episode Steps:    12 Return:  10.0765 FPS:  1.46
14:54:55.237 [INFO] (trainer.py:120) Total Epi:    70 Steps:    1020 Episode Steps:     7 Return:  19.0799 FPS:  1.16
14:55:01.244 [INFO] (trainer.py:120) Total Epi:    71 Steps:    1027 Episode Steps:     7 Return:  18.8506 FPS:  1.17
14:55:09.660 [INFO] (trainer.py:120) Total Epi:    72 Steps:    1039 Episode Steps:    12 Return:  10.8271 FPS:  1.43
14:55:16.502 [INFO] (trainer.py:120) Total Epi:    73 Steps:    1048 Episode Steps:     9 Return:  18.6280 FPS:  1.32
14:55:26.318 [INFO] (trainer.py:120) Total Epi:    74 Steps:    1063 Episode Steps:    15 Return:  9.9199 FPS:  1.53
14:55:35.331 [INFO] (trainer.py:120) Total Epi:    75 Steps:    1076 Episode Steps:    13 Return:  9.5824 FPS:  1.44
14:55:41.138 [INFO] (trainer.py:120) Total Epi:    76 Steps:    1083 Episode Steps:     7 Return:  19.8684 FPS:  1.21
14:55:49.545 [INFO] (trainer.py:120) Total Epi:    77 Steps:    1095 Episode Steps:    12 Return:  11.1256 FPS:  1.43
14:55:56.557 [INFO] (trainer.py:120) Total Epi:    78 Steps:    1104 Episode Steps:     9 Return:  18.3860 FPS:  1.28
14:56:02.581 [INFO] (trainer.py:120) Total Epi:    79 Steps:    1111 Episode Steps:     7 Return:  18.8928 FPS:  1.16
14:56:11.386 [INFO] (trainer.py:120) Total Epi:    80 Steps:    1124 Episode Steps:    13 Return:  9.0145 FPS:  1.48
14:56:25.217 [INFO] (trainer.py:120) Total Epi:    81 Steps:    1147 Episode Steps:    23 Return:  12.6600 FPS:  1.66
14:56:32.063 [INFO] (trainer.py:120) Total Epi:    82 Steps:    1156 Episode Steps:     9 Return:  17.8724 FPS:  1.31
14:56:46.084 [INFO] (trainer.py:120) Total Epi:    83 Steps:    1180 Episode Steps:    24 Return:  5.3862 FPS:  1.71
14:56:52.083 [INFO] (trainer.py:120) Total Epi:    84 Steps:    1187 Episode Steps:     7 Return:  19.6628 FPS:  1.17
14:56:58.494 [INFO] (trainer.py:120) Total Epi:    85 Steps:    1195 Episode Steps:     8 Return:  19.2959 FPS:  1.25
14:57:04.104 [INFO] (trainer.py:120) Total Epi:    86 Steps:    1201 Episode Steps:     6 Return:  19.2853 FPS:  1.07
14:57:12.314 [INFO] (trainer.py:120) Total Epi:    87 Steps:    1213 Episode Steps:    12 Return:  10.2376 FPS:  1.46
14:57:20.739 [INFO] (trainer.py:120) Total Epi:    88 Steps:    1225 Episode Steps:    12 Return:  10.0276 FPS:  1.42
14:57:26.150 [INFO] (trainer.py:120) Total Epi:    89 Steps:    1231 Episode Steps:     6 Return:  19.4759 FPS:  1.11
14:57:32.991 [INFO] (trainer.py:120) Total Epi:    90 Steps:    1240 Episode Steps:     9 Return:  17.3834 FPS:  1.32
14:57:41.409 [INFO] (trainer.py:120) Total Epi:    91 Steps:    1252 Episode Steps:    12 Return:  10.8691 FPS:  1.43
14:57:49.222 [INFO] (trainer.py:120) Total Epi:    92 Steps:    1263 Episode Steps:    11 Return:  11.2215 FPS:  1.41
14:57:55.234 [INFO] (trainer.py:120) Total Epi:    93 Steps:    1270 Episode Steps:     7 Return:  19.5604 FPS:  1.16
14:58:01.251 [INFO] (trainer.py:120) Total Epi:    94 Steps:    1277 Episode Steps:     7 Return:  19.2997 FPS:  1.16
14:58:07.247 [INFO] (trainer.py:120) Total Epi:    95 Steps:    1284 Episode Steps:     7 Return:  19.5458 FPS:  1.17
14:58:15.475 [INFO] (trainer.py:120) Total Epi:    96 Steps:    1296 Episode Steps:    12 Return:  10.4226 FPS:  1.46
14:58:24.287 [INFO] (trainer.py:120) Total Epi:    97 Steps:    1309 Episode Steps:    13 Return:  9.9504 FPS:  1.48
14:58:29.705 [INFO] (trainer.py:120) Total Epi:    98 Steps:    1315 Episode Steps:     6 Return:  20.0516 FPS:  1.11
14:58:38.505 [INFO] (trainer.py:120) Total Epi:    99 Steps:    1328 Episode Steps:    13 Return:  9.4476 FPS:  1.48
14:58:43.911 [INFO] (trainer.py:120) Total Epi:   100 Steps:    1334 Episode Steps:     6 Return:  19.5948 FPS:  1.11
14:58:51.137 [INFO] (trainer.py:120) Total Epi:   101 Steps:    1344 Episode Steps:    10 Return:  18.3357 FPS:  1.38
14:58:59.369 [INFO] (trainer.py:120) Total Epi:   102 Steps:    1356 Episode Steps:    12 Return:  10.1856 FPS:  1.46
14:59:05.165 [INFO] (trainer.py:120) Total Epi:   103 Steps:    1363 Episode Steps:     7 Return:  19.8420 FPS:  1.21
14:59:11.574 [INFO] (trainer.py:120) Total Epi:   104 Steps:    1371 Episode Steps:     8 Return:  18.6905 FPS:  1.25
14:59:19.789 [INFO] (trainer.py:120) Total Epi:   105 Steps:    1383 Episode Steps:    12 Return:  10.4182 FPS:  1.46
14:59:28.013 [INFO] (trainer.py:120) Total Epi:   106 Steps:    1395 Episode Steps:    12 Return:  11.3672 FPS:  1.46
14:59:36.656 [INFO] (trainer.py:120) Total Epi:   107 Steps:    1407 Episode Steps:    12 Return:  10.2217 FPS:  1.39
14:59:45.871 [INFO] (trainer.py:120) Total Epi:   108 Steps:    1421 Episode Steps:    14 Return:  8.7514 FPS:  1.52
14:59:51.681 [INFO] (trainer.py:120) Total Epi:   109 Steps:    1428 Episode Steps:     7 Return:  19.1033 FPS:  1.20
14:59:57.504 [INFO] (trainer.py:120) Total Epi:   110 Steps:    1435 Episode Steps:     7 Return:  19.1395 FPS:  1.20
15:00:05.711 [INFO] (trainer.py:120) Total Epi:   111 Steps:    1447 Episode Steps:    12 Return:  10.9000 FPS:  1.46
15:00:12.137 [INFO] (trainer.py:120) Total Epi:   112 Steps:    1455 Episode Steps:     8 Return:  17.6647 FPS:  1.25
15:00:20.974 [INFO] (trainer.py:120) Total Epi:   113 Steps:    1468 Episode Steps:    13 Return:  9.4686 FPS:  1.47
15:00:28.771 [INFO] (trainer.py:120) Total Epi:   114 Steps:    1479 Episode Steps:    11 Return:  11.5748 FPS:  1.41
15:00:34.183 [INFO] (trainer.py:120) Total Epi:   115 Steps:    1485 Episode Steps:     6 Return:  20.0130 FPS:  1.11
15:00:39.992 [INFO] (trainer.py:120) Total Epi:   116 Steps:    1492 Episode Steps:     7 Return:  20.0107 FPS:  1.21
15:00:46.000 [INFO] (trainer.py:120) Total Epi:   117 Steps:    1499 Episode Steps:     7 Return:  18.4727 FPS:  1.17
15:01:26.523 [INFO] (trainer.py:148) Evaluation Total Steps:    1500 Average Reward  9.1904 over  5 episodes
15:01:31.349 [INFO] (trainer.py:120) Total Epi:   118 Steps:    1505 Episode Steps:     6 Return:  21.4323 FPS:  0.13
15:01:40.160 [INFO] (trainer.py:120) Total Epi:   119 Steps:    1518 Episode Steps:    13 Return:  9.8667 FPS:  1.48
15:01:48.979 [INFO] (trainer.py:120) Total Epi:   120 Steps:    1531 Episode Steps:    13 Return:  9.2234 FPS:  1.47
15:01:57.812 [INFO] (trainer.py:120) Total Epi:   121 Steps:    1544 Episode Steps:    13 Return:  10.4073 FPS:  1.47
15:02:06.424 [INFO] (trainer.py:120) Total Epi:   122 Steps:    1556 Episode Steps:    12 Return:  10.8501 FPS:  1.39
15:02:14.847 [INFO] (trainer.py:120) Total Epi:   123 Steps:    1568 Episode Steps:    12 Return:  10.7173 FPS:  1.42
15:02:20.260 [INFO] (trainer.py:120) Total Epi:   124 Steps:    1574 Episode Steps:     6 Return:  20.0580 FPS:  1.11
15:02:28.081 [INFO] (trainer.py:120) Total Epi:   125 Steps:    1585 Episode Steps:    11 Return:  12.0557 FPS:  1.41
15:02:36.504 [INFO] (trainer.py:120) Total Epi:   126 Steps:    1597 Episode Steps:    12 Return:  9.7956 FPS:  1.42
15:02:45.135 [INFO] (trainer.py:120) Total Epi:   127 Steps:    1609 Episode Steps:    12 Return:  11.0582 FPS:  1.39
15:02:54.167 [INFO] (trainer.py:120) Total Epi:   128 Steps:    1622 Episode Steps:    13 Return:  9.1384 FPS:  1.44
15:03:02.588 [INFO] (trainer.py:120) Total Epi:   129 Steps:    1634 Episode Steps:    12 Return:  9.7881 FPS:  1.43
15:03:10.822 [INFO] (trainer.py:120) Total Epi:   130 Steps:    1646 Episode Steps:    12 Return:  10.9062 FPS:  1.46
15:03:19.075 [INFO] (trainer.py:120) Total Epi:   131 Steps:    1658 Episode Steps:    12 Return:  10.3567 FPS:  1.45
15:03:27.523 [INFO] (trainer.py:120) Total Epi:   132 Steps:    1670 Episode Steps:    12 Return:  10.3301 FPS:  1.42
15:03:35.744 [INFO] (trainer.py:120) Total Epi:   133 Steps:    1682 Episode Steps:    12 Return:  10.4650 FPS:  1.46
15:03:44.192 [INFO] (trainer.py:120) Total Epi:   134 Steps:    1694 Episode Steps:    12 Return:  10.1622 FPS:  1.42
15:03:53.012 [INFO] (trainer.py:120) Total Epi:   135 Steps:    1707 Episode Steps:    13 Return:  9.2214 FPS:  1.47
15:04:00.828 [INFO] (trainer.py:120) Total Epi:   136 Steps:    1718 Episode Steps:    11 Return:  10.5427 FPS:  1.41
15:04:08.662 [INFO] (trainer.py:120) Total Epi:   137 Steps:    1729 Episode Steps:    11 Return:  11.2450 FPS:  1.40
15:04:16.500 [INFO] (trainer.py:120) Total Epi:   138 Steps:    1740 Episode Steps:    11 Return:  11.1764 FPS:  1.40
15:04:25.323 [INFO] (trainer.py:120) Total Epi:   139 Steps:    1753 Episode Steps:    13 Return:  9.2090 FPS:  1.47
15:04:33.935 [INFO] (trainer.py:120) Total Epi:   140 Steps:    1766 Episode Steps:    13 Return:  9.5630 FPS:  1.51
15:04:42.363 [INFO] (trainer.py:120) Total Epi:   141 Steps:    1778 Episode Steps:    12 Return:  10.4854 FPS:  1.42
15:04:50.589 [INFO] (trainer.py:120) Total Epi:   142 Steps:    1790 Episode Steps:    12 Return:  10.1567 FPS:  1.46
15:04:59.015 [INFO] (trainer.py:120) Total Epi:   143 Steps:    1802 Episode Steps:    12 Return:  10.5242 FPS:  1.42
15:05:07.840 [INFO] (trainer.py:120) Total Epi:   144 Steps:    1815 Episode Steps:    13 Return:  10.6663 FPS:  1.47
15:05:16.873 [INFO] (trainer.py:120) Total Epi:   145 Steps:    1828 Episode Steps:    13 Return:  9.6039 FPS:  1.44
15:05:24.699 [INFO] (trainer.py:120) Total Epi:   146 Steps:    1839 Episode Steps:    11 Return:  11.6659 FPS:  1.41
15:05:32.530 [INFO] (trainer.py:120) Total Epi:   147 Steps:    1850 Episode Steps:    11 Return:  11.6102 FPS:  1.40
15:05:41.357 [INFO] (trainer.py:120) Total Epi:   148 Steps:    1863 Episode Steps:    13 Return:  9.2781 FPS:  1.47
15:05:49.174 [INFO] (trainer.py:120) Total Epi:   149 Steps:    1874 Episode Steps:    11 Return:  10.8973 FPS:  1.41
15:05:58.007 [INFO] (trainer.py:120) Total Epi:   150 Steps:    1887 Episode Steps:    13 Return:  8.2070 FPS:  1.47
15:06:06.838 [INFO] (trainer.py:120) Total Epi:   151 Steps:    1900 Episode Steps:    13 Return:  8.4358 FPS:  1.47
15:06:15.281 [INFO] (trainer.py:120) Total Epi:   152 Steps:    1912 Episode Steps:    12 Return:  9.6889 FPS:  1.42
15:06:24.096 [INFO] (trainer.py:120) Total Epi:   153 Steps:    1925 Episode Steps:    13 Return:  8.5262 FPS:  1.47
15:06:31.946 [INFO] (trainer.py:120) Total Epi:   154 Steps:    1936 Episode Steps:    11 Return:  11.5081 FPS:  1.40
15:06:39.764 [INFO] (trainer.py:120) Total Epi:   155 Steps:    1947 Episode Steps:    11 Return:  11.2982 FPS:  1.41
15:06:48.195 [INFO] (trainer.py:120) Total Epi:   156 Steps:    1959 Episode Steps:    12 Return:  11.4149 FPS:  1.42
15:06:56.417 [INFO] (trainer.py:120) Total Epi:   157 Steps:    1971 Episode Steps:    12 Return:  9.9115 FPS:  1.46
15:07:04.647 [INFO] (trainer.py:120) Total Epi:   158 Steps:    1983 Episode Steps:    12 Return:  10.4097 FPS:  1.46
15:07:12.877 [INFO] (trainer.py:120) Total Epi:   159 Steps:    1995 Episode Steps:    12 Return:  9.9849 FPS:  1.46
15:07:54.966 [INFO] (trainer.py:148) Evaluation Total Steps:    2000 Average Reward  10.6844 over  5 episodes
15:07:59.467 [INFO] (trainer.py:120) Total Epi:   160 Steps:    2004 Episode Steps:     9 Return:  15.5139 FPS:  0.19
15:08:07.893 [INFO] (trainer.py:120) Total Epi:   161 Steps:    2016 Episode Steps:    12 Return:  9.9421 FPS:  1.42
15:08:17.134 [INFO] (trainer.py:120) Total Epi:   162 Steps:    2030 Episode Steps:    14 Return:  10.0537 FPS:  1.52
15:08:25.771 [INFO] (trainer.py:120) Total Epi:   163 Steps:    2043 Episode Steps:    13 Return:  8.2590 FPS:  1.51
15:08:34.000 [INFO] (trainer.py:120) Total Epi:   164 Steps:    2055 Episode Steps:    12 Return:  9.2924 FPS:  1.46
15:08:42.823 [INFO] (trainer.py:120) Total Epi:   165 Steps:    2068 Episode Steps:    13 Return:  9.1186 FPS:  1.47
15:08:51.461 [INFO] (trainer.py:120) Total Epi:   166 Steps:    2081 Episode Steps:    13 Return:  10.0263 FPS:  1.51
15:08:59.896 [INFO] (trainer.py:120) Total Epi:   167 Steps:    2093 Episode Steps:    12 Return:  9.7950 FPS:  1.42
15:09:08.517 [INFO] (trainer.py:120) Total Epi:   168 Steps:    2105 Episode Steps:    12 Return:  9.6741 FPS:  1.39
15:09:16.957 [INFO] (trainer.py:120) Total Epi:   169 Steps:    2117 Episode Steps:    12 Return:  10.8164 FPS:  1.42
15:09:24.785 [INFO] (trainer.py:120) Total Epi:   170 Steps:    2128 Episode Steps:    11 Return:  9.5232 FPS:  1.41
15:09:33.624 [INFO] (trainer.py:120) Total Epi:   171 Steps:    2141 Episode Steps:    13 Return:  9.3203 FPS:  1.47
15:09:42.446 [INFO] (trainer.py:120) Total Epi:   172 Steps:    2154 Episode Steps:    13 Return:  8.6854 FPS:  1.47
15:09:50.274 [INFO] (trainer.py:120) Total Epi:   173 Steps:    2165 Episode Steps:    11 Return:  10.9095 FPS:  1.41
15:09:59.102 [INFO] (trainer.py:120) Total Epi:   174 Steps:    2178 Episode Steps:    13 Return:  9.0033 FPS:  1.47
15:10:07.938 [INFO] (trainer.py:120) Total Epi:   175 Steps:    2191 Episode Steps:    13 Return:  7.4236 FPS:  1.47
15:10:16.366 [INFO] (trainer.py:120) Total Epi:   176 Steps:    2203 Episode Steps:    12 Return:  8.5151 FPS:  1.42
15:10:25.248 [INFO] (trainer.py:120) Total Epi:   177 Steps:    2215 Episode Steps:    12 Return:  9.4815 FPS:  1.35
15:10:33.514 [INFO] (trainer.py:120) Total Epi:   178 Steps:    2226 Episode Steps:    11 Return:  10.3280 FPS:  1.33
15:10:42.400 [INFO] (trainer.py:120) Total Epi:   179 Steps:    2238 Episode Steps:    12 Return:  9.9251 FPS:  1.35
15:10:51.633 [INFO] (trainer.py:120) Total Epi:   180 Steps:    2251 Episode Steps:    13 Return:  11.1535 FPS:  1.41
15:10:59.884 [INFO] (trainer.py:120) Total Epi:   181 Steps:    2263 Episode Steps:    12 Return:  10.7077 FPS:  1.45
15:11:08.109 [INFO] (trainer.py:120) Total Epi:   182 Steps:    2275 Episode Steps:    12 Return:  8.9041 FPS:  1.46
15:11:17.161 [INFO] (trainer.py:120) Total Epi:   183 Steps:    2288 Episode Steps:    13 Return:  9.4482 FPS:  1.44
15:11:25.581 [INFO] (trainer.py:120) Total Epi:   184 Steps:    2300 Episode Steps:    12 Return:  10.8438 FPS:  1.43
15:11:34.219 [INFO] (trainer.py:120) Total Epi:   185 Steps:    2312 Episode Steps:    12 Return:  10.2903 FPS:  1.39
15:11:43.254 [INFO] (trainer.py:120) Total Epi:   186 Steps:    2325 Episode Steps:    13 Return:  9.2883 FPS:  1.44
