09:03:09.988 [INFO] (trainer.py:76) Restored model_SACslow/ckpt-401
09:03:28.897 [INFO] (trainer.py:120) Total Epi:     1 Steps:      18 Episode Steps:    18 Return: -55.5067 FPS:  0.95
09:03:45.518 [INFO] (trainer.py:120) Total Epi:     2 Steps:      43 Episode Steps:    25 Return: -55.4052 FPS:  1.50
09:04:02.135 [INFO] (trainer.py:120) Total Epi:     3 Steps:      69 Episode Steps:    26 Return: -50.9871 FPS:  1.56
09:04:18.952 [INFO] (trainer.py:120) Total Epi:     4 Steps:      95 Episode Steps:    26 Return: -43.2396 FPS:  1.55
09:04:35.382 [INFO] (trainer.py:120) Total Epi:     5 Steps:     120 Episode Steps:    25 Return: -68.3815 FPS:  1.52
09:04:52.241 [INFO] (trainer.py:120) Total Epi:     6 Steps:     145 Episode Steps:    25 Return: -67.2806 FPS:  1.48
09:05:08.623 [INFO] (trainer.py:120) Total Epi:     7 Steps:     169 Episode Steps:    24 Return: -41.1018 FPS:  1.47
09:05:25.253 [INFO] (trainer.py:120) Total Epi:     8 Steps:     195 Episode Steps:    26 Return: -92.0830 FPS:  1.56
09:05:31.061 [INFO] (trainer.py:120) Total Epi:     9 Steps:     201 Episode Steps:     6 Return:  21.1998 FPS:  1.03
09:05:47.293 [INFO] (trainer.py:120) Total Epi:    10 Steps:     225 Episode Steps:    24 Return: -70.6133 FPS:  1.48
09:06:03.920 [INFO] (trainer.py:120) Total Epi:    11 Steps:     251 Episode Steps:    26 Return: -72.2688 FPS:  1.56
09:06:10.122 [INFO] (trainer.py:120) Total Epi:    12 Steps:     258 Episode Steps:     7 Return:  19.3280 FPS:  1.13
09:06:26.333 [INFO] (trainer.py:120) Total Epi:    13 Steps:     283 Episode Steps:    25 Return: -80.6875 FPS:  1.54
09:06:42.747 [INFO] (trainer.py:120) Total Epi:    14 Steps:     308 Episode Steps:    25 Return: -46.6694 FPS:  1.52
09:06:59.178 [INFO] (trainer.py:120) Total Epi:    15 Steps:     333 Episode Steps:    25 Return: -63.3172 FPS:  1.52
09:07:16.012 [INFO] (trainer.py:120) Total Epi:    16 Steps:     358 Episode Steps:    25 Return: -66.8579 FPS:  1.49
09:07:32.422 [INFO] (trainer.py:120) Total Epi:    17 Steps:     383 Episode Steps:    25 Return: -80.6085 FPS:  1.52
09:07:49.281 [INFO] (trainer.py:120) Total Epi:    18 Steps:     408 Episode Steps:    25 Return: -55.2781 FPS:  1.48
09:08:05.501 [INFO] (trainer.py:120) Total Epi:    19 Steps:     433 Episode Steps:    25 Return: -72.4647 FPS:  1.54
09:08:22.334 [INFO] (trainer.py:120) Total Epi:    20 Steps:     458 Episode Steps:    25 Return: -84.0897 FPS:  1.49
09:08:38.559 [INFO] (trainer.py:120) Total Epi:    21 Steps:     484 Episode Steps:    26 Return: -58.8591 FPS:  1.60
09:10:10.477 [INFO] (trainer.py:148) Evaluation Total Steps:     500 Average Reward -72.5943 over  5 episodes
09:10:13.526 [INFO] (trainer.py:120) Total Epi:    22 Steps:     501 Episode Steps:    17 Return: -53.5470 FPS:  0.18
09:10:18.918 [INFO] (trainer.py:120) Total Epi:    23 Steps:     506 Episode Steps:     5 Return:  21.5430 FPS:  0.93
09:10:35.343 [INFO] (trainer.py:120) Total Epi:    24 Steps:     530 Episode Steps:    24 Return: -40.8956 FPS:  1.46
09:10:51.774 [INFO] (trainer.py:120) Total Epi:    25 Steps:     555 Episode Steps:    25 Return: -45.0440 FPS:  1.52
09:11:08.403 [INFO] (trainer.py:120) Total Epi:    26 Steps:     580 Episode Steps:    25 Return: -69.8583 FPS:  1.50
09:11:24.644 [INFO] (trainer.py:120) Total Epi:    27 Steps:     606 Episode Steps:    26 Return: -52.3898 FPS:  1.60
09:11:41.058 [INFO] (trainer.py:120) Total Epi:    28 Steps:     631 Episode Steps:    25 Return: -57.1443 FPS:  1.52
09:11:48.084 [INFO] (trainer.py:120) Total Epi:    29 Steps:     639 Episode Steps:     8 Return:  17.6060 FPS:  1.14
09:12:04.295 [INFO] (trainer.py:120) Total Epi:    30 Steps:     663 Episode Steps:    24 Return: -51.2737 FPS:  1.48
09:12:20.926 [INFO] (trainer.py:120) Total Epi:    31 Steps:     688 Episode Steps:    25 Return: -87.0846 FPS:  1.50
09:12:25.921 [INFO] (trainer.py:120) Total Epi:    32 Steps:     693 Episode Steps:     5 Return:  22.0648 FPS:  1.00
09:12:42.158 [INFO] (trainer.py:120) Total Epi:    33 Steps:     717 Episode Steps:    24 Return: -82.9893 FPS:  1.48
09:12:58.783 [INFO] (trainer.py:120) Total Epi:    34 Steps:     742 Episode Steps:    25 Return: -56.3678 FPS:  1.50
09:13:15.417 [INFO] (trainer.py:120) Total Epi:    35 Steps:     767 Episode Steps:    25 Return: -53.7181 FPS:  1.50
09:13:31.838 [INFO] (trainer.py:120) Total Epi:    36 Steps:     793 Episode Steps:    26 Return: -42.0295 FPS:  1.58
09:13:48.073 [INFO] (trainer.py:120) Total Epi:    37 Steps:     818 Episode Steps:    25 Return: -69.6309 FPS:  1.54
09:14:04.499 [INFO] (trainer.py:120) Total Epi:    38 Steps:     842 Episode Steps:    24 Return: -39.3681 FPS:  1.46
09:14:20.934 [INFO] (trainer.py:120) Total Epi:    39 Steps:     867 Episode Steps:    25 Return: -42.4229 FPS:  1.52
09:14:25.728 [INFO] (trainer.py:120) Total Epi:    40 Steps:     871 Episode Steps:     4 Return:  22.5159 FPS:  0.83
09:14:42.177 [INFO] (trainer.py:120) Total Epi:    41 Steps:     896 Episode Steps:    25 Return: -72.1839 FPS:  1.52
09:14:58.604 [INFO] (trainer.py:120) Total Epi:    42 Steps:     921 Episode Steps:    25 Return: -84.4695 FPS:  1.52
09:15:14.834 [INFO] (trainer.py:120) Total Epi:    43 Steps:     945 Episode Steps:    24 Return: -67.3278 FPS:  1.48
09:15:31.085 [INFO] (trainer.py:120) Total Epi:    44 Steps:     969 Episode Steps:    24 Return: -41.2839 FPS:  1.48
09:15:47.336 [INFO] (trainer.py:120) Total Epi:    45 Steps:     993 Episode Steps:    24 Return: -69.4545 FPS:  1.48
09:17:01.667 [INFO] (trainer.py:148) Evaluation Total Steps:    1000 Average Reward -49.8581 over  5 episodes
09:17:04.654 [INFO] (trainer.py:120) Total Epi:    46 Steps:    1001 Episode Steps:     8 Return: -34.6646 FPS:  0.10
09:17:21.078 [INFO] (trainer.py:120) Total Epi:    47 Steps:    1026 Episode Steps:    25 Return: -58.5117 FPS:  1.52
09:17:37.698 [INFO] (trainer.py:120) Total Epi:    48 Steps:    1051 Episode Steps:    25 Return: -54.0940 FPS:  1.50
09:17:54.332 [INFO] (trainer.py:120) Total Epi:    49 Steps:    1076 Episode Steps:    25 Return: -57.5426 FPS:  1.50
09:18:10.569 [INFO] (trainer.py:120) Total Epi:    50 Steps:    1101 Episode Steps:    25 Return: -68.2147 FPS:  1.54
09:18:27.208 [INFO] (trainer.py:120) Total Epi:    51 Steps:    1127 Episode Steps:    26 Return: -61.4482 FPS:  1.56
09:18:43.451 [INFO] (trainer.py:120) Total Epi:    52 Steps:    1153 Episode Steps:    26 Return: -48.2688 FPS:  1.60
09:18:48.049 [INFO] (trainer.py:120) Total Epi:    53 Steps:    1157 Episode Steps:     4 Return:  22.5863 FPS:  0.87
09:18:54.656 [INFO] (trainer.py:120) Total Epi:    54 Steps:    1164 Episode Steps:     7 Return:  19.8772 FPS:  1.06
09:19:11.087 [INFO] (trainer.py:120) Total Epi:    55 Steps:    1189 Episode Steps:    25 Return: -67.0463 FPS:  1.52
09:19:27.727 [INFO] (trainer.py:120) Total Epi:    56 Steps:    1215 Episode Steps:    26 Return: -59.4164 FPS:  1.56
09:19:43.951 [INFO] (trainer.py:120) Total Epi:    57 Steps:    1239 Episode Steps:    24 Return: -52.2672 FPS:  1.48
09:20:00.587 [INFO] (trainer.py:120) Total Epi:    58 Steps:    1264 Episode Steps:    25 Return: -67.5435 FPS:  1.50
09:20:17.018 [INFO] (trainer.py:120) Total Epi:    59 Steps:    1289 Episode Steps:    25 Return: -67.0204 FPS:  1.52
09:20:33.659 [INFO] (trainer.py:120) Total Epi:    60 Steps:    1315 Episode Steps:    26 Return: -55.1407 FPS:  1.56
09:20:50.089 [INFO] (trainer.py:120) Total Epi:    61 Steps:    1341 Episode Steps:    26 Return: -50.3995 FPS:  1.58
09:21:06.326 [INFO] (trainer.py:120) Total Epi:    62 Steps:    1365 Episode Steps:    24 Return: -63.0514 FPS:  1.48
09:21:22.973 [INFO] (trainer.py:120) Total Epi:    63 Steps:    1391 Episode Steps:    26 Return: -69.1902 FPS:  1.56
09:21:39.209 [INFO] (trainer.py:120) Total Epi:    64 Steps:    1415 Episode Steps:    24 Return: -52.6877 FPS:  1.48
09:21:55.453 [INFO] (trainer.py:120) Total Epi:    65 Steps:    1440 Episode Steps:    25 Return: -65.4471 FPS:  1.54
09:22:11.895 [INFO] (trainer.py:120) Total Epi:    66 Steps:    1465 Episode Steps:    25 Return: -67.4627 FPS:  1.52
09:22:28.125 [INFO] (trainer.py:120) Total Epi:    67 Steps:    1489 Episode Steps:    24 Return: -57.4099 FPS:  1.48
09:23:47.370 [INFO] (trainer.py:148) Evaluation Total Steps:    1500 Average Reward -50.9153 over  5 episodes
09:23:50.521 [INFO] (trainer.py:120) Total Epi:    68 Steps:    1501 Episode Steps:    12 Return: -47.1952 FPS:  0.15
09:24:07.347 [INFO] (trainer.py:120) Total Epi:    69 Steps:    1527 Episode Steps:    26 Return: -60.5594 FPS:  1.55
09:24:14.346 [INFO] (trainer.py:120) Total Epi:    70 Steps:    1535 Episode Steps:     8 Return:  18.9704 FPS:  1.14
09:24:30.785 [INFO] (trainer.py:120) Total Epi:    71 Steps:    1561 Episode Steps:    26 Return: -68.8910 FPS:  1.58
09:24:47.225 [INFO] (trainer.py:120) Total Epi:    72 Steps:    1586 Episode Steps:    25 Return: -65.6631 FPS:  1.52
09:25:03.854 [INFO] (trainer.py:120) Total Epi:    73 Steps:    1611 Episode Steps:    25 Return: -50.3530 FPS:  1.50
09:25:20.485 [INFO] (trainer.py:120) Total Epi:    74 Steps:    1637 Episode Steps:    26 Return: -66.2761 FPS:  1.56
09:25:36.714 [INFO] (trainer.py:120) Total Epi:    75 Steps:    1662 Episode Steps:    25 Return: -64.6650 FPS:  1.54
09:25:52.941 [INFO] (trainer.py:120) Total Epi:    76 Steps:    1686 Episode Steps:    24 Return: -48.0109 FPS:  1.48
09:26:09.386 [INFO] (trainer.py:120) Total Epi:    77 Steps:    1711 Episode Steps:    25 Return: -67.1532 FPS:  1.52
09:26:25.414 [INFO] (trainer.py:120) Total Epi:    78 Steps:    1735 Episode Steps:    24 Return: -42.5056 FPS:  1.50
09:26:41.445 [INFO] (trainer.py:120) Total Epi:    79 Steps:    1760 Episode Steps:    25 Return: -53.8594 FPS:  1.56
09:26:57.891 [INFO] (trainer.py:120) Total Epi:    80 Steps:    1786 Episode Steps:    26 Return: -52.5711 FPS:  1.58
09:27:14.527 [INFO] (trainer.py:120) Total Epi:    81 Steps:    1811 Episode Steps:    25 Return: -82.7585 FPS:  1.50
09:27:21.143 [INFO] (trainer.py:120) Total Epi:    82 Steps:    1819 Episode Steps:     8 Return:  19.1129 FPS:  1.21
09:27:37.774 [INFO] (trainer.py:120) Total Epi:    83 Steps:    1845 Episode Steps:    26 Return: -68.4668 FPS:  1.56
09:27:54.422 [INFO] (trainer.py:120) Total Epi:    84 Steps:    1871 Episode Steps:    26 Return: -68.2028 FPS:  1.56
09:27:59.822 [INFO] (trainer.py:120) Total Epi:    85 Steps:    1876 Episode Steps:     5 Return:  22.2216 FPS:  0.93
09:28:16.052 [INFO] (trainer.py:120) Total Epi:    86 Steps:    1901 Episode Steps:    25 Return: -52.7410 FPS:  1.54
09:28:32.305 [INFO] (trainer.py:120) Total Epi:    87 Steps:    1926 Episode Steps:    25 Return: -41.5172 FPS:  1.54
09:28:48.931 [INFO] (trainer.py:120) Total Epi:    88 Steps:    1950 Episode Steps:    24 Return: -49.9540 FPS:  1.44
09:29:05.361 [INFO] (trainer.py:120) Total Epi:    89 Steps:    1976 Episode Steps:    26 Return: -87.1445 FPS:  1.58
09:30:40.028 [INFO] (trainer.py:148) Evaluation Total Steps:    2000 Average Reward -67.5933 over  5 episodes
09:30:43.179 [INFO] (trainer.py:120) Total Epi:    90 Steps:    2001 Episode Steps:    25 Return: -68.3308 FPS:  0.26
09:30:59.413 [INFO] (trainer.py:120) Total Epi:    91 Steps:    2025 Episode Steps:    24 Return: -65.9486 FPS:  1.48
09:31:16.054 [INFO] (trainer.py:120) Total Epi:    92 Steps:    2050 Episode Steps:    25 Return: -68.8873 FPS:  1.50
09:31:32.483 [INFO] (trainer.py:120) Total Epi:    93 Steps:    2076 Episode Steps:    26 Return: -51.8294 FPS:  1.58
09:31:49.327 [INFO] (trainer.py:120) Total Epi:    94 Steps:    2101 Episode Steps:    25 Return: -86.2802 FPS:  1.48
09:32:05.552 [INFO] (trainer.py:120) Total Epi:    95 Steps:    2126 Episode Steps:    25 Return: -68.5813 FPS:  1.54
09:32:21.799 [INFO] (trainer.py:120) Total Epi:    96 Steps:    2151 Episode Steps:    25 Return: -47.3120 FPS:  1.54
09:32:38.241 [INFO] (trainer.py:120) Total Epi:    97 Steps:    2176 Episode Steps:    25 Return: -47.1739 FPS:  1.52
09:32:54.882 [INFO] (trainer.py:120) Total Epi:    98 Steps:    2201 Episode Steps:    25 Return: -49.8684 FPS:  1.50
09:33:11.524 [INFO] (trainer.py:120) Total Epi:    99 Steps:    2227 Episode Steps:    26 Return: -67.4543 FPS:  1.56
09:33:18.346 [INFO] (trainer.py:120) Total Epi:   100 Steps:    2235 Episode Steps:     8 Return:  17.5434 FPS:  1.17
09:33:34.605 [INFO] (trainer.py:120) Total Epi:   101 Steps:    2260 Episode Steps:    25 Return: -66.4074 FPS:  1.54
09:33:44.423 [INFO] (trainer.py:120) Total Epi:   102 Steps:    2274 Episode Steps:    14 Return:  10.4966 FPS:  1.43
09:34:00.667 [INFO] (trainer.py:120) Total Epi:   103 Steps:    2299 Episode Steps:    25 Return: -69.5239 FPS:  1.54
09:34:17.303 [INFO] (trainer.py:120) Total Epi:   104 Steps:    2324 Episode Steps:    25 Return: -86.2670 FPS:  1.50
09:34:33.524 [INFO] (trainer.py:120) Total Epi:   105 Steps:    2349 Episode Steps:    25 Return: -50.1526 FPS:  1.54
09:34:50.175 [INFO] (trainer.py:120) Total Epi:   106 Steps:    2374 Episode Steps:    25 Return: -85.1272 FPS:  1.50
09:35:06.804 [INFO] (trainer.py:120) Total Epi:   107 Steps:    2399 Episode Steps:    25 Return: -67.9006 FPS:  1.50
09:35:23.042 [INFO] (trainer.py:120) Total Epi:   108 Steps:    2423 Episode Steps:    24 Return: -80.6238 FPS:  1.48
09:35:28.249 [INFO] (trainer.py:120) Total Epi:   109 Steps:    2428 Episode Steps:     5 Return:  22.1650 FPS:  0.96
09:35:44.890 [INFO] (trainer.py:120) Total Epi:   110 Steps:    2454 Episode Steps:    26 Return: -49.6844 FPS:  1.56
09:36:01.323 [INFO] (trainer.py:120) Total Epi:   111 Steps:    2480 Episode Steps:    26 Return: -43.1112 FPS:  1.58
09:37:34.394 [INFO] (trainer.py:148) Evaluation Total Steps:    2500 Average Reward -77.5373 over  5 episodes
09:37:37.561 [INFO] (trainer.py:120) Total Epi:   112 Steps:    2501 Episode Steps:    21 Return: -61.4065 FPS:  0.22
09:37:54.202 [INFO] (trainer.py:120) Total Epi:   113 Steps:    2527 Episode Steps:    26 Return: -74.8372 FPS:  1.56
09:38:10.836 [INFO] (trainer.py:120) Total Epi:   114 Steps:    2552 Episode Steps:    25 Return: -41.0423 FPS:  1.50
09:38:27.078 [INFO] (trainer.py:120) Total Epi:   115 Steps:    2577 Episode Steps:    25 Return: -64.8514 FPS:  1.54
09:38:43.712 [INFO] (trainer.py:120) Total Epi:   116 Steps:    2603 Episode Steps:    26 Return: -40.8644 FPS:  1.56
09:39:00.154 [INFO] (trainer.py:120) Total Epi:   117 Steps:    2629 Episode Steps:    26 Return: -61.1798 FPS:  1.58
09:39:16.393 [INFO] (trainer.py:120) Total Epi:   118 Steps:    2654 Episode Steps:    25 Return: -85.2348 FPS:  1.54
09:39:32.638 [INFO] (trainer.py:120) Total Epi:   119 Steps:    2679 Episode Steps:    25 Return: -51.9012 FPS:  1.54
09:39:48.879 [INFO] (trainer.py:120) Total Epi:   120 Steps:    2703 Episode Steps:    24 Return: -44.7555 FPS:  1.48
09:40:05.359 [INFO] (trainer.py:120) Total Epi:   121 Steps:    2728 Episode Steps:    25 Return: -51.6076 FPS:  1.52
09:40:21.589 [INFO] (trainer.py:120) Total Epi:   122 Steps:    2753 Episode Steps:    25 Return: -68.0736 FPS:  1.54
09:40:37.837 [INFO] (trainer.py:120) Total Epi:   123 Steps:    2778 Episode Steps:    25 Return: -68.4267 FPS:  1.54
09:40:54.080 [INFO] (trainer.py:120) Total Epi:   124 Steps:    2803 Episode Steps:    25 Return: -60.4281 FPS:  1.54
09:41:01.494 [INFO] (trainer.py:120) Total Epi:   125 Steps:    2812 Episode Steps:     9 Return:  16.0826 FPS:  1.21
09:41:17.944 [INFO] (trainer.py:120) Total Epi:   126 Steps:    2837 Episode Steps:    25 Return: -73.7030 FPS:  1.52
09:41:34.379 [INFO] (trainer.py:120) Total Epi:   127 Steps:    2862 Episode Steps:    25 Return: -50.5519 FPS:  1.52
09:41:50.628 [INFO] (trainer.py:120) Total Epi:   128 Steps:    2886 Episode Steps:    24 Return: -78.8827 FPS:  1.48
09:42:06.870 [INFO] (trainer.py:120) Total Epi:   129 Steps:    2911 Episode Steps:    25 Return: -61.4072 FPS:  1.54
09:42:13.877 [INFO] (trainer.py:120) Total Epi:   130 Steps:    2919 Episode Steps:     8 Return:  17.3833 FPS:  1.14
09:42:30.512 [INFO] (trainer.py:120) Total Epi:   131 Steps:    2944 Episode Steps:    25 Return: -68.7964 FPS:  1.50
09:42:38.336 [INFO] (trainer.py:120) Total Epi:   132 Steps:    2954 Episode Steps:    10 Return:  16.3045 FPS:  1.28
09:42:54.580 [INFO] (trainer.py:120) Total Epi:   133 Steps:    2979 Episode Steps:    25 Return: -68.7544 FPS:  1.54
09:44:28.686 [INFO] (trainer.py:148) Evaluation Total Steps:    3000 Average Reward -79.3204 over  5 episodes
09:44:31.667 [INFO] (trainer.py:120) Total Epi:   134 Steps:    3001 Episode Steps:    22 Return: -62.7581 FPS:  0.23
09:44:47.902 [INFO] (trainer.py:120) Total Epi:   135 Steps:    3027 Episode Steps:    26 Return: -56.3530 FPS:  1.60
09:45:04.354 [INFO] (trainer.py:120) Total Epi:   136 Steps:    3052 Episode Steps:    25 Return: -82.2915 FPS:  1.52
09:45:20.608 [INFO] (trainer.py:120) Total Epi:   137 Steps:    3077 Episode Steps:    25 Return: -46.0430 FPS:  1.54
09:45:37.256 [INFO] (trainer.py:120) Total Epi:   138 Steps:    3102 Episode Steps:    25 Return: -53.5479 FPS:  1.50
09:45:54.102 [INFO] (trainer.py:120) Total Epi:   139 Steps:    3127 Episode Steps:    25 Return: -48.9832 FPS:  1.48
09:46:10.539 [INFO] (trainer.py:120) Total Epi:   140 Steps:    3152 Episode Steps:    25 Return: -51.8529 FPS:  1.52
09:46:27.188 [INFO] (trainer.py:120) Total Epi:   141 Steps:    3177 Episode Steps:    25 Return: -49.6382 FPS:  1.50
09:46:43.635 [INFO] (trainer.py:120) Total Epi:   142 Steps:    3202 Episode Steps:    25 Return: -82.3084 FPS:  1.52
09:46:59.887 [INFO] (trainer.py:120) Total Epi:   143 Steps:    3227 Episode Steps:    25 Return: -50.8642 FPS:  1.54
09:47:16.513 [INFO] (trainer.py:120) Total Epi:   144 Steps:    3253 Episode Steps:    26 Return: -52.9490 FPS:  1.56
09:47:32.966 [INFO] (trainer.py:120) Total Epi:   145 Steps:    3278 Episode Steps:    25 Return: -53.2521 FPS:  1.52
09:47:49.220 [INFO] (trainer.py:120) Total Epi:   146 Steps:    3302 Episode Steps:    24 Return: -65.7107 FPS:  1.48
09:48:05.851 [INFO] (trainer.py:120) Total Epi:   147 Steps:    3328 Episode Steps:    26 Return: -54.3006 FPS:  1.56
09:48:22.146 [INFO] (trainer.py:120) Total Epi:   148 Steps:    3353 Episode Steps:    25 Return: -83.1586 FPS:  1.53
09:48:38.576 [INFO] (trainer.py:120) Total Epi:   149 Steps:    3378 Episode Steps:    25 Return: -85.7380 FPS:  1.52
09:48:55.033 [INFO] (trainer.py:120) Total Epi:   150 Steps:    3404 Episode Steps:    26 Return: -68.0963 FPS:  1.58
09:49:11.475 [INFO] (trainer.py:120) Total Epi:   151 Steps:    3429 Episode Steps:    25 Return: -51.8324 FPS:  1.52
09:49:27.719 [INFO] (trainer.py:120) Total Epi:   152 Steps:    3454 Episode Steps:    25 Return: -48.3852 FPS:  1.54
09:49:44.171 [INFO] (trainer.py:120) Total Epi:   153 Steps:    3480 Episode Steps:    26 Return: -66.6250 FPS:  1.58
09:51:17.370 [INFO] (trainer.py:148) Evaluation Total Steps:    3500 Average Reward -75.1887 over  5 episodes
09:51:20.471 [INFO] (trainer.py:120) Total Epi:   154 Steps:    3501 Episode Steps:    21 Return: -71.8485 FPS:  0.22
09:51:37.123 [INFO] (trainer.py:120) Total Epi:   155 Steps:    3526 Episode Steps:    25 Return: -52.5539 FPS:  1.50
09:51:53.578 [INFO] (trainer.py:120) Total Epi:   156 Steps:    3551 Episode Steps:    25 Return: -66.2788 FPS:  1.52
09:52:10.029 [INFO] (trainer.py:120) Total Epi:   157 Steps:    3576 Episode Steps:    25 Return: -67.2290 FPS:  1.52
09:52:26.471 [INFO] (trainer.py:120) Total Epi:   158 Steps:    3600 Episode Steps:    24 Return: -51.6951 FPS:  1.46
09:52:42.922 [INFO] (trainer.py:120) Total Epi:   159 Steps:    3625 Episode Steps:    25 Return: -48.0987 FPS:  1.52
09:52:59.576 [INFO] (trainer.py:120) Total Epi:   160 Steps:    3650 Episode Steps:    25 Return: -79.0425 FPS:  1.50
09:53:16.227 [INFO] (trainer.py:120) Total Epi:   161 Steps:    3675 Episode Steps:    25 Return: -61.4127 FPS:  1.50
09:53:32.483 [INFO] (trainer.py:120) Total Epi:   162 Steps:    3699 Episode Steps:    24 Return: -45.6365 FPS:  1.48
09:53:48.940 [INFO] (trainer.py:120) Total Epi:   163 Steps:    3724 Episode Steps:    25 Return: -60.5107 FPS:  1.52
09:54:05.395 [INFO] (trainer.py:120) Total Epi:   164 Steps:    3750 Episode Steps:    26 Return: -62.4775 FPS:  1.58
09:54:18.040 [INFO] (trainer.py:120) Total Epi:   165 Steps:    3768 Episode Steps:    18 Return:  9.7175 FPS:  1.42
09:54:34.699 [INFO] (trainer.py:120) Total Epi:   166 Steps:    3794 Episode Steps:    26 Return: -70.0873 FPS:  1.56
09:54:50.955 [INFO] (trainer.py:120) Total Epi:   167 Steps:    3819 Episode Steps:    25 Return: -49.2001 FPS:  1.54
09:55:07.197 [INFO] (trainer.py:120) Total Epi:   168 Steps:    3844 Episode Steps:    25 Return: -61.3138 FPS:  1.54
09:55:23.436 [INFO] (trainer.py:120) Total Epi:   169 Steps:    3868 Episode Steps:    24 Return: -46.0542 FPS:  1.48
09:55:39.695 [INFO] (trainer.py:120) Total Epi:   170 Steps:    3893 Episode Steps:    25 Return: -62.5222 FPS:  1.54
09:55:56.148 [INFO] (trainer.py:120) Total Epi:   171 Steps:    3918 Episode Steps:    25 Return: -60.1397 FPS:  1.52
09:56:07.797 [INFO] (trainer.py:120) Total Epi:   172 Steps:    3935 Episode Steps:    17 Return:  7.0359 FPS:  1.46
09:56:24.259 [INFO] (trainer.py:120) Total Epi:   173 Steps:    3960 Episode Steps:    25 Return: -62.9971 FPS:  1.52
09:56:40.719 [INFO] (trainer.py:120) Total Epi:   174 Steps:    3986 Episode Steps:    26 Return: -65.5507 FPS:  1.58
09:57:57.781 [INFO] (trainer.py:148) Evaluation Total Steps:    4000 Average Reward -38.0623 over  5 episodes
09:58:00.764 [INFO] (trainer.py:120) Total Epi:   175 Steps:    4001 Episode Steps:    15 Return: -50.5090 FPS:  0.19
09:58:17.208 [INFO] (trainer.py:120) Total Epi:   176 Steps:    4026 Episode Steps:    25 Return: -49.3338 FPS:  1.52
09:58:29.857 [INFO] (trainer.py:120) Total Epi:   177 Steps:    4044 Episode Steps:    18 Return:  9.1767 FPS:  1.42
09:58:41.506 [INFO] (trainer.py:120) Total Epi:   178 Steps:    4060 Episode Steps:    16 Return:  10.0128 FPS:  1.37
09:58:57.958 [INFO] (trainer.py:120) Total Epi:   179 Steps:    4085 Episode Steps:    25 Return: -66.5967 FPS:  1.52
09:59:14.415 [INFO] (trainer.py:120) Total Epi:   180 Steps:    4110 Episode Steps:    25 Return: -71.8938 FPS:  1.52
09:59:31.057 [INFO] (trainer.py:120) Total Epi:   181 Steps:    4135 Episode Steps:    25 Return: -70.4898 FPS:  1.50
09:59:47.736 [INFO] (trainer.py:120) Total Epi:   182 Steps:    4161 Episode Steps:    26 Return: -45.2060 FPS:  1.56
10:00:04.414 [INFO] (trainer.py:120) Total Epi:   183 Steps:    4186 Episode Steps:    25 Return: -67.3029 FPS:  1.50
10:00:20.653 [INFO] (trainer.py:120) Total Epi:   184 Steps:    4211 Episode Steps:    25 Return: -69.5659 FPS:  1.54
10:00:37.294 [INFO] (trainer.py:120) Total Epi:   185 Steps:    4238 Episode Steps:    27 Return: -70.3126 FPS:  1.62
10:00:44.340 [INFO] (trainer.py:120) Total Epi:   186 Steps:    4246 Episode Steps:     8 Return:  17.5052 FPS:  1.14
10:01:00.994 [INFO] (trainer.py:120) Total Epi:   187 Steps:    4271 Episode Steps:    25 Return: -70.4580 FPS:  1.50
10:01:13.046 [INFO] (trainer.py:120) Total Epi:   188 Steps:    4288 Episode Steps:    17 Return:  9.9563 FPS:  1.41
10:01:29.296 [INFO] (trainer.py:120) Total Epi:   189 Steps:    4312 Episode Steps:    24 Return: -53.8499 FPS:  1.48
10:01:45.543 [INFO] (trainer.py:120) Total Epi:   190 Steps:    4337 Episode Steps:    25 Return: -69.3389 FPS:  1.54
10:02:02.007 [INFO] (trainer.py:120) Total Epi:   191 Steps:    4362 Episode Steps:    25 Return: -61.0673 FPS:  1.52
10:02:18.241 [INFO] (trainer.py:120) Total Epi:   192 Steps:    4387 Episode Steps:    25 Return: -64.6826 FPS:  1.54
10:02:34.708 [INFO] (trainer.py:120) Total Epi:   193 Steps:    4413 Episode Steps:    26 Return: -87.1277 FPS:  1.58
10:02:51.359 [INFO] (trainer.py:120) Total Epi:   194 Steps:    4438 Episode Steps:    25 Return: -58.1639 FPS:  1.50
10:03:08.016 [INFO] (trainer.py:120) Total Epi:   195 Steps:    4463 Episode Steps:    25 Return: -63.3521 FPS:  1.50
10:03:24.671 [INFO] (trainer.py:120) Total Epi:   196 Steps:    4489 Episode Steps:    26 Return: -61.0479 FPS:  1.56
10:04:47.662 [INFO] (trainer.py:148) Evaluation Total Steps:    4500 Average Reward -51.0698 over  5 episodes
10:04:50.778 [INFO] (trainer.py:120) Total Epi:   197 Steps:    4501 Episode Steps:    12 Return: -43.6768 FPS:  0.14
10:05:07.441 [INFO] (trainer.py:120) Total Epi:   198 Steps:    4525 Episode Steps:    24 Return: -55.0049 FPS:  1.44
10:05:24.099 [INFO] (trainer.py:120) Total Epi:   199 Steps:    4550 Episode Steps:    25 Return: -58.4344 FPS:  1.50
10:05:40.355 [INFO] (trainer.py:120) Total Epi:   200 Steps:    4575 Episode Steps:    25 Return: -63.8403 FPS:  1.54
10:05:56.818 [INFO] (trainer.py:120) Total Epi:   201 Steps:    4600 Episode Steps:    25 Return: -63.5645 FPS:  1.52
10:06:13.260 [INFO] (trainer.py:120) Total Epi:   202 Steps:    4625 Episode Steps:    25 Return: -64.3098 FPS:  1.52
10:06:29.522 [INFO] (trainer.py:120) Total Epi:   203 Steps:    4649 Episode Steps:    24 Return: -56.5402 FPS:  1.48
10:06:46.386 [INFO] (trainer.py:120) Total Epi:   204 Steps:    4674 Episode Steps:    25 Return: -61.4513 FPS:  1.48
10:07:02.855 [INFO] (trainer.py:120) Total Epi:   205 Steps:    4700 Episode Steps:    26 Return: -66.1044 FPS:  1.58
10:07:19.530 [INFO] (trainer.py:120) Total Epi:   206 Steps:    4725 Episode Steps:    25 Return: -62.5948 FPS:  1.50
10:07:35.769 [INFO] (trainer.py:120) Total Epi:   207 Steps:    4750 Episode Steps:    25 Return: -59.3636 FPS:  1.54
10:07:52.228 [INFO] (trainer.py:120) Total Epi:   208 Steps:    4775 Episode Steps:    25 Return: -59.5106 FPS:  1.52
10:08:09.077 [INFO] (trainer.py:120) Total Epi:   209 Steps:    4801 Episode Steps:    26 Return: -61.8746 FPS:  1.54
10:08:25.351 [INFO] (trainer.py:120) Total Epi:   210 Steps:    4827 Episode Steps:    26 Return: -87.5362 FPS:  1.60
10:08:41.795 [INFO] (trainer.py:120) Total Epi:   211 Steps:    4852 Episode Steps:    25 Return: -84.9107 FPS:  1.52
10:08:54.253 [INFO] (trainer.py:120) Total Epi:   212 Steps:    4870 Episode Steps:    18 Return:  8.0553 FPS:  1.44
10:09:10.505 [INFO] (trainer.py:120) Total Epi:   213 Steps:    4895 Episode Steps:    25 Return: -66.4625 FPS:  1.54
10:09:26.761 [INFO] (trainer.py:120) Total Epi:   214 Steps:    4919 Episode Steps:    24 Return: -59.3116 FPS:  1.48
10:09:43.428 [INFO] (trainer.py:120) Total Epi:   215 Steps:    4944 Episode Steps:    25 Return: -58.6910 FPS:  1.50
10:09:55.071 [INFO] (trainer.py:120) Total Epi:   216 Steps:    4960 Episode Steps:    16 Return:  8.3671 FPS:  1.37
10:10:11.730 [INFO] (trainer.py:120) Total Epi:   217 Steps:    4986 Episode Steps:    26 Return: -47.9193 FPS:  1.56
10:11:41.650 [INFO] (trainer.py:148) Evaluation Total Steps:    5000 Average Reward -60.9251 over  5 episodes
10:11:44.865 [INFO] (trainer.py:120) Total Epi:   218 Steps:    5001 Episode Steps:    15 Return: -50.6415 FPS:  0.16
10:11:52.096 [INFO] (trainer.py:120) Total Epi:   219 Steps:    5010 Episode Steps:     9 Return:  16.0453 FPS:  1.24
10:12:08.557 [INFO] (trainer.py:120) Total Epi:   220 Steps:    5036 Episode Steps:    26 Return: -86.7529 FPS:  1.58
10:12:25.208 [INFO] (trainer.py:120) Total Epi:   221 Steps:    5063 Episode Steps:    27 Return: -56.7716 FPS:  1.62
10:12:41.663 [INFO] (trainer.py:120) Total Epi:   222 Steps:    5087 Episode Steps:    24 Return: -46.3483 FPS:  1.46
10:12:58.330 [INFO] (trainer.py:120) Total Epi:   223 Steps:    5112 Episode Steps:    25 Return: -63.9426 FPS:  1.50
10:13:14.591 [INFO] (trainer.py:120) Total Epi:   224 Steps:    5138 Episode Steps:    26 Return: -50.6840 FPS:  1.60
10:13:21.814 [INFO] (trainer.py:120) Total Epi:   225 Steps:    5146 Episode Steps:     8 Return:  16.8030 FPS:  1.11
10:13:38.072 [INFO] (trainer.py:120) Total Epi:   226 Steps:    5171 Episode Steps:    25 Return: -73.0701 FPS:  1.54
10:13:48.918 [INFO] (trainer.py:120) Total Epi:   227 Steps:    5186 Episode Steps:    15 Return:  10.7014 FPS:  1.38
10:14:05.185 [INFO] (trainer.py:120) Total Epi:   228 Steps:    5210 Episode Steps:    24 Return: -70.2914 FPS:  1.48
10:14:15.632 [INFO] (trainer.py:120) Total Epi:   229 Steps:    5224 Episode Steps:    14 Return:  10.9562 FPS:  1.34
10:14:32.082 [INFO] (trainer.py:120) Total Epi:   230 Steps:    5250 Episode Steps:    26 Return: -67.4509 FPS:  1.58
10:14:48.561 [INFO] (trainer.py:120) Total Epi:   231 Steps:    5274 Episode Steps:    24 Return: -66.9836 FPS:  1.46
10:15:05.235 [INFO] (trainer.py:120) Total Epi:   232 Steps:    5299 Episode Steps:    25 Return: -56.5870 FPS:  1.50
10:15:21.892 [INFO] (trainer.py:120) Total Epi:   233 Steps:    5324 Episode Steps:    25 Return: -59.5513 FPS:  1.50
10:15:29.330 [INFO] (trainer.py:120) Total Epi:   234 Steps:    5333 Episode Steps:     9 Return:  16.3069 FPS:  1.21
10:15:43.392 [INFO] (trainer.py:120) Total Epi:   235 Steps:    5354 Episode Steps:    21 Return:  8.3557 FPS:  1.49
10:15:59.863 [INFO] (trainer.py:120) Total Epi:   236 Steps:    5380 Episode Steps:    26 Return: -68.2203 FPS:  1.58
10:16:16.104 [INFO] (trainer.py:120) Total Epi:   237 Steps:    5404 Episode Steps:    24 Return: -58.0829 FPS:  1.48
10:16:32.360 [INFO] (trainer.py:120) Total Epi:   238 Steps:    5428 Episode Steps:    24 Return: -83.5008 FPS:  1.48
10:16:44.836 [INFO] (trainer.py:120) Total Epi:   239 Steps:    5446 Episode Steps:    18 Return:  7.0098 FPS:  1.44
10:17:01.282 [INFO] (trainer.py:120) Total Epi:   240 Steps:    5471 Episode Steps:    25 Return: -66.2445 FPS:  1.52
10:17:17.735 [INFO] (trainer.py:120) Total Epi:   241 Steps:    5496 Episode Steps:    25 Return: -63.2918 FPS:  1.52
10:18:42.000 [INFO] (trainer.py:148) Evaluation Total Steps:    5500 Average Reward -73.9355 over  5 episodes
10:18:45.076 [INFO] (trainer.py:120) Total Epi:   242 Steps:    5501 Episode Steps:     5 Return: -33.6325 FPS:  0.06
10:19:01.734 [INFO] (trainer.py:120) Total Epi:   243 Steps:    5526 Episode Steps:    25 Return: -64.3940 FPS:  1.50
10:19:18.399 [INFO] (trainer.py:120) Total Epi:   244 Steps:    5553 Episode Steps:    27 Return: -62.9673 FPS:  1.62
10:19:35.084 [INFO] (trainer.py:120) Total Epi:   245 Steps:    5579 Episode Steps:    26 Return: -55.8950 FPS:  1.56
10:19:51.744 [INFO] (trainer.py:120) Total Epi:   246 Steps:    5604 Episode Steps:    25 Return: -64.1913 FPS:  1.50
10:20:01.798 [INFO] (trainer.py:120) Total Epi:   247 Steps:    5617 Episode Steps:    13 Return:  12.5484 FPS:  1.29
10:20:09.034 [INFO] (trainer.py:120) Total Epi:   248 Steps:    5626 Episode Steps:     9 Return:  15.2653 FPS:  1.24
10:20:25.502 [INFO] (trainer.py:120) Total Epi:   249 Steps:    5651 Episode Steps:    25 Return: -63.0630 FPS:  1.52
10:20:41.761 [INFO] (trainer.py:120) Total Epi:   250 Steps:    5677 Episode Steps:    26 Return: -59.3140 FPS:  1.60
10:20:58.241 [INFO] (trainer.py:120) Total Epi:   251 Steps:    5701 Episode Steps:    24 Return: -49.8845 FPS:  1.46
10:21:14.912 [INFO] (trainer.py:120) Total Epi:   252 Steps:    5727 Episode Steps:    26 Return: -62.3454 FPS:  1.56
10:21:31.166 [INFO] (trainer.py:120) Total Epi:   253 Steps:    5751 Episode Steps:    24 Return: -83.7891 FPS:  1.48
10:21:47.839 [INFO] (trainer.py:120) Total Epi:   254 Steps:    5776 Episode Steps:    25 Return: -50.7293 FPS:  1.50
10:22:04.513 [INFO] (trainer.py:120) Total Epi:   255 Steps:    5801 Episode Steps:    25 Return: -67.7060 FPS:  1.50
10:22:20.775 [INFO] (trainer.py:120) Total Epi:   256 Steps:    5826 Episode Steps:    25 Return: -65.3047 FPS:  1.54
10:22:37.036 [INFO] (trainer.py:120) Total Epi:   257 Steps:    5851 Episode Steps:    25 Return: -56.8550 FPS:  1.54
10:22:53.503 [INFO] (trainer.py:120) Total Epi:   258 Steps:    5875 Episode Steps:    24 Return: -60.5851 FPS:  1.46
10:23:03.948 [INFO] (trainer.py:120) Total Epi:   259 Steps:    5889 Episode Steps:    14 Return:  12.0913 FPS:  1.34
10:23:20.415 [INFO] (trainer.py:120) Total Epi:   260 Steps:    5914 Episode Steps:    25 Return: -65.8904 FPS:  1.52
10:23:36.879 [INFO] (trainer.py:120) Total Epi:   261 Steps:    5939 Episode Steps:    25 Return: -59.6786 FPS:  1.52
10:23:53.154 [INFO] (trainer.py:120) Total Epi:   262 Steps:    5964 Episode Steps:    25 Return: -58.6444 FPS:  1.54
10:24:04.823 [INFO] (trainer.py:120) Total Epi:   263 Steps:    5981 Episode Steps:    17 Return:  9.6054 FPS:  1.46
10:24:15.284 [INFO] (trainer.py:120) Total Epi:   264 Steps:    5995 Episode Steps:    14 Return:  12.2975 FPS:  1.34
10:25:24.104 [INFO] (trainer.py:148) Evaluation Total Steps:    6000 Average Reward -40.3071 over  5 episodes
10:25:27.182 [INFO] (trainer.py:120) Total Epi:   265 Steps:    6001 Episode Steps:     6 Return: -41.9876 FPS:  0.08
10:25:38.836 [INFO] (trainer.py:120) Total Epi:   266 Steps:    6018 Episode Steps:    17 Return:  5.6252 FPS:  1.46
10:25:55.315 [INFO] (trainer.py:120) Total Epi:   267 Steps:    6043 Episode Steps:    25 Return: -50.5588 FPS:  1.52
10:26:11.781 [INFO] (trainer.py:120) Total Epi:   268 Steps:    6067 Episode Steps:    24 Return: -59.7127 FPS:  1.46
10:26:28.049 [INFO] (trainer.py:120) Total Epi:   269 Steps:    6092 Episode Steps:    25 Return: -63.0958 FPS:  1.54
10:26:38.698 [INFO] (trainer.py:120) Total Epi:   270 Steps:    6106 Episode Steps:    14 Return:  10.8557 FPS:  1.31
10:26:54.969 [INFO] (trainer.py:120) Total Epi:   271 Steps:    6131 Episode Steps:    25 Return: -59.0744 FPS:  1.54
10:27:11.639 [INFO] (trainer.py:120) Total Epi:   272 Steps:    6156 Episode Steps:    25 Return: -59.8748 FPS:  1.50
10:27:22.688 [INFO] (trainer.py:120) Total Epi:   273 Steps:    6171 Episode Steps:    15 Return:  9.3401 FPS:  1.36
10:27:39.163 [INFO] (trainer.py:120) Total Epi:   274 Steps:    6196 Episode Steps:    25 Return: -50.1456 FPS:  1.52
10:27:55.427 [INFO] (trainer.py:120) Total Epi:   275 Steps:    6221 Episode Steps:    25 Return: -57.3901 FPS:  1.54
10:28:12.091 [INFO] (trainer.py:120) Total Epi:   276 Steps:    6247 Episode Steps:    26 Return: -65.4986 FPS:  1.56
10:28:25.746 [INFO] (trainer.py:120) Total Epi:   277 Steps:    6268 Episode Steps:    21 Return: -107.1392 FPS:  1.54
10:28:34.823 [INFO] (trainer.py:120) Total Epi:   278 Steps:    6280 Episode Steps:    12 Return: -92.5209 FPS:  1.32
10:28:51.695 [INFO] (trainer.py:120) Total Epi:   279 Steps:    6305 Episode Steps:    25 Return: -87.0438 FPS:  1.48
10:29:01.742 [INFO] (trainer.py:120) Total Epi:   280 Steps:    6319 Episode Steps:    14 Return: -95.5289 FPS:  1.39
10:29:18.017 [INFO] (trainer.py:120) Total Epi:   281 Steps:    6344 Episode Steps:    25 Return: -68.8624 FPS:  1.54
10:29:30.067 [INFO] (trainer.py:120) Total Epi:   282 Steps:    6360 Episode Steps:    16 Return:  7.8293 FPS:  1.33
10:29:44.529 [INFO] (trainer.py:120) Total Epi:   283 Steps:    6382 Episode Steps:    22 Return:  5.1292 FPS:  1.52
10:29:52.156 [INFO] (trainer.py:120) Total Epi:   284 Steps:    6391 Episode Steps:     9 Return:  16.4362 FPS:  1.18
10:30:06.238 [INFO] (trainer.py:120) Total Epi:   285 Steps:    6411 Episode Steps:    20 Return: -90.9431 FPS:  1.42
10:30:22.710 [INFO] (trainer.py:120) Total Epi:   286 Steps:    6435 Episode Steps:    24 Return: -61.3674 FPS:  1.46
10:30:38.788 [INFO] (trainer.py:120) Total Epi:   287 Steps:    6459 Episode Steps:    24 Return: -53.9770 FPS:  1.49
10:30:55.081 [INFO] (trainer.py:120) Total Epi:   288 Steps:    6483 Episode Steps:    24 Return: -66.1061 FPS:  1.47
10:32:13.104 [INFO] (trainer.py:148) Evaluation Total Steps:    6500 Average Reward -56.4797 over  5 episodes
10:32:16.233 [INFO] (trainer.py:120) Total Epi:   289 Steps:    6501 Episode Steps:    18 Return: -53.6279 FPS:  0.22
10:32:32.497 [INFO] (trainer.py:120) Total Epi:   290 Steps:    6526 Episode Steps:    25 Return: -55.5959 FPS:  1.54
10:32:48.778 [INFO] (trainer.py:120) Total Epi:   291 Steps:    6551 Episode Steps:    25 Return: -58.9441 FPS:  1.54
10:33:04.045 [INFO] (trainer.py:120) Total Epi:   292 Steps:    6573 Episode Steps:    22 Return: -95.0042 FPS:  1.44
10:33:20.310 [INFO] (trainer.py:120) Total Epi:   293 Steps:    6597 Episode Steps:    24 Return: -51.2720 FPS:  1.48
10:33:35.801 [INFO] (trainer.py:120) Total Epi:   294 Steps:    6620 Episode Steps:    23 Return: -94.4355 FPS:  1.48
10:33:48.649 [INFO] (trainer.py:120) Total Epi:   295 Steps:    6639 Episode Steps:    19 Return: -101.8553 FPS:  1.48
10:34:04.907 [INFO] (trainer.py:120) Total Epi:   296 Steps:    6664 Episode Steps:    25 Return: -64.2677 FPS:  1.54
10:34:21.377 [INFO] (trainer.py:120) Total Epi:   297 Steps:    6691 Episode Steps:    27 Return: -60.6675 FPS:  1.64
10:34:37.653 [INFO] (trainer.py:120) Total Epi:   298 Steps:    6715 Episode Steps:    24 Return: -40.9926 FPS:  1.47
10:34:54.326 [INFO] (trainer.py:120) Total Epi:   299 Steps:    6741 Episode Steps:    26 Return: -59.9310 FPS:  1.56
10:35:10.804 [INFO] (trainer.py:120) Total Epi:   300 Steps:    6766 Episode Steps:    25 Return: -54.5516 FPS:  1.52
10:35:27.075 [INFO] (trainer.py:120) Total Epi:   301 Steps:    6790 Episode Steps:    24 Return: -45.7128 FPS:  1.48
10:35:43.546 [INFO] (trainer.py:120) Total Epi:   302 Steps:    6814 Episode Steps:    24 Return: -61.2981 FPS:  1.46
10:35:52.989 [INFO] (trainer.py:120) Total Epi:   303 Steps:    6826 Episode Steps:    12 Return: -92.8785 FPS:  1.27
10:36:09.271 [INFO] (trainer.py:120) Total Epi:   304 Steps:    6851 Episode Steps:    25 Return: -58.6157 FPS:  1.54
10:36:25.725 [INFO] (trainer.py:120) Total Epi:   305 Steps:    6875 Episode Steps:    24 Return: -53.9933 FPS:  1.46
10:36:33.161 [INFO] (trainer.py:120) Total Epi:   306 Steps:    6883 Episode Steps:     8 Return:  16.4808 FPS:  1.08
10:36:40.209 [INFO] (trainer.py:120) Total Epi:   307 Steps:    6891 Episode Steps:     8 Return:  16.6571 FPS:  1.14
10:36:56.673 [INFO] (trainer.py:120) Total Epi:   308 Steps:    6916 Episode Steps:    25 Return: -44.0167 FPS:  1.52
10:37:13.139 [INFO] (trainer.py:120) Total Epi:   309 Steps:    6941 Episode Steps:    25 Return: -46.8146 FPS:  1.52
10:37:29.612 [INFO] (trainer.py:120) Total Epi:   310 Steps:    6966 Episode Steps:    25 Return: -65.2081 FPS:  1.52
10:37:46.281 [INFO] (trainer.py:120) Total Epi:   311 Steps:    6991 Episode Steps:    25 Return: -63.4067 FPS:  1.50
10:38:56.829 [INFO] (trainer.py:148) Evaluation Total Steps:    7000 Average Reward -55.1072 over  5 episodes
10:38:59.870 [INFO] (trainer.py:120) Total Epi:   312 Steps:    7001 Episode Steps:    10 Return: -37.4190 FPS:  0.14
10:39:07.517 [INFO] (trainer.py:120) Total Epi:   313 Steps:    7010 Episode Steps:     9 Return:  16.5427 FPS:  1.18
10:39:23.987 [INFO] (trainer.py:120) Total Epi:   314 Steps:    7035 Episode Steps:    25 Return: -57.6590 FPS:  1.52
10:39:40.256 [INFO] (trainer.py:120) Total Epi:   315 Steps:    7059 Episode Steps:    24 Return: -56.6956 FPS:  1.48
10:39:56.528 [INFO] (trainer.py:120) Total Epi:   316 Steps:    7084 Episode Steps:    25 Return: -57.8041 FPS:  1.54
10:40:12.996 [INFO] (trainer.py:120) Total Epi:   317 Steps:    7109 Episode Steps:    25 Return: -57.9650 FPS:  1.52
10:40:20.843 [INFO] (trainer.py:120) Total Epi:   318 Steps:    7119 Episode Steps:    10 Return:  14.5630 FPS:  1.27
10:40:29.313 [INFO] (trainer.py:120) Total Epi:   319 Steps:    7129 Episode Steps:    10 Return:  14.0917 FPS:  1.18
10:40:45.813 [INFO] (trainer.py:120) Total Epi:   320 Steps:    7154 Episode Steps:    25 Return: -55.2685 FPS:  1.52
10:40:54.262 [INFO] (trainer.py:120) Total Epi:   321 Steps:    7165 Episode Steps:    11 Return:  12.3595 FPS:  1.30
10:41:02.714 [INFO] (trainer.py:120) Total Epi:   322 Steps:    7176 Episode Steps:    11 Return:  13.1376 FPS:  1.30
10:41:19.174 [INFO] (trainer.py:120) Total Epi:   323 Steps:    7201 Episode Steps:    25 Return: -47.2424 FPS:  1.52
10:41:35.663 [INFO] (trainer.py:120) Total Epi:   324 Steps:    7226 Episode Steps:    25 Return: -57.7963 FPS:  1.52
10:41:52.148 [INFO] (trainer.py:120) Total Epi:   325 Steps:    7251 Episode Steps:    25 Return: -64.1066 FPS:  1.52
10:41:59.180 [INFO] (trainer.py:120) Total Epi:   326 Steps:    7259 Episode Steps:     8 Return:  17.1217 FPS:  1.14
10:42:07.833 [INFO] (trainer.py:120) Total Epi:   327 Steps:    7270 Episode Steps:    11 Return:  13.2119 FPS:  1.27
10:42:24.316 [INFO] (trainer.py:120) Total Epi:   328 Steps:    7295 Episode Steps:    25 Return: -57.6032 FPS:  1.52
10:42:33.772 [INFO] (trainer.py:120) Total Epi:   329 Steps:    7306 Episode Steps:    11 Return:  12.9022 FPS:  1.16
10:42:50.444 [INFO] (trainer.py:120) Total Epi:   330 Steps:    7331 Episode Steps:    25 Return: -64.5044 FPS:  1.50
10:43:06.712 [INFO] (trainer.py:120) Total Epi:   331 Steps:    7356 Episode Steps:    25 Return: -62.0163 FPS:  1.54
10:43:23.394 [INFO] (trainer.py:120) Total Epi:   332 Steps:    7382 Episode Steps:    26 Return: -62.2706 FPS:  1.56
10:43:39.859 [INFO] (trainer.py:120) Total Epi:   333 Steps:    7406 Episode Steps:    24 Return: -63.4190 FPS:  1.46
10:43:56.344 [INFO] (trainer.py:120) Total Epi:   334 Steps:    7432 Episode Steps:    26 Return: -47.7305 FPS:  1.58
10:44:13.019 [INFO] (trainer.py:120) Total Epi:   335 Steps:    7458 Episode Steps:    26 Return: -64.2465 FPS:  1.56
10:44:29.687 [INFO] (trainer.py:120) Total Epi:   336 Steps:    7482 Episode Steps:    24 Return: -60.9558 FPS:  1.44
10:45:37.017 [INFO] (trainer.py:148) Evaluation Total Steps:    7500 Average Reward -15.7308 over  5 episodes
10:45:40.260 [INFO] (trainer.py:120) Total Epi:   337 Steps:    7501 Episode Steps:    19 Return: -54.5315 FPS:  0.27
10:45:56.925 [INFO] (trainer.py:120) Total Epi:   338 Steps:    7526 Episode Steps:    25 Return: -61.3963 FPS:  1.50
10:46:13.210 [INFO] (trainer.py:120) Total Epi:   339 Steps:    7551 Episode Steps:    25 Return: -61.9674 FPS:  1.54
10:46:20.857 [INFO] (trainer.py:120) Total Epi:   340 Steps:    7561 Episode Steps:    10 Return:  15.2442 FPS:  1.31
10:46:37.132 [INFO] (trainer.py:120) Total Epi:   341 Steps:    7585 Episode Steps:    24 Return: -56.8265 FPS:  1.47
10:46:53.414 [INFO] (trainer.py:120) Total Epi:   342 Steps:    7609 Episode Steps:    24 Return: -49.4552 FPS:  1.47
10:47:09.675 [INFO] (trainer.py:120) Total Epi:   343 Steps:    7634 Episode Steps:    25 Return: -53.3269 FPS:  1.54
10:47:18.730 [INFO] (trainer.py:120) Total Epi:   344 Steps:    7646 Episode Steps:    12 Return:  12.5726 FPS:  1.33
10:47:35.002 [INFO] (trainer.py:120) Total Epi:   345 Steps:    7672 Episode Steps:    26 Return: -47.6684 FPS:  1.60
10:47:51.088 [INFO] (trainer.py:120) Total Epi:   346 Steps:    7696 Episode Steps:    24 Return: -45.9337 FPS:  1.49
10:48:07.374 [INFO] (trainer.py:120) Total Epi:   347 Steps:    7721 Episode Steps:    25 Return: -46.3913 FPS:  1.54
10:48:17.021 [INFO] (trainer.py:120) Total Epi:   348 Steps:    7734 Episode Steps:    13 Return:  10.7195 FPS:  1.35
10:48:33.315 [INFO] (trainer.py:120) Total Epi:   349 Steps:    7760 Episode Steps:    26 Return: -62.1923 FPS:  1.60
10:48:49.785 [INFO] (trainer.py:120) Total Epi:   350 Steps:    7785 Episode Steps:    25 Return: -50.9069 FPS:  1.52
10:49:06.058 [INFO] (trainer.py:120) Total Epi:   351 Steps:    7810 Episode Steps:    25 Return: -64.1318 FPS:  1.54
10:49:22.536 [INFO] (trainer.py:120) Total Epi:   352 Steps:    7836 Episode Steps:    26 Return: -66.6905 FPS:  1.58
10:49:39.004 [INFO] (trainer.py:120) Total Epi:   353 Steps:    7860 Episode Steps:    24 Return: -84.7498 FPS:  1.46
10:49:55.495 [INFO] (trainer.py:120) Total Epi:   354 Steps:    7885 Episode Steps:    25 Return: -52.4519 FPS:  1.52
10:50:11.772 [INFO] (trainer.py:120) Total Epi:   355 Steps:    7909 Episode Steps:    24 Return: -58.9749 FPS:  1.47
10:50:28.253 [INFO] (trainer.py:120) Total Epi:   356 Steps:    7934 Episode Steps:    25 Return: -64.1055 FPS:  1.52
10:50:44.533 [INFO] (trainer.py:120) Total Epi:   357 Steps:    7960 Episode Steps:    26 Return: -51.1369 FPS:  1.60
10:51:01.220 [INFO] (trainer.py:120) Total Epi:   358 Steps:    7985 Episode Steps:    25 Return: -49.1304 FPS:  1.50
10:52:00.616 [INFO] (trainer.py:148) Evaluation Total Steps:    8000 Average Reward -4.3562 over  5 episodes
10:52:10.199 [INFO] (trainer.py:120) Total Epi:   359 Steps:    8012 Episode Steps:    27 Return: -70.0488 FPS:  0.39
10:52:19.863 [INFO] (trainer.py:120) Total Epi:   360 Steps:    8024 Episode Steps:    12 Return:  12.2533 FPS:  1.24
10:52:30.514 [INFO] (trainer.py:120) Total Epi:   361 Steps:    8039 Episode Steps:    15 Return:  9.3307 FPS:  1.41
10:52:46.785 [INFO] (trainer.py:120) Total Epi:   362 Steps:    8063 Episode Steps:    24 Return: -48.9383 FPS:  1.48
10:53:03.256 [INFO] (trainer.py:120) Total Epi:   363 Steps:    8088 Episode Steps:    25 Return: -58.3686 FPS:  1.52
10:53:19.939 [INFO] (trainer.py:120) Total Epi:   364 Steps:    8112 Episode Steps:    24 Return: -56.4580 FPS:  1.44
10:53:36.618 [INFO] (trainer.py:120) Total Epi:   365 Steps:    8138 Episode Steps:    26 Return: -61.2116 FPS:  1.56
10:53:53.296 [INFO] (trainer.py:120) Total Epi:   366 Steps:    8164 Episode Steps:    26 Return: -50.9802 FPS:  1.56
10:54:09.771 [INFO] (trainer.py:120) Total Epi:   367 Steps:    8189 Episode Steps:    25 Return: -50.7380 FPS:  1.52
10:54:19.417 [INFO] (trainer.py:120) Total Epi:   368 Steps:    8201 Episode Steps:    12 Return:  12.1633 FPS:  1.24
10:54:35.904 [INFO] (trainer.py:120) Total Epi:   369 Steps:    8226 Episode Steps:    25 Return: -48.3950 FPS:  1.52
10:54:52.376 [INFO] (trainer.py:120) Total Epi:   370 Steps:    8251 Episode Steps:    25 Return: -52.0153 FPS:  1.52
10:55:09.058 [INFO] (trainer.py:120) Total Epi:   371 Steps:    8277 Episode Steps:    26 Return: -89.8199 FPS:  1.56
10:55:17.727 [INFO] (trainer.py:120) Total Epi:   372 Steps:    8288 Episode Steps:    11 Return:  13.0945 FPS:  1.27
10:55:28.579 [INFO] (trainer.py:120) Total Epi:   373 Steps:    8302 Episode Steps:    14 Return:  11.0959 FPS:  1.29
10:55:44.863 [INFO] (trainer.py:120) Total Epi:   374 Steps:    8327 Episode Steps:    25 Return: -62.8171 FPS:  1.54
10:56:01.125 [INFO] (trainer.py:120) Total Epi:   375 Steps:    8352 Episode Steps:    25 Return: -61.6148 FPS:  1.54
10:56:17.596 [INFO] (trainer.py:120) Total Epi:   376 Steps:    8377 Episode Steps:    25 Return: -50.1490 FPS:  1.52
10:56:34.105 [INFO] (trainer.py:120) Total Epi:   377 Steps:    8401 Episode Steps:    24 Return: -62.2172 FPS:  1.45
10:56:50.782 [INFO] (trainer.py:120) Total Epi:   378 Steps:    8426 Episode Steps:    25 Return: -48.0191 FPS:  1.50
10:57:07.252 [INFO] (trainer.py:120) Total Epi:   379 Steps:    8451 Episode Steps:    25 Return: -63.3628 FPS:  1.52
10:57:23.942 [INFO] (trainer.py:120) Total Epi:   380 Steps:    8476 Episode Steps:    25 Return: -51.3569 FPS:  1.50
10:57:34.402 [INFO] (trainer.py:120) Total Epi:   381 Steps:    8490 Episode Steps:    14 Return:  11.1772 FPS:  1.34
10:59:02.045 [INFO] (trainer.py:148) Evaluation Total Steps:    8500 Average Reward -64.8267 over  5 episodes
10:59:05.247 [INFO] (trainer.py:120) Total Epi:   382 Steps:    8501 Episode Steps:    11 Return: -41.6768 FPS:  0.12
10:59:21.350 [INFO] (trainer.py:120) Total Epi:   383 Steps:    8526 Episode Steps:    25 Return: -65.4994 FPS:  1.55
10:59:37.849 [INFO] (trainer.py:120) Total Epi:   384 Steps:    8551 Episode Steps:    25 Return: -54.8125 FPS:  1.52
10:59:54.305 [INFO] (trainer.py:120) Total Epi:   385 Steps:    8576 Episode Steps:    25 Return: -68.3082 FPS:  1.52
11:00:10.599 [INFO] (trainer.py:120) Total Epi:   386 Steps:    8601 Episode Steps:    25 Return: -54.3894 FPS:  1.53
11:00:27.075 [INFO] (trainer.py:120) Total Epi:   387 Steps:    8626 Episode Steps:    25 Return: -63.2395 FPS:  1.52
11:00:43.569 [INFO] (trainer.py:120) Total Epi:   388 Steps:    8651 Episode Steps:    25 Return: -58.7739 FPS:  1.52
11:00:52.227 [INFO] (trainer.py:120) Total Epi:   389 Steps:    8662 Episode Steps:    11 Return:  12.7178 FPS:  1.27
11:01:08.507 [INFO] (trainer.py:120) Total Epi:   390 Steps:    8686 Episode Steps:    24 Return: -57.5610 FPS:  1.47
11:01:24.785 [INFO] (trainer.py:120) Total Epi:   391 Steps:    8710 Episode Steps:    24 Return: -48.0504 FPS:  1.47
11:01:35.854 [INFO] (trainer.py:120) Total Epi:   392 Steps:    8725 Episode Steps:    15 Return:  10.0097 FPS:  1.36
11:01:52.327 [INFO] (trainer.py:120) Total Epi:   393 Steps:    8748 Episode Steps:    23 Return: -55.2345 FPS:  1.40
11:02:08.821 [INFO] (trainer.py:120) Total Epi:   394 Steps:    8773 Episode Steps:    25 Return: -68.7717 FPS:  1.52
11:02:25.122 [INFO] (trainer.py:120) Total Epi:   395 Steps:    8798 Episode Steps:    25 Return: -49.9574 FPS:  1.53
11:02:41.597 [INFO] (trainer.py:120) Total Epi:   396 Steps:    8824 Episode Steps:    26 Return: -89.0023 FPS:  1.58
11:02:49.661 [INFO] (trainer.py:120) Total Epi:   397 Steps:    8834 Episode Steps:    10 Return:  15.5153 FPS:  1.24
11:03:01.529 [INFO] (trainer.py:120) Total Epi:   398 Steps:    8850 Episode Steps:    16 Return: -95.9966 FPS:  1.35
11:03:17.824 [INFO] (trainer.py:120) Total Epi:   399 Steps:    8875 Episode Steps:    25 Return: -55.7328 FPS:  1.53
11:03:26.301 [INFO] (trainer.py:120) Total Epi:   400 Steps:    8886 Episode Steps:    11 Return:  15.2737 FPS:  1.30
11:03:42.569 [INFO] (trainer.py:120) Total Epi:   401 Steps:    8910 Episode Steps:    24 Return: -57.2208 FPS:  1.48
11:03:59.066 [INFO] (trainer.py:120) Total Epi:   402 Steps:    8934 Episode Steps:    24 Return: -61.9420 FPS:  1.45
11:04:15.755 [INFO] (trainer.py:120) Total Epi:   403 Steps:    8961 Episode Steps:    27 Return: -51.0494 FPS:  1.62
11:04:32.250 [INFO] (trainer.py:120) Total Epi:   404 Steps:    8985 Episode Steps:    24 Return: -61.9104 FPS:  1.46
11:04:40.301 [INFO] (trainer.py:120) Total Epi:   405 Steps:    8995 Episode Steps:    10 Return:  15.6931 FPS:  1.24
11:05:49.933 [INFO] (trainer.py:148) Evaluation Total Steps:    9000 Average Reward -33.5561 over  5 episodes
11:05:59.540 [INFO] (trainer.py:120) Total Epi:   406 Steps:    9012 Episode Steps:    17 Return: -62.0323 FPS:  0.21
11:06:16.233 [INFO] (trainer.py:120) Total Epi:   407 Steps:    9038 Episode Steps:    26 Return: -89.2056 FPS:  1.56
11:06:32.532 [INFO] (trainer.py:120) Total Epi:   408 Steps:    9061 Episode Steps:    23 Return: -47.7652 FPS:  1.41
11:06:49.016 [INFO] (trainer.py:120) Total Epi:   409 Steps:    9086 Episode Steps:    25 Return: -47.5565 FPS:  1.52
11:06:57.886 [INFO] (trainer.py:120) Total Epi:   410 Steps:    9098 Episode Steps:    12 Return:  11.9465 FPS:  1.35
11:07:08.544 [INFO] (trainer.py:120) Total Epi:   411 Steps:    9112 Episode Steps:    14 Return: -94.3229 FPS:  1.31
11:07:25.229 [INFO] (trainer.py:120) Total Epi:   412 Steps:    9136 Episode Steps:    24 Return: -49.1295 FPS:  1.44
11:07:36.492 [INFO] (trainer.py:120) Total Epi:   413 Steps:    9151 Episode Steps:    15 Return:  9.2463 FPS:  1.33
11:07:45.562 [INFO] (trainer.py:120) Total Epi:   414 Steps:    9162 Episode Steps:    11 Return:  12.7061 FPS:  1.21
11:08:02.254 [INFO] (trainer.py:120) Total Epi:   415 Steps:    9188 Episode Steps:    26 Return: -52.9174 FPS:  1.56
11:08:18.731 [INFO] (trainer.py:120) Total Epi:   416 Steps:    9212 Episode Steps:    24 Return: -85.1158 FPS:  1.46
11:08:35.213 [INFO] (trainer.py:120) Total Epi:   417 Steps:    9238 Episode Steps:    26 Return: -57.3021 FPS:  1.58
11:08:45.486 [INFO] (trainer.py:120) Total Epi:   418 Steps:    9253 Episode Steps:    15 Return: -95.2111 FPS:  1.46
11:09:01.773 [INFO] (trainer.py:120) Total Epi:   419 Steps:    9278 Episode Steps:    25 Return: -87.2541 FPS:  1.53
11:09:10.258 [INFO] (trainer.py:120) Total Epi:   420 Steps:    9289 Episode Steps:    11 Return:  13.5494 FPS:  1.30
11:09:26.533 [INFO] (trainer.py:120) Total Epi:   421 Steps:    9312 Episode Steps:    23 Return: -81.8828 FPS:  1.41
11:09:43.029 [INFO] (trainer.py:120) Total Epi:   422 Steps:    9337 Episode Steps:    25 Return: -49.6642 FPS:  1.52
11:09:51.879 [INFO] (trainer.py:120) Total Epi:   423 Steps:    9349 Episode Steps:    12 Return:  11.6448 FPS:  1.36
11:10:08.302 [INFO] (trainer.py:120) Total Epi:   424 Steps:    9374 Episode Steps:    25 Return: -63.4814 FPS:  1.52
11:10:24.510 [INFO] (trainer.py:120) Total Epi:   425 Steps:    9399 Episode Steps:    25 Return: -58.7414 FPS:  1.54
11:10:40.977 [INFO] (trainer.py:120) Total Epi:   426 Steps:    9423 Episode Steps:    24 Return: -60.7278 FPS:  1.46
11:10:49.439 [INFO] (trainer.py:120) Total Epi:   427 Steps:    9434 Episode Steps:    11 Return:  13.6286 FPS:  1.30
11:11:05.927 [INFO] (trainer.py:120) Total Epi:   428 Steps:    9459 Episode Steps:    25 Return: -67.5435 FPS:  1.52
11:11:22.207 [INFO] (trainer.py:120) Total Epi:   429 Steps:    9484 Episode Steps:    25 Return: -63.3693 FPS:  1.54
11:12:54.003 [INFO] (trainer.py:148) Evaluation Total Steps:    9500 Average Reward -68.0280 over  5 episodes
11:12:57.186 [INFO] (trainer.py:120) Total Epi:   430 Steps:    9501 Episode Steps:    17 Return: -48.6773 FPS:  0.18
11:13:13.470 [INFO] (trainer.py:120) Total Epi:   431 Steps:    9526 Episode Steps:    25 Return: -46.9661 FPS:  1.54
11:13:30.150 [INFO] (trainer.py:120) Total Epi:   432 Steps:    9552 Episode Steps:    26 Return: -88.9620 FPS:  1.56
11:13:46.440 [INFO] (trainer.py:120) Total Epi:   433 Steps:    9578 Episode Steps:    26 Return: -88.8472 FPS:  1.60
11:14:03.138 [INFO] (trainer.py:120) Total Epi:   434 Steps:    9603 Episode Steps:    25 Return: -48.9755 FPS:  1.50
11:14:19.838 [INFO] (trainer.py:120) Total Epi:   435 Steps:    9629 Episode Steps:    26 Return: -60.4956 FPS:  1.56
11:14:35.930 [INFO] (trainer.py:120) Total Epi:   436 Steps:    9653 Episode Steps:    24 Return: -63.2027 FPS:  1.49
11:14:52.443 [INFO] (trainer.py:120) Total Epi:   437 Steps:    9678 Episode Steps:    25 Return: -64.2641 FPS:  1.51
11:15:08.949 [INFO] (trainer.py:120) Total Epi:   438 Steps:    9702 Episode Steps:    24 Return: -62.5421 FPS:  1.45
11:15:20.615 [INFO] (trainer.py:120) Total Epi:   439 Steps:    9718 Episode Steps:    16 Return: -98.0320 FPS:  1.37
11:15:37.095 [INFO] (trainer.py:120) Total Epi:   440 Steps:    9744 Episode Steps:    26 Return: -49.7884 FPS:  1.58
11:15:53.395 [INFO] (trainer.py:120) Total Epi:   441 Steps:    9769 Episode Steps:    25 Return: -65.7947 FPS:  1.53
11:16:09.685 [INFO] (trainer.py:120) Total Epi:   442 Steps:    9795 Episode Steps:    26 Return: -49.5627 FPS:  1.60
11:16:19.548 [INFO] (trainer.py:120) Total Epi:   443 Steps:    9808 Episode Steps:    13 Return:  11.8351 FPS:  1.32
11:16:36.037 [INFO] (trainer.py:120) Total Epi:   444 Steps:    9833 Episode Steps:    25 Return: -54.6747 FPS:  1.52
11:16:52.732 [INFO] (trainer.py:120) Total Epi:   445 Steps:    9859 Episode Steps:    26 Return: -68.3007 FPS:  1.56
11:17:09.430 [INFO] (trainer.py:120) Total Epi:   446 Steps:    9883 Episode Steps:    24 Return: -46.0493 FPS:  1.44
11:17:17.702 [INFO] (trainer.py:120) Total Epi:   447 Steps:    9893 Episode Steps:    10 Return:  13.9922 FPS:  1.21
11:17:34.203 [INFO] (trainer.py:120) Total Epi:   448 Steps:    9918 Episode Steps:    25 Return: -62.7026 FPS:  1.52
11:17:50.892 [INFO] (trainer.py:120) Total Epi:   449 Steps:    9943 Episode Steps:    25 Return: -86.1910 FPS:  1.50
11:18:07.186 [INFO] (trainer.py:120) Total Epi:   450 Steps:    9967 Episode Steps:    24 Return: -64.8969 FPS:  1.47
11:18:23.483 [INFO] (trainer.py:120) Total Epi:   451 Steps:    9991 Episode Steps:    24 Return: -61.5333 FPS:  1.47
11:19:43.177 [INFO] (trainer.py:148) Evaluation Total Steps:   10000 Average Reward -50.2813 over  5 episodes
11:19:46.236 [INFO] (trainer.py:120) Total Epi:   452 Steps:   10001 Episode Steps:    10 Return: -37.7559 FPS:  0.12
11:20:02.937 [INFO] (trainer.py:120) Total Epi:   453 Steps:   10026 Episode Steps:    25 Return: -55.9619 FPS:  1.50
11:20:11.404 [INFO] (trainer.py:120) Total Epi:   454 Steps:   10037 Episode Steps:    11 Return:  12.6260 FPS:  1.30
11:20:27.897 [INFO] (trainer.py:120) Total Epi:   455 Steps:   10062 Episode Steps:    25 Return: -46.2685 FPS:  1.52
11:20:44.588 [INFO] (trainer.py:120) Total Epi:   456 Steps:   10088 Episode Steps:    26 Return: -63.1329 FPS:  1.56
11:21:00.889 [INFO] (trainer.py:120) Total Epi:   457 Steps:   10113 Episode Steps:    25 Return: -59.4260 FPS:  1.53
11:21:17.195 [INFO] (trainer.py:120) Total Epi:   458 Steps:   10138 Episode Steps:    25 Return: -59.2549 FPS:  1.53
11:21:33.888 [INFO] (trainer.py:120) Total Epi:   459 Steps:   10163 Episode Steps:    25 Return: -61.3527 FPS:  1.50
11:21:50.176 [INFO] (trainer.py:120) Total Epi:   460 Steps:   10189 Episode Steps:    26 Return: -52.0869 FPS:  1.60
11:21:59.669 [INFO] (trainer.py:120) Total Epi:   461 Steps:   10201 Episode Steps:    12 Return:  13.2450 FPS:  1.26
11:22:16.574 [INFO] (trainer.py:120) Total Epi:   462 Steps:   10226 Episode Steps:    25 Return: -48.9187 FPS:  1.48
11:22:33.054 [INFO] (trainer.py:120) Total Epi:   463 Steps:   10251 Episode Steps:    25 Return: -60.9157 FPS:  1.52
11:22:49.354 [INFO] (trainer.py:120) Total Epi:   464 Steps:   10275 Episode Steps:    24 Return: -47.2749 FPS:  1.47
11:22:57.833 [INFO] (trainer.py:120) Total Epi:   465 Steps:   10286 Episode Steps:    11 Return:  13.7293 FPS:  1.30
11:23:14.321 [INFO] (trainer.py:120) Total Epi:   466 Steps:   10311 Episode Steps:    25 Return: -55.2157 FPS:  1.52
11:23:31.011 [INFO] (trainer.py:120) Total Epi:   467 Steps:   10337 Episode Steps:    26 Return: -48.3875 FPS:  1.56
11:23:47.522 [INFO] (trainer.py:120) Total Epi:   468 Steps:   10362 Episode Steps:    25 Return: -62.1845 FPS:  1.51
11:24:03.805 [INFO] (trainer.py:120) Total Epi:   469 Steps:   10387 Episode Steps:    25 Return: -63.2750 FPS:  1.54
11:24:20.103 [INFO] (trainer.py:120) Total Epi:   470 Steps:   10412 Episode Steps:    25 Return: -49.8164 FPS:  1.53
11:24:36.409 [INFO] (trainer.py:120) Total Epi:   471 Steps:   10436 Episode Steps:    24 Return: -62.9691 FPS:  1.47
11:24:46.085 [INFO] (trainer.py:120) Total Epi:   472 Steps:   10449 Episode Steps:    13 Return:  11.0580 FPS:  1.34
11:24:55.354 [INFO] (trainer.py:120) Total Epi:   473 Steps:   10461 Episode Steps:    12 Return:  11.9620 FPS:  1.29
11:25:12.057 [INFO] (trainer.py:120) Total Epi:   474 Steps:   10487 Episode Steps:    26 Return: -62.5976 FPS:  1.56
11:26:27.199 [INFO] (trainer.py:148) Evaluation Total Steps:   10500 Average Reward -35.5273 over  5 episodes
11:26:37.203 [INFO] (trainer.py:120) Total Epi:   475 Steps:   10513 Episode Steps:    26 Return: -67.2109 FPS:  0.31
11:26:53.905 [INFO] (trainer.py:120) Total Epi:   476 Steps:   10539 Episode Steps:    26 Return: -48.1931 FPS:  1.56
11:27:01.367 [INFO] (trainer.py:120) Total Epi:   477 Steps:   10548 Episode Steps:     9 Return:  16.4822 FPS:  1.21
11:27:18.065 [INFO] (trainer.py:120) Total Epi:   478 Steps:   10571 Episode Steps:    23 Return: -49.6562 FPS:  1.38
11:27:34.589 [INFO] (trainer.py:120) Total Epi:   479 Steps:   10597 Episode Steps:    26 Return: -63.8238 FPS:  1.57
11:27:51.285 [INFO] (trainer.py:120) Total Epi:   480 Steps:   10622 Episode Steps:    25 Return: -57.1872 FPS:  1.50
11:28:07.987 [INFO] (trainer.py:120) Total Epi:   481 Steps:   10647 Episode Steps:    25 Return: -59.7022 FPS:  1.50
11:28:17.666 [INFO] (trainer.py:120) Total Epi:   482 Steps:   10661 Episode Steps:    14 Return:  9.2234 FPS:  1.45
11:28:34.370 [INFO] (trainer.py:120) Total Epi:   483 Steps:   10685 Episode Steps:    24 Return: -51.1482 FPS:  1.44
11:28:50.666 [INFO] (trainer.py:120) Total Epi:   484 Steps:   10709 Episode Steps:    24 Return: -46.2792 FPS:  1.47
11:29:07.367 [INFO] (trainer.py:120) Total Epi:   485 Steps:   10735 Episode Steps:    26 Return: -49.2594 FPS:  1.56
11:29:24.046 [INFO] (trainer.py:120) Total Epi:   486 Steps:   10761 Episode Steps:    26 Return: -64.4427 FPS:  1.56
11:29:40.543 [INFO] (trainer.py:120) Total Epi:   487 Steps:   10786 Episode Steps:    25 Return: -60.0009 FPS:  1.52
11:29:57.044 [INFO] (trainer.py:120) Total Epi:   488 Steps:   10810 Episode Steps:    24 Return: -84.1815 FPS:  1.45
11:30:05.321 [INFO] (trainer.py:120) Total Epi:   489 Steps:   10821 Episode Steps:    11 Return:  15.1770 FPS:  1.33
11:30:21.833 [INFO] (trainer.py:120) Total Epi:   490 Steps:   10846 Episode Steps:    25 Return: -59.9790 FPS:  1.51
11:30:38.320 [INFO] (trainer.py:120) Total Epi:   491 Steps:   10872 Episode Steps:    26 Return: -66.3854 FPS:  1.58
11:30:45.784 [INFO] (trainer.py:120) Total Epi:   492 Steps:   10881 Episode Steps:     9 Return:  16.5228 FPS:  1.21
11:30:54.266 [INFO] (trainer.py:120) Total Epi:   493 Steps:   10892 Episode Steps:    11 Return:  14.2333 FPS:  1.30
11:31:02.348 [INFO] (trainer.py:120) Total Epi:   494 Steps:   10901 Episode Steps:     9 Return:  16.3055 FPS:  1.11
11:31:18.647 [INFO] (trainer.py:120) Total Epi:   495 Steps:   10926 Episode Steps:    25 Return: -50.9047 FPS:  1.53
11:31:35.344 [INFO] (trainer.py:120) Total Epi:   496 Steps:   10952 Episode Steps:    26 Return: -46.2243 FPS:  1.56
11:31:51.861 [INFO] (trainer.py:120) Total Epi:   497 Steps:   10977 Episode Steps:    25 Return: -60.5210 FPS:  1.51
11:33:05.741 [INFO] (trainer.py:148) Evaluation Total Steps:   11000 Average Reward -17.6375 over  5 episodes
11:33:15.190 [INFO] (trainer.py:120) Total Epi:   498 Steps:   11012 Episode Steps:    35 Return: -80.7202 FPS:  0.42
11:33:24.495 [INFO] (trainer.py:120) Total Epi:   499 Steps:   11024 Episode Steps:    12 Return:  13.0085 FPS:  1.29
11:33:40.789 [INFO] (trainer.py:120) Total Epi:   500 Steps:   11048 Episode Steps:    24 Return: -61.1596 FPS:  1.47
11:33:57.296 [INFO] (trainer.py:120) Total Epi:   501 Steps:   11074 Episode Steps:    26 Return: -61.5288 FPS:  1.58
11:34:13.989 [INFO] (trainer.py:120) Total Epi:   502 Steps:   11099 Episode Steps:    25 Return: -56.5172 FPS:  1.50
11:34:30.485 [INFO] (trainer.py:120) Total Epi:   503 Steps:   11123 Episode Steps:    24 Return: -44.4452 FPS:  1.45
11:34:40.779 [INFO] (trainer.py:120) Total Epi:   504 Steps:   11137 Episode Steps:    14 Return:  10.6515 FPS:  1.36
11:34:57.290 [INFO] (trainer.py:120) Total Epi:   505 Steps:   11162 Episode Steps:    25 Return: -47.7266 FPS:  1.51
11:35:13.801 [INFO] (trainer.py:120) Total Epi:   506 Steps:   11187 Episode Steps:    25 Return: -48.3124 FPS:  1.51
11:35:30.512 [INFO] (trainer.py:120) Total Epi:   507 Steps:   11211 Episode Steps:    24 Return: -45.3235 FPS:  1.44
11:35:47.217 [INFO] (trainer.py:120) Total Epi:   508 Steps:   11237 Episode Steps:    26 Return: -61.4876 FPS:  1.56
11:36:03.731 [INFO] (trainer.py:120) Total Epi:   509 Steps:   11263 Episode Steps:    26 Return: -57.7786 FPS:  1.57
11:36:20.025 [INFO] (trainer.py:120) Total Epi:   510 Steps:   11288 Episode Steps:    25 Return: -46.3742 FPS:  1.53
11:36:36.532 [INFO] (trainer.py:120) Total Epi:   511 Steps:   11313 Episode Steps:    25 Return: -50.7187 FPS:  1.51
11:36:52.826 [INFO] (trainer.py:120) Total Epi:   512 Steps:   11338 Episode Steps:    25 Return: -57.3759 FPS:  1.53
11:37:02.305 [INFO] (trainer.py:120) Total Epi:   513 Steps:   11350 Episode Steps:    12 Return:  14.8655 FPS:  1.27
11:37:18.604 [INFO] (trainer.py:120) Total Epi:   514 Steps:   11375 Episode Steps:    25 Return: -66.6831 FPS:  1.53
11:37:35.307 [INFO] (trainer.py:120) Total Epi:   515 Steps:   11401 Episode Steps:    26 Return: -59.7591 FPS:  1.56
11:37:42.789 [INFO] (trainer.py:120) Total Epi:   516 Steps:   11411 Episode Steps:    10 Return:  15.4113 FPS:  1.34
11:37:59.503 [INFO] (trainer.py:120) Total Epi:   517 Steps:   11437 Episode Steps:    26 Return: -48.4652 FPS:  1.56
11:38:16.199 [INFO] (trainer.py:120) Total Epi:   518 Steps:   11462 Episode Steps:    25 Return: -60.0544 FPS:  1.50
11:38:32.898 [INFO] (trainer.py:120) Total Epi:   519 Steps:   11487 Episode Steps:    25 Return: -48.1686 FPS:  1.50
11:39:47.859 [INFO] (trainer.py:148) Evaluation Total Steps:   11500 Average Reward -33.4841 over  5 episodes
11:39:57.289 [INFO] (trainer.py:120) Total Epi:   520 Steps:   11512 Episode Steps:    25 Return: -60.5832 FPS:  0.30
11:40:13.603 [INFO] (trainer.py:120) Total Epi:   521 Steps:   11536 Episode Steps:    24 Return: -47.3172 FPS:  1.47
11:40:29.971 [INFO] (trainer.py:120) Total Epi:   522 Steps:   11561 Episode Steps:    25 Return: -59.8619 FPS:  1.53
11:40:46.474 [INFO] (trainer.py:120) Total Epi:   523 Steps:   11586 Episode Steps:    25 Return: -57.0312 FPS:  1.51
11:40:55.782 [INFO] (trainer.py:120) Total Epi:   524 Steps:   11598 Episode Steps:    12 Return:  13.7780 FPS:  1.29
11:41:12.511 [INFO] (trainer.py:120) Total Epi:   525 Steps:   11623 Episode Steps:    25 Return: -45.4729 FPS:  1.49
11:41:29.010 [INFO] (trainer.py:120) Total Epi:   526 Steps:   11648 Episode Steps:    25 Return: -56.4509 FPS:  1.52
11:41:45.527 [INFO] (trainer.py:120) Total Epi:   527 Steps:   11673 Episode Steps:    25 Return: -86.2940 FPS:  1.51
11:42:02.022 [INFO] (trainer.py:120) Total Epi:   528 Steps:   11699 Episode Steps:    26 Return: -59.8482 FPS:  1.58
11:42:18.321 [INFO] (trainer.py:120) Total Epi:   529 Steps:   11723 Episode Steps:    24 Return: -64.6971 FPS:  1.47
11:42:34.632 [INFO] (trainer.py:120) Total Epi:   530 Steps:   11748 Episode Steps:    25 Return: -64.8260 FPS:  1.53
11:42:42.731 [INFO] (trainer.py:120) Total Epi:   531 Steps:   11758 Episode Steps:    10 Return:  14.5584 FPS:  1.23
11:42:59.240 [INFO] (trainer.py:120) Total Epi:   532 Steps:   11784 Episode Steps:    26 Return: -47.7069 FPS:  1.58
11:43:15.946 [INFO] (trainer.py:120) Total Epi:   533 Steps:   11810 Episode Steps:    26 Return: -89.7395 FPS:  1.56
11:43:32.255 [INFO] (trainer.py:120) Total Epi:   534 Steps:   11835 Episode Steps:    25 Return: -58.5165 FPS:  1.53
11:43:49.151 [INFO] (trainer.py:120) Total Epi:   535 Steps:   11860 Episode Steps:    25 Return: -46.6623 FPS:  1.48
11:44:05.756 [INFO] (trainer.py:120) Total Epi:   536 Steps:   11885 Episode Steps:    25 Return: -54.2840 FPS:  1.51
11:44:14.871 [INFO] (trainer.py:120) Total Epi:   537 Steps:   11896 Episode Steps:    11 Return:  12.4274 FPS:  1.21
11:44:31.581 [INFO] (trainer.py:120) Total Epi:   538 Steps:   11920 Episode Steps:    24 Return: -55.0352 FPS:  1.44
11:44:40.304 [INFO] (trainer.py:120) Total Epi:   539 Steps:   11931 Episode Steps:    11 Return:  14.1660 FPS:  1.26
11:44:56.624 [INFO] (trainer.py:120) Total Epi:   540 Steps:   11956 Episode Steps:    25 Return: -52.3642 FPS:  1.53
11:45:12.919 [INFO] (trainer.py:120) Total Epi:   541 Steps:   11980 Episode Steps:    24 Return: -60.8836 FPS:  1.47
