19:32:40.208 [INFO] (trainer.py:76) Restored model_SACslow/ckpt-720
19:32:51.356 [INFO] (trainer.py:120) Total Epi:     1 Steps:       5 Episode Steps:     5 Return:  20.2162 FPS:  0.45
19:32:59.191 [INFO] (trainer.py:120) Total Epi:     2 Steps:      16 Episode Steps:    11 Return:  18.2089 FPS:  1.40
19:33:07.395 [INFO] (trainer.py:120) Total Epi:     3 Steps:      28 Episode Steps:    12 Return:  10.3138 FPS:  1.46
19:33:12.196 [INFO] (trainer.py:120) Total Epi:     4 Steps:      33 Episode Steps:     5 Return:  20.7635 FPS:  1.04
19:33:18.400 [INFO] (trainer.py:120) Total Epi:     5 Steps:      41 Episode Steps:     8 Return:  19.0731 FPS:  1.29
19:33:34.622 [INFO] (trainer.py:120) Total Epi:     6 Steps:      70 Episode Steps:    29 Return: -47.7034 FPS:  1.79
19:33:51.260 [INFO] (trainer.py:120) Total Epi:     7 Steps:      99 Episode Steps:    29 Return: -63.5067 FPS:  1.74
19:34:00.669 [INFO] (trainer.py:120) Total Epi:     8 Steps:     113 Episode Steps:    14 Return:  14.0382 FPS:  1.49
19:34:09.885 [INFO] (trainer.py:120) Total Epi:     9 Steps:     127 Episode Steps:    14 Return: -83.4065 FPS:  1.52
19:34:21.307 [INFO] (trainer.py:120) Total Epi:    10 Steps:     146 Episode Steps:    19 Return: -92.2038 FPS:  1.66
19:34:26.096 [INFO] (trainer.py:120) Total Epi:    11 Steps:     151 Episode Steps:     5 Return:  20.8632 FPS:  1.04
19:34:42.539 [INFO] (trainer.py:120) Total Epi:    12 Steps:     180 Episode Steps:    29 Return: -68.6031 FPS:  1.76
19:34:59.180 [INFO] (trainer.py:120) Total Epi:    13 Steps:     209 Episode Steps:    29 Return: -71.7732 FPS:  1.74
19:35:15.627 [INFO] (trainer.py:120) Total Epi:    14 Steps:     238 Episode Steps:    29 Return: -63.7254 FPS:  1.76
19:35:32.044 [INFO] (trainer.py:120) Total Epi:    15 Steps:     267 Episode Steps:    29 Return: -63.3468 FPS:  1.77
19:35:37.840 [INFO] (trainer.py:120) Total Epi:    16 Steps:     274 Episode Steps:     7 Return:  19.5005 FPS:  1.21
19:35:54.472 [INFO] (trainer.py:120) Total Epi:    17 Steps:     303 Episode Steps:    29 Return: -61.1585 FPS:  1.74
19:36:10.698 [INFO] (trainer.py:120) Total Epi:    18 Steps:     332 Episode Steps:    29 Return: -76.6581 FPS:  1.79
19:36:27.125 [INFO] (trainer.py:120) Total Epi:    19 Steps:     361 Episode Steps:    29 Return: -49.0120 FPS:  1.77
19:36:43.561 [INFO] (trainer.py:120) Total Epi:    20 Steps:     390 Episode Steps:    29 Return: -85.4909 FPS:  1.76
19:36:48.764 [INFO] (trainer.py:120) Total Epi:    21 Steps:     396 Episode Steps:     6 Return:  19.8574 FPS:  1.15
19:37:05.197 [INFO] (trainer.py:120) Total Epi:    22 Steps:     425 Episode Steps:    29 Return: -81.1758 FPS:  1.76
19:37:10.009 [INFO] (trainer.py:120) Total Epi:    23 Steps:     430 Episode Steps:     5 Return:  21.2070 FPS:  1.04
19:37:26.444 [INFO] (trainer.py:120) Total Epi:    24 Steps:     459 Episode Steps:    29 Return: -63.1954 FPS:  1.76
19:37:31.254 [INFO] (trainer.py:120) Total Epi:    25 Steps:     464 Episode Steps:     5 Return:  21.2805 FPS:  1.04
19:37:39.067 [INFO] (trainer.py:120) Total Epi:    26 Steps:     475 Episode Steps:    11 Return:  10.4112 FPS:  1.41
19:37:47.665 [INFO] (trainer.py:120) Total Epi:    27 Steps:     488 Episode Steps:    13 Return:  9.5071 FPS:  1.51
19:38:53.639 [INFO] (trainer.py:148) Evaluation Total Steps:     500 Average Reward -25.8330 over  5 episodes
19:38:56.587 [INFO] (trainer.py:120) Total Epi:    28 Steps:     501 Episode Steps:    13 Return: -32.7992 FPS:  0.19
19:39:01.995 [INFO] (trainer.py:120) Total Epi:    29 Steps:     507 Episode Steps:     6 Return:  20.0488 FPS:  1.11
19:39:06.800 [INFO] (trainer.py:120) Total Epi:    30 Steps:     512 Episode Steps:     5 Return:  21.1913 FPS:  1.04
19:39:23.229 [INFO] (trainer.py:120) Total Epi:    31 Steps:     541 Episode Steps:    29 Return: -73.7590 FPS:  1.77
19:39:39.468 [INFO] (trainer.py:120) Total Epi:    32 Steps:     570 Episode Steps:    29 Return: -53.4185 FPS:  1.79
19:39:55.913 [INFO] (trainer.py:120) Total Epi:    33 Steps:     599 Episode Steps:    29 Return: -57.2786 FPS:  1.76
19:40:12.343 [INFO] (trainer.py:120) Total Epi:    34 Steps:     628 Episode Steps:    29 Return: -76.6067 FPS:  1.77
19:40:18.565 [INFO] (trainer.py:120) Total Epi:    35 Steps:     636 Episode Steps:     8 Return:  18.5333 FPS:  1.29
19:40:34.800 [INFO] (trainer.py:120) Total Epi:    36 Steps:     665 Episode Steps:    29 Return: -61.9310 FPS:  1.79
19:40:39.606 [INFO] (trainer.py:120) Total Epi:    37 Steps:     670 Episode Steps:     5 Return:  20.3962 FPS:  1.04
19:40:44.421 [INFO] (trainer.py:120) Total Epi:    38 Steps:     675 Episode Steps:     5 Return:  21.0266 FPS:  1.04
19:41:00.865 [INFO] (trainer.py:120) Total Epi:    39 Steps:     704 Episode Steps:    29 Return: -74.5937 FPS:  1.76
19:41:17.304 [INFO] (trainer.py:120) Total Epi:    40 Steps:     733 Episode Steps:    29 Return: -56.2814 FPS:  1.76
19:41:25.927 [INFO] (trainer.py:120) Total Epi:    41 Steps:     746 Episode Steps:    13 Return:  8.3232 FPS:  1.51
19:41:33.138 [INFO] (trainer.py:120) Total Epi:    42 Steps:     756 Episode Steps:    10 Return:  13.3287 FPS:  1.39
19:41:49.384 [INFO] (trainer.py:120) Total Epi:    43 Steps:     785 Episode Steps:    29 Return: -75.4173 FPS:  1.79
19:41:57.015 [INFO] (trainer.py:120) Total Epi:    44 Steps:     796 Episode Steps:    11 Return:  11.7627 FPS:  1.44
19:42:05.413 [INFO] (trainer.py:120) Total Epi:    45 Steps:     808 Episode Steps:    12 Return:  9.8688 FPS:  1.43
19:42:21.856 [INFO] (trainer.py:120) Total Epi:    46 Steps:     837 Episode Steps:    29 Return: -45.6192 FPS:  1.76
19:42:38.106 [INFO] (trainer.py:120) Total Epi:    47 Steps:     866 Episode Steps:    29 Return: -51.7102 FPS:  1.78
19:42:46.921 [INFO] (trainer.py:120) Total Epi:    48 Steps:     879 Episode Steps:    13 Return:  10.4675 FPS:  1.47
19:43:03.564 [INFO] (trainer.py:120) Total Epi:    49 Steps:     908 Episode Steps:    29 Return: -52.6899 FPS:  1.74
19:43:08.376 [INFO] (trainer.py:120) Total Epi:    50 Steps:     913 Episode Steps:     5 Return:  20.7922 FPS:  1.04
19:43:16.006 [INFO] (trainer.py:120) Total Epi:    51 Steps:     924 Episode Steps:    11 Return:  13.5294 FPS:  1.44
19:43:32.235 [INFO] (trainer.py:120) Total Epi:    52 Steps:     953 Episode Steps:    29 Return: -50.1370 FPS:  1.79
19:43:37.258 [INFO] (trainer.py:120) Total Epi:    53 Steps:     958 Episode Steps:     5 Return:  21.2288 FPS:  1.00
19:43:53.484 [INFO] (trainer.py:120) Total Epi:    54 Steps:     987 Episode Steps:    29 Return: -57.8391 FPS:  1.79
19:44:47.309 [INFO] (trainer.py:148) Evaluation Total Steps:    1000 Average Reward -4.6865 over  5 episodes
19:44:57.056 [INFO] (trainer.py:120) Total Epi:    55 Steps:    1015 Episode Steps:    28 Return: -68.5851 FPS:  0.44
19:45:13.519 [INFO] (trainer.py:120) Total Epi:    56 Steps:    1044 Episode Steps:    29 Return: -73.7898 FPS:  1.76
19:45:22.720 [INFO] (trainer.py:120) Total Epi:    57 Steps:    1058 Episode Steps:    14 Return:  10.4615 FPS:  1.52
19:45:28.539 [INFO] (trainer.py:120) Total Epi:    58 Steps:    1065 Episode Steps:     7 Return:  20.1953 FPS:  1.20
19:45:34.338 [INFO] (trainer.py:120) Total Epi:    59 Steps:    1072 Episode Steps:     7 Return:  19.2619 FPS:  1.21
19:45:50.982 [INFO] (trainer.py:120) Total Epi:    60 Steps:    1101 Episode Steps:    29 Return: -54.5528 FPS:  1.74
19:46:07.235 [INFO] (trainer.py:120) Total Epi:    61 Steps:    1130 Episode Steps:    29 Return: -78.7024 FPS:  1.78
19:46:23.679 [INFO] (trainer.py:120) Total Epi:    62 Steps:    1159 Episode Steps:    29 Return: -74.3495 FPS:  1.76
19:46:39.918 [INFO] (trainer.py:120) Total Epi:    63 Steps:    1188 Episode Steps:    29 Return: -59.8183 FPS:  1.79
19:46:56.370 [INFO] (trainer.py:120) Total Epi:    64 Steps:    1217 Episode Steps:    29 Return: -72.4352 FPS:  1.76
19:47:06.001 [INFO] (trainer.py:120) Total Epi:    65 Steps:    1232 Episode Steps:    15 Return:  10.0645 FPS:  1.56
19:47:22.245 [INFO] (trainer.py:120) Total Epi:    66 Steps:    1261 Episode Steps:    29 Return: -74.4559 FPS:  1.79
19:47:28.058 [INFO] (trainer.py:120) Total Epi:    67 Steps:    1268 Episode Steps:     7 Return:  20.1819 FPS:  1.20
19:47:44.493 [INFO] (trainer.py:120) Total Epi:    68 Steps:    1297 Episode Steps:    29 Return: -49.8263 FPS:  1.76
19:47:52.909 [INFO] (trainer.py:120) Total Epi:    69 Steps:    1309 Episode Steps:    12 Return:  10.4052 FPS:  1.43
19:48:00.525 [INFO] (trainer.py:120) Total Epi:    70 Steps:    1320 Episode Steps:    11 Return:  12.0307 FPS:  1.44
19:48:16.771 [INFO] (trainer.py:120) Total Epi:    71 Steps:    1349 Episode Steps:    29 Return: -60.1996 FPS:  1.79
19:48:33.212 [INFO] (trainer.py:120) Total Epi:    72 Steps:    1378 Episode Steps:    29 Return: -48.7574 FPS:  1.76
19:48:49.659 [INFO] (trainer.py:120) Total Epi:    73 Steps:    1407 Episode Steps:    29 Return: -77.6173 FPS:  1.76
19:49:05.895 [INFO] (trainer.py:120) Total Epi:    74 Steps:    1436 Episode Steps:    29 Return: -61.5584 FPS:  1.79
19:49:22.138 [INFO] (trainer.py:120) Total Epi:    75 Steps:    1465 Episode Steps:    29 Return: -58.6850 FPS:  1.79
19:49:34.174 [INFO] (trainer.py:120) Total Epi:    76 Steps:    1485 Episode Steps:    20 Return:  5.7385 FPS:  1.66
19:49:39.984 [INFO] (trainer.py:120) Total Epi:    77 Steps:    1492 Episode Steps:     7 Return:  19.3587 FPS:  1.21
19:49:44.789 [INFO] (trainer.py:120) Total Epi:    78 Steps:    1497 Episode Steps:     5 Return:  21.2816 FPS:  1.04
19:51:01.910 [INFO] (trainer.py:148) Evaluation Total Steps:    1500 Average Reward -47.1921 over  5 episodes
19:51:04.829 [INFO] (trainer.py:120) Total Epi:    79 Steps:    1501 Episode Steps:     4 Return: -31.6463 FPS:  0.05
19:51:15.067 [INFO] (trainer.py:120) Total Epi:    80 Steps:    1517 Episode Steps:    16 Return:  9.2097 FPS:  1.56
19:51:31.509 [INFO] (trainer.py:120) Total Epi:    81 Steps:    1546 Episode Steps:    29 Return: -75.5448 FPS:  1.76
19:51:47.750 [INFO] (trainer.py:120) Total Epi:    82 Steps:    1575 Episode Steps:    29 Return: -48.7130 FPS:  1.79
19:51:54.969 [INFO] (trainer.py:120) Total Epi:    83 Steps:    1585 Episode Steps:    10 Return:  13.1251 FPS:  1.39
19:52:11.407 [INFO] (trainer.py:120) Total Epi:    84 Steps:    1614 Episode Steps:    29 Return: -50.7876 FPS:  1.76
19:52:19.245 [INFO] (trainer.py:120) Total Epi:    85 Steps:    1625 Episode Steps:    11 Return:  13.4281 FPS:  1.40
19:52:35.882 [INFO] (trainer.py:120) Total Epi:    86 Steps:    1655 Episode Steps:    30 Return: -61.0162 FPS:  1.80
19:52:52.119 [INFO] (trainer.py:120) Total Epi:    87 Steps:    1684 Episode Steps:    29 Return: -59.0411 FPS:  1.79
19:52:57.936 [INFO] (trainer.py:120) Total Epi:    88 Steps:    1691 Episode Steps:     7 Return: -80.4764 FPS:  1.20
19:53:06.775 [INFO] (trainer.py:120) Total Epi:    89 Steps:    1704 Episode Steps:    13 Return:  8.6538 FPS:  1.47
19:53:23.006 [INFO] (trainer.py:120) Total Epi:    90 Steps:    1733 Episode Steps:    29 Return: -68.4434 FPS:  1.79
19:53:30.635 [INFO] (trainer.py:120) Total Epi:    91 Steps:    1744 Episode Steps:    11 Return:  12.4278 FPS:  1.44
19:53:46.889 [INFO] (trainer.py:120) Total Epi:    92 Steps:    1773 Episode Steps:    29 Return: -58.6844 FPS:  1.78
19:53:54.711 [INFO] (trainer.py:120) Total Epi:    93 Steps:    1784 Episode Steps:    11 Return:  13.5388 FPS:  1.41
19:54:10.959 [INFO] (trainer.py:120) Total Epi:    94 Steps:    1813 Episode Steps:    29 Return: -49.5517 FPS:  1.78
19:54:18.173 [INFO] (trainer.py:120) Total Epi:    95 Steps:    1823 Episode Steps:    10 Return:  11.9525 FPS:  1.39
19:54:34.405 [INFO] (trainer.py:120) Total Epi:    96 Steps:    1852 Episode Steps:    29 Return: -69.5401 FPS:  1.79
19:54:50.653 [INFO] (trainer.py:120) Total Epi:    97 Steps:    1881 Episode Steps:    29 Return: -69.9769 FPS:  1.78
19:54:58.697 [INFO] (trainer.py:120) Total Epi:    98 Steps:    1893 Episode Steps:    12 Return:  10.4779 FPS:  1.49
19:55:06.115 [INFO] (trainer.py:120) Total Epi:    99 Steps:    1903 Episode Steps:    10 Return:  13.3470 FPS:  1.35
19:55:13.936 [INFO] (trainer.py:120) Total Epi:   100 Steps:    1914 Episode Steps:    11 Return:  11.9626 FPS:  1.41
19:55:22.565 [INFO] (trainer.py:120) Total Epi:   101 Steps:    1927 Episode Steps:    13 Return:  8.3981 FPS:  1.51
19:55:39.016 [INFO] (trainer.py:120) Total Epi:   102 Steps:    1956 Episode Steps:    29 Return: -73.1281 FPS:  1.76
19:55:47.257 [INFO] (trainer.py:120) Total Epi:   103 Steps:    1968 Episode Steps:    12 Return:  10.3320 FPS:  1.46
19:56:03.501 [INFO] (trainer.py:120) Total Epi:   104 Steps:    1997 Episode Steps:    29 Return: -68.4438 FPS:  1.79
19:57:09.975 [INFO] (trainer.py:148) Evaluation Total Steps:    2000 Average Reward -31.7708 over  5 episodes
19:57:12.897 [INFO] (trainer.py:120) Total Epi:   105 Steps:    2001 Episode Steps:     4 Return: -31.5385 FPS:  0.06
19:57:21.140 [INFO] (trainer.py:120) Total Epi:   106 Steps:    2013 Episode Steps:    12 Return:  11.6417 FPS:  1.46
19:57:37.379 [INFO] (trainer.py:120) Total Epi:   107 Steps:    2042 Episode Steps:    29 Return: -73.5633 FPS:  1.79
19:57:53.619 [INFO] (trainer.py:120) Total Epi:   108 Steps:    2071 Episode Steps:    29 Return: -62.1102 FPS:  1.79
19:58:09.875 [INFO] (trainer.py:120) Total Epi:   109 Steps:    2100 Episode Steps:    29 Return: -53.0168 FPS:  1.78
19:58:17.695 [INFO] (trainer.py:120) Total Epi:   110 Steps:    2111 Episode Steps:    11 Return:  12.0171 FPS:  1.41
19:58:25.912 [INFO] (trainer.py:120) Total Epi:   111 Steps:    2123 Episode Steps:    12 Return:  9.3394 FPS:  1.46
19:58:33.142 [INFO] (trainer.py:120) Total Epi:   112 Steps:    2133 Episode Steps:    10 Return:  14.4595 FPS:  1.38
19:58:40.364 [INFO] (trainer.py:120) Total Epi:   113 Steps:    2143 Episode Steps:    10 Return:  12.1684 FPS:  1.38
19:58:47.598 [INFO] (trainer.py:120) Total Epi:   114 Steps:    2153 Episode Steps:    10 Return:  14.5649 FPS:  1.38
19:59:03.838 [INFO] (trainer.py:120) Total Epi:   115 Steps:    2182 Episode Steps:    29 Return: -59.4754 FPS:  1.79
19:59:20.287 [INFO] (trainer.py:120) Total Epi:   116 Steps:    2211 Episode Steps:    29 Return: -53.2038 FPS:  1.76
19:59:27.911 [INFO] (trainer.py:120) Total Epi:   117 Steps:    2222 Episode Steps:    11 Return:  12.7407 FPS:  1.44
19:59:44.154 [INFO] (trainer.py:120) Total Epi:   118 Steps:    2251 Episode Steps:    29 Return: -50.4783 FPS:  1.79
20:00:00.404 [INFO] (trainer.py:120) Total Epi:   119 Steps:    2280 Episode Steps:    29 Return: -73.0386 FPS:  1.78
20:00:08.627 [INFO] (trainer.py:120) Total Epi:   120 Steps:    2292 Episode Steps:    12 Return:  9.7071 FPS:  1.46
20:00:25.081 [INFO] (trainer.py:120) Total Epi:   121 Steps:    2321 Episode Steps:    29 Return: -71.6446 FPS:  1.76
20:00:41.331 [INFO] (trainer.py:120) Total Epi:   122 Steps:    2350 Episode Steps:    29 Return: -68.7754 FPS:  1.78
20:00:57.589 [INFO] (trainer.py:120) Total Epi:   123 Steps:    2379 Episode Steps:    29 Return: -58.7060 FPS:  1.78
20:01:13.835 [INFO] (trainer.py:120) Total Epi:   124 Steps:    2408 Episode Steps:    29 Return: -58.3590 FPS:  1.79
20:01:22.460 [INFO] (trainer.py:120) Total Epi:   125 Steps:    2421 Episode Steps:    13 Return:  8.6859 FPS:  1.51
20:01:30.080 [INFO] (trainer.py:120) Total Epi:   126 Steps:    2432 Episode Steps:    11 Return:  11.6152 FPS:  1.44
20:01:37.308 [INFO] (trainer.py:120) Total Epi:   127 Steps:    2442 Episode Steps:    10 Return:  12.8506 FPS:  1.38
20:01:44.541 [INFO] (trainer.py:120) Total Epi:   128 Steps:    2452 Episode Steps:    10 Return:  12.0814 FPS:  1.38
20:01:52.762 [INFO] (trainer.py:120) Total Epi:   129 Steps:    2464 Episode Steps:    12 Return:  11.0303 FPS:  1.46
20:02:00.787 [INFO] (trainer.py:120) Total Epi:   130 Steps:    2476 Episode Steps:    12 Return:  9.5170 FPS:  1.50
20:03:01.129 [INFO] (trainer.py:148) Evaluation Total Steps:    2500 Average Reward -3.9801 over  5 episodes
20:03:11.854 [INFO] (trainer.py:120) Total Epi:   131 Steps:    2517 Episode Steps:    41 Return: -87.9754 FPS:  0.58
20:03:28.118 [INFO] (trainer.py:120) Total Epi:   132 Steps:    2546 Episode Steps:    29 Return: -57.0185 FPS:  1.78
20:03:36.728 [INFO] (trainer.py:120) Total Epi:   133 Steps:    2559 Episode Steps:    13 Return:  8.6990 FPS:  1.51
20:03:43.551 [INFO] (trainer.py:120) Total Epi:   134 Steps:    2568 Episode Steps:     9 Return:  14.8732 FPS:  1.32
20:03:59.804 [INFO] (trainer.py:120) Total Epi:   135 Steps:    2597 Episode Steps:    29 Return: -70.4225 FPS:  1.78
20:04:08.233 [INFO] (trainer.py:120) Total Epi:   136 Steps:    2609 Episode Steps:    12 Return:  11.3065 FPS:  1.42
20:04:16.460 [INFO] (trainer.py:120) Total Epi:   137 Steps:    2621 Episode Steps:    12 Return:  10.2092 FPS:  1.46
20:04:24.100 [INFO] (trainer.py:120) Total Epi:   138 Steps:    2632 Episode Steps:    11 Return:  11.3716 FPS:  1.44
20:04:32.339 [INFO] (trainer.py:120) Total Epi:   139 Steps:    2644 Episode Steps:    12 Return:  9.7512 FPS:  1.46
20:04:39.572 [INFO] (trainer.py:120) Total Epi:   140 Steps:    2654 Episode Steps:    10 Return:  13.4145 FPS:  1.38
20:04:46.799 [INFO] (trainer.py:120) Total Epi:   141 Steps:    2664 Episode Steps:    10 Return:  12.6701 FPS:  1.38
20:04:53.633 [INFO] (trainer.py:120) Total Epi:   142 Steps:    2673 Episode Steps:     9 Return:  15.2042 FPS:  1.32
20:05:01.856 [INFO] (trainer.py:120) Total Epi:   143 Steps:    2685 Episode Steps:    12 Return:  11.4679 FPS:  1.46
20:05:09.093 [INFO] (trainer.py:120) Total Epi:   144 Steps:    2695 Episode Steps:    10 Return:  11.3823 FPS:  1.38
20:05:25.554 [INFO] (trainer.py:120) Total Epi:   145 Steps:    2724 Episode Steps:    29 Return: -52.9186 FPS:  1.76
20:05:42.028 [INFO] (trainer.py:120) Total Epi:   146 Steps:    2753 Episode Steps:    29 Return: -60.6567 FPS:  1.76
20:05:58.261 [INFO] (trainer.py:120) Total Epi:   147 Steps:    2782 Episode Steps:    29 Return: -53.5400 FPS:  1.79
20:06:06.897 [INFO] (trainer.py:120) Total Epi:   148 Steps:    2795 Episode Steps:    13 Return:  9.4415 FPS:  1.51
20:06:14.338 [INFO] (trainer.py:120) Total Epi:   149 Steps:    2805 Episode Steps:    10 Return:  13.1402 FPS:  1.34
20:06:22.180 [INFO] (trainer.py:120) Total Epi:   150 Steps:    2816 Episode Steps:    11 Return:  11.2590 FPS:  1.40
20:06:29.609 [INFO] (trainer.py:120) Total Epi:   151 Steps:    2826 Episode Steps:    10 Return:  12.8416 FPS:  1.35
20:06:37.047 [INFO] (trainer.py:120) Total Epi:   152 Steps:    2836 Episode Steps:    10 Return:  13.4544 FPS:  1.34
20:06:43.864 [INFO] (trainer.py:120) Total Epi:   153 Steps:    2845 Episode Steps:     9 Return:  15.0230 FPS:  1.32
20:06:52.088 [INFO] (trainer.py:120) Total Epi:   154 Steps:    2857 Episode Steps:    12 Return:  9.5510 FPS:  1.46
20:06:59.914 [INFO] (trainer.py:120) Total Epi:   155 Steps:    2868 Episode Steps:    11 Return:  11.1761 FPS:  1.41
20:07:16.362 [INFO] (trainer.py:120) Total Epi:   156 Steps:    2897 Episode Steps:    29 Return: -49.1612 FPS:  1.76
20:07:32.821 [INFO] (trainer.py:120) Total Epi:   157 Steps:    2926 Episode Steps:    29 Return: -68.2921 FPS:  1.76
20:07:41.056 [INFO] (trainer.py:120) Total Epi:   158 Steps:    2938 Episode Steps:    12 Return:  10.6124 FPS:  1.46
20:07:48.684 [INFO] (trainer.py:120) Total Epi:   159 Steps:    2949 Episode Steps:    11 Return:  9.7008 FPS:  1.44
20:07:55.924 [INFO] (trainer.py:120) Total Epi:   160 Steps:    2959 Episode Steps:    10 Return:  13.2642 FPS:  1.38
20:08:12.187 [INFO] (trainer.py:120) Total Epi:   161 Steps:    2988 Episode Steps:    29 Return: -66.6852 FPS:  1.78
20:09:05.236 [INFO] (trainer.py:148) Evaluation Total Steps:    3000 Average Reward -6.3460 over  5 episodes
20:09:16.408 [INFO] (trainer.py:120) Total Epi:   162 Steps:    3018 Episode Steps:    30 Return: -68.9821 FPS:  0.47
20:09:32.672 [INFO] (trainer.py:120) Total Epi:   163 Steps:    3047 Episode Steps:    29 Return: -68.3130 FPS:  1.78
20:09:49.122 [INFO] (trainer.py:120) Total Epi:   164 Steps:    3076 Episode Steps:    29 Return: -74.8453 FPS:  1.76
20:09:56.752 [INFO] (trainer.py:120) Total Epi:   165 Steps:    3087 Episode Steps:    11 Return:  11.1368 FPS:  1.44
20:10:13.022 [INFO] (trainer.py:120) Total Epi:   166 Steps:    3116 Episode Steps:    29 Return: -67.9828 FPS:  1.78
20:10:29.267 [INFO] (trainer.py:120) Total Epi:   167 Steps:    3145 Episode Steps:    29 Return: -48.3165 FPS:  1.79
20:10:37.498 [INFO] (trainer.py:120) Total Epi:   168 Steps:    3157 Episode Steps:    12 Return:  10.4107 FPS:  1.46
20:10:54.145 [INFO] (trainer.py:120) Total Epi:   169 Steps:    3187 Episode Steps:    30 Return: -61.4303 FPS:  1.80
20:11:10.617 [INFO] (trainer.py:120) Total Epi:   170 Steps:    3216 Episode Steps:    29 Return: -49.3659 FPS:  1.76
20:11:17.442 [INFO] (trainer.py:120) Total Epi:   171 Steps:    3225 Episode Steps:     9 Return:  14.7270 FPS:  1.32
20:11:25.063 [INFO] (trainer.py:120) Total Epi:   172 Steps:    3236 Episode Steps:    11 Return:  11.4256 FPS:  1.44
20:11:33.698 [INFO] (trainer.py:120) Total Epi:   173 Steps:    3249 Episode Steps:    13 Return:  8.7330 FPS:  1.51
20:11:41.338 [INFO] (trainer.py:120) Total Epi:   174 Steps:    3260 Episode Steps:    11 Return:  11.4925 FPS:  1.44
20:11:49.566 [INFO] (trainer.py:120) Total Epi:   175 Steps:    3272 Episode Steps:    12 Return:  9.5157 FPS:  1.46
20:11:59.997 [INFO] (trainer.py:120) Total Epi:   176 Steps:    3289 Episode Steps:    17 Return:  8.8604 FPS:  1.63
20:12:07.827 [INFO] (trainer.py:120) Total Epi:   177 Steps:    3300 Episode Steps:    11 Return:  10.7542 FPS:  1.41
20:12:24.085 [INFO] (trainer.py:120) Total Epi:   178 Steps:    3329 Episode Steps:    29 Return: -49.1325 FPS:  1.78
20:12:40.349 [INFO] (trainer.py:120) Total Epi:   179 Steps:    3358 Episode Steps:    29 Return: -47.5194 FPS:  1.78
20:12:47.573 [INFO] (trainer.py:120) Total Epi:   180 Steps:    3368 Episode Steps:    10 Return:  13.2324 FPS:  1.38
20:13:03.844 [INFO] (trainer.py:120) Total Epi:   181 Steps:    3397 Episode Steps:    29 Return: -69.5086 FPS:  1.78
20:13:20.284 [INFO] (trainer.py:120) Total Epi:   182 Steps:    3426 Episode Steps:    29 Return: -67.6661 FPS:  1.76
20:13:27.512 [INFO] (trainer.py:120) Total Epi:   183 Steps:    3436 Episode Steps:    10 Return:  13.6908 FPS:  1.38
20:13:43.799 [INFO] (trainer.py:120) Total Epi:   184 Steps:    3465 Episode Steps:    29 Return: -72.4356 FPS:  1.78
20:13:51.013 [INFO] (trainer.py:120) Total Epi:   185 Steps:    3475 Episode Steps:    10 Return:  13.3966 FPS:  1.39
20:15:12.376 [INFO] (trainer.py:148) Evaluation Total Steps:    3500 Average Reward -38.8935 over  5 episodes
20:15:15.313 [INFO] (trainer.py:120) Total Epi:   186 Steps:    3501 Episode Steps:    26 Return: -72.7910 FPS:  0.31
20:15:23.142 [INFO] (trainer.py:120) Total Epi:   187 Steps:    3512 Episode Steps:    11 Return:  10.1340 FPS:  1.41
20:15:30.379 [INFO] (trainer.py:120) Total Epi:   188 Steps:    3522 Episode Steps:    10 Return:  14.6803 FPS:  1.38
20:15:46.637 [INFO] (trainer.py:120) Total Epi:   189 Steps:    3551 Episode Steps:    29 Return: -73.3983 FPS:  1.78
20:15:53.872 [INFO] (trainer.py:120) Total Epi:   190 Steps:    3561 Episode Steps:    10 Return:  12.7388 FPS:  1.38
20:16:00.712 [INFO] (trainer.py:120) Total Epi:   191 Steps:    3570 Episode Steps:     9 Return:  15.2300 FPS:  1.32
20:16:07.946 [INFO] (trainer.py:120) Total Epi:   192 Steps:    3580 Episode Steps:    10 Return:  13.9585 FPS:  1.38
20:16:15.178 [INFO] (trainer.py:120) Total Epi:   193 Steps:    3590 Episode Steps:    10 Return:  13.6469 FPS:  1.38
20:16:22.422 [INFO] (trainer.py:120) Total Epi:   194 Steps:    3600 Episode Steps:    10 Return:  13.1363 FPS:  1.38
20:16:38.870 [INFO] (trainer.py:120) Total Epi:   195 Steps:    3629 Episode Steps:    29 Return: -71.5651 FPS:  1.76
20:16:46.494 [INFO] (trainer.py:120) Total Epi:   196 Steps:    3640 Episode Steps:    11 Return:  9.2039 FPS:  1.44
20:16:54.734 [INFO] (trainer.py:120) Total Epi:   197 Steps:    3652 Episode Steps:    12 Return:  10.3530 FPS:  1.46
20:17:10.987 [INFO] (trainer.py:120) Total Epi:   198 Steps:    3681 Episode Steps:    29 Return: -73.2748 FPS:  1.78
20:17:18.615 [INFO] (trainer.py:120) Total Epi:   199 Steps:    3692 Episode Steps:    11 Return:  11.4472 FPS:  1.44
20:17:26.066 [INFO] (trainer.py:120) Total Epi:   200 Steps:    3702 Episode Steps:    10 Return:  14.8010 FPS:  1.34
20:17:34.708 [INFO] (trainer.py:120) Total Epi:   201 Steps:    3715 Episode Steps:    13 Return:  9.3262 FPS:  1.50
20:17:41.949 [INFO] (trainer.py:120) Total Epi:   202 Steps:    3725 Episode Steps:    10 Return:  13.4164 FPS:  1.38
20:17:58.201 [INFO] (trainer.py:120) Total Epi:   203 Steps:    3754 Episode Steps:    29 Return: -70.5713 FPS:  1.78
20:18:06.449 [INFO] (trainer.py:120) Total Epi:   204 Steps:    3766 Episode Steps:    12 Return:  10.0880 FPS:  1.46
20:18:14.300 [INFO] (trainer.py:120) Total Epi:   205 Steps:    3777 Episode Steps:    11 Return:  10.6746 FPS:  1.40
20:18:30.941 [INFO] (trainer.py:120) Total Epi:   206 Steps:    3806 Episode Steps:    29 Return: -74.0410 FPS:  1.74
20:18:38.178 [INFO] (trainer.py:120) Total Epi:   207 Steps:    3816 Episode Steps:    10 Return:  12.6839 FPS:  1.38
20:18:46.403 [INFO] (trainer.py:120) Total Epi:   208 Steps:    3828 Episode Steps:    12 Return:  9.6582 FPS:  1.46
20:18:53.627 [INFO] (trainer.py:120) Total Epi:   209 Steps:    3838 Episode Steps:    10 Return:  13.3976 FPS:  1.38
20:19:00.867 [INFO] (trainer.py:120) Total Epi:   210 Steps:    3848 Episode Steps:    10 Return:  12.6812 FPS:  1.38
20:19:17.332 [INFO] (trainer.py:120) Total Epi:   211 Steps:    3877 Episode Steps:    29 Return: -49.2997 FPS:  1.76
20:19:25.170 [INFO] (trainer.py:120) Total Epi:   212 Steps:    3888 Episode Steps:    11 Return:  10.8941 FPS:  1.40
20:19:32.809 [INFO] (trainer.py:120) Total Epi:   213 Steps:    3899 Episode Steps:    11 Return:  11.6158 FPS:  1.44
20:19:39.649 [INFO] (trainer.py:120) Total Epi:   214 Steps:    3908 Episode Steps:     9 Return:  14.3976 FPS:  1.32
20:19:46.492 [INFO] (trainer.py:120) Total Epi:   215 Steps:    3917 Episode Steps:     9 Return:  14.8300 FPS:  1.32
20:20:02.786 [INFO] (trainer.py:120) Total Epi:   216 Steps:    3946 Episode Steps:    29 Return: -70.7081 FPS:  1.78
20:20:10.008 [INFO] (trainer.py:120) Total Epi:   217 Steps:    3956 Episode Steps:    10 Return:  14.3275 FPS:  1.38
20:20:18.246 [INFO] (trainer.py:120) Total Epi:   218 Steps:    3968 Episode Steps:    12 Return:  10.6246 FPS:  1.46
20:20:25.479 [INFO] (trainer.py:120) Total Epi:   219 Steps:    3978 Episode Steps:    10 Return:  13.5846 FPS:  1.38
20:20:32.710 [INFO] (trainer.py:120) Total Epi:   220 Steps:    3988 Episode Steps:    10 Return:  14.4504 FPS:  1.38
20:20:40.954 [INFO] (trainer.py:120) Total Epi:   221 Steps:    4000 Episode Steps:    12 Return:  10.1511 FPS:  1.46
20:21:41.077 [INFO] (trainer.py:148) Evaluation Total Steps:    4000 Average Reward -20.8721 over  5 episodes
20:21:44.033 [INFO] (trainer.py:120) Total Epi:   222 Steps:    4001 Episode Steps:     1 Return: -25.8196 FPS:  0.02
20:22:00.294 [INFO] (trainer.py:120) Total Epi:   223 Steps:    4030 Episode Steps:    29 Return: -50.8940 FPS:  1.78
20:22:07.943 [INFO] (trainer.py:120) Total Epi:   224 Steps:    4041 Episode Steps:    11 Return:  10.5522 FPS:  1.44
20:22:24.207 [INFO] (trainer.py:120) Total Epi:   225 Steps:    4070 Episode Steps:    29 Return: -49.1891 FPS:  1.78
20:22:40.463 [INFO] (trainer.py:120) Total Epi:   226 Steps:    4099 Episode Steps:    29 Return: -48.0329 FPS:  1.78
20:22:47.922 [INFO] (trainer.py:120) Total Epi:   227 Steps:    4109 Episode Steps:    10 Return:  14.2241 FPS:  1.34
20:22:55.183 [INFO] (trainer.py:120) Total Epi:   228 Steps:    4119 Episode Steps:    10 Return:  12.9912 FPS:  1.38
20:23:11.445 [INFO] (trainer.py:120) Total Epi:   229 Steps:    4148 Episode Steps:    29 Return: -50.2467 FPS:  1.78
20:23:27.697 [INFO] (trainer.py:120) Total Epi:   230 Steps:    4177 Episode Steps:    29 Return: -60.2190 FPS:  1.78
20:23:34.930 [INFO] (trainer.py:120) Total Epi:   231 Steps:    4187 Episode Steps:    10 Return:  12.6702 FPS:  1.38
20:23:42.172 [INFO] (trainer.py:120) Total Epi:   232 Steps:    4197 Episode Steps:    10 Return:  13.1995 FPS:  1.38
20:23:49.631 [INFO] (trainer.py:120) Total Epi:   233 Steps:    4207 Episode Steps:    10 Return:  13.2043 FPS:  1.34
20:23:56.860 [INFO] (trainer.py:120) Total Epi:   234 Steps:    4217 Episode Steps:    10 Return:  12.8942 FPS:  1.38
20:24:04.098 [INFO] (trainer.py:120) Total Epi:   235 Steps:    4227 Episode Steps:    10 Return:  13.1298 FPS:  1.38
20:24:20.563 [INFO] (trainer.py:120) Total Epi:   236 Steps:    4256 Episode Steps:    29 Return: -49.4292 FPS:  1.76
20:24:28.808 [INFO] (trainer.py:120) Total Epi:   237 Steps:    4268 Episode Steps:    12 Return:  10.8057 FPS:  1.46
20:24:36.036 [INFO] (trainer.py:120) Total Epi:   238 Steps:    4278 Episode Steps:    10 Return:  13.0270 FPS:  1.38
20:24:52.509 [INFO] (trainer.py:120) Total Epi:   239 Steps:    4307 Episode Steps:    29 Return: -78.0633 FPS:  1.76
20:24:59.138 [INFO] (trainer.py:120) Total Epi:   240 Steps:    4316 Episode Steps:     9 Return:  13.4503 FPS:  1.36
20:25:12.196 [INFO] (trainer.py:120) Total Epi:   241 Steps:    4338 Episode Steps:    22 Return:  4.7975 FPS:  1.68
20:25:19.848 [INFO] (trainer.py:120) Total Epi:   242 Steps:    4349 Episode Steps:    11 Return:  10.9704 FPS:  1.44
20:25:32.308 [INFO] (trainer.py:120) Total Epi:   243 Steps:    4370 Episode Steps:    21 Return:  5.4296 FPS:  1.69
20:25:39.931 [INFO] (trainer.py:120) Total Epi:   244 Steps:    4381 Episode Steps:    11 Return:  10.7922 FPS:  1.44
20:25:56.397 [INFO] (trainer.py:120) Total Epi:   245 Steps:    4410 Episode Steps:    29 Return: -75.7842 FPS:  1.76
20:26:12.890 [INFO] (trainer.py:120) Total Epi:   246 Steps:    4439 Episode Steps:    29 Return: -57.2202 FPS:  1.76
20:26:29.165 [INFO] (trainer.py:120) Total Epi:   247 Steps:    4468 Episode Steps:    29 Return: -49.9765 FPS:  1.78
20:26:42.617 [INFO] (trainer.py:120) Total Epi:   248 Steps:    4491 Episode Steps:    23 Return:  4.8277 FPS:  1.71
20:27:52.382 [INFO] (trainer.py:148) Evaluation Total Steps:    4500 Average Reward -32.0605 over  5 episodes
20:27:55.315 [INFO] (trainer.py:120) Total Epi:   249 Steps:    4501 Episode Steps:    10 Return: -39.9112 FPS:  0.14
20:28:03.160 [INFO] (trainer.py:120) Total Epi:   250 Steps:    4512 Episode Steps:    11 Return:  10.3119 FPS:  1.40
20:28:10.795 [INFO] (trainer.py:120) Total Epi:   251 Steps:    4523 Episode Steps:    11 Return:  11.5208 FPS:  1.44
20:28:27.060 [INFO] (trainer.py:120) Total Epi:   252 Steps:    4552 Episode Steps:    29 Return: -52.7407 FPS:  1.78
20:28:40.120 [INFO] (trainer.py:120) Total Epi:   253 Steps:    4574 Episode Steps:    22 Return:  3.0664 FPS:  1.68
20:28:56.385 [INFO] (trainer.py:120) Total Epi:   254 Steps:    4603 Episode Steps:    29 Return: -59.5038 FPS:  1.78
20:29:12.851 [INFO] (trainer.py:120) Total Epi:   255 Steps:    4632 Episode Steps:    29 Return: -75.9252 FPS:  1.76
20:29:21.102 [INFO] (trainer.py:120) Total Epi:   256 Steps:    4644 Episode Steps:    12 Return:  10.7262 FPS:  1.45
20:29:28.334 [INFO] (trainer.py:120) Total Epi:   257 Steps:    4654 Episode Steps:    10 Return:  11.4553 FPS:  1.38
20:29:44.599 [INFO] (trainer.py:120) Total Epi:   258 Steps:    4683 Episode Steps:    29 Return: -58.4223 FPS:  1.78
20:29:52.857 [INFO] (trainer.py:120) Total Epi:   259 Steps:    4695 Episode Steps:    12 Return:  10.8993 FPS:  1.45
20:30:01.301 [INFO] (trainer.py:120) Total Epi:   260 Steps:    4707 Episode Steps:    12 Return:  10.0893 FPS:  1.42
20:30:09.147 [INFO] (trainer.py:120) Total Epi:   261 Steps:    4718 Episode Steps:    11 Return:  11.1751 FPS:  1.40
20:30:25.816 [INFO] (trainer.py:120) Total Epi:   262 Steps:    4747 Episode Steps:    29 Return: -55.4300 FPS:  1.74
20:30:33.039 [INFO] (trainer.py:120) Total Epi:   263 Steps:    4757 Episode Steps:    10 Return:  12.4767 FPS:  1.38
20:30:40.687 [INFO] (trainer.py:120) Total Epi:   264 Steps:    4768 Episode Steps:    11 Return:  10.6147 FPS:  1.44
20:30:48.322 [INFO] (trainer.py:120) Total Epi:   265 Steps:    4779 Episode Steps:    11 Return:  10.0056 FPS:  1.44
20:30:55.774 [INFO] (trainer.py:120) Total Epi:   266 Steps:    4789 Episode Steps:    10 Return:  11.5666 FPS:  1.34
20:31:02.623 [INFO] (trainer.py:120) Total Epi:   267 Steps:    4798 Episode Steps:     9 Return:  15.1549 FPS:  1.31
20:31:11.490 [INFO] (trainer.py:120) Total Epi:   268 Steps:    4811 Episode Steps:    13 Return:  10.7716 FPS:  1.47
20:31:27.957 [INFO] (trainer.py:120) Total Epi:   269 Steps:    4840 Episode Steps:    29 Return: -73.1995 FPS:  1.76
20:31:35.214 [INFO] (trainer.py:120) Total Epi:   270 Steps:    4850 Episode Steps:    10 Return:  12.8743 FPS:  1.38
20:31:51.486 [INFO] (trainer.py:120) Total Epi:   271 Steps:    4879 Episode Steps:    29 Return: -51.8213 FPS:  1.78
20:32:07.936 [INFO] (trainer.py:120) Total Epi:   272 Steps:    4908 Episode Steps:    29 Return: -48.9891 FPS:  1.76
20:32:24.203 [INFO] (trainer.py:120) Total Epi:   273 Steps:    4937 Episode Steps:    29 Return: -49.8611 FPS:  1.78
20:32:40.471 [INFO] (trainer.py:120) Total Epi:   274 Steps:    4966 Episode Steps:    29 Return: -49.9200 FPS:  1.78
20:32:56.747 [INFO] (trainer.py:120) Total Epi:   275 Steps:    4995 Episode Steps:    29 Return: -73.7516 FPS:  1.78
20:34:14.181 [INFO] (trainer.py:148) Evaluation Total Steps:    5000 Average Reward -50.2316 over  5 episodes
20:34:17.099 [INFO] (trainer.py:120) Total Epi:   276 Steps:    5001 Episode Steps:     6 Return: -35.6509 FPS:  0.07
20:34:24.960 [INFO] (trainer.py:120) Total Epi:   277 Steps:    5012 Episode Steps:    11 Return:  10.9463 FPS:  1.40
20:34:37.810 [INFO] (trainer.py:120) Total Epi:   278 Steps:    5034 Episode Steps:    22 Return:  3.8664 FPS:  1.71
20:34:54.084 [INFO] (trainer.py:120) Total Epi:   279 Steps:    5063 Episode Steps:    29 Return: -76.3446 FPS:  1.78
20:35:10.345 [INFO] (trainer.py:120) Total Epi:   280 Steps:    5092 Episode Steps:    29 Return: -49.1381 FPS:  1.78
20:35:18.592 [INFO] (trainer.py:120) Total Epi:   281 Steps:    5104 Episode Steps:    12 Return:  9.5938 FPS:  1.46
20:35:34.867 [INFO] (trainer.py:120) Total Epi:   282 Steps:    5133 Episode Steps:    29 Return: -67.3424 FPS:  1.78
20:35:42.106 [INFO] (trainer.py:120) Total Epi:   283 Steps:    5143 Episode Steps:    10 Return:  11.5496 FPS:  1.38
20:35:50.155 [INFO] (trainer.py:120) Total Epi:   284 Steps:    5155 Episode Steps:    12 Return:  10.5444 FPS:  1.49
20:35:58.408 [INFO] (trainer.py:120) Total Epi:   285 Steps:    5167 Episode Steps:    12 Return:  10.9536 FPS:  1.45
20:36:05.874 [INFO] (trainer.py:120) Total Epi:   286 Steps:    5177 Episode Steps:    10 Return:  12.8011 FPS:  1.34
20:36:22.340 [INFO] (trainer.py:120) Total Epi:   287 Steps:    5206 Episode Steps:    29 Return: -60.5261 FPS:  1.76
20:36:38.603 [INFO] (trainer.py:120) Total Epi:   288 Steps:    5235 Episode Steps:    29 Return: -76.4645 FPS:  1.78
20:36:47.257 [INFO] (trainer.py:120) Total Epi:   289 Steps:    5248 Episode Steps:    13 Return:  9.1354 FPS:  1.50
20:36:55.520 [INFO] (trainer.py:120) Total Epi:   290 Steps:    5260 Episode Steps:    12 Return:  10.7634 FPS:  1.45
20:37:02.358 [INFO] (trainer.py:120) Total Epi:   291 Steps:    5269 Episode Steps:     9 Return:  14.9475 FPS:  1.32
20:37:09.596 [INFO] (trainer.py:120) Total Epi:   292 Steps:    5279 Episode Steps:    10 Return:  11.6973 FPS:  1.38
20:37:17.871 [INFO] (trainer.py:120) Total Epi:   293 Steps:    5291 Episode Steps:    12 Return:  10.9251 FPS:  1.45
20:37:25.310 [INFO] (trainer.py:120) Total Epi:   294 Steps:    5301 Episode Steps:    10 Return:  13.3447 FPS:  1.34
20:37:32.172 [INFO] (trainer.py:120) Total Epi:   295 Steps:    5310 Episode Steps:     9 Return:  14.4694 FPS:  1.31
20:37:40.438 [INFO] (trainer.py:120) Total Epi:   296 Steps:    5322 Episode Steps:    12 Return:  10.1710 FPS:  1.45
20:37:48.318 [INFO] (trainer.py:120) Total Epi:   297 Steps:    5333 Episode Steps:    11 Return:  10.9597 FPS:  1.40
20:37:55.156 [INFO] (trainer.py:120) Total Epi:   298 Steps:    5342 Episode Steps:     9 Return:  14.5049 FPS:  1.32
20:38:11.435 [INFO] (trainer.py:120) Total Epi:   299 Steps:    5371 Episode Steps:    29 Return: -57.3435 FPS:  1.78
20:38:27.709 [INFO] (trainer.py:120) Total Epi:   300 Steps:    5400 Episode Steps:    29 Return: -77.1766 FPS:  1.78
20:38:43.990 [INFO] (trainer.py:120) Total Epi:   301 Steps:    5428 Episode Steps:    28 Return: -55.0368 FPS:  1.72
20:39:00.470 [INFO] (trainer.py:120) Total Epi:   302 Steps:    5457 Episode Steps:    29 Return: -75.1720 FPS:  1.76
