19:13:48.870 [INFO] (trainer.py:76) Restored None
19:14:07.790 [INFO] (trainer.py:120) Total Epi:     1 Steps:      23 Episode Steps:    23 Return: -67.7281 FPS:  1.22
19:14:19.051 [INFO] (trainer.py:120) Total Epi:     2 Steps:      41 Episode Steps:    18 Return: -104.9321 FPS:  1.60
19:14:35.344 [INFO] (trainer.py:120) Total Epi:     3 Steps:      69 Episode Steps:    28 Return: -67.9262 FPS:  1.72
19:14:51.636 [INFO] (trainer.py:120) Total Epi:     4 Steps:      98 Episode Steps:    29 Return: -65.4591 FPS:  1.78
19:15:02.514 [INFO] (trainer.py:120) Total Epi:     5 Steps:     115 Episode Steps:    17 Return: -102.1836 FPS:  1.56
19:15:18.791 [INFO] (trainer.py:120) Total Epi:     6 Steps:     143 Episode Steps:    28 Return: -71.7683 FPS:  1.72
19:15:35.281 [INFO] (trainer.py:120) Total Epi:     7 Steps:     172 Episode Steps:    29 Return: -87.7229 FPS:  1.76
19:15:51.993 [INFO] (trainer.py:120) Total Epi:     8 Steps:     201 Episode Steps:    29 Return: -82.3159 FPS:  1.74
19:16:08.468 [INFO] (trainer.py:120) Total Epi:     9 Steps:     230 Episode Steps:    29 Return: -82.6733 FPS:  1.76
19:16:17.328 [INFO] (trainer.py:120) Total Epi:    10 Steps:     243 Episode Steps:    13 Return: -105.8887 FPS:  1.47
19:16:26.212 [INFO] (trainer.py:120) Total Epi:    11 Steps:     256 Episode Steps:    13 Return: -105.5005 FPS:  1.46
19:16:35.065 [INFO] (trainer.py:120) Total Epi:    12 Steps:     269 Episode Steps:    13 Return: -104.4690 FPS:  1.47
19:16:43.932 [INFO] (trainer.py:120) Total Epi:    13 Steps:     282 Episode Steps:    13 Return: -106.6367 FPS:  1.47
19:16:52.793 [INFO] (trainer.py:120) Total Epi:    14 Steps:     295 Episode Steps:    13 Return: -108.6054 FPS:  1.47
19:17:03.468 [INFO] (trainer.py:120) Total Epi:    15 Steps:     312 Episode Steps:    17 Return: -118.9262 FPS:  1.59
19:17:19.752 [INFO] (trainer.py:120) Total Epi:    16 Steps:     340 Episode Steps:    28 Return: -80.9253 FPS:  1.72
19:17:36.245 [INFO] (trainer.py:120) Total Epi:    17 Steps:     369 Episode Steps:    29 Return: -76.5877 FPS:  1.76
19:17:52.733 [INFO] (trainer.py:120) Total Epi:    18 Steps:     398 Episode Steps:    29 Return: -74.5971 FPS:  1.76
19:18:09.022 [INFO] (trainer.py:120) Total Epi:    19 Steps:     426 Episode Steps:    28 Return: -71.4962 FPS:  1.72
19:18:25.501 [INFO] (trainer.py:120) Total Epi:    20 Steps:     455 Episode Steps:    29 Return: -75.9214 FPS:  1.76
19:18:42.000 [INFO] (trainer.py:120) Total Epi:    21 Steps:     484 Episode Steps:    29 Return: -71.1014 FPS:  1.76
19:20:12.402 [INFO] (trainer.py:148) Evaluation Total Steps:     500 Average Reward -74.7033 over  5 episodes
19:20:15.323 [INFO] (trainer.py:120) Total Epi:    22 Steps:     501 Episode Steps:    17 Return: -56.5064 FPS:  0.18
19:20:31.840 [INFO] (trainer.py:120) Total Epi:    23 Steps:     530 Episode Steps:    29 Return: -69.0067 FPS:  1.76
19:20:48.526 [INFO] (trainer.py:120) Total Epi:    24 Steps:     559 Episode Steps:    29 Return: -72.1835 FPS:  1.74
19:21:04.997 [INFO] (trainer.py:120) Total Epi:    25 Steps:     588 Episode Steps:    29 Return: -72.0926 FPS:  1.76
19:21:21.674 [INFO] (trainer.py:120) Total Epi:    26 Steps:     617 Episode Steps:    29 Return: -75.4186 FPS:  1.74
19:21:38.171 [INFO] (trainer.py:120) Total Epi:    27 Steps:     646 Episode Steps:    29 Return: -74.3840 FPS:  1.76
19:21:54.463 [INFO] (trainer.py:120) Total Epi:    28 Steps:     674 Episode Steps:    28 Return: -74.0018 FPS:  1.72
19:22:10.751 [INFO] (trainer.py:120) Total Epi:    29 Steps:     702 Episode Steps:    28 Return: -83.1165 FPS:  1.72
19:22:27.256 [INFO] (trainer.py:120) Total Epi:    30 Steps:     731 Episode Steps:    29 Return: -85.1369 FPS:  1.76
19:22:43.758 [INFO] (trainer.py:120) Total Epi:    31 Steps:     760 Episode Steps:    29 Return: -73.6842 FPS:  1.76
19:23:00.059 [INFO] (trainer.py:120) Total Epi:    32 Steps:     788 Episode Steps:    28 Return: -75.2616 FPS:  1.72
19:23:16.735 [INFO] (trainer.py:120) Total Epi:    33 Steps:     817 Episode Steps:    29 Return: -76.3047 FPS:  1.74
19:23:33.455 [INFO] (trainer.py:120) Total Epi:    34 Steps:     846 Episode Steps:    29 Return: -74.6077 FPS:  1.73
19:23:49.933 [INFO] (trainer.py:120) Total Epi:    35 Steps:     875 Episode Steps:    29 Return: -72.1253 FPS:  1.76
19:24:06.246 [INFO] (trainer.py:120) Total Epi:    36 Steps:     903 Episode Steps:    28 Return: -73.1427 FPS:  1.72
19:24:22.709 [INFO] (trainer.py:120) Total Epi:    37 Steps:     932 Episode Steps:    29 Return: -71.7081 FPS:  1.76
19:24:39.222 [INFO] (trainer.py:120) Total Epi:    38 Steps:     961 Episode Steps:    29 Return: -67.9451 FPS:  1.76
19:24:55.505 [INFO] (trainer.py:120) Total Epi:    39 Steps:     990 Episode Steps:    29 Return: -74.3995 FPS:  1.78
19:26:23.099 [INFO] (trainer.py:148) Evaluation Total Steps:    1000 Average Reward -74.8651 over  5 episodes
19:26:26.066 [INFO] (trainer.py:120) Total Epi:    40 Steps:    1001 Episode Steps:    11 Return: -44.0908 FPS:  0.12
19:26:42.762 [INFO] (trainer.py:120) Total Epi:    41 Steps:    1030 Episode Steps:    29 Return: -72.3894 FPS:  1.74
19:26:59.272 [INFO] (trainer.py:120) Total Epi:    42 Steps:    1059 Episode Steps:    29 Return: -70.7275 FPS:  1.76
19:27:15.775 [INFO] (trainer.py:120) Total Epi:    43 Steps:    1088 Episode Steps:    29 Return: -71.4485 FPS:  1.76
19:27:31.866 [INFO] (trainer.py:120) Total Epi:    44 Steps:    1116 Episode Steps:    28 Return: -64.6378 FPS:  1.74
19:27:48.386 [INFO] (trainer.py:120) Total Epi:    45 Steps:    1145 Episode Steps:    29 Return: -66.8011 FPS:  1.76
19:28:04.850 [INFO] (trainer.py:120) Total Epi:    46 Steps:    1174 Episode Steps:    29 Return: -68.5164 FPS:  1.76
19:28:21.129 [INFO] (trainer.py:120) Total Epi:    47 Steps:    1202 Episode Steps:    28 Return: -64.0760 FPS:  1.72
19:28:37.816 [INFO] (trainer.py:120) Total Epi:    48 Steps:    1231 Episode Steps:    29 Return: -67.7210 FPS:  1.74
19:28:54.111 [INFO] (trainer.py:120) Total Epi:    49 Steps:    1259 Episode Steps:    28 Return: -71.0154 FPS:  1.72
19:29:10.604 [INFO] (trainer.py:120) Total Epi:    50 Steps:    1288 Episode Steps:    29 Return: -67.3168 FPS:  1.76
19:29:26.887 [INFO] (trainer.py:120) Total Epi:    51 Steps:    1316 Episode Steps:    28 Return: -69.0495 FPS:  1.72
19:29:43.387 [INFO] (trainer.py:120) Total Epi:    52 Steps:    1345 Episode Steps:    29 Return: -66.0097 FPS:  1.76
19:29:59.868 [INFO] (trainer.py:120) Total Epi:    53 Steps:    1374 Episode Steps:    29 Return: -67.6684 FPS:  1.76
19:30:16.549 [INFO] (trainer.py:120) Total Epi:    54 Steps:    1403 Episode Steps:    29 Return: -62.5826 FPS:  1.74
19:30:33.047 [INFO] (trainer.py:120) Total Epi:    55 Steps:    1432 Episode Steps:    29 Return: -66.1088 FPS:  1.76
19:30:49.535 [INFO] (trainer.py:120) Total Epi:    56 Steps:    1461 Episode Steps:    29 Return: -66.1070 FPS:  1.76
19:31:06.044 [INFO] (trainer.py:120) Total Epi:    57 Steps:    1490 Episode Steps:    29 Return: -68.7530 FPS:  1.76
19:32:34.181 [INFO] (trainer.py:148) Evaluation Total Steps:    1500 Average Reward -71.3466 over  5 episodes
19:32:37.183 [INFO] (trainer.py:120) Total Epi:    58 Steps:    1501 Episode Steps:    11 Return: -42.7382 FPS:  0.12
19:32:53.890 [INFO] (trainer.py:120) Total Epi:    59 Steps:    1530 Episode Steps:    29 Return: -70.1373 FPS:  1.74
19:33:10.431 [INFO] (trainer.py:120) Total Epi:    60 Steps:    1558 Episode Steps:    28 Return: -70.4077 FPS:  1.69
19:33:27.126 [INFO] (trainer.py:120) Total Epi:    61 Steps:    1587 Episode Steps:    29 Return: -70.3983 FPS:  1.74
19:33:43.415 [INFO] (trainer.py:120) Total Epi:    62 Steps:    1615 Episode Steps:    28 Return: -65.6242 FPS:  1.72
19:33:59.910 [INFO] (trainer.py:120) Total Epi:    63 Steps:    1644 Episode Steps:    29 Return: -64.7436 FPS:  1.76
19:34:09.572 [INFO] (trainer.py:120) Total Epi:    64 Steps:    1659 Episode Steps:    15 Return: -95.8082 FPS:  1.55
19:34:26.062 [INFO] (trainer.py:120) Total Epi:    65 Steps:    1688 Episode Steps:    29 Return: -63.0913 FPS:  1.76
19:34:42.573 [INFO] (trainer.py:120) Total Epi:    66 Steps:    1717 Episode Steps:    29 Return: -61.8593 FPS:  1.76
19:34:58.866 [INFO] (trainer.py:120) Total Epi:    67 Steps:    1745 Episode Steps:    28 Return: -61.6548 FPS:  1.72
19:35:15.569 [INFO] (trainer.py:120) Total Epi:    68 Steps:    1774 Episode Steps:    29 Return: -65.8960 FPS:  1.74
19:35:31.861 [INFO] (trainer.py:120) Total Epi:    69 Steps:    1802 Episode Steps:    28 Return: -64.0411 FPS:  1.72
19:35:48.173 [INFO] (trainer.py:120) Total Epi:    70 Steps:    1830 Episode Steps:    28 Return: -58.8930 FPS:  1.72
19:36:04.455 [INFO] (trainer.py:120) Total Epi:    71 Steps:    1858 Episode Steps:    28 Return: -68.5080 FPS:  1.72
19:36:20.778 [INFO] (trainer.py:120) Total Epi:    72 Steps:    1886 Episode Steps:    28 Return: -57.5074 FPS:  1.72
19:36:37.086 [INFO] (trainer.py:120) Total Epi:    73 Steps:    1914 Episode Steps:    28 Return: -70.6199 FPS:  1.72
19:36:53.595 [INFO] (trainer.py:120) Total Epi:    74 Steps:    1943 Episode Steps:    29 Return: -62.1217 FPS:  1.76
19:37:10.104 [INFO] (trainer.py:120) Total Epi:    75 Steps:    1972 Episode Steps:    29 Return: -62.5084 FPS:  1.76
19:38:46.783 [INFO] (trainer.py:148) Evaluation Total Steps:    2000 Average Reward -55.8297 over  5 episodes
19:38:49.737 [INFO] (trainer.py:120) Total Epi:    76 Steps:    2001 Episode Steps:    29 Return: -54.5015 FPS:  0.29
19:39:06.239 [INFO] (trainer.py:120) Total Epi:    77 Steps:    2030 Episode Steps:    29 Return: -53.7736 FPS:  1.76
19:39:22.731 [INFO] (trainer.py:120) Total Epi:    78 Steps:    2059 Episode Steps:    29 Return: -62.0623 FPS:  1.76
19:39:39.023 [INFO] (trainer.py:120) Total Epi:    79 Steps:    2087 Episode Steps:    28 Return: -56.9264 FPS:  1.72
19:39:55.536 [INFO] (trainer.py:120) Total Epi:    80 Steps:    2116 Episode Steps:    29 Return: -59.3148 FPS:  1.76
19:40:12.030 [INFO] (trainer.py:120) Total Epi:    81 Steps:    2145 Episode Steps:    29 Return: -59.1947 FPS:  1.76
19:40:28.751 [INFO] (trainer.py:120) Total Epi:    82 Steps:    2174 Episode Steps:    29 Return: -58.0786 FPS:  1.73
19:40:45.248 [INFO] (trainer.py:120) Total Epi:    83 Steps:    2202 Episode Steps:    28 Return: -54.9658 FPS:  1.70
19:41:01.735 [INFO] (trainer.py:120) Total Epi:    84 Steps:    2231 Episode Steps:    29 Return: -59.7191 FPS:  1.76
19:41:18.252 [INFO] (trainer.py:120) Total Epi:    85 Steps:    2260 Episode Steps:    29 Return: -59.1662 FPS:  1.76
19:41:34.754 [INFO] (trainer.py:120) Total Epi:    86 Steps:    2289 Episode Steps:    29 Return: -58.5706 FPS:  1.76
19:41:46.024 [INFO] (trainer.py:120) Total Epi:    87 Steps:    2307 Episode Steps:    18 Return: -97.6939 FPS:  1.60
19:42:02.522 [INFO] (trainer.py:120) Total Epi:    88 Steps:    2336 Episode Steps:    29 Return: -57.8747 FPS:  1.76
19:42:19.028 [INFO] (trainer.py:120) Total Epi:    89 Steps:    2365 Episode Steps:    29 Return: -57.5372 FPS:  1.76
19:42:35.553 [INFO] (trainer.py:120) Total Epi:    90 Steps:    2394 Episode Steps:    29 Return: -63.0796 FPS:  1.76
19:42:51.845 [INFO] (trainer.py:120) Total Epi:    91 Steps:    2422 Episode Steps:    28 Return: -59.9043 FPS:  1.72
19:43:08.557 [INFO] (trainer.py:120) Total Epi:    92 Steps:    2451 Episode Steps:    29 Return: -62.4297 FPS:  1.74
19:43:24.840 [INFO] (trainer.py:120) Total Epi:    93 Steps:    2480 Episode Steps:    29 Return: -63.6950 FPS:  1.78
19:44:57.949 [INFO] (trainer.py:148) Evaluation Total Steps:    2500 Average Reward -67.2732 over  5 episodes
19:45:00.921 [INFO] (trainer.py:120) Total Epi:    94 Steps:    2501 Episode Steps:    21 Return: -50.4209 FPS:  0.22
19:45:17.443 [INFO] (trainer.py:120) Total Epi:    95 Steps:    2530 Episode Steps:    29 Return: -60.0186 FPS:  1.76
19:45:33.940 [INFO] (trainer.py:120) Total Epi:    96 Steps:    2559 Episode Steps:    29 Return: -66.4024 FPS:  1.76
19:45:50.442 [INFO] (trainer.py:120) Total Epi:    97 Steps:    2588 Episode Steps:    29 Return: -65.3500 FPS:  1.76
19:46:06.948 [INFO] (trainer.py:120) Total Epi:    98 Steps:    2617 Episode Steps:    29 Return: -60.3523 FPS:  1.76
19:46:23.647 [INFO] (trainer.py:120) Total Epi:    99 Steps:    2646 Episode Steps:    29 Return: -64.9226 FPS:  1.74
19:46:40.342 [INFO] (trainer.py:120) Total Epi:   100 Steps:    2675 Episode Steps:    29 Return: -61.8872 FPS:  1.74
19:46:57.054 [INFO] (trainer.py:120) Total Epi:   101 Steps:    2704 Episode Steps:    29 Return: -59.2749 FPS:  1.74
19:47:13.737 [INFO] (trainer.py:120) Total Epi:   102 Steps:    2733 Episode Steps:    29 Return: -66.0003 FPS:  1.74
19:47:30.262 [INFO] (trainer.py:120) Total Epi:   103 Steps:    2762 Episode Steps:    29 Return: -69.0618 FPS:  1.75
19:47:46.775 [INFO] (trainer.py:120) Total Epi:   104 Steps:    2791 Episode Steps:    29 Return: -65.8318 FPS:  1.76
19:48:03.295 [INFO] (trainer.py:120) Total Epi:   105 Steps:    2820 Episode Steps:    29 Return: -66.5454 FPS:  1.76
19:48:19.977 [INFO] (trainer.py:120) Total Epi:   106 Steps:    2849 Episode Steps:    29 Return: -68.0242 FPS:  1.74
19:48:36.486 [INFO] (trainer.py:120) Total Epi:   107 Steps:    2878 Episode Steps:    29 Return: -66.3088 FPS:  1.76
19:48:53.022 [INFO] (trainer.py:120) Total Epi:   108 Steps:    2907 Episode Steps:    29 Return: -69.2836 FPS:  1.75
19:49:09.504 [INFO] (trainer.py:120) Total Epi:   109 Steps:    2936 Episode Steps:    29 Return: -63.1316 FPS:  1.76
19:49:25.993 [INFO] (trainer.py:120) Total Epi:   110 Steps:    2965 Episode Steps:    29 Return: -65.4523 FPS:  1.76
19:49:42.288 [INFO] (trainer.py:120) Total Epi:   111 Steps:    2994 Episode Steps:    29 Return: -63.3895 FPS:  1.78
19:51:08.165 [INFO] (trainer.py:148) Evaluation Total Steps:    3000 Average Reward -65.0258 over  5 episodes
19:51:11.108 [INFO] (trainer.py:120) Total Epi:   112 Steps:    3001 Episode Steps:     7 Return: -36.8177 FPS:  0.08
19:51:27.603 [INFO] (trainer.py:120) Total Epi:   113 Steps:    3030 Episode Steps:    29 Return: -62.9686 FPS:  1.76
19:51:44.093 [INFO] (trainer.py:120) Total Epi:   114 Steps:    3059 Episode Steps:    29 Return: -62.0795 FPS:  1.76
19:52:00.399 [INFO] (trainer.py:120) Total Epi:   115 Steps:    3088 Episode Steps:    29 Return: -63.4567 FPS:  1.78
19:52:16.717 [INFO] (trainer.py:120) Total Epi:   116 Steps:    3116 Episode Steps:    28 Return: -62.4969 FPS:  1.72
19:52:32.990 [INFO] (trainer.py:120) Total Epi:   117 Steps:    3145 Episode Steps:    29 Return: -62.6203 FPS:  1.78
19:52:49.503 [INFO] (trainer.py:120) Total Epi:   118 Steps:    3174 Episode Steps:    29 Return: -63.8141 FPS:  1.76
19:53:05.805 [INFO] (trainer.py:120) Total Epi:   119 Steps:    3202 Episode Steps:    28 Return: -63.0350 FPS:  1.72
19:53:22.121 [INFO] (trainer.py:120) Total Epi:   120 Steps:    3230 Episode Steps:    28 Return: -63.7127 FPS:  1.72
19:53:38.815 [INFO] (trainer.py:120) Total Epi:   121 Steps:    3259 Episode Steps:    29 Return: -67.7254 FPS:  1.74
19:53:55.537 [INFO] (trainer.py:120) Total Epi:   122 Steps:    3288 Episode Steps:    29 Return: -65.2011 FPS:  1.73
19:54:11.866 [INFO] (trainer.py:120) Total Epi:   123 Steps:    3316 Episode Steps:    28 Return: -66.7237 FPS:  1.71
19:54:28.369 [INFO] (trainer.py:120) Total Epi:   124 Steps:    3345 Episode Steps:    29 Return: -66.8283 FPS:  1.76
19:54:45.069 [INFO] (trainer.py:120) Total Epi:   125 Steps:    3374 Episode Steps:    29 Return: -64.2061 FPS:  1.74
19:55:01.770 [INFO] (trainer.py:120) Total Epi:   126 Steps:    3403 Episode Steps:    29 Return: -66.6712 FPS:  1.74
19:55:18.271 [INFO] (trainer.py:120) Total Epi:   127 Steps:    3432 Episode Steps:    29 Return: -64.5822 FPS:  1.76
19:55:34.570 [INFO] (trainer.py:120) Total Epi:   128 Steps:    3460 Episode Steps:    28 Return: -65.6060 FPS:  1.72
19:55:51.069 [INFO] (trainer.py:120) Total Epi:   129 Steps:    3489 Episode Steps:    29 Return: -67.8181 FPS:  1.76
19:57:19.183 [INFO] (trainer.py:148) Evaluation Total Steps:    3500 Average Reward -65.7926 over  5 episodes
19:57:22.134 [INFO] (trainer.py:120) Total Epi:   130 Steps:    3501 Episode Steps:    12 Return: -41.8955 FPS:  0.13
19:57:38.434 [INFO] (trainer.py:120) Total Epi:   131 Steps:    3529 Episode Steps:    28 Return: -68.1969 FPS:  1.72
19:57:54.932 [INFO] (trainer.py:120) Total Epi:   132 Steps:    3558 Episode Steps:    29 Return: -66.0927 FPS:  1.76
19:58:11.437 [INFO] (trainer.py:120) Total Epi:   133 Steps:    3587 Episode Steps:    29 Return: -68.9910 FPS:  1.76
19:58:27.750 [INFO] (trainer.py:120) Total Epi:   134 Steps:    3615 Episode Steps:    28 Return: -70.3932 FPS:  1.72
19:58:44.252 [INFO] (trainer.py:120) Total Epi:   135 Steps:    3644 Episode Steps:    29 Return: -70.8362 FPS:  1.76
19:59:00.558 [INFO] (trainer.py:120) Total Epi:   136 Steps:    3673 Episode Steps:    29 Return: -72.6512 FPS:  1.78
19:59:16.882 [INFO] (trainer.py:120) Total Epi:   137 Steps:    3701 Episode Steps:    28 Return: -69.0148 FPS:  1.72
19:59:33.200 [INFO] (trainer.py:120) Total Epi:   138 Steps:    3730 Episode Steps:    29 Return: -70.8571 FPS:  1.78
19:59:49.702 [INFO] (trainer.py:120) Total Epi:   139 Steps:    3759 Episode Steps:    29 Return: -73.4458 FPS:  1.76
20:00:06.213 [INFO] (trainer.py:120) Total Epi:   140 Steps:    3788 Episode Steps:    29 Return: -72.5941 FPS:  1.76
20:00:22.932 [INFO] (trainer.py:120) Total Epi:   141 Steps:    3817 Episode Steps:    29 Return: -68.7424 FPS:  1.73
20:00:39.441 [INFO] (trainer.py:120) Total Epi:   142 Steps:    3846 Episode Steps:    29 Return: -70.7773 FPS:  1.76
20:00:55.960 [INFO] (trainer.py:120) Total Epi:   143 Steps:    3875 Episode Steps:    29 Return: -70.8717 FPS:  1.76
20:01:12.470 [INFO] (trainer.py:120) Total Epi:   144 Steps:    3904 Episode Steps:    29 Return: -69.2077 FPS:  1.76
20:01:28.782 [INFO] (trainer.py:120) Total Epi:   145 Steps:    3933 Episode Steps:    29 Return: -67.3226 FPS:  1.78
20:01:45.320 [INFO] (trainer.py:120) Total Epi:   146 Steps:    3962 Episode Steps:    29 Return: -71.9437 FPS:  1.75
20:02:01.618 [INFO] (trainer.py:120) Total Epi:   147 Steps:    3990 Episode Steps:    28 Return: -66.3522 FPS:  1.72
20:03:29.213 [INFO] (trainer.py:148) Evaluation Total Steps:    4000 Average Reward -74.5984 over  5 episodes
20:03:32.162 [INFO] (trainer.py:120) Total Epi:   148 Steps:    4001 Episode Steps:    11 Return: -41.0594 FPS:  0.12
20:03:48.864 [INFO] (trainer.py:120) Total Epi:   149 Steps:    4030 Episode Steps:    29 Return: -67.4471 FPS:  1.74
20:04:05.590 [INFO] (trainer.py:120) Total Epi:   150 Steps:    4059 Episode Steps:    29 Return: -66.2317 FPS:  1.73
20:04:22.116 [INFO] (trainer.py:120) Total Epi:   151 Steps:    4088 Episode Steps:    29 Return: -67.7838 FPS:  1.75
20:04:38.427 [INFO] (trainer.py:120) Total Epi:   152 Steps:    4116 Episode Steps:    28 Return: -67.5033 FPS:  1.72
20:04:54.756 [INFO] (trainer.py:120) Total Epi:   153 Steps:    4144 Episode Steps:    28 Return: -67.0170 FPS:  1.71
20:05:11.260 [INFO] (trainer.py:120) Total Epi:   154 Steps:    4173 Episode Steps:    29 Return: -65.3905 FPS:  1.76
20:05:27.976 [INFO] (trainer.py:120) Total Epi:   155 Steps:    4202 Episode Steps:    29 Return: -71.2205 FPS:  1.74
20:05:44.516 [INFO] (trainer.py:120) Total Epi:   156 Steps:    4231 Episode Steps:    29 Return: -65.1075 FPS:  1.75
20:06:01.037 [INFO] (trainer.py:120) Total Epi:   157 Steps:    4260 Episode Steps:    29 Return: -64.4325 FPS:  1.76
20:06:17.572 [INFO] (trainer.py:120) Total Epi:   158 Steps:    4289 Episode Steps:    29 Return: -65.0981 FPS:  1.75
20:06:33.890 [INFO] (trainer.py:120) Total Epi:   159 Steps:    4317 Episode Steps:    28 Return: -63.8187 FPS:  1.72
20:06:50.408 [INFO] (trainer.py:120) Total Epi:   160 Steps:    4346 Episode Steps:    29 Return: -63.9837 FPS:  1.76
20:07:07.149 [INFO] (trainer.py:120) Total Epi:   161 Steps:    4375 Episode Steps:    29 Return: -65.1447 FPS:  1.73
20:07:23.659 [INFO] (trainer.py:120) Total Epi:   162 Steps:    4403 Episode Steps:    28 Return: -62.7718 FPS:  1.70
20:07:40.167 [INFO] (trainer.py:120) Total Epi:   163 Steps:    4432 Episode Steps:    29 Return: -63.5009 FPS:  1.76
20:07:56.883 [INFO] (trainer.py:120) Total Epi:   164 Steps:    4461 Episode Steps:    29 Return: -62.6026 FPS:  1.74
20:08:13.405 [INFO] (trainer.py:120) Total Epi:   165 Steps:    4490 Episode Steps:    29 Return: -63.3179 FPS:  1.76
20:09:41.223 [INFO] (trainer.py:148) Evaluation Total Steps:    4500 Average Reward -64.1511 over  5 episodes
20:09:44.167 [INFO] (trainer.py:120) Total Epi:   166 Steps:    4501 Episode Steps:    11 Return: -41.2448 FPS:  0.12
20:10:00.677 [INFO] (trainer.py:120) Total Epi:   167 Steps:    4530 Episode Steps:    29 Return: -60.9109 FPS:  1.76
20:10:17.195 [INFO] (trainer.py:120) Total Epi:   168 Steps:    4559 Episode Steps:    29 Return: -64.6525 FPS:  1.76
20:10:33.730 [INFO] (trainer.py:120) Total Epi:   169 Steps:    4588 Episode Steps:    29 Return: -64.0893 FPS:  1.75
20:10:50.047 [INFO] (trainer.py:120) Total Epi:   170 Steps:    4616 Episode Steps:    28 Return: -60.3458 FPS:  1.72
20:11:06.781 [INFO] (trainer.py:120) Total Epi:   171 Steps:    4645 Episode Steps:    29 Return: -63.1701 FPS:  1.73
20:11:23.307 [INFO] (trainer.py:120) Total Epi:   172 Steps:    4674 Episode Steps:    29 Return: -59.6275 FPS:  1.75
20:11:40.037 [INFO] (trainer.py:120) Total Epi:   173 Steps:    4703 Episode Steps:    29 Return: -61.4507 FPS:  1.73
20:11:56.560 [INFO] (trainer.py:120) Total Epi:   174 Steps:    4731 Episode Steps:    28 Return: -61.0874 FPS:  1.69
20:12:13.095 [INFO] (trainer.py:120) Total Epi:   175 Steps:    4760 Episode Steps:    29 Return: -65.4092 FPS:  1.75
20:12:29.812 [INFO] (trainer.py:120) Total Epi:   176 Steps:    4789 Episode Steps:    29 Return: -54.7262 FPS:  1.73
20:12:46.144 [INFO] (trainer.py:120) Total Epi:   177 Steps:    4817 Episode Steps:    28 Return: -53.3278 FPS:  1.71
20:13:02.672 [INFO] (trainer.py:120) Total Epi:   178 Steps:    4846 Episode Steps:    29 Return: -61.9858 FPS:  1.75
20:13:19.191 [INFO] (trainer.py:120) Total Epi:   179 Steps:    4875 Episode Steps:    29 Return: -59.5104 FPS:  1.76
20:13:35.714 [INFO] (trainer.py:120) Total Epi:   180 Steps:    4903 Episode Steps:    28 Return: -54.6083 FPS:  1.69
20:13:52.238 [INFO] (trainer.py:120) Total Epi:   181 Steps:    4932 Episode Steps:    29 Return: -58.5999 FPS:  1.76
20:14:08.744 [INFO] (trainer.py:120) Total Epi:   182 Steps:    4961 Episode Steps:    29 Return: -56.7935 FPS:  1.76
20:14:25.292 [INFO] (trainer.py:120) Total Epi:   183 Steps:    4990 Episode Steps:    29 Return: -57.2830 FPS:  1.75
20:15:53.529 [INFO] (trainer.py:148) Evaluation Total Steps:    5000 Average Reward -58.5095 over  5 episodes
20:15:56.441 [INFO] (trainer.py:120) Total Epi:   184 Steps:    5001 Episode Steps:    11 Return: -41.3975 FPS:  0.12
20:16:12.753 [INFO] (trainer.py:120) Total Epi:   185 Steps:    5029 Episode Steps:    28 Return: -56.2898 FPS:  1.72
20:16:29.288 [INFO] (trainer.py:120) Total Epi:   186 Steps:    5058 Episode Steps:    29 Return: -57.5355 FPS:  1.75
20:16:45.801 [INFO] (trainer.py:120) Total Epi:   187 Steps:    5087 Episode Steps:    29 Return: -54.4188 FPS:  1.76
20:17:02.134 [INFO] (trainer.py:120) Total Epi:   188 Steps:    5115 Episode Steps:    28 Return: -55.1911 FPS:  1.71
20:17:18.461 [INFO] (trainer.py:120) Total Epi:   189 Steps:    5144 Episode Steps:    29 Return: -58.5625 FPS:  1.78
20:17:34.996 [INFO] (trainer.py:120) Total Epi:   190 Steps:    5173 Episode Steps:    29 Return: -53.7411 FPS:  1.75
20:17:51.315 [INFO] (trainer.py:120) Total Epi:   191 Steps:    5201 Episode Steps:    28 Return: -50.2988 FPS:  1.72
20:18:07.833 [INFO] (trainer.py:120) Total Epi:   192 Steps:    5230 Episode Steps:    29 Return: -54.8153 FPS:  1.76
20:18:24.160 [INFO] (trainer.py:120) Total Epi:   193 Steps:    5258 Episode Steps:    28 Return: -52.2058 FPS:  1.72
20:18:40.907 [INFO] (trainer.py:120) Total Epi:   194 Steps:    5287 Episode Steps:    29 Return: -55.9862 FPS:  1.73
20:18:57.617 [INFO] (trainer.py:120) Total Epi:   195 Steps:    5316 Episode Steps:    29 Return: -51.9795 FPS:  1.74
20:19:14.353 [INFO] (trainer.py:120) Total Epi:   196 Steps:    5345 Episode Steps:    29 Return: -52.3473 FPS:  1.73
20:19:30.694 [INFO] (trainer.py:120) Total Epi:   197 Steps:    5373 Episode Steps:    28 Return: -52.9878 FPS:  1.71
20:19:47.213 [INFO] (trainer.py:120) Total Epi:   198 Steps:    5401 Episode Steps:    28 Return: -52.1464 FPS:  1.70
20:20:03.733 [INFO] (trainer.py:120) Total Epi:   199 Steps:    5430 Episode Steps:    29 Return: -53.3037 FPS:  1.76
20:20:20.074 [INFO] (trainer.py:120) Total Epi:   200 Steps:    5458 Episode Steps:    28 Return: -52.0659 FPS:  1.71
20:20:36.608 [INFO] (trainer.py:120) Total Epi:   201 Steps:    5487 Episode Steps:    29 Return: -52.2277 FPS:  1.75
20:22:05.923 [INFO] (trainer.py:148) Evaluation Total Steps:    5500 Average Reward -53.8336 over  5 episodes
20:22:08.877 [INFO] (trainer.py:120) Total Epi:   202 Steps:    5501 Episode Steps:    14 Return: -42.1740 FPS:  0.15
20:22:25.194 [INFO] (trainer.py:120) Total Epi:   203 Steps:    5529 Episode Steps:    28 Return: -53.0323 FPS:  1.72
20:22:41.525 [INFO] (trainer.py:120) Total Epi:   204 Steps:    5558 Episode Steps:    29 Return: -50.7432 FPS:  1.78
20:22:58.065 [INFO] (trainer.py:120) Total Epi:   205 Steps:    5587 Episode Steps:    29 Return: -50.6281 FPS:  1.75
20:23:14.391 [INFO] (trainer.py:120) Total Epi:   206 Steps:    5615 Episode Steps:    28 Return: -50.1359 FPS:  1.72
20:23:30.923 [INFO] (trainer.py:120) Total Epi:   207 Steps:    5644 Episode Steps:    29 Return: -53.0391 FPS:  1.75
20:23:47.250 [INFO] (trainer.py:120) Total Epi:   208 Steps:    5672 Episode Steps:    28 Return: -49.3745 FPS:  1.71
20:24:03.574 [INFO] (trainer.py:120) Total Epi:   209 Steps:    5700 Episode Steps:    28 Return: -51.5279 FPS:  1.72
20:24:20.297 [INFO] (trainer.py:120) Total Epi:   210 Steps:    5729 Episode Steps:    29 Return: -48.4918 FPS:  1.73
20:24:36.603 [INFO] (trainer.py:120) Total Epi:   211 Steps:    5758 Episode Steps:    29 Return: -49.3065 FPS:  1.78
20:24:52.939 [INFO] (trainer.py:120) Total Epi:   212 Steps:    5787 Episode Steps:    29 Return: -49.8839 FPS:  1.78
20:25:09.461 [INFO] (trainer.py:120) Total Epi:   213 Steps:    5816 Episode Steps:    29 Return: -51.0943 FPS:  1.76
20:25:25.995 [INFO] (trainer.py:120) Total Epi:   214 Steps:    5845 Episode Steps:    29 Return: -49.7880 FPS:  1.75
20:25:42.336 [INFO] (trainer.py:120) Total Epi:   215 Steps:    5874 Episode Steps:    29 Return: -50.3020 FPS:  1.77
20:25:58.677 [INFO] (trainer.py:120) Total Epi:   216 Steps:    5902 Episode Steps:    28 Return: -52.4614 FPS:  1.71
20:26:15.035 [INFO] (trainer.py:120) Total Epi:   217 Steps:    5930 Episode Steps:    28 Return: -50.6284 FPS:  1.71
20:26:31.549 [INFO] (trainer.py:120) Total Epi:   218 Steps:    5959 Episode Steps:    29 Return: -52.6184 FPS:  1.76
20:26:47.879 [INFO] (trainer.py:120) Total Epi:   219 Steps:    5988 Episode Steps:    29 Return: -51.5403 FPS:  1.78
20:28:17.520 [INFO] (trainer.py:148) Evaluation Total Steps:    6000 Average Reward -51.9501 over  5 episodes
20:28:20.485 [INFO] (trainer.py:120) Total Epi:   220 Steps:    6001 Episode Steps:    13 Return: -40.8644 FPS:  0.14
20:28:37.033 [INFO] (trainer.py:120) Total Epi:   221 Steps:    6030 Episode Steps:    29 Return: -48.7665 FPS:  1.75
20:28:53.763 [INFO] (trainer.py:120) Total Epi:   222 Steps:    6059 Episode Steps:    29 Return: -51.2765 FPS:  1.73
20:29:10.081 [INFO] (trainer.py:120) Total Epi:   223 Steps:    6088 Episode Steps:    29 Return: -48.0663 FPS:  1.78
20:29:24.802 [INFO] (trainer.py:120) Total Epi:   224 Steps:    6113 Episode Steps:    25 Return:  3.3024 FPS:  1.70
20:29:34.511 [INFO] (trainer.py:120) Total Epi:   225 Steps:    6128 Episode Steps:    15 Return:  8.6130 FPS:  1.55
20:29:43.251 [INFO] (trainer.py:120) Total Epi:   226 Steps:    6141 Episode Steps:    13 Return:  9.5619 FPS:  1.49
20:30:00.010 [INFO] (trainer.py:120) Total Epi:   227 Steps:    6170 Episode Steps:    29 Return: -50.0400 FPS:  1.73
20:30:08.945 [INFO] (trainer.py:120) Total Epi:   228 Steps:    6183 Episode Steps:    13 Return:  10.3579 FPS:  1.46
20:30:25.473 [INFO] (trainer.py:120) Total Epi:   229 Steps:    6211 Episode Steps:    28 Return: -51.5093 FPS:  1.69
20:30:42.029 [INFO] (trainer.py:120) Total Epi:   230 Steps:    6240 Episode Steps:    29 Return: -54.0180 FPS:  1.75
20:30:58.364 [INFO] (trainer.py:120) Total Epi:   231 Steps:    6268 Episode Steps:    28 Return: -48.7051 FPS:  1.71
20:31:14.112 [INFO] (trainer.py:120) Total Epi:   232 Steps:    6295 Episode Steps:    27 Return:  2.5184 FPS:  1.71
20:31:30.436 [INFO] (trainer.py:120) Total Epi:   233 Steps:    6323 Episode Steps:    28 Return: -52.2916 FPS:  1.72
20:31:41.373 [INFO] (trainer.py:120) Total Epi:   234 Steps:    6340 Episode Steps:    17 Return:  7.2152 FPS:  1.55
20:31:50.300 [INFO] (trainer.py:120) Total Epi:   235 Steps:    6353 Episode Steps:    13 Return:  9.2038 FPS:  1.46
20:32:06.855 [INFO] (trainer.py:120) Total Epi:   236 Steps:    6382 Episode Steps:    29 Return: -51.2561 FPS:  1.75
20:32:17.805 [INFO] (trainer.py:120) Total Epi:   237 Steps:    6399 Episode Steps:    17 Return:  7.5778 FPS:  1.55
20:32:34.172 [INFO] (trainer.py:120) Total Epi:   238 Steps:    6427 Episode Steps:    28 Return: -47.6836 FPS:  1.71
20:32:50.517 [INFO] (trainer.py:120) Total Epi:   239 Steps:    6455 Episode Steps:    28 Return: -53.3741 FPS:  1.71
20:33:07.040 [INFO] (trainer.py:120) Total Epi:   240 Steps:    6484 Episode Steps:    29 Return: -50.9184 FPS:  1.76
20:34:38.112 [INFO] (trainer.py:148) Evaluation Total Steps:    6500 Average Reward -51.4808 over  5 episodes
20:34:41.049 [INFO] (trainer.py:120) Total Epi:   241 Steps:    6501 Episode Steps:    17 Return: -42.7824 FPS:  0.18
20:34:50.993 [INFO] (trainer.py:120) Total Epi:   242 Steps:    6516 Episode Steps:    15 Return:  9.3882 FPS:  1.51
20:34:59.712 [INFO] (trainer.py:120) Total Epi:   243 Steps:    6529 Episode Steps:    13 Return:  10.3541 FPS:  1.49
20:35:16.450 [INFO] (trainer.py:120) Total Epi:   244 Steps:    6558 Episode Steps:    29 Return: -50.3349 FPS:  1.73
20:35:32.800 [INFO] (trainer.py:120) Total Epi:   245 Steps:    6586 Episode Steps:    28 Return: -50.8369 FPS:  1.71
20:35:49.143 [INFO] (trainer.py:120) Total Epi:   246 Steps:    6614 Episode Steps:    28 Return: -51.3790 FPS:  1.71
20:35:58.455 [INFO] (trainer.py:120) Total Epi:   247 Steps:    6628 Episode Steps:    14 Return:  8.5596 FPS:  1.50
20:36:06.796 [INFO] (trainer.py:120) Total Epi:   248 Steps:    6640 Episode Steps:    12 Return:  10.7960 FPS:  1.44
20:36:23.160 [INFO] (trainer.py:120) Total Epi:   249 Steps:    6669 Episode Steps:    29 Return: -61.2280 FPS:  1.77
20:36:32.708 [INFO] (trainer.py:120) Total Epi:   250 Steps:    6683 Episode Steps:    14 Return:  9.8820 FPS:  1.47
20:36:41.635 [INFO] (trainer.py:120) Total Epi:   251 Steps:    6696 Episode Steps:    13 Return:  10.4822 FPS:  1.46
20:36:57.982 [INFO] (trainer.py:120) Total Epi:   252 Steps:    6724 Episode Steps:    28 Return: -56.6444 FPS:  1.71
20:37:14.313 [INFO] (trainer.py:120) Total Epi:   253 Steps:    6752 Episode Steps:    28 Return: -55.8343 FPS:  1.71
20:37:30.641 [INFO] (trainer.py:120) Total Epi:   254 Steps:    6780 Episode Steps:    28 Return: -57.1498 FPS:  1.71
20:37:47.185 [INFO] (trainer.py:120) Total Epi:   255 Steps:    6808 Episode Steps:    28 Return: -58.9740 FPS:  1.69
20:37:55.112 [INFO] (trainer.py:120) Total Epi:   256 Steps:    6819 Episode Steps:    11 Return:  11.6078 FPS:  1.39
20:38:11.848 [INFO] (trainer.py:120) Total Epi:   257 Steps:    6848 Episode Steps:    29 Return: -59.6698 FPS:  1.73
20:38:20.391 [INFO] (trainer.py:120) Total Epi:   258 Steps:    6860 Episode Steps:    12 Return:  11.1254 FPS:  1.40
20:38:36.928 [INFO] (trainer.py:120) Total Epi:   259 Steps:    6889 Episode Steps:    29 Return: -60.2380 FPS:  1.75
20:38:53.284 [INFO] (trainer.py:120) Total Epi:   260 Steps:    6917 Episode Steps:    28 Return: -58.6925 FPS:  1.71
20:39:09.636 [INFO] (trainer.py:120) Total Epi:   261 Steps:    6945 Episode Steps:    28 Return: -55.4654 FPS:  1.71
20:39:18.570 [INFO] (trainer.py:120) Total Epi:   262 Steps:    6958 Episode Steps:    13 Return:  9.8720 FPS:  1.46
20:39:35.127 [INFO] (trainer.py:120) Total Epi:   263 Steps:    6987 Episode Steps:    29 Return: -63.5556 FPS:  1.75
20:40:20.900 [INFO] (trainer.py:148) Evaluation Total Steps:    7000 Average Reward  11.2595 over  5 episodes
20:40:31.724 [INFO] (trainer.py:120) Total Epi:   264 Steps:    7017 Episode Steps:    30 Return: -61.4926 FPS:  0.53
20:40:48.278 [INFO] (trainer.py:120) Total Epi:   265 Steps:    7046 Episode Steps:    29 Return: -57.8081 FPS:  1.75
20:40:56.813 [INFO] (trainer.py:120) Total Epi:   266 Steps:    7058 Episode Steps:    12 Return:  10.5572 FPS:  1.41
20:41:05.347 [INFO] (trainer.py:120) Total Epi:   267 Steps:    7070 Episode Steps:    12 Return:  10.6178 FPS:  1.41
20:41:13.730 [INFO] (trainer.py:120) Total Epi:   268 Steps:    7082 Episode Steps:    12 Return:  10.6669 FPS:  1.43
20:41:30.271 [INFO] (trainer.py:120) Total Epi:   269 Steps:    7110 Episode Steps:    28 Return: -59.6481 FPS:  1.69
20:41:46.821 [INFO] (trainer.py:120) Total Epi:   270 Steps:    7139 Episode Steps:    29 Return: -62.0906 FPS:  1.75
20:41:55.354 [INFO] (trainer.py:120) Total Epi:   271 Steps:    7151 Episode Steps:    12 Return:  9.9037 FPS:  1.41
20:42:03.884 [INFO] (trainer.py:120) Total Epi:   272 Steps:    7163 Episode Steps:    12 Return:  11.4825 FPS:  1.41
20:42:12.397 [INFO] (trainer.py:120) Total Epi:   273 Steps:    7175 Episode Steps:    12 Return:  10.9333 FPS:  1.41
20:42:28.774 [INFO] (trainer.py:120) Total Epi:   274 Steps:    7203 Episode Steps:    28 Return: -58.9589 FPS:  1.71
20:42:45.330 [INFO] (trainer.py:120) Total Epi:   275 Steps:    7231 Episode Steps:    28 Return: -59.3264 FPS:  1.69
20:42:53.645 [INFO] (trainer.py:120) Total Epi:   276 Steps:    7243 Episode Steps:    12 Return:  10.1467 FPS:  1.44
20:43:10.183 [INFO] (trainer.py:120) Total Epi:   277 Steps:    7272 Episode Steps:    29 Return: -58.7755 FPS:  1.75
20:43:18.511 [INFO] (trainer.py:120) Total Epi:   278 Steps:    7284 Episode Steps:    12 Return:  10.9099 FPS:  1.44
20:43:35.082 [INFO] (trainer.py:120) Total Epi:   279 Steps:    7312 Episode Steps:    28 Return: -55.2531 FPS:  1.69
20:43:43.004 [INFO] (trainer.py:120) Total Epi:   280 Steps:    7323 Episode Steps:    11 Return:  11.4982 FPS:  1.39
20:43:51.326 [INFO] (trainer.py:120) Total Epi:   281 Steps:    7335 Episode Steps:    12 Return:  11.5157 FPS:  1.44
20:43:59.844 [INFO] (trainer.py:120) Total Epi:   282 Steps:    7347 Episode Steps:    12 Return:  10.7943 FPS:  1.41
20:44:16.399 [INFO] (trainer.py:120) Total Epi:   283 Steps:    7376 Episode Steps:    29 Return: -59.0197 FPS:  1.75
20:44:24.327 [INFO] (trainer.py:120) Total Epi:   284 Steps:    7387 Episode Steps:    11 Return:  12.0151 FPS:  1.39
20:44:40.668 [INFO] (trainer.py:120) Total Epi:   285 Steps:    7415 Episode Steps:    28 Return: -58.2905 FPS:  1.71
20:44:57.208 [INFO] (trainer.py:120) Total Epi:   286 Steps:    7444 Episode Steps:    29 Return: -55.1720 FPS:  1.75
20:45:13.973 [INFO] (trainer.py:120) Total Epi:   287 Steps:    7473 Episode Steps:    29 Return: -59.6285 FPS:  1.73
20:45:23.112 [INFO] (trainer.py:120) Total Epi:   288 Steps:    7486 Episode Steps:    13 Return:  9.7635 FPS:  1.42
20:45:32.422 [INFO] (trainer.py:120) Total Epi:   289 Steps:    7500 Episode Steps:    14 Return:  9.5687 FPS:  1.50
20:46:13.435 [INFO] (trainer.py:148) Evaluation Total Steps:    7500 Average Reward  9.0313 over  5 episodes
20:46:16.557 [INFO] (trainer.py:120) Total Epi:   290 Steps:    7501 Episode Steps:     1 Return:  24.8807 FPS:  0.02
20:46:24.499 [INFO] (trainer.py:120) Total Epi:   291 Steps:    7512 Episode Steps:    11 Return:  11.3769 FPS:  1.39
20:46:33.021 [INFO] (trainer.py:120) Total Epi:   292 Steps:    7524 Episode Steps:    12 Return:  10.9141 FPS:  1.41
20:46:41.346 [INFO] (trainer.py:120) Total Epi:   293 Steps:    7536 Episode Steps:    12 Return:  11.5755 FPS:  1.44
20:46:57.921 [INFO] (trainer.py:120) Total Epi:   294 Steps:    7565 Episode Steps:    29 Return: -59.4292 FPS:  1.75
20:47:06.250 [INFO] (trainer.py:120) Total Epi:   295 Steps:    7577 Episode Steps:    12 Return:  10.8498 FPS:  1.44
20:47:15.183 [INFO] (trainer.py:120) Total Epi:   296 Steps:    7590 Episode Steps:    13 Return:  10.0292 FPS:  1.46
20:47:23.743 [INFO] (trainer.py:120) Total Epi:   297 Steps:    7602 Episode Steps:    12 Return:  11.3611 FPS:  1.40
20:47:31.871 [INFO] (trainer.py:120) Total Epi:   298 Steps:    7613 Episode Steps:    11 Return:  10.8242 FPS:  1.35
20:47:48.217 [INFO] (trainer.py:120) Total Epi:   299 Steps:    7641 Episode Steps:    28 Return: -57.0637 FPS:  1.71
20:47:55.942 [INFO] (trainer.py:120) Total Epi:   300 Steps:    7652 Episode Steps:    11 Return:  11.3375 FPS:  1.42
20:48:04.659 [INFO] (trainer.py:120) Total Epi:   301 Steps:    7665 Episode Steps:    13 Return:  9.8045 FPS:  1.49
20:48:12.993 [INFO] (trainer.py:120) Total Epi:   302 Steps:    7677 Episode Steps:    12 Return:  10.8558 FPS:  1.44
20:48:21.311 [INFO] (trainer.py:120) Total Epi:   303 Steps:    7689 Episode Steps:    12 Return:  10.3135 FPS:  1.44
20:48:29.828 [INFO] (trainer.py:120) Total Epi:   304 Steps:    7701 Episode Steps:    12 Return:  10.3458 FPS:  1.41
20:48:37.745 [INFO] (trainer.py:120) Total Epi:   305 Steps:    7712 Episode Steps:    11 Return:  12.0784 FPS:  1.39
20:48:54.292 [INFO] (trainer.py:120) Total Epi:   306 Steps:    7741 Episode Steps:    29 Return: -61.2296 FPS:  1.75
20:49:10.645 [INFO] (trainer.py:120) Total Epi:   307 Steps:    7769 Episode Steps:    28 Return: -56.4839 FPS:  1.71
20:49:19.583 [INFO] (trainer.py:120) Total Epi:   308 Steps:    7782 Episode Steps:    13 Return:  8.7435 FPS:  1.45
20:49:27.929 [INFO] (trainer.py:120) Total Epi:   309 Steps:    7794 Episode Steps:    12 Return:  10.7901 FPS:  1.44
20:49:36.069 [INFO] (trainer.py:120) Total Epi:   310 Steps:    7805 Episode Steps:    11 Return:  11.0761 FPS:  1.35
20:49:43.993 [INFO] (trainer.py:120) Total Epi:   311 Steps:    7816 Episode Steps:    11 Return:  10.7056 FPS:  1.39
20:49:52.918 [INFO] (trainer.py:120) Total Epi:   312 Steps:    7829 Episode Steps:    13 Return:  10.1375 FPS:  1.46
20:50:01.246 [INFO] (trainer.py:120) Total Epi:   313 Steps:    7841 Episode Steps:    12 Return:  10.7122 FPS:  1.44
20:50:10.185 [INFO] (trainer.py:120) Total Epi:   314 Steps:    7854 Episode Steps:    13 Return:  9.7731 FPS:  1.45
20:50:26.560 [INFO] (trainer.py:120) Total Epi:   315 Steps:    7882 Episode Steps:    28 Return: -51.2191 FPS:  1.71
20:50:42.908 [INFO] (trainer.py:120) Total Epi:   316 Steps:    7910 Episode Steps:    28 Return: -46.5759 FPS:  1.71
20:50:51.219 [INFO] (trainer.py:120) Total Epi:   317 Steps:    7922 Episode Steps:    12 Return:  9.6005 FPS:  1.44
20:50:58.956 [INFO] (trainer.py:120) Total Epi:   318 Steps:    7933 Episode Steps:    11 Return:  10.8696 FPS:  1.42
20:51:15.528 [INFO] (trainer.py:120) Total Epi:   319 Steps:    7962 Episode Steps:    29 Return: -53.5466 FPS:  1.75
20:51:31.872 [INFO] (trainer.py:120) Total Epi:   320 Steps:    7991 Episode Steps:    29 Return: -47.0700 FPS:  1.77
20:52:33.358 [INFO] (trainer.py:148) Evaluation Total Steps:    8000 Average Reward -12.4786 over  5 episodes
20:52:36.370 [INFO] (trainer.py:120) Total Epi:   321 Steps:    8001 Episode Steps:    10 Return: -38.7094 FPS:  0.16
20:52:52.731 [INFO] (trainer.py:120) Total Epi:   322 Steps:    8029 Episode Steps:    28 Return: -46.5337 FPS:  1.71
20:53:01.066 [INFO] (trainer.py:120) Total Epi:   323 Steps:    8041 Episode Steps:    12 Return:  11.0957 FPS:  1.44
20:53:08.992 [INFO] (trainer.py:120) Total Epi:   324 Steps:    8052 Episode Steps:    11 Return:  11.5929 FPS:  1.39
20:53:17.532 [INFO] (trainer.py:120) Total Epi:   325 Steps:    8064 Episode Steps:    12 Return:  10.4097 FPS:  1.41
20:53:27.469 [INFO] (trainer.py:120) Total Epi:   326 Steps:    8079 Episode Steps:    15 Return:  9.8672 FPS:  1.51
20:53:35.803 [INFO] (trainer.py:120) Total Epi:   327 Steps:    8091 Episode Steps:    12 Return:  10.9639 FPS:  1.44
20:53:52.364 [INFO] (trainer.py:120) Total Epi:   328 Steps:    8120 Episode Steps:    29 Return: -47.8109 FPS:  1.75
20:54:00.695 [INFO] (trainer.py:120) Total Epi:   329 Steps:    8132 Episode Steps:    12 Return:  11.5626 FPS:  1.44
20:54:09.035 [INFO] (trainer.py:120) Total Epi:   330 Steps:    8144 Episode Steps:    12 Return:  10.0032 FPS:  1.44
20:54:17.163 [INFO] (trainer.py:120) Total Epi:   331 Steps:    8156 Episode Steps:    12 Return:  10.6915 FPS:  1.48
20:54:25.508 [INFO] (trainer.py:120) Total Epi:   332 Steps:    8168 Episode Steps:    12 Return:  10.4468 FPS:  1.44
20:54:34.240 [INFO] (trainer.py:120) Total Epi:   333 Steps:    8181 Episode Steps:    13 Return:  9.4324 FPS:  1.49
20:54:50.991 [INFO] (trainer.py:120) Total Epi:   334 Steps:    8210 Episode Steps:    29 Return: -47.5180 FPS:  1.73
20:54:59.330 [INFO] (trainer.py:120) Total Epi:   335 Steps:    8222 Episode Steps:    12 Return:  11.4273 FPS:  1.44
20:55:08.266 [INFO] (trainer.py:120) Total Epi:   336 Steps:    8235 Episode Steps:    13 Return:  10.4297 FPS:  1.45
20:55:16.209 [INFO] (trainer.py:120) Total Epi:   337 Steps:    8246 Episode Steps:    11 Return:  11.5371 FPS:  1.39
20:55:24.769 [INFO] (trainer.py:120) Total Epi:   338 Steps:    8258 Episode Steps:    12 Return:  10.5215 FPS:  1.40
20:55:33.306 [INFO] (trainer.py:120) Total Epi:   339 Steps:    8270 Episode Steps:    12 Return:  10.9181 FPS:  1.41
20:55:36.220 [INFO] (trainer.py:120) Total Epi:   340 Steps:    8271 Episode Steps:     1 Return:  24.7921 FPS:  0.34
20:55:39.339 [INFO] (trainer.py:120) Total Epi:   341 Steps:    8272 Episode Steps:     1 Return:  24.7921 FPS:  0.32
20:55:42.467 [INFO] (trainer.py:120) Total Epi:   342 Steps:    8273 Episode Steps:     1 Return:  24.7921 FPS:  0.32
20:55:45.382 [INFO] (trainer.py:120) Total Epi:   343 Steps:    8274 Episode Steps:     1 Return:  24.7921 FPS:  0.34
20:55:48.484 [INFO] (trainer.py:120) Total Epi:   344 Steps:    8275 Episode Steps:     1 Return:  24.7921 FPS:  0.32
20:55:51.593 [INFO] (trainer.py:120) Total Epi:   345 Steps:    8276 Episode Steps:     1 Return:  24.7921 FPS:  0.32
20:55:54.717 [INFO] (trainer.py:120) Total Epi:   346 Steps:    8277 Episode Steps:     1 Return:  24.7921 FPS:  0.32
20:55:57.847 [INFO] (trainer.py:120) Total Epi:   347 Steps:    8278 Episode Steps:     1 Return:  24.7921 FPS:  0.32
20:56:00.766 [INFO] (trainer.py:120) Total Epi:   348 Steps:    8279 Episode Steps:     1 Return:  24.7921 FPS:  0.34
20:56:03.881 [INFO] (trainer.py:120) Total Epi:   349 Steps:    8280 Episode Steps:     1 Return:  24.7921 FPS:  0.32
20:56:06.807 [INFO] (trainer.py:120) Total Epi:   350 Steps:    8281 Episode Steps:     1 Return:  24.7921 FPS:  0.34
20:56:09.729 [INFO] (trainer.py:120) Total Epi:   351 Steps:    8282 Episode Steps:     1 Return:  24.7921 FPS:  0.34
20:56:12.649 [INFO] (trainer.py:120) Total Epi:   352 Steps:    8283 Episode Steps:     1 Return:  24.7921 FPS:  0.34
20:56:15.570 [INFO] (trainer.py:120) Total Epi:   353 Steps:    8284 Episode Steps:     1 Return:  24.7921 FPS:  0.34
20:56:18.723 [INFO] (trainer.py:120) Total Epi:   354 Steps:    8285 Episode Steps:     1 Return:  24.7921 FPS:  0.32
20:56:21.858 [INFO] (trainer.py:120) Total Epi:   355 Steps:    8286 Episode Steps:     1 Return:  24.7921 FPS:  0.32
20:56:24.769 [INFO] (trainer.py:120) Total Epi:   356 Steps:    8287 Episode Steps:     1 Return:  24.7921 FPS:  0.34
20:56:27.906 [INFO] (trainer.py:120) Total Epi:   357 Steps:    8288 Episode Steps:     1 Return:  24.7921 FPS:  0.32
20:56:31.026 [INFO] (trainer.py:120) Total Epi:   358 Steps:    8289 Episode Steps:     1 Return:  24.7921 FPS:  0.32
20:56:34.166 [INFO] (trainer.py:120) Total Epi:   359 Steps:    8290 Episode Steps:     1 Return:  24.7921 FPS:  0.32
14:42:34.804 [INFO] (trainer.py:76) Restored model_TD3_staticslow/ckpt-82
14:42:46.223 [INFO] (trainer.py:120) Total Epi:     1 Steps:       7 Episode Steps:     7 Return:  19.7440 FPS:  0.61
14:42:52.007 [INFO] (trainer.py:120) Total Epi:     2 Steps:      14 Episode Steps:     7 Return:  19.0443 FPS:  1.21
14:43:08.224 [INFO] (trainer.py:120) Total Epi:     3 Steps:      42 Episode Steps:    28 Return: -59.6098 FPS:  1.73
14:43:24.852 [INFO] (trainer.py:120) Total Epi:     4 Steps:      71 Episode Steps:    29 Return: -67.0647 FPS:  1.74
14:43:41.082 [INFO] (trainer.py:120) Total Epi:     5 Steps:      99 Episode Steps:    28 Return: -66.5924 FPS:  1.73
14:43:57.295 [INFO] (trainer.py:120) Total Epi:     6 Steps:     127 Episode Steps:    28 Return: -61.7963 FPS:  1.73
14:44:13.517 [INFO] (trainer.py:120) Total Epi:     7 Steps:     155 Episode Steps:    28 Return: -63.2022 FPS:  1.73
14:44:29.720 [INFO] (trainer.py:120) Total Epi:     8 Steps:     183 Episode Steps:    28 Return: -60.8629 FPS:  1.73
14:44:45.941 [INFO] (trainer.py:120) Total Epi:     9 Steps:     211 Episode Steps:    28 Return: -60.3759 FPS:  1.73
14:45:02.534 [INFO] (trainer.py:120) Total Epi:    10 Steps:     239 Episode Steps:    28 Return: -58.7398 FPS:  1.69
14:45:08.950 [INFO] (trainer.py:120) Total Epi:    11 Steps:     247 Episode Steps:     8 Return:  17.3163 FPS:  1.25
14:45:25.363 [INFO] (trainer.py:120) Total Epi:    12 Steps:     276 Episode Steps:    29 Return: -60.6469 FPS:  1.77
14:45:41.570 [INFO] (trainer.py:120) Total Epi:    13 Steps:     304 Episode Steps:    28 Return: -59.1243 FPS:  1.73
14:45:57.793 [INFO] (trainer.py:120) Total Epi:    14 Steps:     332 Episode Steps:    28 Return: -58.4391 FPS:  1.73
14:46:03.180 [INFO] (trainer.py:120) Total Epi:    15 Steps:     338 Episode Steps:     6 Return:  19.7145 FPS:  1.11
14:46:19.394 [INFO] (trainer.py:120) Total Epi:    16 Steps:     366 Episode Steps:    28 Return: -58.6575 FPS:  1.73
14:46:25.400 [INFO] (trainer.py:120) Total Epi:    17 Steps:     373 Episode Steps:     7 Return:  18.9888 FPS:  1.17
14:46:41.827 [INFO] (trainer.py:120) Total Epi:    18 Steps:     401 Episode Steps:    28 Return: -56.6252 FPS:  1.70
14:46:58.043 [INFO] (trainer.py:120) Total Epi:    19 Steps:     429 Episode Steps:    28 Return: -57.5062 FPS:  1.73
14:47:03.435 [INFO] (trainer.py:120) Total Epi:    20 Steps:     435 Episode Steps:     6 Return:  20.0842 FPS:  1.11
14:47:08.834 [INFO] (trainer.py:120) Total Epi:    21 Steps:     441 Episode Steps:     6 Return:  20.0866 FPS:  1.11
14:47:14.217 [INFO] (trainer.py:120) Total Epi:    22 Steps:     447 Episode Steps:     6 Return:  19.6567 FPS:  1.11
14:47:20.204 [INFO] (trainer.py:120) Total Epi:    23 Steps:     454 Episode Steps:     7 Return:  18.1535 FPS:  1.17
14:47:36.833 [INFO] (trainer.py:120) Total Epi:    24 Steps:     483 Episode Steps:    29 Return: -56.1712 FPS:  1.74
14:48:11.346 [INFO] (trainer.py:148) Evaluation Total Steps:     500 Average Reward  20.1217 over  5 episodes
14:48:25.259 [INFO] (trainer.py:120) Total Epi:    25 Steps:     521 Episode Steps:    38 Return: -65.0547 FPS:  0.78
14:48:30.856 [INFO] (trainer.py:120) Total Epi:    26 Steps:     527 Episode Steps:     6 Return:  20.6050 FPS:  1.07
14:48:47.272 [INFO] (trainer.py:120) Total Epi:    27 Steps:     555 Episode Steps:    28 Return: -55.3845 FPS:  1.71
14:48:52.681 [INFO] (trainer.py:120) Total Epi:    28 Steps:     561 Episode Steps:     6 Return:  19.8749 FPS:  1.11
14:48:58.474 [INFO] (trainer.py:120) Total Epi:    29 Steps:     568 Episode Steps:     7 Return:  18.7029 FPS:  1.21
14:49:04.890 [INFO] (trainer.py:120) Total Epi:    30 Steps:     576 Episode Steps:     8 Return:  18.4357 FPS:  1.25
14:49:13.295 [INFO] (trainer.py:120) Total Epi:    31 Steps:     588 Episode Steps:    12 Return:  10.9524 FPS:  1.43
14:49:19.295 [INFO] (trainer.py:120) Total Epi:    32 Steps:     595 Episode Steps:     7 Return:  19.6075 FPS:  1.17
14:49:25.701 [INFO] (trainer.py:120) Total Epi:    33 Steps:     603 Episode Steps:     8 Return:  17.9802 FPS:  1.25
14:49:42.117 [INFO] (trainer.py:120) Total Epi:    34 Steps:     631 Episode Steps:    28 Return: -57.3424 FPS:  1.71
14:49:47.518 [INFO] (trainer.py:120) Total Epi:    35 Steps:     637 Episode Steps:     6 Return:  19.9382 FPS:  1.11
14:49:53.513 [INFO] (trainer.py:120) Total Epi:    36 Steps:     644 Episode Steps:     7 Return:  18.8354 FPS:  1.17
14:50:09.939 [INFO] (trainer.py:120) Total Epi:    37 Steps:     672 Episode Steps:    28 Return: -56.3302 FPS:  1.70
14:50:16.951 [INFO] (trainer.py:120) Total Epi:    38 Steps:     681 Episode Steps:     9 Return:  19.0161 FPS:  1.28
14:50:22.377 [INFO] (trainer.py:120) Total Epi:    39 Steps:     687 Episode Steps:     6 Return:  19.8698 FPS:  1.11
14:50:32.004 [INFO] (trainer.py:120) Total Epi:    40 Steps:     701 Episode Steps:    14 Return:  9.3084 FPS:  1.45
14:50:48.224 [INFO] (trainer.py:120) Total Epi:    41 Steps:     729 Episode Steps:    28 Return: -58.6669 FPS:  1.73
14:50:54.232 [INFO] (trainer.py:120) Total Epi:    42 Steps:     736 Episode Steps:     7 Return:  19.6260 FPS:  1.17
14:51:00.236 [INFO] (trainer.py:120) Total Epi:    43 Steps:     743 Episode Steps:     7 Return:  19.5258 FPS:  1.17
14:51:06.445 [INFO] (trainer.py:120) Total Epi:    44 Steps:     751 Episode Steps:     8 Return:  19.1827 FPS:  1.29
14:51:12.245 [INFO] (trainer.py:120) Total Epi:    45 Steps:     758 Episode Steps:     7 Return:  19.3137 FPS:  1.21
14:51:19.070 [INFO] (trainer.py:120) Total Epi:    46 Steps:     767 Episode Steps:     9 Return:  18.0852 FPS:  1.32
14:51:25.462 [INFO] (trainer.py:120) Total Epi:    47 Steps:     775 Episode Steps:     8 Return:  18.6272 FPS:  1.25
14:51:30.853 [INFO] (trainer.py:120) Total Epi:    48 Steps:     781 Episode Steps:     6 Return:  20.0519 FPS:  1.11
14:51:47.481 [INFO] (trainer.py:120) Total Epi:    49 Steps:     809 Episode Steps:    28 Return: -53.7101 FPS:  1.68
14:51:53.527 [INFO] (trainer.py:120) Total Epi:    50 Steps:     816 Episode Steps:     7 Return:  19.5546 FPS:  1.16
14:52:01.932 [INFO] (trainer.py:120) Total Epi:    51 Steps:     828 Episode Steps:    12 Return:  10.6466 FPS:  1.43
14:52:07.929 [INFO] (trainer.py:120) Total Epi:    52 Steps:     835 Episode Steps:     7 Return:  18.9737 FPS:  1.17
14:52:14.339 [INFO] (trainer.py:120) Total Epi:    53 Steps:     843 Episode Steps:     8 Return:  18.0555 FPS:  1.25
14:52:20.126 [INFO] (trainer.py:120) Total Epi:    54 Steps:     850 Episode Steps:     7 Return:  19.7915 FPS:  1.21
14:52:27.132 [INFO] (trainer.py:120) Total Epi:    55 Steps:     859 Episode Steps:     9 Return:  18.5279 FPS:  1.28
14:52:43.556 [INFO] (trainer.py:120) Total Epi:    56 Steps:     887 Episode Steps:    28 Return: -40.4429 FPS:  1.70
14:52:48.956 [INFO] (trainer.py:120) Total Epi:    57 Steps:     893 Episode Steps:     6 Return:  20.5402 FPS:  1.11
14:52:54.755 [INFO] (trainer.py:120) Total Epi:    58 Steps:     900 Episode Steps:     7 Return:  19.5838 FPS:  1.21
14:53:01.373 [INFO] (trainer.py:120) Total Epi:    59 Steps:     908 Episode Steps:     8 Return:  19.5191 FPS:  1.21
14:53:09.789 [INFO] (trainer.py:120) Total Epi:    60 Steps:     920 Episode Steps:    12 Return:  10.4532 FPS:  1.43
14:53:18.593 [INFO] (trainer.py:120) Total Epi:    61 Steps:     933 Episode Steps:    13 Return:  9.9182 FPS:  1.48
14:53:25.004 [INFO] (trainer.py:120) Total Epi:    62 Steps:     941 Episode Steps:     8 Return:  18.6012 FPS:  1.25
14:53:30.420 [INFO] (trainer.py:120) Total Epi:    63 Steps:     947 Episode Steps:     6 Return:  20.0891 FPS:  1.11
14:53:39.438 [INFO] (trainer.py:120) Total Epi:    64 Steps:     960 Episode Steps:    13 Return:  11.3660 FPS:  1.44
14:53:45.458 [INFO] (trainer.py:120) Total Epi:    65 Steps:     967 Episode Steps:     7 Return:  19.0457 FPS:  1.16
14:53:51.842 [INFO] (trainer.py:120) Total Epi:    66 Steps:     975 Episode Steps:     8 Return:  19.5073 FPS:  1.25
14:53:57.657 [INFO] (trainer.py:120) Total Epi:    67 Steps:     982 Episode Steps:     7 Return:  19.7431 FPS:  1.20
14:54:38.134 [INFO] (trainer.py:148) Evaluation Total Steps:    1000 Average Reward  16.5354 over  5 episodes
14:54:41.004 [INFO] (trainer.py:120) Total Epi:    68 Steps:    1001 Episode Steps:    19 Return:  6.5542 FPS:  0.44
14:54:49.217 [INFO] (trainer.py:120) Total Epi:    69 Steps:    1013 Episode Steps:    12 Return:  10.0765 FPS:  1.46
14:54:55.237 [INFO] (trainer.py:120) Total Epi:    70 Steps:    1020 Episode Steps:     7 Return:  19.0799 FPS:  1.16
14:55:01.244 [INFO] (trainer.py:120) Total Epi:    71 Steps:    1027 Episode Steps:     7 Return:  18.8506 FPS:  1.17
14:55:09.660 [INFO] (trainer.py:120) Total Epi:    72 Steps:    1039 Episode Steps:    12 Return:  10.8271 FPS:  1.43
14:55:16.502 [INFO] (trainer.py:120) Total Epi:    73 Steps:    1048 Episode Steps:     9 Return:  18.6280 FPS:  1.32
14:55:26.318 [INFO] (trainer.py:120) Total Epi:    74 Steps:    1063 Episode Steps:    15 Return:  9.9199 FPS:  1.53
14:55:35.331 [INFO] (trainer.py:120) Total Epi:    75 Steps:    1076 Episode Steps:    13 Return:  9.5824 FPS:  1.44
14:55:41.138 [INFO] (trainer.py:120) Total Epi:    76 Steps:    1083 Episode Steps:     7 Return:  19.8684 FPS:  1.21
14:55:49.545 [INFO] (trainer.py:120) Total Epi:    77 Steps:    1095 Episode Steps:    12 Return:  11.1256 FPS:  1.43
14:55:56.557 [INFO] (trainer.py:120) Total Epi:    78 Steps:    1104 Episode Steps:     9 Return:  18.3860 FPS:  1.28
14:56:02.581 [INFO] (trainer.py:120) Total Epi:    79 Steps:    1111 Episode Steps:     7 Return:  18.8928 FPS:  1.16
14:56:11.386 [INFO] (trainer.py:120) Total Epi:    80 Steps:    1124 Episode Steps:    13 Return:  9.0145 FPS:  1.48
14:56:25.217 [INFO] (trainer.py:120) Total Epi:    81 Steps:    1147 Episode Steps:    23 Return:  12.6600 FPS:  1.66
14:56:32.063 [INFO] (trainer.py:120) Total Epi:    82 Steps:    1156 Episode Steps:     9 Return:  17.8724 FPS:  1.31
14:56:46.084 [INFO] (trainer.py:120) Total Epi:    83 Steps:    1180 Episode Steps:    24 Return:  5.3862 FPS:  1.71
14:56:52.083 [INFO] (trainer.py:120) Total Epi:    84 Steps:    1187 Episode Steps:     7 Return:  19.6628 FPS:  1.17
14:56:58.494 [INFO] (trainer.py:120) Total Epi:    85 Steps:    1195 Episode Steps:     8 Return:  19.2959 FPS:  1.25
14:57:04.104 [INFO] (trainer.py:120) Total Epi:    86 Steps:    1201 Episode Steps:     6 Return:  19.2853 FPS:  1.07
14:57:12.314 [INFO] (trainer.py:120) Total Epi:    87 Steps:    1213 Episode Steps:    12 Return:  10.2376 FPS:  1.46
14:57:20.739 [INFO] (trainer.py:120) Total Epi:    88 Steps:    1225 Episode Steps:    12 Return:  10.0276 FPS:  1.42
14:57:26.150 [INFO] (trainer.py:120) Total Epi:    89 Steps:    1231 Episode Steps:     6 Return:  19.4759 FPS:  1.11
14:57:32.991 [INFO] (trainer.py:120) Total Epi:    90 Steps:    1240 Episode Steps:     9 Return:  17.3834 FPS:  1.32
14:57:41.409 [INFO] (trainer.py:120) Total Epi:    91 Steps:    1252 Episode Steps:    12 Return:  10.8691 FPS:  1.43
14:57:49.222 [INFO] (trainer.py:120) Total Epi:    92 Steps:    1263 Episode Steps:    11 Return:  11.2215 FPS:  1.41
14:57:55.234 [INFO] (trainer.py:120) Total Epi:    93 Steps:    1270 Episode Steps:     7 Return:  19.5604 FPS:  1.16
14:58:01.251 [INFO] (trainer.py:120) Total Epi:    94 Steps:    1277 Episode Steps:     7 Return:  19.2997 FPS:  1.16
14:58:07.247 [INFO] (trainer.py:120) Total Epi:    95 Steps:    1284 Episode Steps:     7 Return:  19.5458 FPS:  1.17
14:58:15.475 [INFO] (trainer.py:120) Total Epi:    96 Steps:    1296 Episode Steps:    12 Return:  10.4226 FPS:  1.46
14:58:24.287 [INFO] (trainer.py:120) Total Epi:    97 Steps:    1309 Episode Steps:    13 Return:  9.9504 FPS:  1.48
14:58:29.705 [INFO] (trainer.py:120) Total Epi:    98 Steps:    1315 Episode Steps:     6 Return:  20.0516 FPS:  1.11
14:58:38.505 [INFO] (trainer.py:120) Total Epi:    99 Steps:    1328 Episode Steps:    13 Return:  9.4476 FPS:  1.48
14:58:43.911 [INFO] (trainer.py:120) Total Epi:   100 Steps:    1334 Episode Steps:     6 Return:  19.5948 FPS:  1.11
14:58:51.137 [INFO] (trainer.py:120) Total Epi:   101 Steps:    1344 Episode Steps:    10 Return:  18.3357 FPS:  1.38
14:58:59.369 [INFO] (trainer.py:120) Total Epi:   102 Steps:    1356 Episode Steps:    12 Return:  10.1856 FPS:  1.46
14:59:05.165 [INFO] (trainer.py:120) Total Epi:   103 Steps:    1363 Episode Steps:     7 Return:  19.8420 FPS:  1.21
14:59:11.574 [INFO] (trainer.py:120) Total Epi:   104 Steps:    1371 Episode Steps:     8 Return:  18.6905 FPS:  1.25
14:59:19.789 [INFO] (trainer.py:120) Total Epi:   105 Steps:    1383 Episode Steps:    12 Return:  10.4182 FPS:  1.46
14:59:28.013 [INFO] (trainer.py:120) Total Epi:   106 Steps:    1395 Episode Steps:    12 Return:  11.3672 FPS:  1.46
14:59:36.656 [INFO] (trainer.py:120) Total Epi:   107 Steps:    1407 Episode Steps:    12 Return:  10.2217 FPS:  1.39
14:59:45.871 [INFO] (trainer.py:120) Total Epi:   108 Steps:    1421 Episode Steps:    14 Return:  8.7514 FPS:  1.52
14:59:51.681 [INFO] (trainer.py:120) Total Epi:   109 Steps:    1428 Episode Steps:     7 Return:  19.1033 FPS:  1.20
14:59:57.504 [INFO] (trainer.py:120) Total Epi:   110 Steps:    1435 Episode Steps:     7 Return:  19.1395 FPS:  1.20
15:00:05.711 [INFO] (trainer.py:120) Total Epi:   111 Steps:    1447 Episode Steps:    12 Return:  10.9000 FPS:  1.46
15:00:12.137 [INFO] (trainer.py:120) Total Epi:   112 Steps:    1455 Episode Steps:     8 Return:  17.6647 FPS:  1.25
15:00:20.974 [INFO] (trainer.py:120) Total Epi:   113 Steps:    1468 Episode Steps:    13 Return:  9.4686 FPS:  1.47
15:00:28.771 [INFO] (trainer.py:120) Total Epi:   114 Steps:    1479 Episode Steps:    11 Return:  11.5748 FPS:  1.41
15:00:34.183 [INFO] (trainer.py:120) Total Epi:   115 Steps:    1485 Episode Steps:     6 Return:  20.0130 FPS:  1.11
15:00:39.992 [INFO] (trainer.py:120) Total Epi:   116 Steps:    1492 Episode Steps:     7 Return:  20.0107 FPS:  1.21
15:00:46.000 [INFO] (trainer.py:120) Total Epi:   117 Steps:    1499 Episode Steps:     7 Return:  18.4727 FPS:  1.17
15:01:26.523 [INFO] (trainer.py:148) Evaluation Total Steps:    1500 Average Reward  9.1904 over  5 episodes
15:01:31.349 [INFO] (trainer.py:120) Total Epi:   118 Steps:    1505 Episode Steps:     6 Return:  21.4323 FPS:  0.13
15:01:40.160 [INFO] (trainer.py:120) Total Epi:   119 Steps:    1518 Episode Steps:    13 Return:  9.8667 FPS:  1.48
15:01:48.979 [INFO] (trainer.py:120) Total Epi:   120 Steps:    1531 Episode Steps:    13 Return:  9.2234 FPS:  1.47
15:01:57.812 [INFO] (trainer.py:120) Total Epi:   121 Steps:    1544 Episode Steps:    13 Return:  10.4073 FPS:  1.47
15:02:06.424 [INFO] (trainer.py:120) Total Epi:   122 Steps:    1556 Episode Steps:    12 Return:  10.8501 FPS:  1.39
15:02:14.847 [INFO] (trainer.py:120) Total Epi:   123 Steps:    1568 Episode Steps:    12 Return:  10.7173 FPS:  1.42
15:02:20.260 [INFO] (trainer.py:120) Total Epi:   124 Steps:    1574 Episode Steps:     6 Return:  20.0580 FPS:  1.11
15:02:28.081 [INFO] (trainer.py:120) Total Epi:   125 Steps:    1585 Episode Steps:    11 Return:  12.0557 FPS:  1.41
15:02:36.504 [INFO] (trainer.py:120) Total Epi:   126 Steps:    1597 Episode Steps:    12 Return:  9.7956 FPS:  1.42
15:02:45.135 [INFO] (trainer.py:120) Total Epi:   127 Steps:    1609 Episode Steps:    12 Return:  11.0582 FPS:  1.39
15:02:54.167 [INFO] (trainer.py:120) Total Epi:   128 Steps:    1622 Episode Steps:    13 Return:  9.1384 FPS:  1.44
15:03:02.588 [INFO] (trainer.py:120) Total Epi:   129 Steps:    1634 Episode Steps:    12 Return:  9.7881 FPS:  1.43
15:03:10.822 [INFO] (trainer.py:120) Total Epi:   130 Steps:    1646 Episode Steps:    12 Return:  10.9062 FPS:  1.46
15:03:19.075 [INFO] (trainer.py:120) Total Epi:   131 Steps:    1658 Episode Steps:    12 Return:  10.3567 FPS:  1.45
15:03:27.523 [INFO] (trainer.py:120) Total Epi:   132 Steps:    1670 Episode Steps:    12 Return:  10.3301 FPS:  1.42
15:03:35.744 [INFO] (trainer.py:120) Total Epi:   133 Steps:    1682 Episode Steps:    12 Return:  10.4650 FPS:  1.46
15:03:44.192 [INFO] (trainer.py:120) Total Epi:   134 Steps:    1694 Episode Steps:    12 Return:  10.1622 FPS:  1.42
15:03:53.012 [INFO] (trainer.py:120) Total Epi:   135 Steps:    1707 Episode Steps:    13 Return:  9.2214 FPS:  1.47
15:04:00.828 [INFO] (trainer.py:120) Total Epi:   136 Steps:    1718 Episode Steps:    11 Return:  10.5427 FPS:  1.41
15:04:08.662 [INFO] (trainer.py:120) Total Epi:   137 Steps:    1729 Episode Steps:    11 Return:  11.2450 FPS:  1.40
15:04:16.500 [INFO] (trainer.py:120) Total Epi:   138 Steps:    1740 Episode Steps:    11 Return:  11.1764 FPS:  1.40
15:04:25.323 [INFO] (trainer.py:120) Total Epi:   139 Steps:    1753 Episode Steps:    13 Return:  9.2090 FPS:  1.47
15:04:33.935 [INFO] (trainer.py:120) Total Epi:   140 Steps:    1766 Episode Steps:    13 Return:  9.5630 FPS:  1.51
15:04:42.363 [INFO] (trainer.py:120) Total Epi:   141 Steps:    1778 Episode Steps:    12 Return:  10.4854 FPS:  1.42
15:04:50.589 [INFO] (trainer.py:120) Total Epi:   142 Steps:    1790 Episode Steps:    12 Return:  10.1567 FPS:  1.46
15:04:59.015 [INFO] (trainer.py:120) Total Epi:   143 Steps:    1802 Episode Steps:    12 Return:  10.5242 FPS:  1.42
15:05:07.840 [INFO] (trainer.py:120) Total Epi:   144 Steps:    1815 Episode Steps:    13 Return:  10.6663 FPS:  1.47
15:05:16.873 [INFO] (trainer.py:120) Total Epi:   145 Steps:    1828 Episode Steps:    13 Return:  9.6039 FPS:  1.44
15:05:24.699 [INFO] (trainer.py:120) Total Epi:   146 Steps:    1839 Episode Steps:    11 Return:  11.6659 FPS:  1.41
15:05:32.530 [INFO] (trainer.py:120) Total Epi:   147 Steps:    1850 Episode Steps:    11 Return:  11.6102 FPS:  1.40
15:05:41.357 [INFO] (trainer.py:120) Total Epi:   148 Steps:    1863 Episode Steps:    13 Return:  9.2781 FPS:  1.47
15:05:49.174 [INFO] (trainer.py:120) Total Epi:   149 Steps:    1874 Episode Steps:    11 Return:  10.8973 FPS:  1.41
15:05:58.007 [INFO] (trainer.py:120) Total Epi:   150 Steps:    1887 Episode Steps:    13 Return:  8.2070 FPS:  1.47
15:06:06.838 [INFO] (trainer.py:120) Total Epi:   151 Steps:    1900 Episode Steps:    13 Return:  8.4358 FPS:  1.47
15:06:15.281 [INFO] (trainer.py:120) Total Epi:   152 Steps:    1912 Episode Steps:    12 Return:  9.6889 FPS:  1.42
15:06:24.096 [INFO] (trainer.py:120) Total Epi:   153 Steps:    1925 Episode Steps:    13 Return:  8.5262 FPS:  1.47
15:06:31.946 [INFO] (trainer.py:120) Total Epi:   154 Steps:    1936 Episode Steps:    11 Return:  11.5081 FPS:  1.40
15:06:39.764 [INFO] (trainer.py:120) Total Epi:   155 Steps:    1947 Episode Steps:    11 Return:  11.2982 FPS:  1.41
15:06:48.195 [INFO] (trainer.py:120) Total Epi:   156 Steps:    1959 Episode Steps:    12 Return:  11.4149 FPS:  1.42
15:06:56.417 [INFO] (trainer.py:120) Total Epi:   157 Steps:    1971 Episode Steps:    12 Return:  9.9115 FPS:  1.46
15:07:04.647 [INFO] (trainer.py:120) Total Epi:   158 Steps:    1983 Episode Steps:    12 Return:  10.4097 FPS:  1.46
15:07:12.877 [INFO] (trainer.py:120) Total Epi:   159 Steps:    1995 Episode Steps:    12 Return:  9.9849 FPS:  1.46
15:07:54.966 [INFO] (trainer.py:148) Evaluation Total Steps:    2000 Average Reward  10.6844 over  5 episodes
15:07:59.467 [INFO] (trainer.py:120) Total Epi:   160 Steps:    2004 Episode Steps:     9 Return:  15.5139 FPS:  0.19
15:08:07.893 [INFO] (trainer.py:120) Total Epi:   161 Steps:    2016 Episode Steps:    12 Return:  9.9421 FPS:  1.42
15:08:17.134 [INFO] (trainer.py:120) Total Epi:   162 Steps:    2030 Episode Steps:    14 Return:  10.0537 FPS:  1.52
15:08:25.771 [INFO] (trainer.py:120) Total Epi:   163 Steps:    2043 Episode Steps:    13 Return:  8.2590 FPS:  1.51
15:08:34.000 [INFO] (trainer.py:120) Total Epi:   164 Steps:    2055 Episode Steps:    12 Return:  9.2924 FPS:  1.46
15:08:42.823 [INFO] (trainer.py:120) Total Epi:   165 Steps:    2068 Episode Steps:    13 Return:  9.1186 FPS:  1.47
15:08:51.461 [INFO] (trainer.py:120) Total Epi:   166 Steps:    2081 Episode Steps:    13 Return:  10.0263 FPS:  1.51
15:08:59.896 [INFO] (trainer.py:120) Total Epi:   167 Steps:    2093 Episode Steps:    12 Return:  9.7950 FPS:  1.42
15:09:08.517 [INFO] (trainer.py:120) Total Epi:   168 Steps:    2105 Episode Steps:    12 Return:  9.6741 FPS:  1.39
15:09:16.957 [INFO] (trainer.py:120) Total Epi:   169 Steps:    2117 Episode Steps:    12 Return:  10.8164 FPS:  1.42
15:09:24.785 [INFO] (trainer.py:120) Total Epi:   170 Steps:    2128 Episode Steps:    11 Return:  9.5232 FPS:  1.41
15:09:33.624 [INFO] (trainer.py:120) Total Epi:   171 Steps:    2141 Episode Steps:    13 Return:  9.3203 FPS:  1.47
15:09:42.446 [INFO] (trainer.py:120) Total Epi:   172 Steps:    2154 Episode Steps:    13 Return:  8.6854 FPS:  1.47
15:09:50.274 [INFO] (trainer.py:120) Total Epi:   173 Steps:    2165 Episode Steps:    11 Return:  10.9095 FPS:  1.41
15:09:59.102 [INFO] (trainer.py:120) Total Epi:   174 Steps:    2178 Episode Steps:    13 Return:  9.0033 FPS:  1.47
15:10:07.938 [INFO] (trainer.py:120) Total Epi:   175 Steps:    2191 Episode Steps:    13 Return:  7.4236 FPS:  1.47
15:10:16.366 [INFO] (trainer.py:120) Total Epi:   176 Steps:    2203 Episode Steps:    12 Return:  8.5151 FPS:  1.42
15:10:25.248 [INFO] (trainer.py:120) Total Epi:   177 Steps:    2215 Episode Steps:    12 Return:  9.4815 FPS:  1.35
15:10:33.514 [INFO] (trainer.py:120) Total Epi:   178 Steps:    2226 Episode Steps:    11 Return:  10.3280 FPS:  1.33
15:10:42.400 [INFO] (trainer.py:120) Total Epi:   179 Steps:    2238 Episode Steps:    12 Return:  9.9251 FPS:  1.35
15:10:51.633 [INFO] (trainer.py:120) Total Epi:   180 Steps:    2251 Episode Steps:    13 Return:  11.1535 FPS:  1.41
15:10:59.884 [INFO] (trainer.py:120) Total Epi:   181 Steps:    2263 Episode Steps:    12 Return:  10.7077 FPS:  1.45
15:11:08.109 [INFO] (trainer.py:120) Total Epi:   182 Steps:    2275 Episode Steps:    12 Return:  8.9041 FPS:  1.46
15:11:17.161 [INFO] (trainer.py:120) Total Epi:   183 Steps:    2288 Episode Steps:    13 Return:  9.4482 FPS:  1.44
15:11:25.581 [INFO] (trainer.py:120) Total Epi:   184 Steps:    2300 Episode Steps:    12 Return:  10.8438 FPS:  1.43
15:11:34.219 [INFO] (trainer.py:120) Total Epi:   185 Steps:    2312 Episode Steps:    12 Return:  10.2903 FPS:  1.39
15:11:43.254 [INFO] (trainer.py:120) Total Epi:   186 Steps:    2325 Episode Steps:    13 Return:  9.2883 FPS:  1.44
