17:24:05.314 [INFO] (trainer.py:76) Restored model_SACslow/ckpt-617
17:24:24.461 [INFO] (trainer.py:120) Total Epi:     1 Steps:      20 Episode Steps:    20 Return: -60.0389 FPS:  1.04
17:24:41.137 [INFO] (trainer.py:120) Total Epi:     2 Steps:      48 Episode Steps:    28 Return: -54.3779 FPS:  1.68
17:24:58.015 [INFO] (trainer.py:120) Total Epi:     3 Steps:      76 Episode Steps:    28 Return: -72.0179 FPS:  1.66
17:25:14.661 [INFO] (trainer.py:120) Total Epi:     4 Steps:     103 Episode Steps:    27 Return: -58.7079 FPS:  1.62
17:25:30.899 [INFO] (trainer.py:120) Total Epi:     5 Steps:     131 Episode Steps:    28 Return: -68.0517 FPS:  1.72
17:25:35.935 [INFO] (trainer.py:120) Total Epi:     6 Steps:     136 Episode Steps:     5 Return:  20.9389 FPS:  0.99
17:25:45.005 [INFO] (trainer.py:120) Total Epi:     7 Steps:     149 Episode Steps:    13 Return:  9.5992 FPS:  1.43
17:26:01.619 [INFO] (trainer.py:120) Total Epi:     8 Steps:     177 Episode Steps:    28 Return: -45.3518 FPS:  1.69
17:26:07.618 [INFO] (trainer.py:120) Total Epi:     9 Steps:     184 Episode Steps:     7 Return: -88.3115 FPS:  1.17
17:26:18.440 [INFO] (trainer.py:120) Total Epi:    10 Steps:     201 Episode Steps:    17 Return:  15.4276 FPS:  1.57
17:26:35.077 [INFO] (trainer.py:120) Total Epi:    11 Steps:     229 Episode Steps:    28 Return: -77.8252 FPS:  1.68
17:26:50.161 [INFO] (trainer.py:120) Total Epi:    12 Steps:     254 Episode Steps:    25 Return: -87.8536 FPS:  1.66
17:27:06.594 [INFO] (trainer.py:120) Total Epi:    13 Steps:     282 Episode Steps:    28 Return: -47.3360 FPS:  1.70
17:27:23.048 [INFO] (trainer.py:120) Total Epi:    14 Steps:     310 Episode Steps:    28 Return: -45.9923 FPS:  1.70
17:27:39.385 [INFO] (trainer.py:120) Total Epi:    15 Steps:     338 Episode Steps:    28 Return: -66.9539 FPS:  1.71
17:27:47.409 [INFO] (trainer.py:120) Total Epi:    16 Steps:     349 Episode Steps:    11 Return:  11.9284 FPS:  1.37
17:27:55.294 [INFO] (trainer.py:120) Total Epi:    17 Steps:     360 Episode Steps:    11 Return:  11.5246 FPS:  1.40
17:28:11.734 [INFO] (trainer.py:120) Total Epi:    18 Steps:     388 Episode Steps:    28 Return: -66.6481 FPS:  1.70
17:28:28.026 [INFO] (trainer.py:120) Total Epi:    19 Steps:     416 Episode Steps:    28 Return: -55.5010 FPS:  1.72
17:28:44.718 [INFO] (trainer.py:120) Total Epi:    20 Steps:     445 Episode Steps:    29 Return: -57.1647 FPS:  1.74
17:29:01.178 [INFO] (trainer.py:120) Total Epi:    21 Steps:     473 Episode Steps:    28 Return: -72.9151 FPS:  1.70
17:29:09.030 [INFO] (trainer.py:120) Total Epi:    22 Steps:     484 Episode Steps:    11 Return:  12.1015 FPS:  1.40
17:30:15.342 [INFO] (trainer.py:148) Evaluation Total Steps:     500 Average Reward -32.3864 over  5 episodes
17:30:29.352 [INFO] (trainer.py:120) Total Epi:    23 Steps:     524 Episode Steps:    40 Return: -76.7332 FPS:  0.50
17:30:45.608 [INFO] (trainer.py:120) Total Epi:    24 Steps:     553 Episode Steps:    29 Return: -73.5222 FPS:  1.78
17:30:52.867 [INFO] (trainer.py:120) Total Epi:    25 Steps:     563 Episode Steps:    10 Return:  13.6140 FPS:  1.38
17:31:02.504 [INFO] (trainer.py:120) Total Epi:    26 Steps:     578 Episode Steps:    15 Return:  8.3000 FPS:  1.56
17:31:18.947 [INFO] (trainer.py:120) Total Epi:    27 Steps:     607 Episode Steps:    29 Return: -54.9831 FPS:  1.76
17:31:35.420 [INFO] (trainer.py:120) Total Epi:    28 Steps:     636 Episode Steps:    29 Return: -61.7090 FPS:  1.76
17:31:43.234 [INFO] (trainer.py:120) Total Epi:    29 Steps:     647 Episode Steps:    11 Return:  11.5614 FPS:  1.41
17:31:59.487 [INFO] (trainer.py:120) Total Epi:    30 Steps:     676 Episode Steps:    29 Return: -43.9464 FPS:  1.78
17:32:15.722 [INFO] (trainer.py:120) Total Epi:    31 Steps:     705 Episode Steps:    29 Return: -47.6054 FPS:  1.79
17:32:31.994 [INFO] (trainer.py:120) Total Epi:    32 Steps:     734 Episode Steps:    29 Return: -72.6841 FPS:  1.78
17:32:48.225 [INFO] (trainer.py:120) Total Epi:    33 Steps:     763 Episode Steps:    29 Return: -50.0416 FPS:  1.79
17:32:55.444 [INFO] (trainer.py:120) Total Epi:    34 Steps:     773 Episode Steps:    10 Return:  12.9363 FPS:  1.39
17:33:02.624 [INFO] (trainer.py:120) Total Epi:    35 Steps:     783 Episode Steps:    10 Return:  13.4829 FPS:  1.39
17:33:18.856 [INFO] (trainer.py:120) Total Epi:    36 Steps:     812 Episode Steps:    29 Return: -51.9619 FPS:  1.79
17:33:35.272 [INFO] (trainer.py:120) Total Epi:    37 Steps:     841 Episode Steps:    29 Return: -60.9699 FPS:  1.77
17:33:40.082 [INFO] (trainer.py:120) Total Epi:    38 Steps:     846 Episode Steps:     5 Return:  21.1985 FPS:  1.04
17:33:56.515 [INFO] (trainer.py:120) Total Epi:    39 Steps:     875 Episode Steps:    29 Return: -63.1684 FPS:  1.76
17:34:12.958 [INFO] (trainer.py:120) Total Epi:    40 Steps:     904 Episode Steps:    29 Return: -63.2697 FPS:  1.76
17:34:29.207 [INFO] (trainer.py:120) Total Epi:    41 Steps:     933 Episode Steps:    29 Return: -64.7449 FPS:  1.78
17:34:45.434 [INFO] (trainer.py:120) Total Epi:    42 Steps:     962 Episode Steps:    29 Return: -66.6834 FPS:  1.79
17:35:01.678 [INFO] (trainer.py:120) Total Epi:    43 Steps:     991 Episode Steps:    29 Return: -46.1297 FPS:  1.79
17:36:07.456 [INFO] (trainer.py:148) Evaluation Total Steps:    1000 Average Reward -30.8296 over  5 episodes
17:36:10.405 [INFO] (trainer.py:120) Total Epi:    44 Steps:    1001 Episode Steps:    10 Return: -37.9353 FPS:  0.15
17:36:19.025 [INFO] (trainer.py:120) Total Epi:    45 Steps:    1014 Episode Steps:    13 Return:  17.6275 FPS:  1.51
17:36:26.817 [INFO] (trainer.py:120) Total Epi:    46 Steps:    1025 Episode Steps:    11 Return:  10.8604 FPS:  1.41
17:36:34.648 [INFO] (trainer.py:120) Total Epi:    47 Steps:    1036 Episode Steps:    11 Return: -97.5826 FPS:  1.40
17:36:50.881 [INFO] (trainer.py:120) Total Epi:    48 Steps:    1065 Episode Steps:    29 Return: -62.8984 FPS:  1.79
17:37:07.121 [INFO] (trainer.py:120) Total Epi:    49 Steps:    1094 Episode Steps:    29 Return: -50.9819 FPS:  1.79
17:37:23.353 [INFO] (trainer.py:120) Total Epi:    50 Steps:    1123 Episode Steps:    29 Return: -67.0551 FPS:  1.79
17:37:30.993 [INFO] (trainer.py:120) Total Epi:    51 Steps:    1134 Episode Steps:    11 Return:  11.7002 FPS:  1.44
17:37:38.603 [INFO] (trainer.py:120) Total Epi:    52 Steps:    1145 Episode Steps:    11 Return:  12.6852 FPS:  1.45
17:37:44.010 [INFO] (trainer.py:120) Total Epi:    53 Steps:    1151 Episode Steps:     6 Return:  20.5354 FPS:  1.11
17:38:00.231 [INFO] (trainer.py:120) Total Epi:    54 Steps:    1180 Episode Steps:    29 Return: -49.2699 FPS:  1.79
17:38:16.461 [INFO] (trainer.py:120) Total Epi:    55 Steps:    1209 Episode Steps:    29 Return: -63.0946 FPS:  1.79
17:38:32.683 [INFO] (trainer.py:120) Total Epi:    56 Steps:    1238 Episode Steps:    29 Return: -50.0785 FPS:  1.79
17:38:49.317 [INFO] (trainer.py:120) Total Epi:    57 Steps:    1268 Episode Steps:    30 Return: -71.5523 FPS:  1.80
17:38:58.136 [INFO] (trainer.py:120) Total Epi:    58 Steps:    1281 Episode Steps:    13 Return:  17.6313 FPS:  1.47
17:39:02.940 [INFO] (trainer.py:120) Total Epi:    59 Steps:    1286 Episode Steps:     5 Return:  21.3043 FPS:  1.04
17:39:19.368 [INFO] (trainer.py:120) Total Epi:    60 Steps:    1315 Episode Steps:    29 Return: -51.2588 FPS:  1.77
17:39:25.170 [INFO] (trainer.py:120) Total Epi:    61 Steps:    1322 Episode Steps:     7 Return:  19.4149 FPS:  1.21
17:39:41.408 [INFO] (trainer.py:120) Total Epi:    62 Steps:    1351 Episode Steps:    29 Return: -69.6563 FPS:  1.79
17:39:57.832 [INFO] (trainer.py:120) Total Epi:    63 Steps:    1380 Episode Steps:    29 Return: -75.7930 FPS:  1.77
17:40:14.055 [INFO] (trainer.py:120) Total Epi:    64 Steps:    1409 Episode Steps:    29 Return: -48.4493 FPS:  1.79
17:40:22.263 [INFO] (trainer.py:120) Total Epi:    65 Steps:    1421 Episode Steps:    12 Return:  18.0699 FPS:  1.46
17:40:38.722 [INFO] (trainer.py:120) Total Epi:    66 Steps:    1450 Episode Steps:    29 Return: -78.4384 FPS:  1.76
17:40:55.338 [INFO] (trainer.py:120) Total Epi:    67 Steps:    1479 Episode Steps:    29 Return: -67.9842 FPS:  1.75
17:41:00.560 [INFO] (trainer.py:120) Total Epi:    68 Steps:    1485 Episode Steps:     6 Return:  20.3611 FPS:  1.15
17:42:09.307 [INFO] (trainer.py:148) Evaluation Total Steps:    1500 Average Reward -31.2010 over  5 episodes
17:42:12.301 [INFO] (trainer.py:120) Total Epi:    69 Steps:    1501 Episode Steps:    16 Return: -57.4099 FPS:  0.22
17:42:19.934 [INFO] (trainer.py:120) Total Epi:    70 Steps:    1512 Episode Steps:    11 Return:  11.4019 FPS:  1.44
17:42:36.372 [INFO] (trainer.py:120) Total Epi:    71 Steps:    1541 Episode Steps:    29 Return: -61.1940 FPS:  1.76
17:42:52.819 [INFO] (trainer.py:120) Total Epi:    72 Steps:    1570 Episode Steps:    29 Return: -75.4339 FPS:  1.76
17:43:09.058 [INFO] (trainer.py:120) Total Epi:    73 Steps:    1599 Episode Steps:    29 Return: -48.5860 FPS:  1.79
17:43:25.274 [INFO] (trainer.py:120) Total Epi:    74 Steps:    1628 Episode Steps:    29 Return: -71.5283 FPS:  1.79
17:43:41.497 [INFO] (trainer.py:120) Total Epi:    75 Steps:    1657 Episode Steps:    29 Return: -66.5731 FPS:  1.79
17:43:46.908 [INFO] (trainer.py:120) Total Epi:    76 Steps:    1663 Episode Steps:     6 Return:  18.1645 FPS:  1.11
17:43:52.704 [INFO] (trainer.py:120) Total Epi:    77 Steps:    1670 Episode Steps:     7 Return:  20.0021 FPS:  1.21
17:44:00.718 [INFO] (trainer.py:120) Total Epi:    78 Steps:    1682 Episode Steps:    12 Return:  18.3933 FPS:  1.50
17:44:08.930 [INFO] (trainer.py:120) Total Epi:    79 Steps:    1694 Episode Steps:    12 Return:  11.8337 FPS:  1.46
17:44:25.388 [INFO] (trainer.py:120) Total Epi:    80 Steps:    1723 Episode Steps:    29 Return: -67.6702 FPS:  1.76
17:44:33.188 [INFO] (trainer.py:120) Total Epi:    81 Steps:    1734 Episode Steps:    11 Return:  12.0035 FPS:  1.41
17:44:38.000 [INFO] (trainer.py:120) Total Epi:    82 Steps:    1739 Episode Steps:     5 Return:  21.0571 FPS:  1.04
17:44:46.020 [INFO] (trainer.py:120) Total Epi:    83 Steps:    1751 Episode Steps:    12 Return:  9.9175 FPS:  1.50
17:45:02.455 [INFO] (trainer.py:120) Total Epi:    84 Steps:    1780 Episode Steps:    29 Return: -68.0946 FPS:  1.76
17:45:18.885 [INFO] (trainer.py:120) Total Epi:    85 Steps:    1809 Episode Steps:    29 Return: -66.8452 FPS:  1.77
17:45:35.526 [INFO] (trainer.py:120) Total Epi:    86 Steps:    1839 Episode Steps:    30 Return: -62.7253 FPS:  1.80
17:45:40.332 [INFO] (trainer.py:120) Total Epi:    87 Steps:    1844 Episode Steps:     5 Return:  21.4214 FPS:  1.04
17:45:56.757 [INFO] (trainer.py:120) Total Epi:    88 Steps:    1873 Episode Steps:    29 Return: -73.0761 FPS:  1.77
17:46:12.981 [INFO] (trainer.py:120) Total Epi:    89 Steps:    1902 Episode Steps:    29 Return: -68.0688 FPS:  1.79
17:46:29.416 [INFO] (trainer.py:120) Total Epi:    90 Steps:    1932 Episode Steps:    30 Return: -75.0173 FPS:  1.83
17:46:34.617 [INFO] (trainer.py:120) Total Epi:    91 Steps:    1938 Episode Steps:     6 Return:  20.8486 FPS:  1.15
17:46:40.027 [INFO] (trainer.py:120) Total Epi:    92 Steps:    1944 Episode Steps:     6 Return:  20.2333 FPS:  1.11
17:46:45.425 [INFO] (trainer.py:120) Total Epi:    93 Steps:    1950 Episode Steps:     6 Return:  20.3670 FPS:  1.11
17:47:02.056 [INFO] (trainer.py:120) Total Epi:    94 Steps:    1980 Episode Steps:    30 Return: -60.9067 FPS:  1.80
17:48:22.292 [INFO] (trainer.py:148) Evaluation Total Steps:    2000 Average Reward -45.3375 over  5 episodes
17:48:25.234 [INFO] (trainer.py:120) Total Epi:    95 Steps:    2001 Episode Steps:    21 Return: -49.5367 FPS:  0.25
17:48:30.638 [INFO] (trainer.py:120) Total Epi:    96 Steps:    2007 Episode Steps:     6 Return:  20.8031 FPS:  1.11
17:48:47.089 [INFO] (trainer.py:120) Total Epi:    97 Steps:    2036 Episode Steps:    29 Return: -72.1113 FPS:  1.76
17:48:54.710 [INFO] (trainer.py:120) Total Epi:    98 Steps:    2047 Episode Steps:    11 Return:  12.9349 FPS:  1.44
17:49:10.953 [INFO] (trainer.py:120) Total Epi:    99 Steps:    2076 Episode Steps:    29 Return: -73.3429 FPS:  1.79
17:49:27.390 [INFO] (trainer.py:120) Total Epi:   100 Steps:    2105 Episode Steps:    29 Return: -74.4917 FPS:  1.76
17:49:43.613 [INFO] (trainer.py:120) Total Epi:   101 Steps:    2134 Episode Steps:    29 Return: -52.8365 FPS:  1.79
17:49:48.415 [INFO] (trainer.py:120) Total Epi:   102 Steps:    2139 Episode Steps:     5 Return:  21.4584 FPS:  1.04
17:50:04.659 [INFO] (trainer.py:120) Total Epi:   103 Steps:    2168 Episode Steps:    29 Return: -59.2073 FPS:  1.79
17:50:10.464 [INFO] (trainer.py:120) Total Epi:   104 Steps:    2175 Episode Steps:     7 Return:  19.7114 FPS:  1.21
17:50:16.684 [INFO] (trainer.py:120) Total Epi:   105 Steps:    2183 Episode Steps:     8 Return:  19.2153 FPS:  1.29
17:50:24.097 [INFO] (trainer.py:120) Total Epi:   106 Steps:    2193 Episode Steps:    10 Return:  13.5466 FPS:  1.35
17:50:28.898 [INFO] (trainer.py:120) Total Epi:   107 Steps:    2198 Episode Steps:     5 Return:  21.3071 FPS:  1.04
17:50:45.142 [INFO] (trainer.py:120) Total Epi:   108 Steps:    2227 Episode Steps:    29 Return: -68.2449 FPS:  1.79
17:51:01.784 [INFO] (trainer.py:120) Total Epi:   109 Steps:    2257 Episode Steps:    30 Return: -63.2112 FPS:  1.80
17:51:06.594 [INFO] (trainer.py:120) Total Epi:   110 Steps:    2262 Episode Steps:     5 Return:  21.0809 FPS:  1.04
17:51:23.212 [INFO] (trainer.py:120) Total Epi:   111 Steps:    2292 Episode Steps:    30 Return: -46.5969 FPS:  1.81
17:51:39.656 [INFO] (trainer.py:120) Total Epi:   112 Steps:    2321 Episode Steps:    29 Return: -50.9039 FPS:  1.76
17:51:56.089 [INFO] (trainer.py:120) Total Epi:   113 Steps:    2350 Episode Steps:    29 Return: -68.8291 FPS:  1.76
17:52:00.937 [INFO] (trainer.py:120) Total Epi:   114 Steps:    2355 Episode Steps:     5 Return:  20.6912 FPS:  1.03
17:52:08.546 [INFO] (trainer.py:120) Total Epi:   115 Steps:    2366 Episode Steps:    11 Return:  10.1900 FPS:  1.45
17:52:16.160 [INFO] (trainer.py:120) Total Epi:   116 Steps:    2377 Episode Steps:    11 Return:  11.7366 FPS:  1.44
17:52:21.966 [INFO] (trainer.py:120) Total Epi:   117 Steps:    2384 Episode Steps:     7 Return:  19.5601 FPS:  1.21
17:52:26.792 [INFO] (trainer.py:120) Total Epi:   118 Steps:    2389 Episode Steps:     5 Return:  21.1156 FPS:  1.04
17:52:43.021 [INFO] (trainer.py:120) Total Epi:   119 Steps:    2418 Episode Steps:    29 Return: -64.4220 FPS:  1.79
17:52:59.258 [INFO] (trainer.py:120) Total Epi:   120 Steps:    2447 Episode Steps:    29 Return: -71.3044 FPS:  1.79
17:53:15.893 [INFO] (trainer.py:120) Total Epi:   121 Steps:    2477 Episode Steps:    30 Return: -74.5388 FPS:  1.80
17:53:22.300 [INFO] (trainer.py:120) Total Epi:   122 Steps:    2485 Episode Steps:     8 Return:  19.3572 FPS:  1.25
17:53:27.107 [INFO] (trainer.py:120) Total Epi:   123 Steps:    2490 Episode Steps:     5 Return:  20.9184 FPS:  1.04
17:53:31.919 [INFO] (trainer.py:120) Total Epi:   124 Steps:    2495 Episode Steps:     5 Return:  21.2626 FPS:  1.04
17:54:35.615 [INFO] (trainer.py:148) Evaluation Total Steps:    2500 Average Reward -38.6565 over  5 episodes
17:54:47.498 [INFO] (trainer.py:120) Total Epi:   125 Steps:    2520 Episode Steps:    25 Return: -48.6884 FPS:  0.33
17:55:03.729 [INFO] (trainer.py:120) Total Epi:   126 Steps:    2549 Episode Steps:    29 Return: -64.1947 FPS:  1.79
17:55:20.182 [INFO] (trainer.py:120) Total Epi:   127 Steps:    2578 Episode Steps:    29 Return: -65.3152 FPS:  1.76
17:55:26.386 [INFO] (trainer.py:120) Total Epi:   128 Steps:    2586 Episode Steps:     8 Return:  19.4818 FPS:  1.29
17:55:42.817 [INFO] (trainer.py:120) Total Epi:   129 Steps:    2615 Episode Steps:    29 Return: -66.3374 FPS:  1.77
17:55:59.273 [INFO] (trainer.py:120) Total Epi:   130 Steps:    2644 Episode Steps:    29 Return: -61.9242 FPS:  1.76
17:56:15.690 [INFO] (trainer.py:120) Total Epi:   131 Steps:    2673 Episode Steps:    29 Return: -73.4046 FPS:  1.77
17:56:20.514 [INFO] (trainer.py:120) Total Epi:   132 Steps:    2678 Episode Steps:     5 Return:  20.9987 FPS:  1.04
17:56:36.933 [INFO] (trainer.py:120) Total Epi:   133 Steps:    2707 Episode Steps:    29 Return: -48.5172 FPS:  1.77
17:56:53.185 [INFO] (trainer.py:120) Total Epi:   134 Steps:    2736 Episode Steps:    29 Return: -60.2751 FPS:  1.78
17:57:09.414 [INFO] (trainer.py:120) Total Epi:   135 Steps:    2765 Episode Steps:    29 Return: -71.9387 FPS:  1.79
17:57:26.059 [INFO] (trainer.py:120) Total Epi:   136 Steps:    2795 Episode Steps:    30 Return: -73.4800 FPS:  1.80
17:57:42.295 [INFO] (trainer.py:120) Total Epi:   137 Steps:    2824 Episode Steps:    29 Return: -58.3924 FPS:  1.79
17:57:58.732 [INFO] (trainer.py:120) Total Epi:   138 Steps:    2854 Episode Steps:    30 Return: -62.3073 FPS:  1.83
17:58:05.957 [INFO] (trainer.py:120) Total Epi:   139 Steps:    2864 Episode Steps:    10 Return:  12.8235 FPS:  1.38
17:58:22.191 [INFO] (trainer.py:120) Total Epi:   140 Steps:    2893 Episode Steps:    29 Return: -49.6113 FPS:  1.79
17:58:38.446 [INFO] (trainer.py:120) Total Epi:   141 Steps:    2922 Episode Steps:    29 Return: -48.7407 FPS:  1.78
17:58:54.683 [INFO] (trainer.py:120) Total Epi:   142 Steps:    2951 Episode Steps:    29 Return: -61.1123 FPS:  1.79
17:59:01.897 [INFO] (trainer.py:120) Total Epi:   143 Steps:    2961 Episode Steps:    10 Return:  12.6106 FPS:  1.39
17:59:10.923 [INFO] (trainer.py:120) Total Epi:   144 Steps:    2975 Episode Steps:    14 Return:  10.8950 FPS:  1.55
18:00:27.543 [INFO] (trainer.py:148) Evaluation Total Steps:    3000 Average Reward -31.1701 over  5 episodes
18:00:38.546 [INFO] (trainer.py:120) Total Epi:   145 Steps:    3018 Episode Steps:    43 Return: -99.7893 FPS:  0.49
18:00:54.797 [INFO] (trainer.py:120) Total Epi:   146 Steps:    3047 Episode Steps:    29 Return: -61.7862 FPS:  1.78
18:01:05.226 [INFO] (trainer.py:120) Total Epi:   147 Steps:    3064 Episode Steps:    17 Return:  7.9931 FPS:  1.63
18:01:15.262 [INFO] (trainer.py:120) Total Epi:   148 Steps:    3080 Episode Steps:    16 Return:  8.6502 FPS:  1.59
18:01:22.873 [INFO] (trainer.py:120) Total Epi:   149 Steps:    3091 Episode Steps:    11 Return:  9.9892 FPS:  1.45
18:01:39.516 [INFO] (trainer.py:120) Total Epi:   150 Steps:    3121 Episode Steps:    30 Return: -48.8396 FPS:  1.80
18:01:46.333 [INFO] (trainer.py:120) Total Epi:   151 Steps:    3130 Episode Steps:     9 Return:  12.4466 FPS:  1.32
18:01:53.547 [INFO] (trainer.py:120) Total Epi:   152 Steps:    3140 Episode Steps:    10 Return:  12.3385 FPS:  1.39
18:01:58.770 [INFO] (trainer.py:120) Total Epi:   153 Steps:    3146 Episode Steps:     6 Return:  20.5510 FPS:  1.15
18:02:07.813 [INFO] (trainer.py:120) Total Epi:   154 Steps:    3160 Episode Steps:    14 Return:  11.2269 FPS:  1.55
18:02:24.246 [INFO] (trainer.py:120) Total Epi:   155 Steps:    3189 Episode Steps:    29 Return: -60.4414 FPS:  1.76
18:02:33.467 [INFO] (trainer.py:120) Total Epi:   156 Steps:    3203 Episode Steps:    14 Return:  10.4676 FPS:  1.52
18:02:49.905 [INFO] (trainer.py:120) Total Epi:   157 Steps:    3232 Episode Steps:    29 Return: -62.3138 FPS:  1.76
18:03:06.359 [INFO] (trainer.py:120) Total Epi:   158 Steps:    3261 Episode Steps:    29 Return: -55.8318 FPS:  1.76
18:03:22.585 [INFO] (trainer.py:120) Total Epi:   159 Steps:    3290 Episode Steps:    29 Return: -61.1235 FPS:  1.79
18:03:30.211 [INFO] (trainer.py:120) Total Epi:   160 Steps:    3301 Episode Steps:    11 Return:  12.2036 FPS:  1.44
18:03:46.455 [INFO] (trainer.py:120) Total Epi:   161 Steps:    3330 Episode Steps:    29 Return: -45.5878 FPS:  1.79
18:04:02.697 [INFO] (trainer.py:120) Total Epi:   162 Steps:    3359 Episode Steps:    29 Return: -60.3219 FPS:  1.79
18:04:19.162 [INFO] (trainer.py:120) Total Epi:   163 Steps:    3388 Episode Steps:    29 Return: -59.3615 FPS:  1.76
18:04:35.791 [INFO] (trainer.py:120) Total Epi:   164 Steps:    3418 Episode Steps:    30 Return: -74.4760 FPS:  1.80
18:04:52.050 [INFO] (trainer.py:120) Total Epi:   165 Steps:    3447 Episode Steps:    29 Return: -61.0570 FPS:  1.78
18:05:08.712 [INFO] (trainer.py:120) Total Epi:   166 Steps:    3477 Episode Steps:    30 Return: -51.2315 FPS:  1.80
18:06:26.696 [INFO] (trainer.py:148) Evaluation Total Steps:    3500 Average Reward -29.2939 over  5 episodes
18:06:29.611 [INFO] (trainer.py:120) Total Epi:   167 Steps:    3501 Episode Steps:    24 Return: -67.1797 FPS:  0.30
18:06:46.043 [INFO] (trainer.py:120) Total Epi:   168 Steps:    3530 Episode Steps:    29 Return: -50.2461 FPS:  1.76
18:07:02.297 [INFO] (trainer.py:120) Total Epi:   169 Steps:    3559 Episode Steps:    29 Return: -71.1615 FPS:  1.78
18:07:18.541 [INFO] (trainer.py:120) Total Epi:   170 Steps:    3588 Episode Steps:    29 Return: -70.0364 FPS:  1.79
18:07:34.778 [INFO] (trainer.py:120) Total Epi:   171 Steps:    3617 Episode Steps:    29 Return: -49.0758 FPS:  1.79
18:07:41.595 [INFO] (trainer.py:120) Total Epi:   172 Steps:    3626 Episode Steps:     9 Return:  13.9021 FPS:  1.32
18:07:57.839 [INFO] (trainer.py:120) Total Epi:   173 Steps:    3655 Episode Steps:    29 Return: -45.5332 FPS:  1.79
18:08:05.479 [INFO] (trainer.py:120) Total Epi:   174 Steps:    3666 Episode Steps:    11 Return:  11.0346 FPS:  1.44
18:08:21.733 [INFO] (trainer.py:120) Total Epi:   175 Steps:    3695 Episode Steps:    29 Return: -61.9572 FPS:  1.78
18:08:37.988 [INFO] (trainer.py:120) Total Epi:   176 Steps:    3724 Episode Steps:    29 Return: -69.4238 FPS:  1.78
18:08:54.230 [INFO] (trainer.py:120) Total Epi:   177 Steps:    3753 Episode Steps:    29 Return: -61.0983 FPS:  1.79
18:09:01.859 [INFO] (trainer.py:120) Total Epi:   178 Steps:    3764 Episode Steps:    11 Return:  11.0425 FPS:  1.44
18:09:18.096 [INFO] (trainer.py:120) Total Epi:   179 Steps:    3793 Episode Steps:    29 Return:  1.2366 FPS:  1.79
18:09:34.738 [INFO] (trainer.py:120) Total Epi:   180 Steps:    3823 Episode Steps:    30 Return: -49.5800 FPS:  1.80
18:09:51.389 [INFO] (trainer.py:120) Total Epi:   181 Steps:    3853 Episode Steps:    30 Return: -51.0357 FPS:  1.80
18:09:58.005 [INFO] (trainer.py:120) Total Epi:   182 Steps:    3862 Episode Steps:     9 Return:  14.1780 FPS:  1.36
18:10:14.256 [INFO] (trainer.py:120) Total Epi:   183 Steps:    3891 Episode Steps:    29 Return: -50.9303 FPS:  1.78
18:10:22.083 [INFO] (trainer.py:120) Total Epi:   184 Steps:    3902 Episode Steps:    11 Return:  10.8945 FPS:  1.41
18:10:38.334 [INFO] (trainer.py:120) Total Epi:   185 Steps:    3931 Episode Steps:    29 Return: -60.2211 FPS:  1.78
18:10:54.977 [INFO] (trainer.py:120) Total Epi:   186 Steps:    3961 Episode Steps:    30 Return: -62.4543 FPS:  1.80
18:11:11.228 [INFO] (trainer.py:120) Total Epi:   187 Steps:    3990 Episode Steps:    29 Return: -70.8787 FPS:  1.78
18:11:18.069 [INFO] (trainer.py:120) Total Epi:   188 Steps:    3999 Episode Steps:     9 Return:  14.4085 FPS:  1.32
18:12:22.437 [INFO] (trainer.py:148) Evaluation Total Steps:    4000 Average Reward -28.9653 over  5 episodes
18:12:28.273 [INFO] (trainer.py:120) Total Epi:   189 Steps:    4007 Episode Steps:     8 Return:  11.1965 FPS:  0.11
18:12:44.717 [INFO] (trainer.py:120) Total Epi:   190 Steps:    4036 Episode Steps:    29 Return: -51.0521 FPS:  1.76
18:13:01.363 [INFO] (trainer.py:120) Total Epi:   191 Steps:    4065 Episode Steps:    29 Return: -68.3661 FPS:  1.74
18:13:08.590 [INFO] (trainer.py:120) Total Epi:   192 Steps:    4075 Episode Steps:    10 Return:  13.3406 FPS:  1.38
18:13:24.836 [INFO] (trainer.py:120) Total Epi:   193 Steps:    4104 Episode Steps:    29 Return: -71.0769 FPS:  1.79
18:13:41.301 [INFO] (trainer.py:120) Total Epi:   194 Steps:    4133 Episode Steps:    29 Return: -49.8686 FPS:  1.76
18:13:48.523 [INFO] (trainer.py:120) Total Epi:   195 Steps:    4143 Episode Steps:    10 Return:  12.5072 FPS:  1.39
18:14:04.784 [INFO] (trainer.py:120) Total Epi:   196 Steps:    4172 Episode Steps:    29 Return: -45.4769 FPS:  1.78
18:14:21.224 [INFO] (trainer.py:120) Total Epi:   197 Steps:    4201 Episode Steps:    29 Return: -49.6987 FPS:  1.76
18:14:37.469 [INFO] (trainer.py:120) Total Epi:   198 Steps:    4230 Episode Steps:    29 Return: -49.1409 FPS:  1.79
18:14:54.124 [INFO] (trainer.py:120) Total Epi:   199 Steps:    4260 Episode Steps:    30 Return: -72.9124 FPS:  1.80
18:15:00.747 [INFO] (trainer.py:120) Total Epi:   200 Steps:    4269 Episode Steps:     9 Return:  14.1785 FPS:  1.36
18:15:17.001 [INFO] (trainer.py:120) Total Epi:   201 Steps:    4298 Episode Steps:    29 Return: -46.8801 FPS:  1.78
18:15:33.452 [INFO] (trainer.py:120) Total Epi:   202 Steps:    4327 Episode Steps:    29 Return: -50.0990 FPS:  1.76
18:15:49.706 [INFO] (trainer.py:120) Total Epi:   203 Steps:    4356 Episode Steps:    29 Return: -58.9241 FPS:  1.78
18:15:57.335 [INFO] (trainer.py:120) Total Epi:   204 Steps:    4367 Episode Steps:    11 Return:  12.2814 FPS:  1.44
18:16:13.788 [INFO] (trainer.py:120) Total Epi:   205 Steps:    4397 Episode Steps:    30 Return: -63.0630 FPS:  1.82
18:16:30.045 [INFO] (trainer.py:120) Total Epi:   206 Steps:    4426 Episode Steps:    29 Return: -48.7089 FPS:  1.78
18:16:46.487 [INFO] (trainer.py:120) Total Epi:   207 Steps:    4455 Episode Steps:    29 Return: -49.4703 FPS:  1.76
18:16:53.512 [INFO] (trainer.py:120) Total Epi:   208 Steps:    4465 Episode Steps:    10 Return:  12.4378 FPS:  1.42
18:17:00.739 [INFO] (trainer.py:120) Total Epi:   209 Steps:    4475 Episode Steps:    10 Return:  12.1995 FPS:  1.38
18:18:35.283 [INFO] (trainer.py:148) Evaluation Total Steps:    4500 Average Reward -64.7667 over  5 episodes
18:18:38.249 [INFO] (trainer.py:120) Total Epi:   210 Steps:    4501 Episode Steps:    26 Return: -64.9941 FPS:  0.27
18:18:45.479 [INFO] (trainer.py:120) Total Epi:   211 Steps:    4511 Episode Steps:    10 Return:  12.4401 FPS:  1.38
18:19:01.747 [INFO] (trainer.py:120) Total Epi:   212 Steps:    4540 Episode Steps:    29 Return: -51.0800 FPS:  1.78
18:19:18.004 [INFO] (trainer.py:120) Total Epi:   213 Steps:    4569 Episode Steps:    29 Return: -49.3234 FPS:  1.78
18:19:34.658 [INFO] (trainer.py:120) Total Epi:   214 Steps:    4598 Episode Steps:    29 Return: -70.6900 FPS:  1.74
18:19:51.325 [INFO] (trainer.py:120) Total Epi:   215 Steps:    4627 Episode Steps:    29 Return: -58.5988 FPS:  1.74
18:20:06.386 [INFO] (trainer.py:120) Total Epi:   216 Steps:    4653 Episode Steps:    26 Return:  2.7239 FPS:  1.73
18:20:22.848 [INFO] (trainer.py:120) Total Epi:   217 Steps:    4682 Episode Steps:    29 Return: -46.2226 FPS:  1.76
18:20:39.499 [INFO] (trainer.py:120) Total Epi:   218 Steps:    4711 Episode Steps:    29 Return: -49.2195 FPS:  1.74
18:20:55.788 [INFO] (trainer.py:120) Total Epi:   219 Steps:    4740 Episode Steps:    29 Return: -70.3814 FPS:  1.78
18:21:03.431 [INFO] (trainer.py:120) Total Epi:   220 Steps:    4751 Episode Steps:    11 Return:  12.1291 FPS:  1.44
18:21:19.866 [INFO] (trainer.py:120) Total Epi:   221 Steps:    4780 Episode Steps:    29 Return: -66.1853 FPS:  1.76
18:21:27.700 [INFO] (trainer.py:120) Total Epi:   222 Steps:    4791 Episode Steps:    11 Return:  10.3755 FPS:  1.40
18:21:37.753 [INFO] (trainer.py:120) Total Epi:   223 Steps:    4807 Episode Steps:    16 Return:  9.0074 FPS:  1.59
18:21:44.974 [INFO] (trainer.py:120) Total Epi:   224 Steps:    4817 Episode Steps:    10 Return:  12.1769 FPS:  1.38
18:22:01.230 [INFO] (trainer.py:120) Total Epi:   225 Steps:    4846 Episode Steps:    29 Return: -56.6343 FPS:  1.78
18:22:17.475 [INFO] (trainer.py:120) Total Epi:   226 Steps:    4875 Episode Steps:    29 Return: -49.7455 FPS:  1.79
18:22:33.730 [INFO] (trainer.py:120) Total Epi:   227 Steps:    4904 Episode Steps:    29 Return: -49.1456 FPS:  1.78
18:22:50.006 [INFO] (trainer.py:120) Total Epi:   228 Steps:    4933 Episode Steps:    29 Return: -48.6999 FPS:  1.78
18:22:58.029 [INFO] (trainer.py:120) Total Epi:   229 Steps:    4945 Episode Steps:    12 Return:  10.5550 FPS:  1.50
18:23:14.275 [INFO] (trainer.py:120) Total Epi:   230 Steps:    4974 Episode Steps:    29 Return: -57.3730 FPS:  1.79
18:24:15.491 [INFO] (trainer.py:148) Evaluation Total Steps:    5000 Average Reward -5.0030 over  5 episodes
18:24:26.961 [INFO] (trainer.py:120) Total Epi:   231 Steps:    5019 Episode Steps:    45 Return: -83.2388 FPS:  0.62
18:24:43.411 [INFO] (trainer.py:120) Total Epi:   232 Steps:    5048 Episode Steps:    29 Return: -60.9020 FPS:  1.76
18:24:59.863 [INFO] (trainer.py:120) Total Epi:   233 Steps:    5078 Episode Steps:    30 Return: -71.6249 FPS:  1.82
18:25:16.319 [INFO] (trainer.py:120) Total Epi:   234 Steps:    5107 Episode Steps:    29 Return: -69.8136 FPS:  1.76
18:25:32.569 [INFO] (trainer.py:120) Total Epi:   235 Steps:    5136 Episode Steps:    29 Return: -60.0441 FPS:  1.78
18:25:49.037 [INFO] (trainer.py:120) Total Epi:   236 Steps:    5165 Episode Steps:    29 Return: -49.5587 FPS:  1.76
18:25:56.269 [INFO] (trainer.py:120) Total Epi:   237 Steps:    5175 Episode Steps:    10 Return:  12.0748 FPS:  1.38
18:26:03.090 [INFO] (trainer.py:120) Total Epi:   238 Steps:    5184 Episode Steps:     9 Return:  14.2057 FPS:  1.32
18:26:19.349 [INFO] (trainer.py:120) Total Epi:   239 Steps:    5213 Episode Steps:    29 Return: -50.2978 FPS:  1.78
18:26:35.600 [INFO] (trainer.py:120) Total Epi:   240 Steps:    5242 Episode Steps:    29 Return: -64.2055 FPS:  1.78
18:26:52.253 [INFO] (trainer.py:120) Total Epi:   241 Steps:    5272 Episode Steps:    30 Return: -62.4016 FPS:  1.80
18:27:08.507 [INFO] (trainer.py:120) Total Epi:   242 Steps:    5301 Episode Steps:    29 Return: -51.0793 FPS:  1.78
18:27:24.774 [INFO] (trainer.py:120) Total Epi:   243 Steps:    5330 Episode Steps:    29 Return: -62.3596 FPS:  1.78
18:27:33.420 [INFO] (trainer.py:120) Total Epi:   244 Steps:    5343 Episode Steps:    13 Return:  10.1626 FPS:  1.50
18:27:50.060 [INFO] (trainer.py:120) Total Epi:   245 Steps:    5373 Episode Steps:    30 Return: -70.7103 FPS:  1.80
18:28:06.325 [INFO] (trainer.py:120) Total Epi:   246 Steps:    5402 Episode Steps:    29 Return: -50.0988 FPS:  1.78
18:28:22.594 [INFO] (trainer.py:120) Total Epi:   247 Steps:    5431 Episode Steps:    29 Return: -69.2929 FPS:  1.78
18:28:38.851 [INFO] (trainer.py:120) Total Epi:   248 Steps:    5460 Episode Steps:    29 Return: -60.7438 FPS:  1.78
18:28:47.082 [INFO] (trainer.py:120) Total Epi:   249 Steps:    5472 Episode Steps:    12 Return:  12.7799 FPS:  1.46
18:28:56.516 [INFO] (trainer.py:120) Total Epi:   250 Steps:    5487 Episode Steps:    15 Return:  9.0802 FPS:  1.59
18:29:43.280 [INFO] (trainer.py:148) Evaluation Total Steps:    5500 Average Reward  9.9191 over  5 episodes
18:29:50.982 [INFO] (trainer.py:120) Total Epi:   251 Steps:    5511 Episode Steps:    24 Return: -3.4103 FPS:  0.44
18:30:07.232 [INFO] (trainer.py:120) Total Epi:   252 Steps:    5540 Episode Steps:    29 Return: -62.2388 FPS:  1.78
18:30:23.696 [INFO] (trainer.py:120) Total Epi:   253 Steps:    5569 Episode Steps:    29 Return: -61.3751 FPS:  1.76
18:30:40.147 [INFO] (trainer.py:120) Total Epi:   254 Steps:    5599 Episode Steps:    30 Return: -62.9295 FPS:  1.82
18:30:49.413 [INFO] (trainer.py:120) Total Epi:   255 Steps:    5613 Episode Steps:    14 Return:  10.3849 FPS:  1.51
18:30:56.658 [INFO] (trainer.py:120) Total Epi:   256 Steps:    5623 Episode Steps:    10 Return:  15.2443 FPS:  1.38
18:31:05.680 [INFO] (trainer.py:120) Total Epi:   257 Steps:    5637 Episode Steps:    14 Return:  9.5380 FPS:  1.55
18:31:12.515 [INFO] (trainer.py:120) Total Epi:   258 Steps:    5646 Episode Steps:     9 Return:  12.2515 FPS:  1.32
18:31:28.973 [INFO] (trainer.py:120) Total Epi:   259 Steps:    5675 Episode Steps:    29 Return: -49.2091 FPS:  1.76
18:31:37.208 [INFO] (trainer.py:120) Total Epi:   260 Steps:    5687 Episode Steps:    12 Return:  9.6765 FPS:  1.46
18:31:53.682 [INFO] (trainer.py:120) Total Epi:   261 Steps:    5716 Episode Steps:    29 Return: -49.0356 FPS:  1.76
18:32:00.900 [INFO] (trainer.py:120) Total Epi:   262 Steps:    5726 Episode Steps:    10 Return:  14.7029 FPS:  1.39
18:32:17.369 [INFO] (trainer.py:120) Total Epi:   263 Steps:    5755 Episode Steps:    29 Return: -49.5662 FPS:  1.76
18:32:24.198 [INFO] (trainer.py:120) Total Epi:   264 Steps:    5764 Episode Steps:     9 Return:  13.7695 FPS:  1.32
18:32:40.649 [INFO] (trainer.py:120) Total Epi:   265 Steps:    5793 Episode Steps:    29 Return: -45.9153 FPS:  1.76
18:32:57.314 [INFO] (trainer.py:120) Total Epi:   266 Steps:    5823 Episode Steps:    30 Return: -63.6758 FPS:  1.80
18:33:13.615 [INFO] (trainer.py:120) Total Epi:   267 Steps:    5852 Episode Steps:    29 Return: -61.1228 FPS:  1.78
18:33:30.079 [INFO] (trainer.py:120) Total Epi:   268 Steps:    5881 Episode Steps:    29 Return: -49.2613 FPS:  1.76
18:33:46.541 [INFO] (trainer.py:120) Total Epi:   269 Steps:    5910 Episode Steps:    29 Return: -70.3516 FPS:  1.76
18:33:53.791 [INFO] (trainer.py:120) Total Epi:   270 Steps:    5920 Episode Steps:    10 Return:  12.5961 FPS:  1.38
18:34:02.024 [INFO] (trainer.py:120) Total Epi:   271 Steps:    5932 Episode Steps:    12 Return:  10.4210 FPS:  1.46
18:34:08.860 [INFO] (trainer.py:120) Total Epi:   272 Steps:    5941 Episode Steps:     9 Return:  12.5516 FPS:  1.32
18:34:16.901 [INFO] (trainer.py:120) Total Epi:   273 Steps:    5953 Episode Steps:    12 Return:  10.5374 FPS:  1.49
18:34:24.139 [INFO] (trainer.py:120) Total Epi:   274 Steps:    5963 Episode Steps:    10 Return:  13.3184 FPS:  1.38
18:34:40.403 [INFO] (trainer.py:120) Total Epi:   275 Steps:    5992 Episode Steps:    29 Return: -70.7775 FPS:  1.78
18:35:32.510 [INFO] (trainer.py:148) Evaluation Total Steps:    6000 Average Reward -3.8834 over  5 episodes
18:35:35.446 [INFO] (trainer.py:120) Total Epi:   276 Steps:    6001 Episode Steps:     9 Return: -33.5330 FPS:  0.16
18:35:42.072 [INFO] (trainer.py:120) Total Epi:   277 Steps:    6010 Episode Steps:     9 Return:  14.8845 FPS:  1.36
18:35:52.511 [INFO] (trainer.py:120) Total Epi:   278 Steps:    6027 Episode Steps:    17 Return:  8.2775 FPS:  1.63
18:36:08.772 [INFO] (trainer.py:120) Total Epi:   279 Steps:    6056 Episode Steps:    29 Return: -60.8709 FPS:  1.78
18:36:15.609 [INFO] (trainer.py:120) Total Epi:   280 Steps:    6065 Episode Steps:     9 Return:  14.8057 FPS:  1.32
18:36:29.474 [INFO] (trainer.py:120) Total Epi:   281 Steps:    6089 Episode Steps:    24 Return:  3.1585 FPS:  1.73
18:36:36.302 [INFO] (trainer.py:120) Total Epi:   282 Steps:    6098 Episode Steps:     9 Return:  13.6701 FPS:  1.32
18:36:43.145 [INFO] (trainer.py:120) Total Epi:   283 Steps:    6107 Episode Steps:     9 Return:  15.2294 FPS:  1.32
18:36:52.404 [INFO] (trainer.py:120) Total Epi:   284 Steps:    6121 Episode Steps:    14 Return:  10.5380 FPS:  1.51
18:36:59.060 [INFO] (trainer.py:120) Total Epi:   285 Steps:    6130 Episode Steps:     9 Return:  13.9879 FPS:  1.35
18:37:15.315 [INFO] (trainer.py:120) Total Epi:   286 Steps:    6159 Episode Steps:    29 Return: -62.7806 FPS:  1.78
18:37:31.568 [INFO] (trainer.py:120) Total Epi:   287 Steps:    6188 Episode Steps:    29 Return: -71.2247 FPS:  1.78
18:37:39.444 [INFO] (trainer.py:120) Total Epi:   288 Steps:    6199 Episode Steps:    11 Return:  11.9559 FPS:  1.40
18:37:46.879 [INFO] (trainer.py:120) Total Epi:   289 Steps:    6209 Episode Steps:    10 Return:  13.3578 FPS:  1.35
18:38:00.527 [INFO] (trainer.py:120) Total Epi:   290 Steps:    6232 Episode Steps:    23 Return:  4.2007 FPS:  1.69
18:38:17.212 [INFO] (trainer.py:120) Total Epi:   291 Steps:    6262 Episode Steps:    30 Return: -64.3809 FPS:  1.80
18:38:24.838 [INFO] (trainer.py:120) Total Epi:   292 Steps:    6273 Episode Steps:    11 Return:  12.0143 FPS:  1.44
18:38:41.308 [INFO] (trainer.py:120) Total Epi:   293 Steps:    6302 Episode Steps:    29 Return: -70.9700 FPS:  1.76
18:38:57.773 [INFO] (trainer.py:120) Total Epi:   294 Steps:    6331 Episode Steps:    29 Return: -62.0705 FPS:  1.76
18:39:04.407 [INFO] (trainer.py:120) Total Epi:   295 Steps:    6340 Episode Steps:     9 Return:  15.1707 FPS:  1.36
18:39:18.865 [INFO] (trainer.py:120) Total Epi:   296 Steps:    6365 Episode Steps:    25 Return:  3.0510 FPS:  1.73
18:39:35.538 [INFO] (trainer.py:120) Total Epi:   297 Steps:    6395 Episode Steps:    30 Return: -66.7981 FPS:  1.80
18:39:43.386 [INFO] (trainer.py:120) Total Epi:   298 Steps:    6406 Episode Steps:    11 Return:  11.5568 FPS:  1.40
18:39:52.025 [INFO] (trainer.py:120) Total Epi:   299 Steps:    6419 Episode Steps:    13 Return:  11.1253 FPS:  1.50
18:39:59.865 [INFO] (trainer.py:120) Total Epi:   300 Steps:    6430 Episode Steps:    11 Return:  12.1116 FPS:  1.40
18:40:16.117 [INFO] (trainer.py:120) Total Epi:   301 Steps:    6459 Episode Steps:    29 Return: -51.4700 FPS:  1.78
18:40:23.761 [INFO] (trainer.py:120) Total Epi:   302 Steps:    6470 Episode Steps:    11 Return:  11.3079 FPS:  1.44
18:40:40.214 [INFO] (trainer.py:120) Total Epi:   303 Steps:    6500 Episode Steps:    30 Return: -59.8750 FPS:  1.82
18:41:42.899 [INFO] (trainer.py:148) Evaluation Total Steps:    6500 Average Reward -21.7345 over  5 episodes
18:41:52.974 [INFO] (trainer.py:120) Total Epi:   304 Steps:    6516 Episode Steps:    16 Return:  3.7410 FPS:  0.22
18:42:00.220 [INFO] (trainer.py:120) Total Epi:   305 Steps:    6526 Episode Steps:    10 Return:  12.0877 FPS:  1.38
18:42:14.093 [INFO] (trainer.py:120) Total Epi:   306 Steps:    6550 Episode Steps:    24 Return:  3.7861 FPS:  1.73
18:42:23.143 [INFO] (trainer.py:120) Total Epi:   307 Steps:    6564 Episode Steps:    14 Return:  9.3235 FPS:  1.55
18:42:30.788 [INFO] (trainer.py:120) Total Epi:   308 Steps:    6575 Episode Steps:    11 Return:  9.8550 FPS:  1.44
18:42:38.630 [INFO] (trainer.py:120) Total Epi:   309 Steps:    6586 Episode Steps:    11 Return:  13.5414 FPS:  1.40
18:42:54.897 [INFO] (trainer.py:120) Total Epi:   310 Steps:    6615 Episode Steps:    29 Return: -71.0177 FPS:  1.78
18:43:01.739 [INFO] (trainer.py:120) Total Epi:   311 Steps:    6624 Episode Steps:     9 Return:  14.2083 FPS:  1.32
18:43:11.401 [INFO] (trainer.py:120) Total Epi:   312 Steps:    6639 Episode Steps:    15 Return:  10.4198 FPS:  1.55
18:43:21.853 [INFO] (trainer.py:120) Total Epi:   313 Steps:    6656 Episode Steps:    17 Return:  10.8111 FPS:  1.63
18:43:35.707 [INFO] (trainer.py:120) Total Epi:   314 Steps:    6680 Episode Steps:    24 Return:  2.4534 FPS:  1.73
18:43:42.551 [INFO] (trainer.py:120) Total Epi:   315 Steps:    6689 Episode Steps:     9 Return:  13.9352 FPS:  1.32
18:43:49.780 [INFO] (trainer.py:120) Total Epi:   316 Steps:    6699 Episode Steps:    10 Return:  11.9371 FPS:  1.38
18:43:59.822 [INFO] (trainer.py:120) Total Epi:   317 Steps:    6715 Episode Steps:    16 Return:  11.8081 FPS:  1.59
18:44:08.458 [INFO] (trainer.py:120) Total Epi:   318 Steps:    6728 Episode Steps:    13 Return:  10.9049 FPS:  1.51
18:44:24.734 [INFO] (trainer.py:120) Total Epi:   319 Steps:    6757 Episode Steps:    29 Return: -52.5313 FPS:  1.78
18:44:40.989 [INFO] (trainer.py:120) Total Epi:   320 Steps:    6786 Episode Steps:    29 Return: -58.2935 FPS:  1.78
18:44:57.250 [INFO] (trainer.py:120) Total Epi:   321 Steps:    6815 Episode Steps:    29 Return: -61.4118 FPS:  1.78
18:45:13.506 [INFO] (trainer.py:120) Total Epi:   322 Steps:    6844 Episode Steps:    29 Return: -69.8179 FPS:  1.78
18:45:29.771 [INFO] (trainer.py:120) Total Epi:   323 Steps:    6873 Episode Steps:    29 Return: -53.7077 FPS:  1.78
18:45:36.623 [INFO] (trainer.py:120) Total Epi:   324 Steps:    6882 Episode Steps:     9 Return:  13.7481 FPS:  1.31
18:45:45.700 [INFO] (trainer.py:120) Total Epi:   325 Steps:    6896 Episode Steps:    14 Return:  9.2481 FPS:  1.54
18:45:52.920 [INFO] (trainer.py:120) Total Epi:   326 Steps:    6906 Episode Steps:    10 Return:  12.4657 FPS:  1.39
18:45:59.770 [INFO] (trainer.py:120) Total Epi:   327 Steps:    6915 Episode Steps:     9 Return:  15.2632 FPS:  1.31
18:46:07.021 [INFO] (trainer.py:120) Total Epi:   328 Steps:    6925 Episode Steps:    10 Return:  12.0116 FPS:  1.38
18:46:13.922 [INFO] (trainer.py:120) Total Epi:   329 Steps:    6934 Episode Steps:     9 Return:  15.7122 FPS:  1.30
18:46:20.532 [INFO] (trainer.py:120) Total Epi:   330 Steps:    6943 Episode Steps:     9 Return:  15.9633 FPS:  1.36
18:46:37.202 [INFO] (trainer.py:120) Total Epi:   331 Steps:    6972 Episode Steps:    29 Return: -60.8548 FPS:  1.74
18:46:44.430 [INFO] (trainer.py:120) Total Epi:   332 Steps:    6982 Episode Steps:    10 Return:  13.4037 FPS:  1.38
18:47:57.587 [INFO] (trainer.py:148) Evaluation Total Steps:    7000 Average Reward -36.0940 over  5 episodes
18:48:09.233 [INFO] (trainer.py:120) Total Epi:   333 Steps:    7019 Episode Steps:    37 Return: -58.9243 FPS:  0.44
18:48:17.283 [INFO] (trainer.py:120) Total Epi:   334 Steps:    7031 Episode Steps:    12 Return:  9.1916 FPS:  1.49
18:48:23.932 [INFO] (trainer.py:120) Total Epi:   335 Steps:    7040 Episode Steps:     9 Return:  15.7113 FPS:  1.35
18:48:31.194 [INFO] (trainer.py:120) Total Epi:   336 Steps:    7050 Episode Steps:    10 Return:  12.6608 FPS:  1.38
18:48:37.852 [INFO] (trainer.py:120) Total Epi:   337 Steps:    7059 Episode Steps:     9 Return:  14.9823 FPS:  1.35
18:48:54.123 [INFO] (trainer.py:120) Total Epi:   338 Steps:    7088 Episode Steps:    29 Return: -54.8431 FPS:  1.78
18:49:10.389 [INFO] (trainer.py:120) Total Epi:   339 Steps:    7117 Episode Steps:    29 Return: -59.9212 FPS:  1.78
18:49:26.661 [INFO] (trainer.py:120) Total Epi:   340 Steps:    7146 Episode Steps:    29 Return: -65.0295 FPS:  1.78
18:49:42.924 [INFO] (trainer.py:120) Total Epi:   341 Steps:    7175 Episode Steps:    29 Return: -65.9346 FPS:  1.78
18:49:49.577 [INFO] (trainer.py:120) Total Epi:   342 Steps:    7184 Episode Steps:     9 Return:  14.2246 FPS:  1.35
18:49:56.818 [INFO] (trainer.py:120) Total Epi:   343 Steps:    7194 Episode Steps:    10 Return:  11.6293 FPS:  1.38
18:50:13.089 [INFO] (trainer.py:120) Total Epi:   344 Steps:    7223 Episode Steps:    29 Return: -63.1211 FPS:  1.78
18:50:26.148 [INFO] (trainer.py:120) Total Epi:   345 Steps:    7245 Episode Steps:    22 Return:  4.2663 FPS:  1.68
18:50:35.394 [INFO] (trainer.py:120) Total Epi:   346 Steps:    7259 Episode Steps:    14 Return:  10.6398 FPS:  1.51
18:50:49.714 [INFO] (trainer.py:120) Total Epi:   347 Steps:    7284 Episode Steps:    25 Return:  3.9395 FPS:  1.75
18:51:01.378 [INFO] (trainer.py:120) Total Epi:   348 Steps:    7302 Episode Steps:    18 Return:  10.0504 FPS:  1.54
18:51:09.025 [INFO] (trainer.py:120) Total Epi:   349 Steps:    7313 Episode Steps:    11 Return:  11.4976 FPS:  1.44
18:51:25.295 [INFO] (trainer.py:120) Total Epi:   350 Steps:    7342 Episode Steps:    29 Return: -54.1343 FPS:  1.78
18:51:32.949 [INFO] (trainer.py:120) Total Epi:   351 Steps:    7353 Episode Steps:    11 Return:  9.8573 FPS:  1.44
18:51:42.001 [INFO] (trainer.py:120) Total Epi:   352 Steps:    7367 Episode Steps:    14 Return:  8.8598 FPS:  1.55
18:51:58.478 [INFO] (trainer.py:120) Total Epi:   353 Steps:    7397 Episode Steps:    30 Return: -110.4857 FPS:  1.82
18:52:05.324 [INFO] (trainer.py:120) Total Epi:   354 Steps:    7406 Episode Steps:     9 Return:  14.6589 FPS:  1.31
18:52:12.566 [INFO] (trainer.py:120) Total Epi:   355 Steps:    7416 Episode Steps:    10 Return:  11.9372 FPS:  1.38
18:52:21.225 [INFO] (trainer.py:120) Total Epi:   356 Steps:    7429 Episode Steps:    13 Return:  10.3145 FPS:  1.50
18:52:29.871 [INFO] (trainer.py:120) Total Epi:   357 Steps:    7442 Episode Steps:    13 Return:  10.3664 FPS:  1.50
18:52:36.741 [INFO] (trainer.py:120) Total Epi:   358 Steps:    7451 Episode Steps:     9 Return:  13.9350 FPS:  1.31
18:52:53.006 [INFO] (trainer.py:120) Total Epi:   359 Steps:    7480 Episode Steps:    29 Return: -48.2182 FPS:  1.78
18:53:04.050 [INFO] (trainer.py:120) Total Epi:   360 Steps:    7498 Episode Steps:    18 Return:  9.7278 FPS:  1.63
18:54:04.970 [INFO] (trainer.py:148) Evaluation Total Steps:    7500 Average Reward -20.9465 over  5 episodes
18:54:16.452 [INFO] (trainer.py:120) Total Epi:   361 Steps:    7519 Episode Steps:    21 Return: -48.0401 FPS:  0.29
18:54:32.917 [INFO] (trainer.py:120) Total Epi:   362 Steps:    7548 Episode Steps:    29 Return: -74.0431 FPS:  1.76
18:54:40.163 [INFO] (trainer.py:120) Total Epi:   363 Steps:    7558 Episode Steps:    10 Return:  13.6351 FPS:  1.38
18:54:56.432 [INFO] (trainer.py:120) Total Epi:   364 Steps:    7587 Episode Steps:    29 Return: -71.6780 FPS:  1.78
18:55:11.299 [INFO] (trainer.py:120) Total Epi:   365 Steps:    7613 Episode Steps:    26 Return: -105.0680 FPS:  1.75
18:55:18.138 [INFO] (trainer.py:120) Total Epi:   366 Steps:    7622 Episode Steps:     9 Return:  13.2356 FPS:  1.32
18:55:34.812 [INFO] (trainer.py:120) Total Epi:   367 Steps:    7652 Episode Steps:    30 Return: -52.9241 FPS:  1.80
18:55:42.854 [INFO] (trainer.py:120) Total Epi:   368 Steps:    7664 Episode Steps:    12 Return:  11.1312 FPS:  1.49
18:55:50.108 [INFO] (trainer.py:120) Total Epi:   369 Steps:    7674 Episode Steps:    10 Return:  12.6795 FPS:  1.38
18:55:56.941 [INFO] (trainer.py:120) Total Epi:   370 Steps:    7683 Episode Steps:     9 Return:  14.1650 FPS:  1.32
18:56:13.421 [INFO] (trainer.py:120) Total Epi:   371 Steps:    7712 Episode Steps:    29 Return: -64.0386 FPS:  1.76
18:56:29.893 [INFO] (trainer.py:120) Total Epi:   372 Steps:    7741 Episode Steps:    29 Return: -73.3321 FPS:  1.76
18:56:46.582 [INFO] (trainer.py:120) Total Epi:   373 Steps:    7771 Episode Steps:    30 Return: -57.2924 FPS:  1.80
18:57:02.873 [INFO] (trainer.py:120) Total Epi:   374 Steps:    7800 Episode Steps:    29 Return: -56.9960 FPS:  1.78
18:57:10.128 [INFO] (trainer.py:120) Total Epi:   375 Steps:    7810 Episode Steps:    10 Return:  14.1479 FPS:  1.38
18:57:16.970 [INFO] (trainer.py:120) Total Epi:   376 Steps:    7819 Episode Steps:     9 Return:  15.4306 FPS:  1.32
18:57:23.828 [INFO] (trainer.py:120) Total Epi:   377 Steps:    7828 Episode Steps:     9 Return:  14.0033 FPS:  1.31
18:57:40.288 [INFO] (trainer.py:120) Total Epi:   378 Steps:    7857 Episode Steps:    29 Return: -55.1411 FPS:  1.76
18:57:56.766 [INFO] (trainer.py:120) Total Epi:   379 Steps:    7886 Episode Steps:    29 Return: -53.6250 FPS:  1.76
18:58:13.030 [INFO] (trainer.py:120) Total Epi:   380 Steps:    7915 Episode Steps:    29 Return: -56.1041 FPS:  1.78
18:58:19.878 [INFO] (trainer.py:120) Total Epi:   381 Steps:    7924 Episode Steps:     9 Return:  13.8620 FPS:  1.31
18:58:36.139 [INFO] (trainer.py:120) Total Epi:   382 Steps:    7953 Episode Steps:    29 Return: -53.4968 FPS:  1.78
18:58:43.821 [INFO] (trainer.py:120) Total Epi:   383 Steps:    7964 Episode Steps:    11 Return:  10.4676 FPS:  1.43
18:58:50.670 [INFO] (trainer.py:120) Total Epi:   384 Steps:    7973 Episode Steps:     9 Return:  14.8217 FPS:  1.31
18:58:57.526 [INFO] (trainer.py:120) Total Epi:   385 Steps:    7982 Episode Steps:     9 Return:  14.2628 FPS:  1.31
19:00:09.049 [INFO] (trainer.py:148) Evaluation Total Steps:    8000 Average Reward -46.5431 over  5 episodes
19:00:20.755 [INFO] (trainer.py:120) Total Epi:   386 Steps:    8019 Episode Steps:    37 Return: -94.2421 FPS:  0.44
19:00:37.038 [INFO] (trainer.py:120) Total Epi:   387 Steps:    8048 Episode Steps:    29 Return: -109.4791 FPS:  1.78
19:00:44.281 [INFO] (trainer.py:120) Total Epi:   388 Steps:    8058 Episode Steps:    10 Return:  13.5051 FPS:  1.38
19:00:51.930 [INFO] (trainer.py:120) Total Epi:   389 Steps:    8069 Episode Steps:    11 Return:  12.0836 FPS:  1.44
19:00:58.598 [INFO] (trainer.py:120) Total Epi:   390 Steps:    8078 Episode Steps:     9 Return:  14.6001 FPS:  1.35
19:01:05.872 [INFO] (trainer.py:120) Total Epi:   391 Steps:    8088 Episode Steps:    10 Return:  11.7040 FPS:  1.37
19:01:13.099 [INFO] (trainer.py:120) Total Epi:   392 Steps:    8098 Episode Steps:    10 Return:  11.3180 FPS:  1.38
19:01:20.349 [INFO] (trainer.py:120) Total Epi:   393 Steps:    8108 Episode Steps:    10 Return:  14.6853 FPS:  1.38
19:01:27.617 [INFO] (trainer.py:120) Total Epi:   394 Steps:    8118 Episode Steps:    10 Return:  12.3064 FPS:  1.38
19:01:40.281 [INFO] (trainer.py:120) Total Epi:   395 Steps:    8140 Episode Steps:    22 Return:  3.0427 FPS:  1.74
19:01:56.558 [INFO] (trainer.py:120) Total Epi:   396 Steps:    8169 Episode Steps:    29 Return: -52.7123 FPS:  1.78
19:02:04.216 [INFO] (trainer.py:120) Total Epi:   397 Steps:    8180 Episode Steps:    11 Return:  12.4986 FPS:  1.44
19:02:12.294 [INFO] (trainer.py:120) Total Epi:   398 Steps:    8192 Episode Steps:    12 Return:  8.8025 FPS:  1.49
19:02:20.557 [INFO] (trainer.py:120) Total Epi:   399 Steps:    8204 Episode Steps:    12 Return:  11.3606 FPS:  1.45
19:02:36.832 [INFO] (trainer.py:120) Total Epi:   400 Steps:    8233 Episode Steps:    29 Return: -57.4073 FPS:  1.78
19:02:44.080 [INFO] (trainer.py:120) Total Epi:   401 Steps:    8243 Episode Steps:    10 Return:  11.7664 FPS:  1.38
19:03:00.371 [INFO] (trainer.py:120) Total Epi:   402 Steps:    8272 Episode Steps:    29 Return: -58.4949 FPS:  1.78
19:03:07.616 [INFO] (trainer.py:120) Total Epi:   403 Steps:    8282 Episode Steps:    10 Return:  12.0966 FPS:  1.38
19:03:15.114 [INFO] (trainer.py:120) Total Epi:   404 Steps:    8292 Episode Steps:    10 Return:  11.6314 FPS:  1.33
19:03:22.358 [INFO] (trainer.py:120) Total Epi:   405 Steps:    8302 Episode Steps:    10 Return:  11.6008 FPS:  1.38
19:03:38.628 [INFO] (trainer.py:120) Total Epi:   406 Steps:    8331 Episode Steps:    29 Return: -72.0114 FPS:  1.78
19:03:45.507 [INFO] (trainer.py:120) Total Epi:   407 Steps:    8340 Episode Steps:     9 Return:  15.4017 FPS:  1.31
19:03:57.192 [INFO] (trainer.py:120) Total Epi:   408 Steps:    8359 Episode Steps:    19 Return:  8.1349 FPS:  1.63
19:04:13.680 [INFO] (trainer.py:120) Total Epi:   409 Steps:    8388 Episode Steps:    29 Return: -69.4273 FPS:  1.76
19:04:26.760 [INFO] (trainer.py:120) Total Epi:   410 Steps:    8410 Episode Steps:    22 Return:  4.3284 FPS:  1.68
19:04:43.028 [INFO] (trainer.py:120) Total Epi:   411 Steps:    8439 Episode Steps:    29 Return: -52.1293 FPS:  1.78
19:04:50.294 [INFO] (trainer.py:120) Total Epi:   412 Steps:    8449 Episode Steps:    10 Return:  11.7254 FPS:  1.38
19:04:57.539 [INFO] (trainer.py:120) Total Epi:   413 Steps:    8459 Episode Steps:    10 Return:  13.3413 FPS:  1.38
19:05:14.215 [INFO] (trainer.py:120) Total Epi:   414 Steps:    8489 Episode Steps:    30 Return: -52.7749 FPS:  1.80
19:05:21.675 [INFO] (trainer.py:120) Total Epi:   415 Steps:    8499 Episode Steps:    10 Return:  11.7715 FPS:  1.34
19:06:12.814 [INFO] (trainer.py:148) Evaluation Total Steps:    8500 Average Reward -5.9818 over  5 episodes
19:06:18.641 [INFO] (trainer.py:120) Total Epi:   416 Steps:    8507 Episode Steps:     8 Return: -45.6897 FPS:  0.14
19:06:34.918 [INFO] (trainer.py:120) Total Epi:   417 Steps:    8536 Episode Steps:    29 Return: -71.1020 FPS:  1.78
19:06:42.967 [INFO] (trainer.py:120) Total Epi:   418 Steps:    8548 Episode Steps:    12 Return:  10.3135 FPS:  1.49
19:06:51.258 [INFO] (trainer.py:120) Total Epi:   419 Steps:    8560 Episode Steps:    12 Return:  11.2893 FPS:  1.45
19:07:06.530 [INFO] (trainer.py:120) Total Epi:   420 Steps:    8587 Episode Steps:    27 Return: -106.8649 FPS:  1.77
19:07:17.206 [INFO] (trainer.py:120) Total Epi:   421 Steps:    8604 Episode Steps:    17 Return:  8.4632 FPS:  1.59
19:07:25.059 [INFO] (trainer.py:120) Total Epi:   422 Steps:    8615 Episode Steps:    11 Return:  12.1715 FPS:  1.40
19:07:31.932 [INFO] (trainer.py:120) Total Epi:   423 Steps:    8624 Episode Steps:     9 Return:  13.7668 FPS:  1.31
19:07:39.967 [INFO] (trainer.py:120) Total Epi:   424 Steps:    8636 Episode Steps:    12 Return:  11.2482 FPS:  1.49
19:07:47.626 [INFO] (trainer.py:120) Total Epi:   425 Steps:    8647 Episode Steps:    11 Return:  11.2398 FPS:  1.44
19:07:56.691 [INFO] (trainer.py:120) Total Epi:   426 Steps:    8661 Episode Steps:    14 Return:  9.6467 FPS:  1.54
19:08:06.746 [INFO] (trainer.py:120) Total Epi:   427 Steps:    8677 Episode Steps:    16 Return:  8.2935 FPS:  1.59
19:08:14.407 [INFO] (trainer.py:120) Total Epi:   428 Steps:    8688 Episode Steps:    11 Return:  9.8853 FPS:  1.44
19:08:21.656 [INFO] (trainer.py:120) Total Epi:   429 Steps:    8698 Episode Steps:    10 Return:  12.4006 FPS:  1.38
19:08:28.928 [INFO] (trainer.py:120) Total Epi:   430 Steps:    8708 Episode Steps:    10 Return:  14.3314 FPS:  1.38
19:08:38.985 [INFO] (trainer.py:120) Total Epi:   431 Steps:    8724 Episode Steps:    16 Return:  9.9225 FPS:  1.59
19:08:55.457 [INFO] (trainer.py:120) Total Epi:   432 Steps:    8754 Episode Steps:    30 Return: -49.0416 FPS:  1.82
19:09:12.158 [INFO] (trainer.py:120) Total Epi:   433 Steps:    8784 Episode Steps:    30 Return: -66.6028 FPS:  1.80
19:09:28.424 [INFO] (trainer.py:120) Total Epi:   434 Steps:    8813 Episode Steps:    29 Return: -71.6362 FPS:  1.78
19:09:36.071 [INFO] (trainer.py:120) Total Epi:   435 Steps:    8824 Episode Steps:    11 Return:  9.7612 FPS:  1.44
19:09:52.593 [INFO] (trainer.py:120) Total Epi:   436 Steps:    8854 Episode Steps:    30 Return: -58.0839 FPS:  1.82
19:10:02.242 [INFO] (trainer.py:120) Total Epi:   437 Steps:    8869 Episode Steps:    15 Return:  9.9043 FPS:  1.55
19:10:11.310 [INFO] (trainer.py:120) Total Epi:   438 Steps:    8883 Episode Steps:    14 Return:  10.3548 FPS:  1.54
19:10:20.583 [INFO] (trainer.py:120) Total Epi:   439 Steps:    8897 Episode Steps:    14 Return:  10.0523 FPS:  1.51
19:10:28.660 [INFO] (trainer.py:120) Total Epi:   440 Steps:    8909 Episode Steps:    12 Return:  10.3933 FPS:  1.49
19:10:41.740 [INFO] (trainer.py:120) Total Epi:   441 Steps:    8931 Episode Steps:    22 Return:  3.5132 FPS:  1.68
19:10:48.602 [INFO] (trainer.py:120) Total Epi:   442 Steps:    8940 Episode Steps:     9 Return:  14.5586 FPS:  1.31
19:10:55.480 [INFO] (trainer.py:120) Total Epi:   443 Steps:    8949 Episode Steps:     9 Return:  15.4366 FPS:  1.31
19:11:11.768 [INFO] (trainer.py:120) Total Epi:   444 Steps:    8978 Episode Steps:    29 Return: -54.4489 FPS:  1.78
19:11:19.427 [INFO] (trainer.py:120) Total Epi:   445 Steps:    8989 Episode Steps:    11 Return:  10.4164 FPS:  1.44
19:11:27.288 [INFO] (trainer.py:120) Total Epi:   446 Steps:    9000 Episode Steps:    11 Return:  12.0490 FPS:  1.40
19:12:22.104 [INFO] (trainer.py:148) Evaluation Total Steps:    9000 Average Reward -8.6960 over  5 episodes
19:12:29.772 [INFO] (trainer.py:120) Total Epi:   447 Steps:    9011 Episode Steps:    11 Return:  5.3423 FPS:  0.18
19:12:36.426 [INFO] (trainer.py:120) Total Epi:   448 Steps:    9020 Episode Steps:     9 Return:  13.8710 FPS:  1.35
